[ 2016-06-25T09:12:35+08:00 ] ERR: (ThinkException) Access denied for user 'root'@'localhost' (using password: YES)
[ 2016-06-25T09:15:48+08:00 ] ERR: (ThinkException) Access denied for user 'root'@'218.75.69.250' (using password: YES)
[ 2016-06-25T09:15:51+08:00 ] ERR: (ThinkException) Access denied for user 'root'@'218.75.69.250' (using password: YES)
[ 2016-06-25T09:16:02+08:00 ] ERR: (ThinkException) Access denied for user 'root'@'218.75.69.250' (using password: YES)
[ 2016-06-25T12:36:40+08:00 ] ERR: (ThinkException) Model:getCount您所请求的方法不存在！
[ 2016-06-25T12:38:38+08:00 ] ERR: (ThinkException) Model:getCount您所请求的方法不存在！
[ 2016-06-25T12:38:52+08:00 ] ERR: (ThinkException) Model:getCount您所请求的方法不存在！
[ 2016-06-25T12:38:53+08:00 ] ERR: (ThinkException) Model:getCount您所请求的方法不存在！
[ 2016-06-25T12:39:32+08:00 ] ERR: (ThinkException) Model:getCount您所请求的方法不存在！
[ 2016-06-25T12:39:35+08:00 ] ERR: (ThinkException) Model:getCount您所请求的方法不存在！
[ 2016-06-25T12:49:52+08:00 ] ERR: (ThinkException) Model:getMtypeList您所请求的方法不存在！
[ 2016-06-25T12:50:16+08:00 ] ERR: (ThinkException) Model:getMtypeList您所请求的方法不存在！
[ 2016-06-25T12:58:55+08:00 ] ERR: (ThinkException) 模板不存在[./tpl/User/default/MerchantType_mtype_list.html]
[ 2016-06-25T13:27:34+08:00 ] ERR: (ThinkException) 模板不存在[./tpl/User/default/MerchantType_mtype_list.html]
[ 2016-06-25T13:27:36+08:00 ] ERR: (ThinkException) 模板不存在[./tpl/User/default/MerchantType_mtype_list.html]
[ 2016-06-25T13:30:42+08:00 ] ERR: (ThinkException) 模板不存在[./tpl/User/default/MerchantType_mtype_list.html]
[ 2016-06-25T13:31:07+08:00 ] ERR: (ThinkException) 模板不存在[./tpl/User/default/MerchantType_mtype_list.html]
[ 2016-06-25T13:31:12+08:00 ] ERR: (ThinkException) 模板不存在[./tpl/User/default/MerchantType_mtype_list.html]
[ 2016-06-25T13:33:24+08:00 ] ERR: (ThinkException) 模板不存在[./tpl/User/default/MerchantType_mtype_list.html]
[ 2016-06-25T13:38:54+08:00 ] ERR: (ThinkException) 模板不存在[./tpl/User/default/MerchantType_mtype_list.html]
[ 2016-06-25T14:31:49+08:00 ] ERR: (ThinkException) 非法操作:mtype
[ 2016-06-25T14:39:20+08:00 ] ERR: (ThinkException) 模板不存在[mtype_set.html]
