[ 2016-06-30T09:04:47+08:00 ] 127.0.0.1 /index.php?g=Api&m=Merchant&a=save_mtype
INFO: [ app_begin ] --START--
INFO: Run ReadHtmlCache Behavior [ RunTime:0.000000s ]
INFO: [ app_begin ] --END-- [ RunTime:0.000000s ]
NOTIC: [8192] mysql_connect(): The mysql extension is deprecated and will be removed in the future: use mysqli or PDO instead E:\xampp\htdocs\huanledui\trunk\Lib\Driver\Db\DbMysql.class.php 第 55 行.
SQL: SHOW COLUMNS FROM `tp_ahld_mtype` [ RunTime:0.010001s ]
SQL: UPDATE `tp_ahld_mtype` SET `id`='5',`num`='5',`name`='d',`pid`='3',`img`='http://wx.cyh.huishuocs.com/uploads/t/tcpbjz1466048616/b/5/3/8/thumb_5773a5e1cceaa.jpg' WHERE ( `id` = 5 ) [ RunTime:0.008000s ]

[ 2016-06-30T10:54:08+08:00 ] 127.0.0.1 /index.php?g=Api&m=Merchant&a=add_mtype
INFO: [ app_begin ] --START--
INFO: Run ReadHtmlCache Behavior [ RunTime:0.000000s ]
INFO: [ app_begin ] --END-- [ RunTime:0.000000s ]
NOTIC: [8192] mysql_connect(): The mysql extension is deprecated and will be removed in the future: use mysqli or PDO instead E:\xampp\htdocs\huanledui\trunk\Lib\Driver\Db\DbMysql.class.php 第 55 行.
SQL: SHOW COLUMNS FROM `tp_ahld_mtype` [ RunTime:0.000000s ]
SQL: INSERT INTO `tp_ahld_mtype` (`num`,`name`,`pid`,`img`) VALUES ('13','胜多负少','0','http://wx.cyh.huishuocs.com/uploads/t/tcpbjz1466048616/9/b/4/f/thumb_577489a4296b7.jpg') [ RunTime:0.015600s ]

[ 2016-06-30T10:54:56+08:00 ] 127.0.0.1 /index.php?g=Api&m=Merchant&a=save_mtype
INFO: [ app_begin ] --START--
INFO: Run ReadHtmlCache Behavior [ RunTime:0.000000s ]
INFO: [ app_begin ] --END-- [ RunTime:0.000000s ]
NOTIC: [8192] mysql_connect(): The mysql extension is deprecated and will be removed in the future: use mysqli or PDO instead E:\xampp\htdocs\huanledui\trunk\Lib\Driver\Db\DbMysql.class.php 第 55 行.
SQL: SHOW COLUMNS FROM `tp_ahld_mtype` [ RunTime:0.008000s ]
SQL: UPDATE `tp_ahld_mtype` SET `id`='6',`num`='13',`name`='胜多负少',`pid`='4',`img`='http://wx.cyh.huishuocs.com/uploads/t/tcpbjz1466048616/9/b/4/f/thumb_577489a4296b7.jpg' WHERE ( `id` = 6 ) [ RunTime:0.007001s ]

[ 2016-06-30T10:57:43+08:00 ] 127.0.0.1 /index.php?g=Api&m=Merchant&a=save_mtype
INFO: [ app_begin ] --START--
INFO: Run ReadHtmlCache Behavior [ RunTime:0.000000s ]
INFO: [ app_begin ] --END-- [ RunTime:0.000000s ]
NOTIC: [8192] mysql_connect(): The mysql extension is deprecated and will be removed in the future: use mysqli or PDO instead E:\xampp\htdocs\huanledui\trunk\Lib\Driver\Db\DbMysql.class.php 第 55 行.
SQL: SHOW COLUMNS FROM `tp_ahld_mtype` [ RunTime:0.000000s ]
SQL: UPDATE `tp_ahld_mtype` SET `id`='5',`num`='5',`name`='d',`pid`='2',`img`='http://wx.cyh.huishuocs.com/uploads/t/tcpbjz1466048616/b/5/3/8/thumb_5773a5e1cceaa.jpg' WHERE ( `id` = 5 ) [ RunTime:0.015600s ]

[ 2016-06-30T11:04:52+08:00 ] 127.0.0.1 /index.php?g=Api&m=Merchant&a=save_mtype
INFO: [ app_begin ] --START--
INFO: Run ReadHtmlCache Behavior [ RunTime:0.000000s ]
INFO: [ app_begin ] --END-- [ RunTime:0.000000s ]
NOTIC: [8192] mysql_connect(): The mysql extension is deprecated and will be removed in the future: use mysqli or PDO instead E:\xampp\htdocs\huanledui\trunk\Lib\Driver\Db\DbMysql.class.php 第 55 行.
SQL: SHOW COLUMNS FROM `tp_ahld_mtype` [ RunTime:0.010001s ]
SQL: UPDATE `tp_ahld_mtype` SET `id`='6',`num`='13',`name`='胜多负少',`pid`='4',`img`='http://wx.cyh.huishuocs.com/uploads/t/tcpbjz1466048616/9/b/4/f/thumb_577489a4296b7.jpg' WHERE ( `id` = 6 ) [ RunTime:0.009000s ]

[ 2016-06-30T11:09:57+08:00 ] 127.0.0.1 /index.php?g=Api&m=Merchant&a=save_mtype
INFO: [ app_begin ] --START--
INFO: Run ReadHtmlCache Behavior [ RunTime:0.000000s ]
INFO: [ app_begin ] --END-- [ RunTime:0.000000s ]
NOTIC: [8192] mysql_connect(): The mysql extension is deprecated and will be removed in the future: use mysqli or PDO instead E:\xampp\htdocs\huanledui\trunk\Lib\Driver\Db\DbMysql.class.php 第 55 行.
SQL: SHOW COLUMNS FROM `tp_ahld_mtype` [ RunTime:0.015600s ]
SQL: UPDATE `tp_ahld_mtype` SET `id`='6',`num`='13',`name`='胜多负少',`pid`='4',`img`='http://wx.cyh.huishuocs.com/uploads/t/tcpbjz1466048616/9/b/4/f/thumb_577489a4296b7.jpg' WHERE ( `id` = 6 ) [ RunTime:0.000000s ]

[ 2016-06-30T11:10:08+08:00 ] 127.0.0.1 /index.php?g=Api&m=Merchant&a=save_mtype
INFO: [ app_begin ] --START--
INFO: Run ReadHtmlCache Behavior [ RunTime:0.001001s ]
INFO: [ app_begin ] --END-- [ RunTime:0.001001s ]
NOTIC: [8192] mysql_connect(): The mysql extension is deprecated and will be removed in the future: use mysqli or PDO instead E:\xampp\htdocs\huanledui\trunk\Lib\Driver\Db\DbMysql.class.php 第 55 行.
SQL: SHOW COLUMNS FROM `tp_ahld_mtype` [ RunTime:0.015600s ]
SQL: UPDATE `tp_ahld_mtype` SET `id`='5',`num`='5',`name`='d',`pid`='2',`img`='http://wx.cyh.huishuocs.com/uploads/t/tcpbjz1466048616/b/5/3/8/thumb_5773a5e1cceaa.jpg' WHERE ( `id` = 5 ) [ RunTime:0.015601s ]

[ 2016-06-30T11:10:27+08:00 ] 127.0.0.1 /index.php?g=Api&m=Merchant&a=save_mtype
INFO: [ app_begin ] --START--
INFO: Run ReadHtmlCache Behavior [ RunTime:0.001000s ]
INFO: [ app_begin ] --END-- [ RunTime:0.001000s ]
NOTIC: [8192] mysql_connect(): The mysql extension is deprecated and will be removed in the future: use mysqli or PDO instead E:\xampp\htdocs\huanledui\trunk\Lib\Driver\Db\DbMysql.class.php 第 55 行.
SQL: SHOW COLUMNS FROM `tp_ahld_mtype` [ RunTime:0.015600s ]
SQL: UPDATE `tp_ahld_mtype` SET `id`='5',`num`='5',`name`='d',`pid`='2',`img`='http://wx.cyh.huishuocs.com/uploads/t/tcpbjz1466048616/b/5/3/8/thumb_5773a5e1cceaa.jpg' WHERE ( `id` = 5 ) [ RunTime:0.000000s ]

[ 2016-06-30T11:12:35+08:00 ] 127.0.0.1 /index.php?g=Api&m=Merchant&a=save_mtype
INFO: [ app_begin ] --START--
INFO: Run ReadHtmlCache Behavior [ RunTime:0.000000s ]
INFO: [ app_begin ] --END-- [ RunTime:0.000000s ]
NOTIC: [8192] mysql_connect(): The mysql extension is deprecated and will be removed in the future: use mysqli or PDO instead E:\xampp\htdocs\huanledui\trunk\Lib\Driver\Db\DbMysql.class.php 第 55 行.
SQL: SHOW COLUMNS FROM `tp_ahld_mtype` [ RunTime:0.015600s ]
SQL: UPDATE `tp_ahld_mtype` SET `id`='6',`num`='13',`name`='胜多负少',`pid`='4',`img`='http://wx.cyh.huishuocs.com/uploads/t/tcpbjz1466048616/9/b/4/f/thumb_577489a4296b7.jpg' WHERE ( `id` = 6 ) [ RunTime:0.015600s ]

[ 2016-06-30T11:13:53+08:00 ] 127.0.0.1 /index.php?g=Api&m=Merchant&a=save_mtype
INFO: [ app_begin ] --START--
INFO: Run ReadHtmlCache Behavior [ RunTime:0.001000s ]
INFO: [ app_begin ] --END-- [ RunTime:0.001000s ]
NOTIC: [8192] mysql_connect(): The mysql extension is deprecated and will be removed in the future: use mysqli or PDO instead E:\xampp\htdocs\huanledui\trunk\Lib\Driver\Db\DbMysql.class.php 第 55 行.
SQL: SHOW COLUMNS FROM `tp_ahld_mtype` [ RunTime:0.021002s ]
SQL: UPDATE `tp_ahld_mtype` SET `id`='6',`num`='13',`name`='胜多负',`pid`='4',`img`='http://wx.cyh.huishuocs.com/uploads/t/tcpbjz1466048616/9/b/4/f/thumb_577489a4296b7.jpg' WHERE ( `id` = 6 ) [ RunTime:0.001000s ]

[ 2016-06-30T11:14:09+08:00 ] 127.0.0.1 /index.php?g=Api&m=Merchant&a=save_mtype
INFO: [ app_begin ] --START--
INFO: Run ReadHtmlCache Behavior [ RunTime:0.001000s ]
INFO: [ app_begin ] --END-- [ RunTime:0.001000s ]
NOTIC: [8192] mysql_connect(): The mysql extension is deprecated and will be removed in the future: use mysqli or PDO instead E:\xampp\htdocs\huanledui\trunk\Lib\Driver\Db\DbMysql.class.php 第 55 行.
SQL: SHOW COLUMNS FROM `tp_ahld_mtype` [ RunTime:0.002000s ]
SQL: UPDATE `tp_ahld_mtype` SET `id`='6',`num`='13',`name`='胜多负',`pid`='4',`img`='http://wx.cyh.huishuocs.com/uploads/t/tcpbjz1466048616/9/b/4/f/thumb_577489a4296b7.jpg' WHERE ( `id` = 6 ) [ RunTime:0.000000s ]

[ 2016-06-30T11:14:22+08:00 ] 127.0.0.1 /index.php?g=Api&m=Merchant&a=save_mtype
INFO: [ app_begin ] --START--
INFO: Run ReadHtmlCache Behavior [ RunTime:0.001000s ]
INFO: [ app_begin ] --END-- [ RunTime:0.001000s ]
NOTIC: [8192] mysql_connect(): The mysql extension is deprecated and will be removed in the future: use mysqli or PDO instead E:\xampp\htdocs\huanledui\trunk\Lib\Driver\Db\DbMysql.class.php 第 55 行.
SQL: SHOW COLUMNS FROM `tp_ahld_mtype` [ RunTime:0.008000s ]
SQL: UPDATE `tp_ahld_mtype` SET `id`='6',`num`='13',`name`='胜多负',`pid`='4',`img`='http://wx.cyh.huishuocs.com/uploads/t/tcpbjz1466048616/9/b/4/f/thumb_577489a4296b7.jpg' WHERE ( `id` = 6 ) [ RunTime:0.001000s ]

[ 2016-06-30T11:15:19+08:00 ] 127.0.0.1 /index.php?g=Api&m=Merchant&a=save_mtype
INFO: [ app_begin ] --START--
INFO: Run ReadHtmlCache Behavior [ RunTime:0.001000s ]
INFO: [ app_begin ] --END-- [ RunTime:0.001000s ]
NOTIC: [8192] mysql_connect(): The mysql extension is deprecated and will be removed in the future: use mysqli or PDO instead E:\xampp\htdocs\huanledui\trunk\Lib\Driver\Db\DbMysql.class.php 第 55 行.
SQL: SHOW COLUMNS FROM `tp_ahld_mtype` [ RunTime:0.015600s ]
SQL: UPDATE `tp_ahld_mtype` SET `id`='6',`num`='13',`name`='胜多负sd',`pid`='4',`img`='http://wx.cyh.huishuocs.com/uploads/t/tcpbjz1466048616/9/b/4/f/thumb_577489a4296b7.jpg' WHERE ( `id` = 6 ) [ RunTime:0.015600s ]

[ 2016-06-30T11:15:25+08:00 ] 127.0.0.1 /index.php?g=Api&m=Merchant&a=save_mtype
INFO: [ app_begin ] --START--
INFO: Run ReadHtmlCache Behavior [ RunTime:0.001000s ]
INFO: [ app_begin ] --END-- [ RunTime:0.001000s ]
NOTIC: [8192] mysql_connect(): The mysql extension is deprecated and will be removed in the future: use mysqli or PDO instead E:\xampp\htdocs\huanledui\trunk\Lib\Driver\Db\DbMysql.class.php 第 55 行.
SQL: SHOW COLUMNS FROM `tp_ahld_mtype` [ RunTime:0.014001s ]
SQL: UPDATE `tp_ahld_mtype` SET `id`='6',`num`='13',`name`='胜多负sd',`pid`='4',`img`='http://wx.cyh.huishuocs.com/uploads/t/tcpbjz1466048616/9/b/4/f/thumb_577489a4296b7.jpg' WHERE ( `id` = 6 ) [ RunTime:0.008000s ]

[ 2016-06-30T11:15:58+08:00 ] 127.0.0.1 /index.php?g=Api&m=Merchant&a=save_mtype
INFO: [ app_begin ] --START--
INFO: Run ReadHtmlCache Behavior [ RunTime:0.001000s ]
INFO: [ app_begin ] --END-- [ RunTime:0.001000s ]
NOTIC: [8192] mysql_connect(): The mysql extension is deprecated and will be removed in the future: use mysqli or PDO instead E:\xampp\htdocs\huanledui\trunk\Lib\Driver\Db\DbMysql.class.php 第 55 行.
SQL: SHOW COLUMNS FROM `tp_ahld_mtype` [ RunTime:0.009000s ]
SQL: UPDATE `tp_ahld_mtype` SET `id`='6',`num`='13',`name`='胜多负s',`pid`='4',`img`='http://wx.cyh.huishuocs.com/uploads/t/tcpbjz1466048616/9/b/4/f/thumb_577489a4296b7.jpg' WHERE ( `id` = 6 ) [ RunTime:0.011001s ]

[ 2016-06-30T11:16:06+08:00 ] 127.0.0.1 /index.php?g=Api&m=Merchant&a=save_mtype
INFO: [ app_begin ] --START--
INFO: Run ReadHtmlCache Behavior [ RunTime:0.001000s ]
INFO: [ app_begin ] --END-- [ RunTime:0.001000s ]
NOTIC: [8192] mysql_connect(): The mysql extension is deprecated and will be removed in the future: use mysqli or PDO instead E:\xampp\htdocs\huanledui\trunk\Lib\Driver\Db\DbMysql.class.php 第 55 行.
SQL: SHOW COLUMNS FROM `tp_ahld_mtype` [ RunTime:0.010000s ]
SQL: UPDATE `tp_ahld_mtype` SET `id`='6',`num`='13',`name`='胜多负',`pid`='4',`img`='http://wx.cyh.huishuocs.com/uploads/t/tcpbjz1466048616/9/b/4/f/thumb_577489a4296b7.jpg' WHERE ( `id` = 6 ) [ RunTime:0.025002s ]

[ 2016-06-30T11:16:12+08:00 ] 127.0.0.1 /index.php?g=Api&m=Merchant&a=save_mtype
INFO: [ app_begin ] --START--
INFO: Run ReadHtmlCache Behavior [ RunTime:0.002000s ]
INFO: [ app_begin ] --END-- [ RunTime:0.002000s ]
NOTIC: [8192] mysql_connect(): The mysql extension is deprecated and will be removed in the future: use mysqli or PDO instead E:\xampp\htdocs\huanledui\trunk\Lib\Driver\Db\DbMysql.class.php 第 55 行.
SQL: SHOW COLUMNS FROM `tp_ahld_mtype` [ RunTime:0.010001s ]
SQL: UPDATE `tp_ahld_mtype` SET `id`='6',`num`='13',`name`='胜多负',`pid`='4',`img`='http://wx.cyh.huishuocs.com/uploads/t/tcpbjz1466048616/9/b/4/f/thumb_577489a4296b7.jpg' WHERE ( `id` = 6 ) [ RunTime:0.009001s ]

[ 2016-06-30T11:16:55+08:00 ] 127.0.0.1 /index.php?g=Api&m=Merchant&a=save_mtype
INFO: [ app_begin ] --START--
INFO: Run ReadHtmlCache Behavior [ RunTime:0.000000s ]
INFO: [ app_begin ] --END-- [ RunTime:0.000000s ]
NOTIC: [8192] mysql_connect(): The mysql extension is deprecated and will be removed in the future: use mysqli or PDO instead E:\xampp\htdocs\huanledui\trunk\Lib\Driver\Db\DbMysql.class.php 第 55 行.
SQL: SHOW COLUMNS FROM `tp_ahld_mtype` [ RunTime:0.009000s ]
SQL: UPDATE `tp_ahld_mtype` SET `id`='6',`num`='13',`name`='胜多负',`pid`='4',`img`='http://wx.cyh.huishuocs.com/uploads/t/tcpbjz1466048616/9/b/4/f/thumb_577489a4296b7.jpg' WHERE ( `id` = 6 ) [ RunTime:0.009001s ]

[ 2016-06-30T11:17:04+08:00 ] 127.0.0.1 /index.php?g=Api&m=Merchant&a=save_mtype
INFO: [ app_begin ] --START--
INFO: Run ReadHtmlCache Behavior [ RunTime:0.002000s ]
INFO: [ app_begin ] --END-- [ RunTime:0.002000s ]
NOTIC: [8192] mysql_connect(): The mysql extension is deprecated and will be removed in the future: use mysqli or PDO instead E:\xampp\htdocs\huanledui\trunk\Lib\Driver\Db\DbMysql.class.php 第 55 行.
SQL: SHOW COLUMNS FROM `tp_ahld_mtype` [ RunTime:0.010001s ]
SQL: UPDATE `tp_ahld_mtype` SET `id`='6',`num`='13',`name`='胜多',`pid`='4',`img`='http://wx.cyh.huishuocs.com/uploads/t/tcpbjz1466048616/9/b/4/f/thumb_577489a4296b7.jpg' WHERE ( `id` = 6 ) [ RunTime:0.013001s ]

[ 2016-06-30T11:18:16+08:00 ] 127.0.0.1 /index.php?g=Api&m=Merchant&a=save_mtype
INFO: [ app_begin ] --START--
INFO: Run ReadHtmlCache Behavior [ RunTime:0.000000s ]
INFO: [ app_begin ] --END-- [ RunTime:0.000000s ]
NOTIC: [8192] mysql_connect(): The mysql extension is deprecated and will be removed in the future: use mysqli or PDO instead E:\xampp\htdocs\huanledui\trunk\Lib\Driver\Db\DbMysql.class.php 第 55 行.
SQL: SHOW COLUMNS FROM `tp_ahld_mtype` [ RunTime:0.010001s ]
SQL: UPDATE `tp_ahld_mtype` SET `id`='6',`num`='13',`name`='胜多',`pid`='4',`img`='http://wx.cyh.huishuocs.com/uploads/t/tcpbjz1466048616/9/b/4/f/thumb_577489a4296b7.jpg' WHERE ( `id` = 6 ) [ RunTime:0.015000s ]

[ 2016-06-30T11:18:46+08:00 ] 127.0.0.1 /index.php?g=Api&m=Merchant&a=save_mtype
INFO: [ app_begin ] --START--
INFO: Run ReadHtmlCache Behavior [ RunTime:0.001000s ]
INFO: [ app_begin ] --END-- [ RunTime:0.001000s ]
NOTIC: [8192] mysql_connect(): The mysql extension is deprecated and will be removed in the future: use mysqli or PDO instead E:\xampp\htdocs\huanledui\trunk\Lib\Driver\Db\DbMysql.class.php 第 55 行.
SQL: SHOW COLUMNS FROM `tp_ahld_mtype` [ RunTime:0.008000s ]
SQL: UPDATE `tp_ahld_mtype` SET `id`='6',`num`='13',`name`='胜多sd',`pid`='4',`img`='http://wx.cyh.huishuocs.com/uploads/t/tcpbjz1466048616/9/b/4/f/thumb_577489a4296b7.jpg' WHERE ( `id` = 6 ) [ RunTime:0.009001s ]

[ 2016-06-30T11:20:54+08:00 ] 127.0.0.1 /index.php?g=Api&m=Merchant&a=add_mtype
INFO: [ app_begin ] --START--
INFO: Run ReadHtmlCache Behavior [ RunTime:0.000000s ]
INFO: [ app_begin ] --END-- [ RunTime:0.000000s ]
NOTIC: [8192] mysql_connect(): The mysql extension is deprecated and will be removed in the future: use mysqli or PDO instead E:\xampp\htdocs\huanledui\trunk\Lib\Driver\Db\DbMysql.class.php 第 55 行.
SQL: SHOW COLUMNS FROM `tp_ahld_mtype` [ RunTime:0.009000s ]
SQL: INSERT INTO `tp_ahld_mtype` (`num`,`name`,`pid`,`img`) VALUES ('13','测试','6','http://wx.cyh.huishuocs.com/uploads/t/tcpbjz1466048616/f/f/1/9/thumb_577490101fb3e.jpg') [ RunTime:0.008001s ]

[ 2016-06-30T11:40:58+08:00 ] ERR: (ThinkException) 非法操作:delmtype
[ 2016-06-30T14:05:49+08:00 ] 127.0.0.1 /index.php?g=Api&m=Merchant&a=add_mtype
INFO: [ app_begin ] --START--
INFO: Run ReadHtmlCache Behavior [ RunTime:0.000000s ]
INFO: [ app_begin ] --END-- [ RunTime:0.000000s ]
NOTIC: [8192] mysql_connect(): The mysql extension is deprecated and will be removed in the future: use mysqli or PDO instead E:\xampp\htdocs\huanledui\trunk\Lib\Driver\Db\DbMysql.class.php 第 55 行.
SQL: SHOW COLUMNS FROM `tp_ahld_mtype` [ RunTime:0.015600s ]
SQL: INSERT INTO `tp_ahld_mtype` (`num`,`name`,`pid`,`img`) VALUES ('1','食物','0','http://wx.cyh.huishuocs.com/uploads/t/tcpbjz1466048616/7/a/f/1/thumb_5774b6b6076f4.jpg') [ RunTime:0.015600s ]

[ 2016-06-30T14:06:45+08:00 ] 127.0.0.1 /index.php?g=Api&m=Merchant&a=add_mtype
INFO: [ app_begin ] --START--
INFO: Run ReadHtmlCache Behavior [ RunTime:0.000000s ]
INFO: [ app_begin ] --END-- [ RunTime:0.000000s ]
NOTIC: [8192] mysql_connect(): The mysql extension is deprecated and will be removed in the future: use mysqli or PDO instead E:\xampp\htdocs\huanledui\trunk\Lib\Driver\Db\DbMysql.class.php 第 55 行.
SQL: SHOW COLUMNS FROM `tp_ahld_mtype` [ RunTime:0.015600s ]
SQL: INSERT INTO `tp_ahld_mtype` (`num`,`name`,`pid`,`img`) VALUES ('2','水果','8','http://wx.cyh.huishuocs.com/uploads/t/tcpbjz1466048616/0/0/5/9/thumb_5774b6ec76b31.jpg') [ RunTime:0.015600s ]

[ 2016-06-30T14:07:19+08:00 ] 127.0.0.1 /index.php?g=Api&m=Merchant&a=add_mtype
INFO: [ app_begin ] --START--
INFO: Run ReadHtmlCache Behavior [ RunTime:0.001000s ]
INFO: [ app_begin ] --END-- [ RunTime:0.001000s ]
NOTIC: [8192] mysql_connect(): The mysql extension is deprecated and will be removed in the future: use mysqli or PDO instead E:\xampp\htdocs\huanledui\trunk\Lib\Driver\Db\DbMysql.class.php 第 55 行.
SQL: SHOW COLUMNS FROM `tp_ahld_mtype` [ RunTime:0.015600s ]
SQL: INSERT INTO `tp_ahld_mtype` (`num`,`name`,`pid`,`img`) VALUES ('3','蔬菜','8','http://wx.cyh.huishuocs.com/uploads/t/tcpbjz1466048616/0/e/b/f/thumb_5774b70fbec4b.jpg') [ RunTime:0.000000s ]

[ 2016-06-30T14:07:55+08:00 ] 127.0.0.1 /index.php?g=Api&m=Merchant&a=add_mtype
INFO: [ app_begin ] --START--
INFO: Run ReadHtmlCache Behavior [ RunTime:0.000000s ]
INFO: [ app_begin ] --END-- [ RunTime:0.000000s ]
NOTIC: [8192] mysql_connect(): The mysql extension is deprecated and will be removed in the future: use mysqli or PDO instead E:\xampp\htdocs\huanledui\trunk\Lib\Driver\Db\DbMysql.class.php 第 55 行.
SQL: SHOW COLUMNS FROM `tp_ahld_mtype` [ RunTime:0.015600s ]
SQL: INSERT INTO `tp_ahld_mtype` (`num`,`name`,`pid`,`img`) VALUES ('2','粮食','8','http://wx.cyh.huishuocs.com/uploads/t/tcpbjz1466048616/4/4/b/2/thumb_5774b72f01f45.jpg') [ RunTime:0.000000s ]

[ 2016-06-30T14:08:31+08:00 ] 127.0.0.1 /index.php?g=Api&m=Merchant&a=add_mtype
INFO: [ app_begin ] --START--
INFO: Run ReadHtmlCache Behavior [ RunTime:0.000000s ]
INFO: [ app_begin ] --END-- [ RunTime:0.001000s ]
NOTIC: [8192] mysql_connect(): The mysql extension is deprecated and will be removed in the future: use mysqli or PDO instead E:\xampp\htdocs\huanledui\trunk\Lib\Driver\Db\DbMysql.class.php 第 55 行.
SQL: SHOW COLUMNS FROM `tp_ahld_mtype` [ RunTime:0.015600s ]
SQL: INSERT INTO `tp_ahld_mtype` (`num`,`name`,`pid`,`img`) VALUES ('3','非洲水果','9','http://wx.cyh.huishuocs.com/uploads/t/tcpbjz1466048616/b/0/0/b/thumb_5774b75a232a7.jpg') [ RunTime:0.000000s ]

[ 2016-06-30T14:09:03+08:00 ] 127.0.0.1 /index.php?g=Api&m=Merchant&a=add_mtype
INFO: [ app_begin ] --START--
INFO: Run ReadHtmlCache Behavior [ RunTime:0.000000s ]
INFO: [ app_begin ] --END-- [ RunTime:0.000000s ]
NOTIC: [8192] mysql_connect(): The mysql extension is deprecated and will be removed in the future: use mysqli or PDO instead E:\xampp\htdocs\huanledui\trunk\Lib\Driver\Db\DbMysql.class.php 第 55 行.
SQL: SHOW COLUMNS FROM `tp_ahld_mtype` [ RunTime:0.015600s ]
SQL: INSERT INTO `tp_ahld_mtype` (`num`,`name`,`pid`,`img`) VALUES ('3','亚洲水果','9','http://wx.cyh.huishuocs.com/uploads/t/tcpbjz1466048616/5/b/8/7/thumb_5774b779bad15.jpg') [ RunTime:0.015600s ]

[ 2016-06-30T14:09:45+08:00 ] 127.0.0.1 /index.php?g=Api&m=Merchant&a=add_mtype
INFO: [ app_begin ] --START--
INFO: Run ReadHtmlCache Behavior [ RunTime:0.000000s ]
INFO: [ app_begin ] --END-- [ RunTime:0.000000s ]
NOTIC: [8192] mysql_connect(): The mysql extension is deprecated and will be removed in the future: use mysqli or PDO instead E:\xampp\htdocs\huanledui\trunk\Lib\Driver\Db\DbMysql.class.php 第 55 行.
SQL: SHOW COLUMNS FROM `tp_ahld_mtype` [ RunTime:0.015600s ]
SQL: INSERT INTO `tp_ahld_mtype` (`num`,`name`,`pid`,`img`) VALUES ('3','进口粮食','11','http://wx.cyh.huishuocs.com/uploads/t/tcpbjz1466048616/c/6/9/d/thumb_5774b7a4a2d94.jpg') [ RunTime:0.015600s ]

[ 2016-06-30T14:10:47+08:00 ] 127.0.0.1 /index.php?g=Api&m=Merchant&a=add_mtype
INFO: [ app_begin ] --START--
INFO: Run ReadHtmlCache Behavior [ RunTime:0.001000s ]
INFO: [ app_begin ] --END-- [ RunTime:0.001000s ]
NOTIC: [8192] mysql_connect(): The mysql extension is deprecated and will be removed in the future: use mysqli or PDO instead E:\xampp\htdocs\huanledui\trunk\Lib\Driver\Db\DbMysql.class.php 第 55 行.
SQL: SHOW COLUMNS FROM `tp_ahld_mtype` [ RunTime:0.015600s ]
SQL: INSERT INTO `tp_ahld_mtype` (`num`,`name`,`pid`,`img`) VALUES ('3','国产粮食','11','http://wx.cyh.huishuocs.com/uploads/t/tcpbjz1466048616/f/b/0/a/thumb_5774b7dec87c6.jpg') [ RunTime:0.000000s ]

[ 2016-06-30T14:11:35+08:00 ] 127.0.0.1 /index.php?g=Api&m=Merchant&a=add_mtype
INFO: [ app_begin ] --START--
INFO: Run ReadHtmlCache Behavior [ RunTime:0.000000s ]
INFO: [ app_begin ] --END-- [ RunTime:0.000000s ]
NOTIC: [8192] mysql_connect(): The mysql extension is deprecated and will be removed in the future: use mysqli or PDO instead E:\xampp\htdocs\huanledui\trunk\Lib\Driver\Db\DbMysql.class.php 第 55 行.
SQL: SHOW COLUMNS FROM `tp_ahld_mtype` [ RunTime:0.000000s ]
SQL: INSERT INTO `tp_ahld_mtype` (`num`,`name`,`pid`,`img`) VALUES ('3','进口蔬菜','10','http://wx.cyh.huishuocs.com/uploads/t/tcpbjz1466048616/9/0/6/b/thumb_5774b811c735e.jpg') [ RunTime:0.015600s ]

[ 2016-06-30T14:12:21+08:00 ] 127.0.0.1 /index.php?g=Api&m=Merchant&a=add_mtype
INFO: [ app_begin ] --START--
INFO: Run ReadHtmlCache Behavior [ RunTime:0.000000s ]
INFO: [ app_begin ] --END-- [ RunTime:0.000000s ]
NOTIC: [8192] mysql_connect(): The mysql extension is deprecated and will be removed in the future: use mysqli or PDO instead E:\xampp\htdocs\huanledui\trunk\Lib\Driver\Db\DbMysql.class.php 第 55 行.
SQL: SHOW COLUMNS FROM `tp_ahld_mtype` [ RunTime:0.010000s ]
SQL: INSERT INTO `tp_ahld_mtype` (`num`,`name`,`pid`,`img`) VALUES ('3','国产蔬菜','0','http://wx.cyh.huishuocs.com/uploads/t/tcpbjz1466048616/2/0/2/c/thumb_5774b841f2b13.jpg') [ RunTime:0.009001s ]

[ 2016-06-30T14:14:20+08:00 ] 127.0.0.1 /index.php?g=Api&m=Merchant&a=save_mtype
INFO: [ app_begin ] --START--
INFO: Run ReadHtmlCache Behavior [ RunTime:0.015600s ]
INFO: [ app_begin ] --END-- [ RunTime:0.015600s ]
NOTIC: [8192] mysql_connect(): The mysql extension is deprecated and will be removed in the future: use mysqli or PDO instead E:\xampp\htdocs\huanledui\trunk\Lib\Driver\Db\DbMysql.class.php 第 55 行.
SQL: SHOW COLUMNS FROM `tp_ahld_mtype` [ RunTime:0.021601s ]
SQL: UPDATE `tp_ahld_mtype` SET `id`='9',`num`='2',`name`='水果',`pid`='0',`img`='http://wx.cyh.huishuocs.com/uploads/t/tcpbjz1466048616/0/0/5/9/thumb_5774b6ec76b31.jpg' WHERE ( `id` = 9 ) [ RunTime:0.010000s ]

[ 2016-06-30T14:14:43+08:00 ] 127.0.0.1 /index.php?g=Api&m=Merchant&a=save_mtype
INFO: [ app_begin ] --START--
INFO: Run ReadHtmlCache Behavior [ RunTime:0.000000s ]
INFO: [ app_begin ] --END-- [ RunTime:0.000000s ]
NOTIC: [8192] mysql_connect(): The mysql extension is deprecated and will be removed in the future: use mysqli or PDO instead E:\xampp\htdocs\huanledui\trunk\Lib\Driver\Db\DbMysql.class.php 第 55 行.
SQL: SHOW COLUMNS FROM `tp_ahld_mtype` [ RunTime:0.008000s ]
SQL: UPDATE `tp_ahld_mtype` SET `id`='9',`num`='2',`name`='水果',`pid`='8',`img`='http://wx.cyh.huishuocs.com/uploads/t/tcpbjz1466048616/0/0/5/9/thumb_5774b6ec76b31.jpg' WHERE ( `id` = 9 ) [ RunTime:0.009001s ]

[ 2016-06-30T14:33:46+08:00 ] 127.0.0.1 /index.php?g=Api&m=Merchant&a=add_mtype
INFO: [ app_begin ] --START--
INFO: Run ReadHtmlCache Behavior [ RunTime:0.015600s ]
INFO: [ app_begin ] --END-- [ RunTime:0.015600s ]
NOTIC: [8192] mysql_connect(): The mysql extension is deprecated and will be removed in the future: use mysqli or PDO instead E:\xampp\htdocs\huanledui\trunk\Lib\Driver\Db\DbMysql.class.php 第 55 行.
SQL: SHOW COLUMNS FROM `tp_ahld_mtype` [ RunTime:0.017001s ]
SQL: INSERT INTO `tp_ahld_mtype` (`num`,`name`,`level`,`pid`,`img`) VALUES ('4','香蕉','4','13','http://wx.cyh.huishuocs.com/uploads/t/tcpbjz1466048616/e/3/8/f/thumb_5774bd438ea61.jpg') [ RunTime:0.000000s ]

[ 2016-06-30T14:54:36+08:00 ] 127.0.0.1 /index.php?g=Api&m=Merchant&a=save_mtype
INFO: [ app_begin ] --START--
INFO: Run ReadHtmlCache Behavior [ RunTime:0.001000s ]
INFO: [ app_begin ] --END-- [ RunTime:0.001000s ]
NOTIC: [8192] mysql_connect(): The mysql extension is deprecated and will be removed in the future: use mysqli or PDO instead E:\xampp\htdocs\huanledui\trunk\Lib\Driver\Db\DbMysql.class.php 第 55 行.
SQL: SHOW COLUMNS FROM `tp_ahld_mtype` [ RunTime:0.008000s ]
SQL: UPDATE `tp_ahld_mtype` SET `id`='17',`num`='3',`name`='国产蔬菜',`level`='3',`pid`='10',`img`='http://wx.cyh.huishuocs.com/uploads/t/tcpbjz1466048616/2/0/2/c/thumb_5774b841f2b13.jpg' WHERE ( `id` = 17 ) [ RunTime:0.009001s ]

[ 2016-06-30T14:54:58+08:00 ] 127.0.0.1 /index.php?g=Api&m=Merchant&a=save_mtype
INFO: [ app_begin ] --START--
INFO: Run ReadHtmlCache Behavior [ RunTime:0.000000s ]
INFO: [ app_begin ] --END-- [ RunTime:0.000000s ]
NOTIC: [8192] mysql_connect(): The mysql extension is deprecated and will be removed in the future: use mysqli or PDO instead E:\xampp\htdocs\huanledui\trunk\Lib\Driver\Db\DbMysql.class.php 第 55 行.
SQL: SHOW COLUMNS FROM `tp_ahld_mtype` [ RunTime:0.010000s ]
SQL: UPDATE `tp_ahld_mtype` SET `id`='16',`num`='3',`name`='进口蔬菜',`level`='3',`pid`='10',`img`='http://wx.cyh.huishuocs.com/uploads/t/tcpbjz1466048616/9/0/6/b/thumb_5774b811c735e.jpg' WHERE ( `id` = 16 ) [ RunTime:0.008001s ]

[ 2016-06-30T14:55:25+08:00 ] 127.0.0.1 /index.php?g=Api&m=Merchant&a=save_mtype
INFO: [ app_begin ] --START--
INFO: Run ReadHtmlCache Behavior [ RunTime:0.000000s ]
INFO: [ app_begin ] --END-- [ RunTime:0.000000s ]
NOTIC: [8192] mysql_connect(): The mysql extension is deprecated and will be removed in the future: use mysqli or PDO instead E:\xampp\htdocs\huanledui\trunk\Lib\Driver\Db\DbMysql.class.php 第 55 行.
SQL: SHOW COLUMNS FROM `tp_ahld_mtype` [ RunTime:0.009000s ]
SQL: UPDATE `tp_ahld_mtype` SET `id`='15',`num`='3',`name`='国产粮食',`level`='3',`pid`='11',`img`='http://wx.cyh.huishuocs.com/uploads/t/tcpbjz1466048616/f/b/0/a/thumb_5774b7dec87c6.jpg' WHERE ( `id` = 15 ) [ RunTime:0.007001s ]

[ 2016-06-30T14:55:46+08:00 ] 127.0.0.1 /index.php?g=Api&m=Merchant&a=save_mtype
INFO: [ app_begin ] --START--
INFO: Run ReadHtmlCache Behavior [ RunTime:0.000000s ]
INFO: [ app_begin ] --END-- [ RunTime:0.000000s ]
NOTIC: [8192] mysql_connect(): The mysql extension is deprecated and will be removed in the future: use mysqli or PDO instead E:\xampp\htdocs\huanledui\trunk\Lib\Driver\Db\DbMysql.class.php 第 55 行.
SQL: SHOW COLUMNS FROM `tp_ahld_mtype` [ RunTime:0.009001s ]
SQL: UPDATE `tp_ahld_mtype` SET `id`='14',`num`='3',`name`='进口粮食',`level`='3',`pid`='11',`img`='http://wx.cyh.huishuocs.com/uploads/t/tcpbjz1466048616/c/6/9/d/thumb_5774b7a4a2d94.jpg' WHERE ( `id` = 14 ) [ RunTime:0.010001s ]

[ 2016-06-30T14:56:03+08:00 ] 127.0.0.1 /index.php?g=Api&m=Merchant&a=save_mtype
INFO: [ app_begin ] --START--
INFO: Run ReadHtmlCache Behavior [ RunTime:0.000000s ]
INFO: [ app_begin ] --END-- [ RunTime:0.000000s ]
NOTIC: [8192] mysql_connect(): The mysql extension is deprecated and will be removed in the future: use mysqli or PDO instead E:\xampp\htdocs\huanledui\trunk\Lib\Driver\Db\DbMysql.class.php 第 55 行.
SQL: SHOW COLUMNS FROM `tp_ahld_mtype` [ RunTime:0.015600s ]
SQL: UPDATE `tp_ahld_mtype` SET `id`='12',`num`='3',`name`='非洲水果',`level`='3',`pid`='9',`img`='http://wx.cyh.huishuocs.com/uploads/t/tcpbjz1466048616/b/0/0/b/thumb_5774b75a232a7.jpg' WHERE ( `id` = 12 ) [ RunTime:0.000000s ]

[ 2016-06-30T14:56:33+08:00 ] 127.0.0.1 /index.php?g=Api&m=Merchant&a=save_mtype
INFO: [ app_begin ] --START--
INFO: Run ReadHtmlCache Behavior [ RunTime:0.000000s ]
INFO: [ app_begin ] --END-- [ RunTime:0.001000s ]
NOTIC: [8192] mysql_connect(): The mysql extension is deprecated and will be removed in the future: use mysqli or PDO instead E:\xampp\htdocs\huanledui\trunk\Lib\Driver\Db\DbMysql.class.php 第 55 行.
SQL: SHOW COLUMNS FROM `tp_ahld_mtype` [ RunTime:0.010001s ]
SQL: UPDATE `tp_ahld_mtype` SET `id`='11',`num`='2',`name`='粮食',`level`='2',`pid`='8',`img`='http://wx.cyh.huishuocs.com/uploads/t/tcpbjz1466048616/4/4/b/2/thumb_5774b72f01f45.jpg' WHERE ( `id` = 11 ) [ RunTime:0.009000s ]

[ 2016-06-30T14:58:28+08:00 ] 127.0.0.1 /index.php?g=Api&m=Merchant&a=save_mtype
INFO: [ app_begin ] --START--
INFO: Run ReadHtmlCache Behavior [ RunTime:0.001000s ]
INFO: [ app_begin ] --END-- [ RunTime:0.001000s ]
NOTIC: [8192] mysql_connect(): The mysql extension is deprecated and will be removed in the future: use mysqli or PDO instead E:\xampp\htdocs\huanledui\trunk\Lib\Driver\Db\DbMysql.class.php 第 55 行.
SQL: SHOW COLUMNS FROM `tp_ahld_mtype` [ RunTime:0.000000s ]
SQL: UPDATE `tp_ahld_mtype` SET `id`='10',`num`='3',`name`='蔬菜',`level`='2',`pid`='8',`img`='http://wx.cyh.huishuocs.com/uploads/t/tcpbjz1466048616/0/e/b/f/thumb_5774b70fbec4b.jpg' WHERE ( `id` = 10 ) [ RunTime:0.015600s ]

[ 2016-06-30T14:58:47+08:00 ] 127.0.0.1 /index.php?g=Api&m=Merchant&a=save_mtype
INFO: [ app_begin ] --START--
INFO: Run ReadHtmlCache Behavior [ RunTime:0.000000s ]
INFO: [ app_begin ] --END-- [ RunTime:0.000000s ]
NOTIC: [8192] mysql_connect(): The mysql extension is deprecated and will be removed in the future: use mysqli or PDO instead E:\xampp\htdocs\huanledui\trunk\Lib\Driver\Db\DbMysql.class.php 第 55 行.
SQL: SHOW COLUMNS FROM `tp_ahld_mtype` [ RunTime:0.010001s ]
SQL: UPDATE `tp_ahld_mtype` SET `id`='9',`num`='2',`name`='水果',`level`='2',`pid`='8',`img`='http://wx.cyh.huishuocs.com/uploads/t/tcpbjz1466048616/0/0/5/9/thumb_5774b6ec76b31.jpg' WHERE ( `id` = 9 ) [ RunTime:0.015001s ]

[ 2016-06-30T14:59:10+08:00 ] 127.0.0.1 /index.php?g=Api&m=Merchant&a=save_mtype
INFO: [ app_begin ] --START--
INFO: Run ReadHtmlCache Behavior [ RunTime:0.000000s ]
INFO: [ app_begin ] --END-- [ RunTime:0.000000s ]
NOTIC: [8192] mysql_connect(): The mysql extension is deprecated and will be removed in the future: use mysqli or PDO instead E:\xampp\htdocs\huanledui\trunk\Lib\Driver\Db\DbMysql.class.php 第 55 行.
SQL: SHOW COLUMNS FROM `tp_ahld_mtype` [ RunTime:0.010001s ]
SQL: UPDATE `tp_ahld_mtype` SET `id`='8',`num`='1',`name`='食物',`level`='1',`pid`='0',`img`='http://wx.cyh.huishuocs.com/uploads/t/tcpbjz1466048616/7/a/f/1/thumb_5774b6b6076f4.jpg' WHERE ( `id` = 8 ) [ RunTime:0.008000s ]

[ 2016-06-30T15:00:18+08:00 ] ERR: (ThinkException) 模板不存在[./tpl/User/default/Apispread_edit.html]
