[ 2016-06-24T08:47:50+08:00 ] ERR: (ThinkException) 模板不存在[./tpl/User/default/Apiext_Apiext_add.html]
[ 2016-06-24T11:31:40+08:00 ] 112.17.244.147 /index.php?g=Wap&m=Store&a=addProductToCart&token=tcpbjz1466048616&id=47&twid=&cid=26&count=1&did=0
INFO: [ app_begin ] --START--
INFO: Run ReadHtmlCache Behavior [ RunTime:0.000336s ]
INFO: [ app_begin ] --END-- [ RunTime:0.000382s ]
SQL: SHOW COLUMNS FROM `tp_agent` [ RunTime:0.000689s ]
SQL: SELECT * FROM `tp_agent` WHERE ( `siteurl` = 'http://pig.pinecc.cn' ) LIMIT 1   [ RunTime:0.000166s ]
NOTIC: [8] Constant STATICS already defined /home/project/pig/PigCms/Lib/Action/BaseAction.class.php 第 129 行.
SQL: SHOW COLUMNS FROM `tp_wxuser` [ RunTime:0.000673s ]
SQL: SELECT * FROM `tp_wxuser` WHERE ( `token` = 'tcpbjz1466048616' ) LIMIT 1   [ RunTime:0.000199s ]
NOTIC: [2048] Non-static method getUserInfoModule::index() should not be called statically, assuming $this from incompatible context /home/project/pig/PigCms/Lib/Action/WapAction.class.php 第 104 行.
NOTIC: [8] Undefined index: ali /home/project/pig/PigCms/Lib/Action/WapAction.class.php 第 106 行.
NOTIC: [8] Undefined index: token_oauthed_tcpbjz1466048616 /home/project/pig/PigCms/Lib/Action/WapAction.class.php 第 116 行.
SQL: SHOW COLUMNS FROM `tp_weixin_account` [ RunTime:0.000333s ]
SQL: SELECT * FROM `tp_weixin_account` WHERE ( `type` = 1 ) LIMIT 1   [ RunTime:0.000141s ]
SQL: SHOW COLUMNS FROM `tp_wxuser` [ RunTime:0.000556s ]
SQL: UPDATE `tp_wxuser` SET `type`='0' WHERE 1 [ RunTime:0.000131s ]
SQL: SELECT * FROM `tp_weixin_account` WHERE ( `type` = 1 ) LIMIT 1   [ RunTime:0.000144s ]
NOTIC: [8] Undefined index: wecha_id /home/project/pig/PigCms/Lib/Action/WapAction.class.php 第 171 行.
NOTIC: [8] Undefined index: wecha_id /home/project/pig/PigCms/Lib/Action/WapAction.class.php 第 171 行.
NOTIC: [8] Undefined variable: fansInfo /home/project/pig/PigCms/Lib/Action/WapAction.class.php 第 279 行.
SQL: SHOW COLUMNS FROM `tp_userinfo` [ RunTime:0.000489s ]
SQL: SELECT * FROM `tp_userinfo` WHERE ( `token` = 'tcpbjz1466048616' ) AND ( `wecha_id` = null ) LIMIT 1   [ RunTime:0.000296s ]
SQL: SHOW COLUMNS FROM `tp_wechat_group_list` [ RunTime:0.000340s ]
SQL: SELECT * FROM `tp_wechat_group_list` WHERE ( `token` = 'tcpbjz1466048616' ) AND ( `openid` = null ) LIMIT 1   [ RunTime:0.000145s ]
NOTIC: [2] unlink(./Conf/logs/Temp/1/c/1c02ebd7bd5acede3dd72a9f32fd1fff.php): No such file or directory /home/project/pig/Lib/Driver/Cache/CacheFile.class.php 第 176 行.
SQL: SHOW COLUMNS FROM `tp_home` [ RunTime:0.000423s ]
SQL: SELECT * FROM `tp_home` WHERE ( `token` = 'tcpbjz1466048616' ) LIMIT 1   [ RunTime:0.000131s ]
NOTIC: [2] unlink(./Conf/logs/Temp/b/3/b3cfdbe6fa051a7119f79a9d4f0f88b2.php): No such file or directory /home/project/pig/Lib/Driver/Cache/CacheFile.class.php 第 176 行.
SQL: SHOW COLUMNS FROM `tp_catemenu` [ RunTime:0.000420s ]
SQL: SELECT * FROM `tp_catemenu` WHERE ( `token` = 'tcpbjz1466048616' ) AND ( `status` = 1 ) ORDER BY orderss desc  [ RunTime:0.000162s ]
NOTIC: [2] unlink(./Conf/logs/Temp/9/a/9ad94ae2481adecba77c780e20aabf92.php): No such file or directory /home/project/pig/Lib/Driver/Cache/CacheFile.class.php 第 176 行.
SQL: SHOW COLUMNS FROM `tp_users` [ RunTime:0.000470s ]
SQL: SELECT * FROM `tp_users` WHERE ( `id` = 37 ) LIMIT 1   [ RunTime:0.000144s ]
SQL: SHOW COLUMNS FROM `tp_user_group` [ RunTime:0.000370s ]
SQL: SELECT * FROM `tp_user_group` WHERE ( `id` = 4 ) LIMIT 1   [ RunTime:0.000183s ]
SQL: SHOW COLUMNS FROM `tp_company` [ RunTime:0.000431s ]
SQL: SELECT * FROM `tp_company` WHERE ( `token` = 'tcpbjz1466048616' ) AND ( `isbranch` = 0 ) LIMIT 1   [ RunTime:0.000176s ]
SQL: SHOW COLUMNS FROM `tp_product` [ RunTime:0.000418s ]
SQL: SHOW COLUMNS FROM `tp_product_cat` [ RunTime:0.000391s ]
SQL: SHOW COLUMNS FROM `tp_company` [ RunTime:0.000391s ]
SQL: SELECT * FROM `tp_company` WHERE `token`='tcpbjz1466048616' AND `isbranch`=0 LIMIT 1   [ RunTime:0.000229s ]
SQL: SHOW COLUMNS FROM `tp_product_setting` [ RunTime:0.000389s ]
SQL: SELECT * FROM `tp_product_setting` WHERE ( `token` = 'tcpbjz1466048616' ) AND ( `cid` = 26 ) LIMIT 1   [ RunTime:0.000136s ]
SQL: SELECT * FROM `tp_product_cat` WHERE ( `token` = 'tcpbjz1466048616' ) AND ( `cid` = 26 ) AND ( `parentid` = 0 ) ORDER BY sort ASC, id DESC  [ RunTime:0.000230s ]
SQL: SHOW COLUMNS FROM `tp_twitter_set` [ RunTime:0.000317s ]
SQL: SELECT * FROM `tp_twitter_set` WHERE ( `token` = 'tcpbjz1466048616' ) AND ( `cid` = 26 ) LIMIT 1   [ RunTime:0.000140s ]
SQL: SELECT * FROM `tp_product` WHERE ( `id` IN (47) )  [ RunTime:0.000163s ]
SQL: SHOW COLUMNS FROM `tp_norms` [ RunTime:0.000305s ]
SQL: SELECT * FROM `tp_norms` WHERE ( `catid` IN ('78') )  [ RunTime:0.000113s ]
NOTIC: [2] Invalid argument supplied for foreach() /home/project/pig/PigCms/Lib/Action/Wap/StoreAction.class.php 第 548 行.
SQL: SELECT * FROM `tp_product_cat` WHERE ( `id` IN ('78') )  [ RunTime:0.000138s ]
SQL: SELECT * FROM `tp_product_setting` WHERE ( `token` = 'tcpbjz1466048616' ) AND ( `cid` = 26 ) LIMIT 1   [ RunTime:0.000130s ]

[ 2016-06-24T11:43:06+08:00 ] 218.75.69.250 /index.php?m=Users&a=checkMP
SQL: SHOW COLUMNS FROM `tp_agent` [ RunTime:0.000757s ]
SQL: SELECT * FROM `tp_agent` WHERE ( `siteurl` = 'http://pig.pinecc.cn' ) LIMIT 1   [ RunTime:0.000179s ]
INFO: [ app_begin ] --START--
INFO: Run ReadHtmlCache Behavior [ RunTime:0.000372s ]
INFO: [ app_begin ] --END-- [ RunTime:0.000403s ]
SQL: SELECT * FROM `tp_agent` WHERE ( `siteurl` = 'http://pig.pinecc.cn' ) LIMIT 1   [ RunTime:0.000206s ]
NOTIC: [8] Constant STATICS already defined /home/project/pig/PigCms/Lib/Action/BaseAction.class.php 第 129 行.
SQL: SHOW COLUMNS FROM `tp_users` [ RunTime:0.000496s ]
SQL: SELECT COUNT(*) AS tp_count FROM `tp_users` WHERE ( `mp` = '15990096625' ) LIMIT 1   [ RunTime:0.000140s ]

