[ 2016-07-04T11:45:32+08:00 ] 127.0.0.1 /index.php?g=Api&m=Img&a=del_img&img=/public_source/www/upload/image/20160704/1467603917539661.jpg&token=tcpbjz1466048616
INFO: [ app_begin ] --START--
INFO: Run ReadHtmlCache Behavior [ RunTime:0.001000s ]
INFO: [ app_begin ] --END-- [ RunTime:0.001000s ]

[ 2016-07-04T11:46:03+08:00 ] 127.0.0.1 /index.php?g=Api&m=Img&a=del_img&img=/public_source/www/upload/image/20160704/1467603954106043.png&token=tcpbjz1466048616
INFO: [ app_begin ] --START--
INFO: Run ReadHtmlCache Behavior [ RunTime:0.001000s ]
INFO: [ app_begin ] --END-- [ RunTime:0.001000s ]

[ 2016-07-04T11:48:31+08:00 ] 127.0.0.1 /index.php?g=Api&m=Img&a=del_img&img=/public_source/www/upload/image/20160704/1467604102105724.png&token=tcpbjz1466048616
INFO: [ app_begin ] --START--
INFO: Run ReadHtmlCache Behavior [ RunTime:0.001000s ]
INFO: [ app_begin ] --END-- [ RunTime:0.001000s ]

[ 2016-07-04T11:48:49+08:00 ] 127.0.0.1 /index.php?g=Api&m=Img&a=del_img&img=/public_source/www/upload/image/20160704/1467604123678826.png&token=tcpbjz1466048616
INFO: [ app_begin ] --START--
INFO: Run ReadHtmlCache Behavior [ RunTime:0.001000s ]
INFO: [ app_begin ] --END-- [ RunTime:0.001000s ]

[ 2016-07-04T14:11:00+08:00 ] ERR: (ThinkException) Êó†Ê≥ïÂä†ËΩΩÊ®°Âùó:Admin
[ 2016-07-04T16:40:28+08:00 ] ERR: (ThinkException) ÈùûÊ≥ïÊìç‰Ωú:list
[ 2016-07-04T16:46:30+08:00 ] 127.0.0.1 /index.php?g=Api&m=Img&a=del_img&img=/public_source/www/upload/image/20160704/1467621981470036.jpg&token=tcpbjz1466048616
INFO: [ app_begin ] --START--
INFO: Run ReadHtmlCache Behavior [ RunTime:0.000000s ]
INFO: [ app_begin ] --END-- [ RunTime:0.000000s ]

[ 2016-07-04T17:42:27+08:00 ] ERR: (ThinkException) ”…”⁄¡¨Ω”∑Ω‘⁄“ª∂Œ ±º‰∫Û√ª”–’˝»∑¥∏¥ªÚ¡¨Ω”µƒ÷˜ª˙√ª”–∑¥”¶£¨¡¨Ω”≥¢ ‘ ß∞‹°£

[ 2016-07-04T17:46:06+08:00 ] 127.0.0.1 /index.php?g=Api&m=Img&a=del_img&img=/public_source/www/upload/image/20160704/1467625552121831.png&token=tcpbjz1466048616
INFO: [ app_begin ] --START--
INFO: Run ReadHtmlCache Behavior [ RunTime:0.002000s ]
INFO: [ app_begin ] --END-- [ RunTime:0.003000s ]

[ 2016-07-04T17:46:32+08:00 ] 127.0.0.1 /index.php?g=Api&m=Img&a=del_img&img=/public_source/www/upload/image/20160704/1467625552881721.png&token=tcpbjz1466048616
INFO: [ app_begin ] --START--
INFO: Run ReadHtmlCache Behavior [ RunTime:0.001000s ]
INFO: [ app_begin ] --END-- [ RunTime:0.001000s ]

[ 2016-07-04T17:47:00+08:00 ] 127.0.0.1 /index.php?g=Api&m=Img&a=del_img&img=/public_source/www/upload/image/20160704/1467625552773754.jpg&token=tcpbjz1466048616
INFO: [ app_begin ] --START--
INFO: Run ReadHtmlCache Behavior [ RunTime:0.001000s ]
INFO: [ app_begin ] --END-- [ RunTime:0.001000s ]

[ 2016-07-04T17:47:18+08:00 ] 127.0.0.1 /index.php?g=Api&m=Img&a=del_img&img=/public_source/www/upload/image/20160704/1467625552843853.png&token=tcpbjz1466048616
INFO: [ app_begin ] --START--
INFO: Run ReadHtmlCache Behavior [ RunTime:0.001000s ]
INFO: [ app_begin ] --END-- [ RunTime:0.001000s ]

[ 2016-07-04T17:47:19+08:00 ] 127.0.0.1 /index.php?g=Api&m=Img&a=del_img&img=/public_source/www/upload/image/20160704/1467625552745482.png&token=tcpbjz1466048616
INFO: [ app_begin ] --START--
INFO: Run ReadHtmlCache Behavior [ RunTime:0.000000s ]
INFO: [ app_begin ] --END-- [ RunTime:0.000000s ]

[ 2016-07-04T18:05:13+08:00 ] 127.0.0.1 /index.php?g=Api&m=Img&a=del_img&img=/public_source/www/upload/image/20160704/1467626678776938.png&id=7&model=tp_hld_mall&token=tcpbjz1466048616
INFO: [ app_begin ] --START--
INFO: Run ReadHtmlCache Behavior [ RunTime:0.001000s ]
INFO: [ app_begin ] --END-- [ RunTime:0.001000s ]
NOTIC: [8192] mysql_connect(): The mysql extension is deprecated and will be removed in the future: use mysqli or PDO instead E:\xampp\htdocs\huanledui\trunk\Lib\Driver\Db\DbMysql.class.php Á¨¨ 55 Ë°å.
SQL: SHOW COLUMNS FROM `tp_tp_hld_mall` [ RunTime:0.008000s ]
DEBUG: ERR:Table 'pig.tp_tp_hld_mall' doesn't exist
 [ SQLËØ≠Âè• ] : SHOW COLUMNS FROM `tp_tp_hld_mall`
NOTIC: [8192] preg_replace(): The /e modifier is deprecated, use preg_replace_callback instead E:\xampp\htdocs\huanledui\trunk\Lib\Core\Db.class.php Á¨¨ 572 Ë°å.
SQL: SELECT `img` FROM `tp_tp_hld_mall` WHERE ( `id` = '7' ) LIMIT 1   [ RunTime:0.009001s ]
DEBUG: ERR:Table 'pig.tp_tp_hld_mall' doesn't exist
 [ SQLËØ≠Âè• ] : SELECT `img` FROM `tp_tp_hld_mall` WHERE ( `id` = '7' ) LIMIT 1  

[ 2016-07-04T18:05:41+08:00 ] 127.0.0.1 /index.php?g=Api&m=Img&a=del_img&img=/public_source/www/upload/image/20160704/1467626657259008.jpg&id=7&model=tp_hld_mall&token=tcpbjz1466048616
INFO: [ app_begin ] --START--
INFO: Run ReadHtmlCache Behavior [ RunTime:0.001000s ]
INFO: [ app_begin ] --END-- [ RunTime:0.001000s ]
NOTIC: [8192] mysql_connect(): The mysql extension is deprecated and will be removed in the future: use mysqli or PDO instead E:\xampp\htdocs\huanledui\trunk\Lib\Driver\Db\DbMysql.class.php Á¨¨ 55 Ë°å.
SQL: SHOW COLUMNS FROM `tp_tp_hld_mall` [ RunTime:0.009001s ]
DEBUG: ERR:Table 'pig.tp_tp_hld_mall' doesn't exist
 [ SQLËØ≠Âè• ] : SHOW COLUMNS FROM `tp_tp_hld_mall`
NOTIC: [8192] preg_replace(): The /e modifier is deprecated, use preg_replace_callback instead E:\xampp\htdocs\huanledui\trunk\Lib\Core\Db.class.php Á¨¨ 572 Ë°å.
SQL: SELECT `img` FROM `tp_tp_hld_mall` WHERE ( `id` = '7' ) LIMIT 1   [ RunTime:0.016001s ]
DEBUG: ERR:Table 'pig.tp_tp_hld_mall' doesn't exist
 [ SQLËØ≠Âè• ] : SELECT `img` FROM `tp_tp_hld_mall` WHERE ( `id` = '7' ) LIMIT 1  

[ 2016-07-04T18:05:55+08:00 ] 127.0.0.1 /index.php?g=Api&m=Img&a=del_img&img=/public_source/www/upload/image/20160704/1467626657259008.jpg&id=7&model=tp_hld_mall&token=tcpbjz1466048616
INFO: [ app_begin ] --START--
INFO: Run ReadHtmlCache Behavior [ RunTime:0.000000s ]
INFO: [ app_begin ] --END-- [ RunTime:0.000000s ]
NOTIC: [2] unlink(E:\xampp\htdocs\huanledui\trunk/public_source/www/upload/image/20160704/1467626657259008.jpg): No such file or directory E:\xampp\htdocs\huanledui\trunk\PigCms\Lib\Action\Api\ImgAction.class.php Á¨¨ 30 Ë°å.

[ 2016-07-04T18:56:42+08:00 ] 127.0.0.1 /index.php?g=Api&m=Img&a=del_img&img=/public_source/www/upload/image/20160702/1467429428385349.jpg&id=7&model=tp_hld_mall&token=tcpbjz1466048616
INFO: [ app_begin ] --START--
INFO: Run ReadHtmlCache Behavior [ RunTime:0.001000s ]
INFO: [ app_begin ] --END-- [ RunTime:0.001000s ]
NOTIC: [8192] mysql_connect(): The mysql extension is deprecated and will be removed in the future: use mysqli or PDO instead E:\xampp\htdocs\huanledui\trunk\Lib\Driver\Db\DbMysql.class.php Á¨¨ 55 Ë°å.
SQL: SHOW COLUMNS FROM `tp_tp_hld_mall` [ RunTime:0.008001s ]
DEBUG: ERR:Table 'pig.tp_tp_hld_mall' doesn't exist
 [ SQLËØ≠Âè• ] : SHOW COLUMNS FROM `tp_tp_hld_mall`
NOTIC: [8192] preg_replace(): The /e modifier is deprecated, use preg_replace_callback instead E:\xampp\htdocs\huanledui\trunk\Lib\Core\Db.class.php Á¨¨ 572 Ë°å.
SQL: SELECT `img` FROM `tp_tp_hld_mall` WHERE ( `id` = '7' ) LIMIT 1   [ RunTime:0.008000s ]
DEBUG: ERR:Table 'pig.tp_tp_hld_mall' doesn't exist
 [ SQLËØ≠Âè• ] : SELECT `img` FROM `tp_tp_hld_mall` WHERE ( `id` = '7' ) LIMIT 1  

[ 2016-07-04T18:59:06+08:00 ] 127.0.0.1 /index.php?g=Api&m=Img&a=del_img&img=/public_source/www/upload/image/20160702/1467428682138329.jpg&id=4&model=tp_hld_mall&token=tcpbjz1466048616
INFO: [ app_begin ] --START--
INFO: Run ReadHtmlCache Behavior [ RunTime:0.001000s ]
INFO: [ app_begin ] --END-- [ RunTime:0.001000s ]
NOTIC: [8192] mysql_connect(): The mysql extension is deprecated and will be removed in the future: use mysqli or PDO instead E:\xampp\htdocs\huanledui\trunk\Lib\Driver\Db\DbMysql.class.php Á¨¨ 55 Ë°å.
SQL: SHOW COLUMNS FROM `tp_tp_hld_mall` [ RunTime:0.008001s ]
DEBUG: ERR:Table 'pig.tp_tp_hld_mall' doesn't exist
 [ SQLËØ≠Âè• ] : SHOW COLUMNS FROM `tp_tp_hld_mall`
NOTIC: [8192] preg_replace(): The /e modifier is deprecated, use preg_replace_callback instead E:\xampp\htdocs\huanledui\trunk\Lib\Core\Db.class.php Á¨¨ 572 Ë°å.
SQL: SELECT `img` FROM `tp_tp_hld_mall` WHERE ( `id` = '4' ) LIMIT 1   [ RunTime:0.007000s ]
DEBUG: ERR:Table 'pig.tp_tp_hld_mall' doesn't exist
 [ SQLËØ≠Âè• ] : SELECT `img` FROM `tp_tp_hld_mall` WHERE ( `id` = '4' ) LIMIT 1  

[ 2016-07-04T19:01:24+08:00 ] 127.0.0.1 /index.php?g=Api&m=Img&a=del_img&img=/public_source/www/upload/image/20160702/1467428682138329.jpg&id=4&model=tp_hld_mall&token=tcpbjz1466048616
INFO: [ app_begin ] --START--
INFO: Run ReadHtmlCache Behavior [ RunTime:0.000000s ]
INFO: [ app_begin ] --END-- [ RunTime:0.000000s ]
NOTIC: [2] unlink(E:\xampp\htdocs\huanledui\trunk/public_source/www/upload/image/20160702/1467428682138329.jpg): No such file or directory E:\xampp\htdocs\huanledui\trunk\PigCms\Lib\Action\Api\ImgAction.class.php Á¨¨ 30 Ë°å.

[ 2016-07-04T19:01:39+08:00 ] 127.0.0.1 /index.php?g=Api&m=Img&a=del_img&img=/public_source/www/upload/image/20160704/1467630033352258.jpg&id=4&model=tp_hld_mall&token=tcpbjz1466048616
INFO: [ app_begin ] --START--
INFO: Run ReadHtmlCache Behavior [ RunTime:0.001000s ]
INFO: [ app_begin ] --END-- [ RunTime:0.001000s ]
NOTIC: [2] unlink(E:\xampp\htdocs\huanledui\trunk/public_source/www/upload/image/20160704/1467630033352258.jpg): No such file or directory E:\xampp\htdocs\huanledui\trunk\PigCms\Lib\Action\Api\ImgAction.class.php Á¨¨ 30 Ë°å.

[ 2016-07-04T19:02:55+08:00 ] 127.0.0.1 /index.php?g=Api&m=Img&a=del_img&img=/public_source/www/upload/image/20160704/1467630142492455.png&id=6&model=tp_hld_mall&token=tcpbjz1466048616
INFO: [ app_begin ] --START--
INFO: Run ReadHtmlCache Behavior [ RunTime:0.000000s ]
INFO: [ app_begin ] --END-- [ RunTime:0.000000s ]
NOTIC: [8] Undefined variable: id E:\xampp\htdocs\huanledui\trunk\PigCms\Lib\Action\Api\ImgAction.class.php Á¨¨ 41 Ë°å.
NOTIC: [8192] mysql_connect(): The mysql extension is deprecated and will be removed in the future: use mysqli or PDO instead E:\xampp\htdocs\huanledui\trunk\Lib\Driver\Db\DbMysql.class.php Á¨¨ 55 Ë°å.
SQL: SHOW COLUMNS FROM `tp_tp_hld_mall` [ RunTime:0.006000s ]
DEBUG: ERR:Table 'pig.tp_tp_hld_mall' doesn't exist
 [ SQLËØ≠Âè• ] : SHOW COLUMNS FROM `tp_tp_hld_mall`
NOTIC: [8192] preg_replace(): The /e modifier is deprecated, use preg_replace_callback instead E:\xampp\htdocs\huanledui\trunk\Lib\Core\Db.class.php Á¨¨ 572 Ë°å.
SQL: SELECT `img` FROM `tp_tp_hld_mall` WHERE ( `id` = '6' ) LIMIT 1   [ RunTime:0.008001s ]
DEBUG: ERR:Table 'pig.tp_tp_hld_mall' doesn't exist
 [ SQLËØ≠Âè• ] : SELECT `img` FROM `tp_tp_hld_mall` WHERE ( `id` = '6' ) LIMIT 1  

[ 2016-07-04T19:03:35+08:00 ] 127.0.0.1 /index.php?g=Api&m=Img&a=del_img&img=/public_source/www/upload/image/20160704/1467630142724569.png&id=6&model=tp_hld_mall&token=tcpbjz1466048616
INFO: [ app_begin ] --START--
INFO: Run ReadHtmlCache Behavior [ RunTime:0.001000s ]
INFO: [ app_begin ] --END-- [ RunTime:0.001000s ]
NOTIC: [8192] mysql_connect(): The mysql extension is deprecated and will be removed in the future: use mysqli or PDO instead E:\xampp\htdocs\huanledui\trunk\Lib\Driver\Db\DbMysql.class.php Á¨¨ 55 Ë°å.
SQL: SHOW COLUMNS FROM `tp_tp_hld_mall` [ RunTime:0.011001s ]
DEBUG: ERR:Table 'pig.tp_tp_hld_mall' doesn't exist
 [ SQLËØ≠Âè• ] : SHOW COLUMNS FROM `tp_tp_hld_mall`
NOTIC: [8192] preg_replace(): The /e modifier is deprecated, use preg_replace_callback instead E:\xampp\htdocs\huanledui\trunk\Lib\Core\Db.class.php Á¨¨ 572 Ë°å.
SQL: SELECT `img` FROM `tp_tp_hld_mall` WHERE ( `id` = '6' ) LIMIT 1   [ RunTime:0.008000s ]
DEBUG: ERR:Table 'pig.tp_tp_hld_mall' doesn't exist
 [ SQLËØ≠Âè• ] : SELECT `img` FROM `tp_tp_hld_mall` WHERE ( `id` = '6' ) LIMIT 1  

[ 2016-07-04T19:05:50+08:00 ] 127.0.0.1 /index.php?g=Api&m=Img&a=del_img&img=/public_source/www/upload/image/20160704/1467630142264731.png&id=6&model=tp_hld_mall&token=tcpbjz1466048616
INFO: [ app_begin ] --START--
INFO: Run ReadHtmlCache Behavior [ RunTime:0.001000s ]
INFO: [ app_begin ] --END-- [ RunTime:0.001000s ]
NOTIC: [8192] mysql_connect(): The mysql extension is deprecated and will be removed in the future: use mysqli or PDO instead E:\xampp\htdocs\huanledui\trunk\Lib\Driver\Db\DbMysql.class.php Á¨¨ 55 Ë°å.
SQL: SHOW COLUMNS FROM `tp_tp_hld_mall` [ RunTime:0.011001s ]
DEBUG: ERR:Table 'pig.tp_tp_hld_mall' doesn't exist
 [ SQLËØ≠Âè• ] : SHOW COLUMNS FROM `tp_tp_hld_mall`
NOTIC: [8192] preg_replace(): The /e modifier is deprecated, use preg_replace_callback instead E:\xampp\htdocs\huanledui\trunk\Lib\Core\Db.class.php Á¨¨ 572 Ë°å.
SQL: SELECT `img` FROM `tp_tp_hld_mall` WHERE ( `id` = '6' ) LIMIT 1   [ RunTime:0.014001s ]
DEBUG: ERR:Table 'pig.tp_tp_hld_mall' doesn't exist
 [ SQLËØ≠Âè• ] : SELECT `img` FROM `tp_tp_hld_mall` WHERE ( `id` = '6' ) LIMIT 1  

[ 2016-07-04T19:06:42+08:00 ] 127.0.0.1 /index.php?g=Api&m=Img&a=del_img&img=/public_source/www/upload/image/20160704/1467630142444561.png&id=6&model=tp_hld_mall&token=tcpbjz1466048616
INFO: [ app_begin ] --START--
INFO: Run ReadHtmlCache Behavior [ RunTime:0.001000s ]
INFO: [ app_begin ] --END-- [ RunTime:0.001000s ]
NOTIC: [8192] mysql_connect(): The mysql extension is deprecated and will be removed in the future: use mysqli or PDO instead E:\xampp\htdocs\huanledui\trunk\Lib\Driver\Db\DbMysql.class.php Á¨¨ 55 Ë°å.
SQL: SHOW COLUMNS FROM `tp_tp_hld_mall` [ RunTime:0.007000s ]
DEBUG: ERR:Table 'pig.tp_tp_hld_mall' doesn't exist
 [ SQLËØ≠Âè• ] : SHOW COLUMNS FROM `tp_tp_hld_mall`
NOTIC: [8192] preg_replace(): The /e modifier is deprecated, use preg_replace_callback instead E:\xampp\htdocs\huanledui\trunk\Lib\Core\Db.class.php Á¨¨ 572 Ë°å.
SQL: SELECT `img` FROM `tp_tp_hld_mall` WHERE ( `id` = '6' ) LIMIT 1   [ RunTime:0.007000s ]
DEBUG: ERR:Table 'pig.tp_tp_hld_mall' doesn't exist
 [ SQLËØ≠Âè• ] : SELECT `img` FROM `tp_tp_hld_mall` WHERE ( `id` = '6' ) LIMIT 1  

[ 2016-07-04T19:08:18+08:00 ] 127.0.0.1 /index.php?g=Api&m=Img&a=del_img&img=/public_source/www/upload/image/20160704/1467630142149234.jpg&id=6&model=hld_mall&token=tcpbjz1466048616
INFO: [ app_begin ] --START--
INFO: Run ReadHtmlCache Behavior [ RunTime:0.001000s ]
INFO: [ app_begin ] --END-- [ RunTime:0.001000s ]
NOTIC: [8192] mysql_connect(): The mysql extension is deprecated and will be removed in the future: use mysqli or PDO instead E:\xampp\htdocs\huanledui\trunk\Lib\Driver\Db\DbMysql.class.php Á¨¨ 55 Ë°å.
SQL: SHOW COLUMNS FROM `tp_hld_mall` [ RunTime:0.009000s ]
DEBUG: ERR:Table 'pig.tp_hld_mall' doesn't exist
 [ SQLËØ≠Âè• ] : SHOW COLUMNS FROM `tp_hld_mall`
NOTIC: [8192] preg_replace(): The /e modifier is deprecated, use preg_replace_callback instead E:\xampp\htdocs\huanledui\trunk\Lib\Core\Db.class.php Á¨¨ 572 Ë°å.
SQL: SELECT `img` FROM `tp_hld_mall` WHERE ( `id` = '6' ) LIMIT 1   [ RunTime:0.010001s ]
DEBUG: ERR:Table 'pig.tp_hld_mall' doesn't exist
 [ SQLËØ≠Âè• ] : SELECT `img` FROM `tp_hld_mall` WHERE ( `id` = '6' ) LIMIT 1  

[ 2016-07-04T19:08:35+08:00 ] 127.0.0.1 /index.php?g=Api&m=Img&a=del_img&img=/public_source/www/upload/image/20160702/1467429428385349.jpg&id=7&model=hld_mall&token=tcpbjz1466048616
INFO: [ app_begin ] --START--
INFO: Run ReadHtmlCache Behavior [ RunTime:0.001000s ]
INFO: [ app_begin ] --END-- [ RunTime:0.001000s ]
NOTIC: [2] unlink(E:\xampp\htdocs\huanledui\trunk/public_source/www/upload/image/20160702/1467429428385349.jpg): No such file or directory E:\xampp\htdocs\huanledui\trunk\PigCms\Lib\Action\Api\ImgAction.class.php Á¨¨ 30 Ë°å.

[ 2016-07-04T19:08:39+08:00 ] 127.0.0.1 /index.php?g=Api&m=Img&a=del_img&img=/public_source/www/upload/image/20160702/1467429428385349.jpg&id=7&model=hld_mall&token=tcpbjz1466048616
INFO: [ app_begin ] --START--
INFO: Run ReadHtmlCache Behavior [ RunTime:0.001000s ]
INFO: [ app_begin ] --END-- [ RunTime:0.002000s ]
NOTIC: [2] unlink(E:\xampp\htdocs\huanledui\trunk/public_source/www/upload/image/20160702/1467429428385349.jpg): No such file or directory E:\xampp\htdocs\huanledui\trunk\PigCms\Lib\Action\Api\ImgAction.class.php Á¨¨ 30 Ë°å.

[ 2016-07-04T19:08:59+08:00 ] 127.0.0.1 /index.php?g=Api&m=Img&a=del_img&img=/public_source/www/upload/image/20160702/1467429428957930.jpg&id=7&model=hld_mall&token=tcpbjz1466048616
INFO: [ app_begin ] --START--
INFO: Run ReadHtmlCache Behavior [ RunTime:0.001000s ]
INFO: [ app_begin ] --END-- [ RunTime:0.001000s ]
NOTIC: [8192] mysql_connect(): The mysql extension is deprecated and will be removed in the future: use mysqli or PDO instead E:\xampp\htdocs\huanledui\trunk\Lib\Driver\Db\DbMysql.class.php Á¨¨ 55 Ë°å.
SQL: SHOW COLUMNS FROM `tp_hld_mall` [ RunTime:0.011000s ]
DEBUG: ERR:Table 'pig.tp_hld_mall' doesn't exist
 [ SQLËØ≠Âè• ] : SHOW COLUMNS FROM `tp_hld_mall`
NOTIC: [8192] preg_replace(): The /e modifier is deprecated, use preg_replace_callback instead E:\xampp\htdocs\huanledui\trunk\Lib\Core\Db.class.php Á¨¨ 572 Ë°å.
SQL: SELECT `img` FROM `tp_hld_mall` WHERE ( `id` = '7' ) LIMIT 1   [ RunTime:0.009001s ]
DEBUG: ERR:Table 'pig.tp_hld_mall' doesn't exist
 [ SQLËØ≠Âè• ] : SELECT `img` FROM `tp_hld_mall` WHERE ( `id` = '7' ) LIMIT 1  

[ 2016-07-04T19:09:15+08:00 ] 127.0.0.1 /index.php?g=Api&m=Img&a=del_img&img=/public_source/www/upload/image/20160704/1467626657101598.png&id=7&model=hld_mall&token=tcpbjz1466048616
INFO: [ app_begin ] --START--
INFO: Run ReadHtmlCache Behavior [ RunTime:0.001000s ]
INFO: [ app_begin ] --END-- [ RunTime:0.001000s ]
NOTIC: [8192] mysql_connect(): The mysql extension is deprecated and will be removed in the future: use mysqli or PDO instead E:\xampp\htdocs\huanledui\trunk\Lib\Driver\Db\DbMysql.class.php Á¨¨ 55 Ë°å.
SQL: SHOW COLUMNS FROM `tp_hld_mall` [ RunTime:0.011001s ]
DEBUG: ERR:Table 'pig.tp_hld_mall' doesn't exist
 [ SQLËØ≠Âè• ] : SHOW COLUMNS FROM `tp_hld_mall`
NOTIC: [8192] preg_replace(): The /e modifier is deprecated, use preg_replace_callback instead E:\xampp\htdocs\huanledui\trunk\Lib\Core\Db.class.php Á¨¨ 572 Ë°å.
SQL: SELECT `img` FROM `tp_hld_mall` WHERE ( `id` = '7' ) LIMIT 1   [ RunTime:0.008001s ]
DEBUG: ERR:Table 'pig.tp_hld_mall' doesn't exist
 [ SQLËØ≠Âè• ] : SELECT `img` FROM `tp_hld_mall` WHERE ( `id` = '7' ) LIMIT 1  

[ 2016-07-04T19:10:40+08:00 ] 127.0.0.1 /index.php?g=Api&m=Img&a=del_img&img=/public_source/www/upload/image/20160704/1467630623637429.jpg&id=7&model=hld_mall&token=tcpbjz1466048616
INFO: [ app_begin ] --START--
INFO: Run ReadHtmlCache Behavior [ RunTime:0.000000s ]
INFO: [ app_begin ] --END-- [ RunTime:0.000000s ]
NOTIC: [8192] mysql_connect(): The mysql extension is deprecated and will be removed in the future: use mysqli or PDO instead E:\xampp\htdocs\huanledui\trunk\Lib\Driver\Db\DbMysql.class.php Á¨¨ 55 Ë°å.
SQL: SHOW COLUMNS FROM `tp_hld_mall` [ RunTime:0.013001s ]
DEBUG: ERR:Table 'pig.tp_hld_mall' doesn't exist
 [ SQLËØ≠Âè• ] : SHOW COLUMNS FROM `tp_hld_mall`
NOTIC: [8192] preg_replace(): The /e modifier is deprecated, use preg_replace_callback instead E:\xampp\htdocs\huanledui\trunk\Lib\Core\Db.class.php Á¨¨ 572 Ë°å.
SQL: SELECT `img` FROM `tp_hld_mall` WHERE ( `id` = '7' ) LIMIT 1   [ RunTime:0.009001s ]
DEBUG: ERR:Table 'pig.tp_hld_mall' doesn't exist
 [ SQLËØ≠Âè• ] : SELECT `img` FROM `tp_hld_mall` WHERE ( `id` = '7' ) LIMIT 1  

[ 2016-07-04T19:12:09+08:00 ] 127.0.0.1 /index.php?g=Api&m=Img&a=del_img&img=/public_source/www/upload/image/20160704/1467630669657912.png&id=7&model=hld_mall&token=tcpbjz1466048616
INFO: [ app_begin ] --START--
INFO: Run ReadHtmlCache Behavior [ RunTime:0.000000s ]
INFO: [ app_begin ] --END-- [ RunTime:0.000000s ]
NOTIC: [8192] mysql_connect(): The mysql extension is deprecated and will be removed in the future: use mysqli or PDO instead E:\xampp\htdocs\huanledui\trunk\Lib\Driver\Db\DbMysql.class.php Á¨¨ 55 Ë°å.
SQL: SHOW COLUMNS FROM `tp_hld_mall` [ RunTime:0.008000s ]
DEBUG: ERR:Table 'pig.tp_hld_mall' doesn't exist
 [ SQLËØ≠Âè• ] : SHOW COLUMNS FROM `tp_hld_mall`
NOTIC: [8192] preg_replace(): The /e modifier is deprecated, use preg_replace_callback instead E:\xampp\htdocs\huanledui\trunk\Lib\Core\Db.class.php Á¨¨ 572 Ë°å.
SQL: SELECT `img` FROM `tp_hld_mall` WHERE ( `id` = '7' ) LIMIT 1   [ RunTime:0.008001s ]
DEBUG: ERR:Table 'pig.tp_hld_mall' doesn't exist
 [ SQLËØ≠Âè• ] : SELECT `img` FROM `tp_hld_mall` WHERE ( `id` = '7' ) LIMIT 1  

[ 2016-07-04T19:13:05+08:00 ] 127.0.0.1 /index.php?g=Api&m=Img&a=del_img&img=/public_source/www/upload/image/20160704/1467630669112377.png&id=7&model=hld_mall&token=tcpbjz1466048616
INFO: [ app_begin ] --START--
INFO: Run ReadHtmlCache Behavior [ RunTime:0.000000s ]
INFO: [ app_begin ] --END-- [ RunTime:0.000000s ]
NOTIC: [8192] mysql_connect(): The mysql extension is deprecated and will be removed in the future: use mysqli or PDO instead E:\xampp\htdocs\huanledui\trunk\Lib\Driver\Db\DbMysql.class.php Á¨¨ 55 Ë°å.
SQL: SHOW COLUMNS FROM `tp_hld_mall` [ RunTime:0.009001s ]
DEBUG: ERR:Table 'pig.tp_hld_mall' doesn't exist
 [ SQLËØ≠Âè• ] : SHOW COLUMNS FROM `tp_hld_mall`
NOTIC: [8192] preg_replace(): The /e modifier is deprecated, use preg_replace_callback instead E:\xampp\htdocs\huanledui\trunk\Lib\Core\Db.class.php Á¨¨ 572 Ë°å.
SQL: SELECT `img` FROM `tp_hld_mall` WHERE ( `id` = '7' ) LIMIT 1   [ RunTime:0.008000s ]
DEBUG: ERR:Table 'pig.tp_hld_mall' doesn't exist
 [ SQLËØ≠Âè• ] : SELECT `img` FROM `tp_hld_mall` WHERE ( `id` = '7' ) LIMIT 1  

[ 2016-07-04T19:13:39+08:00 ] 127.0.0.1 /index.php?g=Api&m=Img&a=del_img&img=/public_source/www/upload/image/20160704/1467630669889423.jpg&id=7&model=ahld_mall&token=tcpbjz1466048616
INFO: [ app_begin ] --START--
INFO: Run ReadHtmlCache Behavior [ RunTime:0.001001s ]
INFO: [ app_begin ] --END-- [ RunTime:0.001001s ]
NOTIC: [8192] mysql_connect(): The mysql extension is deprecated and will be removed in the future: use mysqli or PDO instead E:\xampp\htdocs\huanledui\trunk\Lib\Driver\Db\DbMysql.class.php Á¨¨ 55 Ë°å.
SQL: SHOW COLUMNS FROM `tp_ahld_mall` [ RunTime:0.013001s ]
NOTIC: [8192] preg_replace(): The /e modifier is deprecated, use preg_replace_callback instead E:\xampp\htdocs\huanledui\trunk\Lib\Core\Db.class.php Á¨¨ 572 Ë°å.
SQL: SELECT `img` FROM `tp_ahld_mall` WHERE ( `id` = 7 ) LIMIT 1   [ RunTime:0.010000s ]
SQL: UPDATE `tp_ahld_mall` SET `img`='/public_source/www/upload/image/20160704/1467630669112377.png,/public_source/www/upload/image/20160704/1467630669657912.png,' WHERE ( `id` = 7 ) [ RunTime:0.008001s ]

[ 2016-07-04T19:13:52+08:00 ] 127.0.0.1 /index.php?g=Api&m=Img&a=del_img&img=/public_source/www/upload/image/20160702/1467428682435481.jpg&id=4&model=ahld_mall&token=tcpbjz1466048616
INFO: [ app_begin ] --START--
INFO: Run ReadHtmlCache Behavior [ RunTime:0.001000s ]
INFO: [ app_begin ] --END-- [ RunTime:0.001000s ]
NOTIC: [8192] mysql_connect(): The mysql extension is deprecated and will be removed in the future: use mysqli or PDO instead E:\xampp\htdocs\huanledui\trunk\Lib\Driver\Db\DbMysql.class.php Á¨¨ 55 Ë°å.
SQL: SHOW COLUMNS FROM `tp_ahld_mall` [ RunTime:0.009001s ]
NOTIC: [8192] preg_replace(): The /e modifier is deprecated, use preg_replace_callback instead E:\xampp\htdocs\huanledui\trunk\Lib\Core\Db.class.php Á¨¨ 572 Ë°å.
SQL: SELECT `img` FROM `tp_ahld_mall` WHERE ( `id` = 4 ) LIMIT 1   [ RunTime:0.008000s ]
SQL: UPDATE `tp_ahld_mall` SET `img`='/public_source/www/upload/image/20160702/1467428682138329.jpg,/public_source/www/upload/image/20160704/1467630121301566.png,' WHERE ( `id` = 4 ) [ RunTime:0.010001s ]

[ 2016-07-04T19:13:56+08:00 ] ERR: (ThinkException) ÈùûÊ≥ïÊìç‰Ωú:list
[ 2016-07-04T19:14:16+08:00 ] 127.0.0.1 /index.php?g=Api&m=Img&a=del_img&img=/public_source/www/upload/image/20160704/1467630669657912.png&id=7&model=ahld_mall&token=tcpbjz1466048616
INFO: [ app_begin ] --START--
INFO: Run ReadHtmlCache Behavior [ RunTime:0.001000s ]
INFO: [ app_begin ] --END-- [ RunTime:0.001000s ]
NOTIC: [2] unlink(E:\xampp\htdocs\huanledui\trunk/public_source/www/upload/image/20160704/1467630669657912.png): No such file or directory E:\xampp\htdocs\huanledui\trunk\PigCms\Lib\Action\Api\ImgAction.class.php Á¨¨ 30 Ë°å.

[ 2016-07-04T19:15:04+08:00 ] 127.0.0.1 /index.php?g=Api&m=Img&a=del_img&img=/public_source/www/upload/image/20160704/1467630890750603.jpg&id=7&model=ahld_mall&token=tcpbjz1466048616
INFO: [ app_begin ] --START--
INFO: Run ReadHtmlCache Behavior [ RunTime:0.000000s ]
INFO: [ app_begin ] --END-- [ RunTime:0.000000s ]
NOTIC: [8192] mysql_connect(): The mysql extension is deprecated and will be removed in the future: use mysqli or PDO instead E:\xampp\htdocs\huanledui\trunk\Lib\Driver\Db\DbMysql.class.php Á¨¨ 55 Ë°å.
SQL: SHOW COLUMNS FROM `tp_ahld_mall` [ RunTime:0.008000s ]
NOTIC: [8192] preg_replace(): The /e modifier is deprecated, use preg_replace_callback instead E:\xampp\htdocs\huanledui\trunk\Lib\Core\Db.class.php Á¨¨ 572 Ë°å.
SQL: SELECT `img` FROM `tp_ahld_mall` WHERE ( `id` = 7 ) LIMIT 1   [ RunTime:0.011001s ]
SQL: UPDATE `tp_ahld_mall` SET `img`='/public_source/www/upload/image/20160704/1467630890251692.jpg,' WHERE ( `id` = 7 ) [ RunTime:0.009000s ]

[ 2016-07-04T19:15:05+08:00 ] 127.0.0.1 /index.php?g=Api&m=Img&a=del_img&img=/public_source/www/upload/image/20160704/1467630890251692.jpg&id=7&model=ahld_mall&token=tcpbjz1466048616
INFO: [ app_begin ] --START--
INFO: Run ReadHtmlCache Behavior [ RunTime:0.001000s ]
INFO: [ app_begin ] --END-- [ RunTime:0.001000s ]
NOTIC: [8192] mysql_connect(): The mysql extension is deprecated and will be removed in the future: use mysqli or PDO instead E:\xampp\htdocs\huanledui\trunk\Lib\Driver\Db\DbMysql.class.php Á¨¨ 55 Ë°å.
SQL: SHOW COLUMNS FROM `tp_ahld_mall` [ RunTime:0.010000s ]
NOTIC: [8192] preg_replace(): The /e modifier is deprecated, use preg_replace_callback instead E:\xampp\htdocs\huanledui\trunk\Lib\Core\Db.class.php Á¨¨ 572 Ë°å.
SQL: SELECT `img` FROM `tp_ahld_mall` WHERE ( `id` = 7 ) LIMIT 1   [ RunTime:0.008001s ]
SQL: UPDATE `tp_ahld_mall` SET `img`='' WHERE ( `id` = 7 ) [ RunTime:0.008000s ]

[ 2016-07-04T19:17:01+08:00 ] 127.0.0.1 /index.php?g=Api&m=Img&a=del_img&img=/public_source/www/upload/image/20160704/1467630968996486.png&id=7&model=ahld_mall&token=tcpbjz1466048616
INFO: [ app_begin ] --START--
INFO: Run ReadHtmlCache Behavior [ RunTime:0.000000s ]
INFO: [ app_begin ] --END-- [ RunTime:0.000000s ]
NOTIC: [8192] mysql_connect(): The mysql extension is deprecated and will be removed in the future: use mysqli or PDO instead E:\xampp\htdocs\huanledui\trunk\Lib\Driver\Db\DbMysql.class.php Á¨¨ 55 Ë°å.
SQL: SHOW COLUMNS FROM `tp_ahld_mall` [ RunTime:0.011001s ]
NOTIC: [8192] preg_replace(): The /e modifier is deprecated, use preg_replace_callback instead E:\xampp\htdocs\huanledui\trunk\Lib\Core\Db.class.php Á¨¨ 572 Ë°å.
SQL: SELECT `img` FROM `tp_ahld_mall` WHERE ( `id` = 7 ) LIMIT 1   [ RunTime:0.012001s ]
SQL: UPDATE `tp_ahld_mall` SET `img`='/public_source/www/upload/image/20160704/1467630968576367.jpg,/public_source/www/upload/image/20160704/1467630968105892.jpg,/public_source/www/upload/image/20160704/1467630968744880.jpg,/public_source/www/upload/image/20160704/1467630968946010.png,/public_source/www/upload/image/20160704/1467630968105062.png,' WHERE ( `id` = 7 ) [ RunTime:0.010000s ]

[ 2016-07-04T19:17:03+08:00 ] 127.0.0.1 /index.php?g=Api&m=Img&a=del_img&img=/public_source/www/upload/image/20160704/1467630968105062.png&id=7&model=ahld_mall&token=tcpbjz1466048616
INFO: [ app_begin ] --START--
INFO: Run ReadHtmlCache Behavior [ RunTime:0.000000s ]
INFO: [ app_begin ] --END-- [ RunTime:0.000000s ]
NOTIC: [8192] mysql_connect(): The mysql extension is deprecated and will be removed in the future: use mysqli or PDO instead E:\xampp\htdocs\huanledui\trunk\Lib\Driver\Db\DbMysql.class.php Á¨¨ 55 Ë°å.
SQL: SHOW COLUMNS FROM `tp_ahld_mall` [ RunTime:0.009000s ]
NOTIC: [8192] preg_replace(): The /e modifier is deprecated, use preg_replace_callback instead E:\xampp\htdocs\huanledui\trunk\Lib\Core\Db.class.php Á¨¨ 572 Ë°å.
SQL: SELECT `img` FROM `tp_ahld_mall` WHERE ( `id` = 7 ) LIMIT 1   [ RunTime:0.008001s ]
SQL: UPDATE `tp_ahld_mall` SET `img`='/public_source/www/upload/image/20160704/1467630968576367.jpg,/public_source/www/upload/image/20160704/1467630968105892.jpg,/public_source/www/upload/image/20160704/1467630968744880.jpg,/public_source/www/upload/image/20160704/1467630968946010.png,' WHERE ( `id` = 7 ) [ RunTime:0.009000s ]

[ 2016-07-04T19:17:04+08:00 ] 127.0.0.1 /index.php?g=Api&m=Img&a=del_img&img=/public_source/www/upload/image/20160704/1467630968946010.png&id=7&model=ahld_mall&token=tcpbjz1466048616
INFO: [ app_begin ] --START--
INFO: Run ReadHtmlCache Behavior [ RunTime:0.000000s ]
INFO: [ app_begin ] --END-- [ RunTime:0.000000s ]
NOTIC: [8192] mysql_connect(): The mysql extension is deprecated and will be removed in the future: use mysqli or PDO instead E:\xampp\htdocs\huanledui\trunk\Lib\Driver\Db\DbMysql.class.php Á¨¨ 55 Ë°å.
SQL: SHOW COLUMNS FROM `tp_ahld_mall` [ RunTime:0.008000s ]
NOTIC: [8192] preg_replace(): The /e modifier is deprecated, use preg_replace_callback instead E:\xampp\htdocs\huanledui\trunk\Lib\Core\Db.class.php Á¨¨ 572 Ë°å.
SQL: SELECT `img` FROM `tp_ahld_mall` WHERE ( `id` = 7 ) LIMIT 1   [ RunTime:0.008001s ]
SQL: UPDATE `tp_ahld_mall` SET `img`='/public_source/www/upload/image/20160704/1467630968576367.jpg,/public_source/www/upload/image/20160704/1467630968105892.jpg,/public_source/www/upload/image/20160704/1467630968744880.jpg,' WHERE ( `id` = 7 ) [ RunTime:0.010000s ]

[ 2016-07-04T19:17:05+08:00 ] 127.0.0.1 /index.php?g=Api&m=Img&a=del_img&img=/public_source/www/upload/image/20160704/1467630968744880.jpg&id=7&model=ahld_mall&token=tcpbjz1466048616
INFO: [ app_begin ] --START--
INFO: Run ReadHtmlCache Behavior [ RunTime:0.001000s ]
INFO: [ app_begin ] --END-- [ RunTime:0.001000s ]
NOTIC: [8192] mysql_connect(): The mysql extension is deprecated and will be removed in the future: use mysqli or PDO instead E:\xampp\htdocs\huanledui\trunk\Lib\Driver\Db\DbMysql.class.php Á¨¨ 55 Ë°å.
SQL: SHOW COLUMNS FROM `tp_ahld_mall` [ RunTime:0.015001s ]
NOTIC: [8192] preg_replace(): The /e modifier is deprecated, use preg_replace_callback instead E:\xampp\htdocs\huanledui\trunk\Lib\Core\Db.class.php Á¨¨ 572 Ë°å.
SQL: SELECT `img` FROM `tp_ahld_mall` WHERE ( `id` = 7 ) LIMIT 1   [ RunTime:0.008001s ]
SQL: UPDATE `tp_ahld_mall` SET `img`='/public_source/www/upload/image/20160704/1467630968576367.jpg,/public_source/www/upload/image/20160704/1467630968105892.jpg,' WHERE ( `id` = 7 ) [ RunTime:0.010000s ]

[ 2016-07-04T19:17:07+08:00 ] 127.0.0.1 /index.php?g=Api&m=Img&a=del_img&img=/public_source/www/upload/image/20160704/1467630968105892.jpg&id=7&model=ahld_mall&token=tcpbjz1466048616
INFO: [ app_begin ] --START--
INFO: Run ReadHtmlCache Behavior [ RunTime:0.000000s ]
INFO: [ app_begin ] --END-- [ RunTime:0.000000s ]
NOTIC: [8192] mysql_connect(): The mysql extension is deprecated and will be removed in the future: use mysqli or PDO instead E:\xampp\htdocs\huanledui\trunk\Lib\Driver\Db\DbMysql.class.php Á¨¨ 55 Ë°å.
SQL: SHOW COLUMNS FROM `tp_ahld_mall` [ RunTime:0.007000s ]
NOTIC: [8192] preg_replace(): The /e modifier is deprecated, use preg_replace_callback instead E:\xampp\htdocs\huanledui\trunk\Lib\Core\Db.class.php Á¨¨ 572 Ë°å.
SQL: SELECT `img` FROM `tp_ahld_mall` WHERE ( `id` = 7 ) LIMIT 1   [ RunTime:0.007000s ]
SQL: UPDATE `tp_ahld_mall` SET `img`='/public_source/www/upload/image/20160704/1467630968576367.jpg,' WHERE ( `id` = 7 ) [ RunTime:0.008001s ]

[ 2016-07-04T19:17:41+08:00 ] 127.0.0.1 /index.php?g=Api&m=Img&a=del_img&img=/public_source/www/upload/image/20160704/1467630968576367.jpg&id=7&model=ahld_mall&token=tcpbjz1466048616
INFO: [ app_begin ] --START--
INFO: Run ReadHtmlCache Behavior [ RunTime:0.001000s ]
INFO: [ app_begin ] --END-- [ RunTime:0.001000s ]
NOTIC: [8192] mysql_connect(): The mysql extension is deprecated and will be removed in the future: use mysqli or PDO instead E:\xampp\htdocs\huanledui\trunk\Lib\Driver\Db\DbMysql.class.php Á¨¨ 55 Ë°å.
SQL: SHOW COLUMNS FROM `tp_ahld_mall` [ RunTime:0.012001s ]
NOTIC: [8192] preg_replace(): The /e modifier is deprecated, use preg_replace_callback instead E:\xampp\htdocs\huanledui\trunk\Lib\Core\Db.class.php Á¨¨ 572 Ë°å.
SQL: SELECT `img` FROM `tp_ahld_mall` WHERE ( `id` = 7 ) LIMIT 1   [ RunTime:0.019001s ]
SQL: UPDATE `tp_ahld_mall` SET `img`='' WHERE ( `id` = 7 ) [ RunTime:0.015001s ]

