[ 2016-06-21T08:55:24+08:00 ] 218.75.69.250 /index.php?g=Wap&m=Store&a=addProductToCart&token=tcpbjz1466048616&id=46&wecha_id=d4624c36b6795d1d99dcf0547af5443d&twid=&cid=26&count=1&did=0
INFO: [ app_begin ] --START--
INFO: Run ReadHtmlCache Behavior [ RunTime:0.000300s ]
INFO: [ app_begin ] --END-- [ RunTime:0.000344s ]
SQL: SHOW COLUMNS FROM `tp_agent` [ RunTime:0.000665s ]
SQL: SELECT * FROM `tp_agent` WHERE ( `siteurl` = 'http://pig.pinecc.cn' ) LIMIT 1   [ RunTime:0.000168s ]
NOTIC: [8] Constant STATICS already defined /home/project/pig/PigCms/Lib/Action/BaseAction.class.php 第 129 行.
SQL: SHOW COLUMNS FROM `tp_wxuser` [ RunTime:0.000571s ]
SQL: SELECT * FROM `tp_wxuser` WHERE ( `token` = 'tcpbjz1466048616' ) LIMIT 1   [ RunTime:0.000216s ]
NOTIC: [2048] Non-static method getUserInfoModule::index() should not be called statically, assuming $this from incompatible context /home/project/pig/PigCms/Lib/Action/WapAction.class.php 第 104 行.
NOTIC: [8] Undefined index: ali /home/project/pig/PigCms/Lib/Action/WapAction.class.php 第 108 行.
NOTIC: [8] Undefined index: token_oauthed_tcpbjz1466048616 /home/project/pig/PigCms/Lib/Action/WapAction.class.php 第 118 行.
SQL: SHOW COLUMNS FROM `tp_userinfo` [ RunTime:0.000555s ]
SQL: SELECT * FROM `tp_userinfo` WHERE ( `token` = 'tcpbjz1466048616' ) AND ( `wecha_id` = 'd4624c36b6795d1d99dcf0547af5443d' ) LIMIT 1   [ RunTime:0.000235s ]
SQL: SHOW COLUMNS FROM `tp_weixin_account` [ RunTime:0.000322s ]
SQL: SELECT * FROM `tp_weixin_account` WHERE ( `type` = 1 ) LIMIT 1   [ RunTime:0.000102s ]
SQL: SHOW COLUMNS FROM `tp_wxuser` [ RunTime:0.000659s ]
SQL: UPDATE `tp_wxuser` SET `type`='0' WHERE 1 [ RunTime:0.000112s ]
SQL: SELECT * FROM `tp_userinfo` WHERE ( `token` = 'tcpbjz1466048616' ) AND ( `wecha_id` = 'd4624c36b6795d1d99dcf0547af5443d' ) LIMIT 1   [ RunTime:0.000223s ]
SQL: SHOW COLUMNS FROM `tp_wechat_group_list` [ RunTime:0.000324s ]
SQL: SELECT * FROM `tp_wechat_group_list` WHERE ( `token` = 'tcpbjz1466048616' ) AND ( `openid` = 'd4624c36b6795d1d99dcf0547af5443d' ) LIMIT 1   [ RunTime:0.000136s ]
NOTIC: [2] unlink(./Conf/logs/Temp/d/1/d1f0c5924bb357bde28050c99251ae3e.php): No such file or directory /home/project/pig/Lib/Driver/Cache/CacheFile.class.php 第 176 行.
SQL: SHOW COLUMNS FROM `tp_home` [ RunTime:0.000390s ]
SQL: SELECT * FROM `tp_home` WHERE ( `token` = 'tcpbjz1466048616' ) LIMIT 1   [ RunTime:0.000130s ]
NOTIC: [2] unlink(./Conf/logs/Temp/b/3/b3cfdbe6fa051a7119f79a9d4f0f88b2.php): No such file or directory /home/project/pig/Lib/Driver/Cache/CacheFile.class.php 第 176 行.
SQL: SHOW COLUMNS FROM `tp_catemenu` [ RunTime:0.000338s ]
SQL: SELECT * FROM `tp_catemenu` WHERE ( `token` = 'tcpbjz1466048616' ) AND ( `status` = 1 ) ORDER BY orderss desc  [ RunTime:0.000156s ]
NOTIC: [2] unlink(./Conf/logs/Temp/9/a/9ad94ae2481adecba77c780e20aabf92.php): No such file or directory /home/project/pig/Lib/Driver/Cache/CacheFile.class.php 第 176 行.
SQL: SHOW COLUMNS FROM `tp_users` [ RunTime:0.000453s ]
SQL: SELECT * FROM `tp_users` WHERE ( `id` = 37 ) LIMIT 1   [ RunTime:0.000144s ]
SQL: SHOW COLUMNS FROM `tp_user_group` [ RunTime:0.000390s ]
SQL: SELECT * FROM `tp_user_group` WHERE ( `id` = 4 ) LIMIT 1   [ RunTime:0.000130s ]
SQL: SHOW COLUMNS FROM `tp_company` [ RunTime:0.000456s ]
SQL: SELECT * FROM `tp_company` WHERE ( `token` = 'tcpbjz1466048616' ) AND ( `isbranch` = 0 ) LIMIT 1   [ RunTime:0.000172s ]
SQL: SHOW COLUMNS FROM `tp_product` [ RunTime:0.000442s ]
SQL: SHOW COLUMNS FROM `tp_product_cat` [ RunTime:0.000381s ]
SQL: SHOW COLUMNS FROM `tp_company` [ RunTime:0.000421s ]
SQL: SELECT * FROM `tp_company` WHERE `token`='tcpbjz1466048616' AND `isbranch`=0 LIMIT 1   [ RunTime:0.000173s ]
SQL: SHOW COLUMNS FROM `tp_product_setting` [ RunTime:0.000363s ]
SQL: SELECT * FROM `tp_product_setting` WHERE ( `token` = 'tcpbjz1466048616' ) AND ( `cid` = 26 ) LIMIT 1   [ RunTime:0.000134s ]
SQL: SELECT * FROM `tp_product_cat` WHERE ( `token` = 'tcpbjz1466048616' ) AND ( `cid` = 26 ) AND ( `parentid` = 0 ) ORDER BY sort ASC, id DESC  [ RunTime:0.000193s ]
SQL: SHOW COLUMNS FROM `tp_twitter_set` [ RunTime:0.000341s ]
SQL: SELECT * FROM `tp_twitter_set` WHERE ( `token` = 'tcpbjz1466048616' ) AND ( `cid` = 26 ) LIMIT 1   [ RunTime:0.000139s ]
SQL: SELECT * FROM `tp_product` WHERE ( `id` IN (46) )  [ RunTime:0.000173s ]
SQL: SHOW COLUMNS FROM `tp_norms` [ RunTime:0.000325s ]
SQL: SELECT * FROM `tp_norms` WHERE ( `catid` IN ('78') )  [ RunTime:0.000121s ]
NOTIC: [2] Invalid argument supplied for foreach() /home/project/pig/PigCms/Lib/Action/Wap/StoreAction.class.php 第 549 行.
SQL: SELECT * FROM `tp_product_cat` WHERE ( `id` IN ('78') )  [ RunTime:0.000144s ]
SQL: SELECT * FROM `tp_product_setting` WHERE ( `token` = 'tcpbjz1466048616' ) AND ( `cid` = 26 ) LIMIT 1   [ RunTime:0.000130s ]

[ 2016-06-21T09:48:53+08:00 ] 218.75.69.250 /index.php?g=Wap&m=Store&a=addProductToCart&token=tcpbjz1466048616&id=46&wecha_id=d4624c36b6795d1d99dcf0547af5443d&twid=IKa213&cid=26&count=1&did=0
INFO: [ app_begin ] --START--
INFO: Run ReadHtmlCache Behavior [ RunTime:0.000282s ]
INFO: [ app_begin ] --END-- [ RunTime:0.000328s ]
SQL: SHOW COLUMNS FROM `tp_agent` [ RunTime:0.000648s ]
SQL: SELECT * FROM `tp_agent` WHERE ( `siteurl` = 'http://pig.pinecc.cn' ) LIMIT 1   [ RunTime:0.000172s ]
NOTIC: [8] Constant STATICS already defined /home/project/pig/PigCms/Lib/Action/BaseAction.class.php 第 129 行.
SQL: SHOW COLUMNS FROM `tp_wxuser` [ RunTime:0.000735s ]
SQL: SELECT * FROM `tp_wxuser` WHERE ( `token` = 'tcpbjz1466048616' ) LIMIT 1   [ RunTime:0.000194s ]
NOTIC: [2048] Non-static method getUserInfoModule::index() should not be called statically, assuming $this from incompatible context /home/project/pig/PigCms/Lib/Action/WapAction.class.php 第 104 行.
NOTIC: [8] Undefined index: ali /home/project/pig/PigCms/Lib/Action/WapAction.class.php 第 108 行.
NOTIC: [8] Undefined index: token_oauthed_tcpbjz1466048616 /home/project/pig/PigCms/Lib/Action/WapAction.class.php 第 118 行.
SQL: SHOW COLUMNS FROM `tp_userinfo` [ RunTime:0.000574s ]
SQL: SELECT * FROM `tp_userinfo` WHERE ( `token` = 'tcpbjz1466048616' ) AND ( `wecha_id` = 'd4624c36b6795d1d99dcf0547af5443d' ) LIMIT 1   [ RunTime:0.000247s ]
SQL: SHOW COLUMNS FROM `tp_weixin_account` [ RunTime:0.000368s ]
SQL: SELECT * FROM `tp_weixin_account` WHERE ( `type` = 1 ) LIMIT 1   [ RunTime:0.000108s ]
SQL: SHOW COLUMNS FROM `tp_wxuser` [ RunTime:0.000599s ]
SQL: UPDATE `tp_wxuser` SET `type`='0' WHERE 1 [ RunTime:0.000121s ]
SQL: SHOW COLUMNS FROM `tp_wechat_group_list` [ RunTime:0.000353s ]
SQL: SELECT * FROM `tp_wechat_group_list` WHERE ( `token` = 'tcpbjz1466048616' ) AND ( `openid` = 'd4624c36b6795d1d99dcf0547af5443d' ) LIMIT 1   [ RunTime:0.000133s ]
SQL: SHOW COLUMNS FROM `tp_home` [ RunTime:0.000489s ]
SQL: SELECT * FROM `tp_home` WHERE ( `token` = 'tcpbjz1466048616' ) LIMIT 1   [ RunTime:0.000152s ]
NOTIC: [2] unlink(./Conf/logs/Temp/b/3/b3cfdbe6fa051a7119f79a9d4f0f88b2.php): No such file or directory /home/project/pig/Lib/Driver/Cache/CacheFile.class.php 第 176 行.
SQL: SHOW COLUMNS FROM `tp_catemenu` [ RunTime:0.000401s ]
SQL: SELECT * FROM `tp_catemenu` WHERE ( `token` = 'tcpbjz1466048616' ) AND ( `status` = 1 ) ORDER BY orderss desc  [ RunTime:0.000181s ]
NOTIC: [2] unlink(./Conf/logs/Temp/9/a/9ad94ae2481adecba77c780e20aabf92.php): No such file or directory /home/project/pig/Lib/Driver/Cache/CacheFile.class.php 第 176 行.
SQL: SHOW COLUMNS FROM `tp_users` [ RunTime:0.000458s ]
SQL: SELECT * FROM `tp_users` WHERE ( `id` = 37 ) LIMIT 1   [ RunTime:0.000147s ]
SQL: SHOW COLUMNS FROM `tp_user_group` [ RunTime:0.000422s ]
SQL: SELECT * FROM `tp_user_group` WHERE ( `id` = 4 ) LIMIT 1   [ RunTime:0.000138s ]
SQL: SHOW COLUMNS FROM `tp_company` [ RunTime:0.000516s ]
SQL: SELECT * FROM `tp_company` WHERE ( `token` = 'tcpbjz1466048616' ) AND ( `isbranch` = 0 ) LIMIT 1   [ RunTime:0.000180s ]
SQL: SHOW COLUMNS FROM `tp_product` [ RunTime:0.000465s ]
SQL: SHOW COLUMNS FROM `tp_product_cat` [ RunTime:0.000379s ]
SQL: SHOW COLUMNS FROM `tp_company` [ RunTime:0.000441s ]
SQL: SELECT * FROM `tp_company` WHERE `token`='tcpbjz1466048616' AND `isbranch`=0 LIMIT 1   [ RunTime:0.000195s ]
SQL: SHOW COLUMNS FROM `tp_product_setting` [ RunTime:0.000412s ]
SQL: SELECT * FROM `tp_product_setting` WHERE ( `token` = 'tcpbjz1466048616' ) AND ( `cid` = 26 ) LIMIT 1   [ RunTime:0.000148s ]
SQL: SELECT * FROM `tp_product_cat` WHERE ( `token` = 'tcpbjz1466048616' ) AND ( `cid` = 26 ) AND ( `parentid` = 0 ) ORDER BY sort ASC, id DESC  [ RunTime:0.000196s ]
SQL: SHOW COLUMNS FROM `tp_twitter_set` [ RunTime:0.000376s ]
SQL: SELECT * FROM `tp_twitter_set` WHERE ( `token` = 'tcpbjz1466048616' ) AND ( `cid` = 26 ) LIMIT 1   [ RunTime:0.000164s ]
SQL: SELECT * FROM `tp_product` WHERE ( `id` IN (46) )  [ RunTime:0.000167s ]
SQL: SHOW COLUMNS FROM `tp_norms` [ RunTime:0.000422s ]
SQL: SELECT * FROM `tp_norms` WHERE ( `catid` IN ('78') )  [ RunTime:0.000120s ]
NOTIC: [2] Invalid argument supplied for foreach() /home/project/pig/PigCms/Lib/Action/Wap/StoreAction.class.php 第 549 行.
SQL: SELECT * FROM `tp_product_cat` WHERE ( `id` IN ('78') )  [ RunTime:0.000159s ]
SQL: SELECT * FROM `tp_product_setting` WHERE ( `token` = 'tcpbjz1466048616' ) AND ( `cid` = 26 ) LIMIT 1   [ RunTime:0.000171s ]

[ 2016-06-21T11:23:00+08:00 ] 124.160.213.247 /index.php?g=Wap&m=Store&a=addProductToCart&token=tcpbjz1466048616&id=46&twid=&cid=26&count=1&did=0
INFO: [ app_begin ] --START--
INFO: Run ReadHtmlCache Behavior [ RunTime:0.000274s ]
INFO: [ app_begin ] --END-- [ RunTime:0.000318s ]
SQL: SHOW COLUMNS FROM `tp_agent` [ RunTime:0.000648s ]
SQL: SELECT * FROM `tp_agent` WHERE ( `siteurl` = 'http://pig.pinecc.cn' ) LIMIT 1   [ RunTime:0.000167s ]
NOTIC: [8] Constant STATICS already defined /home/project/pig/PigCms/Lib/Action/BaseAction.class.php 第 129 行.
SQL: SHOW COLUMNS FROM `tp_wxuser` [ RunTime:0.000659s ]
SQL: SELECT * FROM `tp_wxuser` WHERE ( `token` = 'tcpbjz1466048616' ) LIMIT 1   [ RunTime:0.000198s ]
NOTIC: [2048] Non-static method getUserInfoModule::index() should not be called statically, assuming $this from incompatible context /home/project/pig/PigCms/Lib/Action/WapAction.class.php 第 104 行.
NOTIC: [8] Undefined index: ali /home/project/pig/PigCms/Lib/Action/WapAction.class.php 第 108 行.
NOTIC: [8] Undefined index: token_oauthed_tcpbjz1466048616 /home/project/pig/PigCms/Lib/Action/WapAction.class.php 第 118 行.
SQL: SHOW COLUMNS FROM `tp_weixin_account` [ RunTime:0.000375s ]
SQL: SELECT * FROM `tp_weixin_account` WHERE ( `type` = 1 ) LIMIT 1   [ RunTime:0.000110s ]
SQL: SHOW COLUMNS FROM `tp_wxuser` [ RunTime:0.000576s ]
SQL: UPDATE `tp_wxuser` SET `type`='0' WHERE 1 [ RunTime:0.000121s ]
SQL: SELECT * FROM `tp_weixin_account` WHERE ( `type` = 1 ) LIMIT 1   [ RunTime:0.000130s ]
NOTIC: [8] Undefined index: wecha_id /home/project/pig/PigCms/Lib/Action/WapAction.class.php 第 183 行.
NOTIC: [8] Undefined index: wecha_id /home/project/pig/PigCms/Lib/Action/WapAction.class.php 第 183 行.
NOTIC: [8] Undefined variable: fansInfo /home/project/pig/PigCms/Lib/Action/WapAction.class.php 第 297 行.
SQL: SHOW COLUMNS FROM `tp_userinfo` [ RunTime:0.000543s ]
SQL: SELECT * FROM `tp_userinfo` WHERE ( `token` = 'tcpbjz1466048616' ) AND ( `wecha_id` = null ) LIMIT 1   [ RunTime:0.000232s ]
SQL: SHOW COLUMNS FROM `tp_wechat_group_list` [ RunTime:0.000352s ]
SQL: SELECT * FROM `tp_wechat_group_list` WHERE ( `token` = 'tcpbjz1466048616' ) AND ( `openid` = null ) LIMIT 1   [ RunTime:0.000157s ]
NOTIC: [2] unlink(./Conf/logs/Temp/1/c/1c02ebd7bd5acede3dd72a9f32fd1fff.php): No such file or directory /home/project/pig/Lib/Driver/Cache/CacheFile.class.php 第 176 行.
SQL: SHOW COLUMNS FROM `tp_home` [ RunTime:0.000431s ]
SQL: SELECT * FROM `tp_home` WHERE ( `token` = 'tcpbjz1466048616' ) LIMIT 1   [ RunTime:0.000136s ]
NOTIC: [2] unlink(./Conf/logs/Temp/b/3/b3cfdbe6fa051a7119f79a9d4f0f88b2.php): No such file or directory /home/project/pig/Lib/Driver/Cache/CacheFile.class.php 第 176 行.
SQL: SHOW COLUMNS FROM `tp_catemenu` [ RunTime:0.000346s ]
SQL: SELECT * FROM `tp_catemenu` WHERE ( `token` = 'tcpbjz1466048616' ) AND ( `status` = 1 ) ORDER BY orderss desc  [ RunTime:0.000166s ]
NOTIC: [2] unlink(./Conf/logs/Temp/9/a/9ad94ae2481adecba77c780e20aabf92.php): No such file or directory /home/project/pig/Lib/Driver/Cache/CacheFile.class.php 第 176 行.
SQL: SHOW COLUMNS FROM `tp_users` [ RunTime:0.000458s ]
SQL: SELECT * FROM `tp_users` WHERE ( `id` = 37 ) LIMIT 1   [ RunTime:0.000154s ]
SQL: SHOW COLUMNS FROM `tp_user_group` [ RunTime:0.000399s ]
SQL: SELECT * FROM `tp_user_group` WHERE ( `id` = 4 ) LIMIT 1   [ RunTime:0.000146s ]
SQL: SHOW COLUMNS FROM `tp_company` [ RunTime:0.000531s ]
SQL: SELECT * FROM `tp_company` WHERE ( `token` = 'tcpbjz1466048616' ) AND ( `isbranch` = 0 ) LIMIT 1   [ RunTime:0.000199s ]
SQL: SHOW COLUMNS FROM `tp_product` [ RunTime:0.000442s ]
SQL: SHOW COLUMNS FROM `tp_product_cat` [ RunTime:0.000388s ]
SQL: SHOW COLUMNS FROM `tp_company` [ RunTime:0.000418s ]
SQL: SELECT * FROM `tp_company` WHERE `token`='tcpbjz1466048616' AND `isbranch`=0 LIMIT 1   [ RunTime:0.000173s ]
SQL: SHOW COLUMNS FROM `tp_product_setting` [ RunTime:0.000371s ]
SQL: SELECT * FROM `tp_product_setting` WHERE ( `token` = 'tcpbjz1466048616' ) AND ( `cid` = 26 ) LIMIT 1   [ RunTime:0.000136s ]
SQL: SELECT * FROM `tp_product_cat` WHERE ( `token` = 'tcpbjz1466048616' ) AND ( `cid` = 26 ) AND ( `parentid` = 0 ) ORDER BY sort ASC, id DESC  [ RunTime:0.000198s ]
SQL: SHOW COLUMNS FROM `tp_twitter_set` [ RunTime:0.000321s ]
SQL: SELECT * FROM `tp_twitter_set` WHERE ( `token` = 'tcpbjz1466048616' ) AND ( `cid` = 26 ) LIMIT 1   [ RunTime:0.000149s ]
SQL: SELECT * FROM `tp_product` WHERE ( `id` IN (46) )  [ RunTime:0.000140s ]
SQL: SHOW COLUMNS FROM `tp_norms` [ RunTime:0.000304s ]
SQL: SELECT * FROM `tp_norms` WHERE ( `catid` IN ('78') )  [ RunTime:0.000117s ]
NOTIC: [2] Invalid argument supplied for foreach() /home/project/pig/PigCms/Lib/Action/Wap/StoreAction.class.php 第 549 行.
SQL: SELECT * FROM `tp_product_cat` WHERE ( `id` IN ('78') )  [ RunTime:0.000123s ]
SQL: SELECT * FROM `tp_product_setting` WHERE ( `token` = 'tcpbjz1466048616' ) AND ( `cid` = 26 ) LIMIT 1   [ RunTime:0.000151s ]

[ 2016-06-21T11:23:19+08:00 ] 124.160.213.247 /index.php?g=Wap&m=Store&a=addProductToCart&token=tcpbjz1466048616&id=46&twid=&cid=26&count=1&did=0
INFO: [ app_begin ] --START--
INFO: Run ReadHtmlCache Behavior [ RunTime:0.000352s ]
INFO: [ app_begin ] --END-- [ RunTime:0.000396s ]
SQL: SHOW COLUMNS FROM `tp_agent` [ RunTime:0.000647s ]
SQL: SELECT * FROM `tp_agent` WHERE ( `siteurl` = 'http://pig.pinecc.cn' ) LIMIT 1   [ RunTime:0.000166s ]
NOTIC: [8] Constant STATICS already defined /home/project/pig/PigCms/Lib/Action/BaseAction.class.php 第 129 行.
SQL: SHOW COLUMNS FROM `tp_wxuser` [ RunTime:0.000639s ]
SQL: SELECT * FROM `tp_wxuser` WHERE ( `token` = 'tcpbjz1466048616' ) LIMIT 1   [ RunTime:0.000196s ]
NOTIC: [2048] Non-static method getUserInfoModule::index() should not be called statically, assuming $this from incompatible context /home/project/pig/PigCms/Lib/Action/WapAction.class.php 第 104 行.
NOTIC: [8] Undefined index: ali /home/project/pig/PigCms/Lib/Action/WapAction.class.php 第 108 行.
NOTIC: [8] Undefined index: token_oauthed_tcpbjz1466048616 /home/project/pig/PigCms/Lib/Action/WapAction.class.php 第 118 行.
SQL: SHOW COLUMNS FROM `tp_weixin_account` [ RunTime:0.000379s ]
SQL: SELECT * FROM `tp_weixin_account` WHERE ( `type` = 1 ) LIMIT 1   [ RunTime:0.000125s ]
SQL: SHOW COLUMNS FROM `tp_wxuser` [ RunTime:0.000596s ]
SQL: UPDATE `tp_wxuser` SET `type`='0' WHERE 1 [ RunTime:0.000126s ]
SQL: SELECT * FROM `tp_weixin_account` WHERE ( `type` = 1 ) LIMIT 1   [ RunTime:0.000123s ]
NOTIC: [8] Undefined index: wecha_id /home/project/pig/PigCms/Lib/Action/WapAction.class.php 第 183 行.
NOTIC: [8] Undefined index: wecha_id /home/project/pig/PigCms/Lib/Action/WapAction.class.php 第 183 行.
NOTIC: [8] Undefined variable: fansInfo /home/project/pig/PigCms/Lib/Action/WapAction.class.php 第 297 行.
SQL: SHOW COLUMNS FROM `tp_userinfo` [ RunTime:0.000536s ]
SQL: SELECT * FROM `tp_userinfo` WHERE ( `token` = 'tcpbjz1466048616' ) AND ( `wecha_id` = null ) LIMIT 1   [ RunTime:0.000275s ]
SQL: SHOW COLUMNS FROM `tp_wechat_group_list` [ RunTime:0.000331s ]
SQL: SELECT * FROM `tp_wechat_group_list` WHERE ( `token` = 'tcpbjz1466048616' ) AND ( `openid` = null ) LIMIT 1   [ RunTime:0.000133s ]
NOTIC: [2] unlink(./Conf/logs/Temp/1/c/1c02ebd7bd5acede3dd72a9f32fd1fff.php): No such file or directory /home/project/pig/Lib/Driver/Cache/CacheFile.class.php 第 176 行.
SQL: SHOW COLUMNS FROM `tp_home` [ RunTime:0.000410s ]
SQL: SELECT * FROM `tp_home` WHERE ( `token` = 'tcpbjz1466048616' ) LIMIT 1   [ RunTime:0.000167s ]
NOTIC: [2] unlink(./Conf/logs/Temp/b/3/b3cfdbe6fa051a7119f79a9d4f0f88b2.php): No such file or directory /home/project/pig/Lib/Driver/Cache/CacheFile.class.php 第 176 行.
SQL: SHOW COLUMNS FROM `tp_catemenu` [ RunTime:0.000362s ]
SQL: SELECT * FROM `tp_catemenu` WHERE ( `token` = 'tcpbjz1466048616' ) AND ( `status` = 1 ) ORDER BY orderss desc  [ RunTime:0.000162s ]
NOTIC: [2] unlink(./Conf/logs/Temp/9/a/9ad94ae2481adecba77c780e20aabf92.php): No such file or directory /home/project/pig/Lib/Driver/Cache/CacheFile.class.php 第 176 行.
SQL: SHOW COLUMNS FROM `tp_users` [ RunTime:0.000567s ]
SQL: SELECT * FROM `tp_users` WHERE ( `id` = 37 ) LIMIT 1   [ RunTime:0.000170s ]
SQL: SHOW COLUMNS FROM `tp_user_group` [ RunTime:0.000391s ]
SQL: SELECT * FROM `tp_user_group` WHERE ( `id` = 4 ) LIMIT 1   [ RunTime:0.000208s ]
SQL: SHOW COLUMNS FROM `tp_company` [ RunTime:0.000526s ]
SQL: SELECT * FROM `tp_company` WHERE ( `token` = 'tcpbjz1466048616' ) AND ( `isbranch` = 0 ) LIMIT 1   [ RunTime:0.000175s ]
SQL: SHOW COLUMNS FROM `tp_product` [ RunTime:0.000417s ]
SQL: SHOW COLUMNS FROM `tp_product_cat` [ RunTime:0.000373s ]
SQL: SHOW COLUMNS FROM `tp_company` [ RunTime:0.000411s ]
SQL: SELECT * FROM `tp_company` WHERE `token`='tcpbjz1466048616' AND `isbranch`=0 LIMIT 1   [ RunTime:0.000192s ]
SQL: SHOW COLUMNS FROM `tp_product_setting` [ RunTime:0.000346s ]
SQL: SELECT * FROM `tp_product_setting` WHERE ( `token` = 'tcpbjz1466048616' ) AND ( `cid` = 26 ) LIMIT 1   [ RunTime:0.000156s ]
SQL: SELECT * FROM `tp_product_cat` WHERE ( `token` = 'tcpbjz1466048616' ) AND ( `cid` = 26 ) AND ( `parentid` = 0 ) ORDER BY sort ASC, id DESC  [ RunTime:0.000218s ]
SQL: SHOW COLUMNS FROM `tp_twitter_set` [ RunTime:0.000321s ]
SQL: SELECT * FROM `tp_twitter_set` WHERE ( `token` = 'tcpbjz1466048616' ) AND ( `cid` = 26 ) LIMIT 1   [ RunTime:0.000142s ]
SQL: SELECT * FROM `tp_product` WHERE ( `id` IN (46) )  [ RunTime:0.000137s ]
SQL: SHOW COLUMNS FROM `tp_norms` [ RunTime:0.000301s ]
SQL: SELECT * FROM `tp_norms` WHERE ( `catid` IN ('78') )  [ RunTime:0.000118s ]
NOTIC: [2] Invalid argument supplied for foreach() /home/project/pig/PigCms/Lib/Action/Wap/StoreAction.class.php 第 549 行.
SQL: SELECT * FROM `tp_product_cat` WHERE ( `id` IN ('78') )  [ RunTime:0.000143s ]
SQL: SELECT * FROM `tp_product_setting` WHERE ( `token` = 'tcpbjz1466048616' ) AND ( `cid` = 26 ) LIMIT 1   [ RunTime:0.000130s ]

[ 2016-06-21T11:25:10+08:00 ] 124.160.213.247 /index.php?g=Wap&m=Store&a=addProductToCart&token=tcpbjz1466048616&id=46&twid=&cid=26&count=1&did=0
INFO: [ app_begin ] --START--
INFO: Run ReadHtmlCache Behavior [ RunTime:0.000286s ]
INFO: [ app_begin ] --END-- [ RunTime:0.000332s ]
SQL: SHOW COLUMNS FROM `tp_agent` [ RunTime:0.000718s ]
SQL: SELECT * FROM `tp_agent` WHERE ( `siteurl` = 'http://pig.pinecc.cn' ) LIMIT 1   [ RunTime:0.000198s ]
NOTIC: [8] Constant STATICS already defined /home/project/pig/PigCms/Lib/Action/BaseAction.class.php 第 129 行.
SQL: SHOW COLUMNS FROM `tp_wxuser` [ RunTime:0.000609s ]
SQL: SELECT * FROM `tp_wxuser` WHERE ( `token` = 'tcpbjz1466048616' ) LIMIT 1   [ RunTime:0.000227s ]
NOTIC: [2048] Non-static method getUserInfoModule::index() should not be called statically, assuming $this from incompatible context /home/project/pig/PigCms/Lib/Action/WapAction.class.php 第 104 行.
NOTIC: [8] Undefined index: ali /home/project/pig/PigCms/Lib/Action/WapAction.class.php 第 108 行.
NOTIC: [8] Undefined index: token_oauthed_tcpbjz1466048616 /home/project/pig/PigCms/Lib/Action/WapAction.class.php 第 118 行.
SQL: SHOW COLUMNS FROM `tp_weixin_account` [ RunTime:0.000408s ]
SQL: SELECT * FROM `tp_weixin_account` WHERE ( `type` = 1 ) LIMIT 1   [ RunTime:0.000109s ]
SQL: SHOW COLUMNS FROM `tp_wxuser` [ RunTime:0.000636s ]
SQL: UPDATE `tp_wxuser` SET `type`='0' WHERE 1 [ RunTime:0.000138s ]
SQL: SELECT * FROM `tp_weixin_account` WHERE ( `type` = 1 ) LIMIT 1   [ RunTime:0.000113s ]
NOTIC: [8] Undefined index: wecha_id /home/project/pig/PigCms/Lib/Action/WapAction.class.php 第 184 行.
NOTIC: [8] Undefined index: wecha_id /home/project/pig/PigCms/Lib/Action/WapAction.class.php 第 184 行.
NOTIC: [8] Undefined variable: fansInfo /home/project/pig/PigCms/Lib/Action/WapAction.class.php 第 298 行.
SQL: SHOW COLUMNS FROM `tp_userinfo` [ RunTime:0.000554s ]
SQL: SELECT * FROM `tp_userinfo` WHERE ( `token` = 'tcpbjz1466048616' ) AND ( `wecha_id` = null ) LIMIT 1   [ RunTime:0.000256s ]
SQL: SHOW COLUMNS FROM `tp_wechat_group_list` [ RunTime:0.000391s ]
SQL: SELECT * FROM `tp_wechat_group_list` WHERE ( `token` = 'tcpbjz1466048616' ) AND ( `openid` = null ) LIMIT 1   [ RunTime:0.000137s ]
NOTIC: [2] unlink(./Conf/logs/Temp/1/c/1c02ebd7bd5acede3dd72a9f32fd1fff.php): No such file or directory /home/project/pig/Lib/Driver/Cache/CacheFile.class.php 第 176 行.
SQL: SHOW COLUMNS FROM `tp_home` [ RunTime:0.000464s ]
SQL: SELECT * FROM `tp_home` WHERE ( `token` = 'tcpbjz1466048616' ) LIMIT 1   [ RunTime:0.000138s ]
NOTIC: [2] unlink(./Conf/logs/Temp/b/3/b3cfdbe6fa051a7119f79a9d4f0f88b2.php): No such file or directory /home/project/pig/Lib/Driver/Cache/CacheFile.class.php 第 176 行.
SQL: SHOW COLUMNS FROM `tp_catemenu` [ RunTime:0.000328s ]
SQL: SELECT * FROM `tp_catemenu` WHERE ( `token` = 'tcpbjz1466048616' ) AND ( `status` = 1 ) ORDER BY orderss desc  [ RunTime:0.000176s ]
NOTIC: [2] unlink(./Conf/logs/Temp/9/a/9ad94ae2481adecba77c780e20aabf92.php): No such file or directory /home/project/pig/Lib/Driver/Cache/CacheFile.class.php 第 176 行.
SQL: SHOW COLUMNS FROM `tp_users` [ RunTime:0.000564s ]
SQL: SELECT * FROM `tp_users` WHERE ( `id` = 37 ) LIMIT 1   [ RunTime:0.000166s ]
SQL: SHOW COLUMNS FROM `tp_user_group` [ RunTime:0.000392s ]
SQL: SELECT * FROM `tp_user_group` WHERE ( `id` = 4 ) LIMIT 1   [ RunTime:0.000128s ]
SQL: SHOW COLUMNS FROM `tp_company` [ RunTime:0.000557s ]
SQL: SELECT * FROM `tp_company` WHERE ( `token` = 'tcpbjz1466048616' ) AND ( `isbranch` = 0 ) LIMIT 1   [ RunTime:0.000193s ]
SQL: SHOW COLUMNS FROM `tp_product` [ RunTime:0.000431s ]
SQL: SHOW COLUMNS FROM `tp_product_cat` [ RunTime:0.000360s ]
SQL: SHOW COLUMNS FROM `tp_company` [ RunTime:0.000474s ]
SQL: SELECT * FROM `tp_company` WHERE `token`='tcpbjz1466048616' AND `isbranch`=0 LIMIT 1   [ RunTime:0.000174s ]
SQL: SHOW COLUMNS FROM `tp_product_setting` [ RunTime:0.000375s ]
SQL: SELECT * FROM `tp_product_setting` WHERE ( `token` = 'tcpbjz1466048616' ) AND ( `cid` = 26 ) LIMIT 1   [ RunTime:0.000139s ]
SQL: SELECT * FROM `tp_product_cat` WHERE ( `token` = 'tcpbjz1466048616' ) AND ( `cid` = 26 ) AND ( `parentid` = 0 ) ORDER BY sort ASC, id DESC  [ RunTime:0.000227s ]
SQL: SHOW COLUMNS FROM `tp_twitter_set` [ RunTime:0.000331s ]
SQL: SELECT * FROM `tp_twitter_set` WHERE ( `token` = 'tcpbjz1466048616' ) AND ( `cid` = 26 ) LIMIT 1   [ RunTime:0.000170s ]
SQL: SELECT * FROM `tp_product` WHERE ( `id` IN (46) )  [ RunTime:0.000198s ]
SQL: SHOW COLUMNS FROM `tp_norms` [ RunTime:0.000331s ]
SQL: SELECT * FROM `tp_norms` WHERE ( `catid` IN ('78') )  [ RunTime:0.000117s ]
NOTIC: [2] Invalid argument supplied for foreach() /home/project/pig/PigCms/Lib/Action/Wap/StoreAction.class.php 第 549 行.
SQL: SELECT * FROM `tp_product_cat` WHERE ( `id` IN ('78') )  [ RunTime:0.000134s ]
SQL: SELECT * FROM `tp_product_setting` WHERE ( `token` = 'tcpbjz1466048616' ) AND ( `cid` = 26 ) LIMIT 1   [ RunTime:0.000131s ]

[ 2016-06-21T14:24:34+08:00 ] 218.75.69.250 /index.php?g=Wap&m=Store&a=addProductToCart&token=tcpbjz1466048616&id=46&wecha_id=d4624c36b6795d1d99dcf0547af5443d&twid=&cid=26&count=1&did=0
INFO: [ app_begin ] --START--
INFO: Run ReadHtmlCache Behavior [ RunTime:0.000321s ]
INFO: [ app_begin ] --END-- [ RunTime:0.000365s ]
SQL: SHOW COLUMNS FROM `tp_agent` [ RunTime:0.000753s ]
SQL: SELECT * FROM `tp_agent` WHERE ( `siteurl` = 'http://pig.pinecc.cn' ) LIMIT 1   [ RunTime:0.000262s ]
NOTIC: [8] Constant STATICS already defined /home/project/pig/PigCms/Lib/Action/BaseAction.class.php 第 129 行.
SQL: SHOW COLUMNS FROM `tp_wxuser` [ RunTime:0.000694s ]
SQL: SELECT * FROM `tp_wxuser` WHERE ( `token` = 'tcpbjz1466048616' ) LIMIT 1   [ RunTime:0.000268s ]
NOTIC: [2048] Non-static method getUserInfoModule::index() should not be called statically, assuming $this from incompatible context /home/project/pig/PigCms/Lib/Action/WapAction.class.php 第 104 行.
NOTIC: [8] Undefined index: ali /home/project/pig/PigCms/Lib/Action/WapAction.class.php 第 108 行.
NOTIC: [8] Undefined index: token_oauthed_tcpbjz1466048616 /home/project/pig/PigCms/Lib/Action/WapAction.class.php 第 118 行.
SQL: SHOW COLUMNS FROM `tp_userinfo` [ RunTime:0.000555s ]
SQL: SELECT * FROM `tp_userinfo` WHERE ( `token` = 'tcpbjz1466048616' ) AND ( `wecha_id` = 'd4624c36b6795d1d99dcf0547af5443d' ) LIMIT 1   [ RunTime:0.000268s ]
SQL: SHOW COLUMNS FROM `tp_weixin_account` [ RunTime:0.000351s ]
SQL: SELECT * FROM `tp_weixin_account` WHERE ( `type` = 1 ) LIMIT 1   [ RunTime:0.000115s ]
SQL: SHOW COLUMNS FROM `tp_wxuser` [ RunTime:0.000637s ]
SQL: UPDATE `tp_wxuser` SET `type`='0' WHERE 1 [ RunTime:0.000122s ]
SQL: SELECT * FROM `tp_weixin_account` WHERE ( `type` = 1 ) LIMIT 1   [ RunTime:0.000112s ]
SQL: SELECT * FROM `tp_userinfo` WHERE ( `token` = 'tcpbjz1466048616' ) AND ( `wecha_id` = 'd4624c36b6795d1d99dcf0547af5443d' ) LIMIT 1   [ RunTime:0.000214s ]
SQL: SHOW COLUMNS FROM `tp_wechat_group_list` [ RunTime:0.000383s ]
SQL: SELECT * FROM `tp_wechat_group_list` WHERE ( `token` = 'tcpbjz1466048616' ) AND ( `openid` = 'd4624c36b6795d1d99dcf0547af5443d' ) LIMIT 1   [ RunTime:0.000138s ]
NOTIC: [2] unlink(./Conf/logs/Temp/d/1/d1f0c5924bb357bde28050c99251ae3e.php): No such file or directory /home/project/pig/Lib/Driver/Cache/CacheFile.class.php 第 176 行.
SQL: SHOW COLUMNS FROM `tp_home` [ RunTime:0.000400s ]
SQL: SELECT * FROM `tp_home` WHERE ( `token` = 'tcpbjz1466048616' ) LIMIT 1   [ RunTime:0.000138s ]
NOTIC: [2] unlink(./Conf/logs/Temp/b/3/b3cfdbe6fa051a7119f79a9d4f0f88b2.php): No such file or directory /home/project/pig/Lib/Driver/Cache/CacheFile.class.php 第 176 行.
SQL: SHOW COLUMNS FROM `tp_catemenu` [ RunTime:0.000340s ]
SQL: SELECT * FROM `tp_catemenu` WHERE ( `token` = 'tcpbjz1466048616' ) AND ( `status` = 1 ) ORDER BY orderss desc  [ RunTime:0.000212s ]
NOTIC: [2] unlink(./Conf/logs/Temp/9/a/9ad94ae2481adecba77c780e20aabf92.php): No such file or directory /home/project/pig/Lib/Driver/Cache/CacheFile.class.php 第 176 行.
SQL: SHOW COLUMNS FROM `tp_users` [ RunTime:0.000513s ]
SQL: SELECT * FROM `tp_users` WHERE ( `id` = 37 ) LIMIT 1   [ RunTime:0.000148s ]
SQL: SHOW COLUMNS FROM `tp_user_group` [ RunTime:0.000357s ]
SQL: SELECT * FROM `tp_user_group` WHERE ( `id` = 4 ) LIMIT 1   [ RunTime:0.000144s ]
SQL: SHOW COLUMNS FROM `tp_company` [ RunTime:0.000488s ]
SQL: SELECT * FROM `tp_company` WHERE ( `token` = 'tcpbjz1466048616' ) AND ( `isbranch` = 0 ) LIMIT 1   [ RunTime:0.000211s ]
SQL: SHOW COLUMNS FROM `tp_product` [ RunTime:0.000578s ]
SQL: SHOW COLUMNS FROM `tp_product_cat` [ RunTime:0.000418s ]
SQL: SHOW COLUMNS FROM `tp_company` [ RunTime:0.000453s ]
SQL: SELECT * FROM `tp_company` WHERE `token`='tcpbjz1466048616' AND `isbranch`=0 LIMIT 1   [ RunTime:0.000186s ]
SQL: SHOW COLUMNS FROM `tp_product_setting` [ RunTime:0.000416s ]
SQL: SELECT * FROM `tp_product_setting` WHERE ( `token` = 'tcpbjz1466048616' ) AND ( `cid` = 26 ) LIMIT 1   [ RunTime:0.000149s ]
SQL: SELECT * FROM `tp_product_cat` WHERE ( `token` = 'tcpbjz1466048616' ) AND ( `cid` = 26 ) AND ( `parentid` = 0 ) ORDER BY sort ASC, id DESC  [ RunTime:0.000217s ]
SQL: SHOW COLUMNS FROM `tp_twitter_set` [ RunTime:0.000337s ]
SQL: SELECT * FROM `tp_twitter_set` WHERE ( `token` = 'tcpbjz1466048616' ) AND ( `cid` = 26 ) LIMIT 1   [ RunTime:0.000146s ]
SQL: SELECT * FROM `tp_product` WHERE ( `id` IN (46) )  [ RunTime:0.000161s ]
SQL: SHOW COLUMNS FROM `tp_norms` [ RunTime:0.000339s ]
SQL: SELECT * FROM `tp_norms` WHERE ( `catid` IN ('78') )  [ RunTime:0.000118s ]
NOTIC: [2] Invalid argument supplied for foreach() /home/project/pig/PigCms/Lib/Action/Wap/StoreAction.class.php 第 549 行.
SQL: SELECT * FROM `tp_product_cat` WHERE ( `id` IN ('78') )  [ RunTime:0.000145s ]
SQL: SELECT * FROM `tp_product_setting` WHERE ( `token` = 'tcpbjz1466048616' ) AND ( `cid` = 26 ) LIMIT 1   [ RunTime:0.000133s ]

[ 2016-06-21T14:52:08+08:00 ] 112.17.247.238 /index.php?g=Wap&m=Store&a=addProductToCart&token=tcpbjz1466048616&id=46&wecha_id=d4624c36b6795d1d99dcf0547af5443d&twid=&cid=26&count=1&did=0
INFO: [ app_begin ] --START--
INFO: Run ReadHtmlCache Behavior [ RunTime:0.000298s ]
INFO: [ app_begin ] --END-- [ RunTime:0.000350s ]
SQL: SHOW COLUMNS FROM `tp_agent` [ RunTime:0.000662s ]
SQL: SELECT * FROM `tp_agent` WHERE ( `siteurl` = 'http://pig.pinecc.cn' ) LIMIT 1   [ RunTime:0.000176s ]
NOTIC: [8] Constant STATICS already defined /home/project/pig/PigCms/Lib/Action/BaseAction.class.php 第 129 行.
SQL: SHOW COLUMNS FROM `tp_wxuser` [ RunTime:0.000613s ]
SQL: SELECT * FROM `tp_wxuser` WHERE ( `token` = 'tcpbjz1466048616' ) LIMIT 1   [ RunTime:0.000191s ]
NOTIC: [2048] Non-static method getUserInfoModule::index() should not be called statically, assuming $this from incompatible context /home/project/pig/PigCms/Lib/Action/WapAction.class.php 第 104 行.
NOTIC: [8] Undefined index: ali /home/project/pig/PigCms/Lib/Action/WapAction.class.php 第 106 行.
NOTIC: [8] Undefined index: token_oauthed_tcpbjz1466048616 /home/project/pig/PigCms/Lib/Action/WapAction.class.php 第 116 行.
SQL: SHOW COLUMNS FROM `tp_userinfo` [ RunTime:0.000505s ]
SQL: SELECT * FROM `tp_userinfo` WHERE ( `token` = 'tcpbjz1466048616' ) AND ( `wecha_id` = 'd4624c36b6795d1d99dcf0547af5443d' ) LIMIT 1   [ RunTime:0.000270s ]
SQL: SHOW COLUMNS FROM `tp_weixin_account` [ RunTime:0.000332s ]
SQL: SELECT * FROM `tp_weixin_account` WHERE ( `type` = 1 ) LIMIT 1   [ RunTime:0.000112s ]
SQL: SHOW COLUMNS FROM `tp_wxuser` [ RunTime:0.000608s ]
SQL: UPDATE `tp_wxuser` SET `type`='0' WHERE 1 [ RunTime:0.000112s ]
SQL: SHOW COLUMNS FROM `tp_wechat_group_list` [ RunTime:0.000335s ]
SQL: SELECT * FROM `tp_wechat_group_list` WHERE ( `token` = 'tcpbjz1466048616' ) AND ( `openid` = 'd4624c36b6795d1d99dcf0547af5443d' ) LIMIT 1   [ RunTime:0.000152s ]
SQL: SHOW COLUMNS FROM `tp_home` [ RunTime:0.000377s ]
SQL: SELECT * FROM `tp_home` WHERE ( `token` = 'tcpbjz1466048616' ) LIMIT 1   [ RunTime:0.000152s ]
NOTIC: [2] unlink(./Conf/logs/Temp/b/3/b3cfdbe6fa051a7119f79a9d4f0f88b2.php): No such file or directory /home/project/pig/Lib/Driver/Cache/CacheFile.class.php 第 176 行.
SQL: SHOW COLUMNS FROM `tp_catemenu` [ RunTime:0.000333s ]
SQL: SELECT * FROM `tp_catemenu` WHERE ( `token` = 'tcpbjz1466048616' ) AND ( `status` = 1 ) ORDER BY orderss desc  [ RunTime:0.000163s ]
NOTIC: [2] unlink(./Conf/logs/Temp/9/a/9ad94ae2481adecba77c780e20aabf92.php): No such file or directory /home/project/pig/Lib/Driver/Cache/CacheFile.class.php 第 176 行.
SQL: SHOW COLUMNS FROM `tp_users` [ RunTime:0.000474s ]
SQL: SELECT * FROM `tp_users` WHERE ( `id` = 37 ) LIMIT 1   [ RunTime:0.000168s ]
SQL: SHOW COLUMNS FROM `tp_user_group` [ RunTime:0.000352s ]
SQL: SELECT * FROM `tp_user_group` WHERE ( `id` = 4 ) LIMIT 1   [ RunTime:0.000133s ]
SQL: SHOW COLUMNS FROM `tp_company` [ RunTime:0.000434s ]
SQL: SELECT * FROM `tp_company` WHERE ( `token` = 'tcpbjz1466048616' ) AND ( `isbranch` = 0 ) LIMIT 1   [ RunTime:0.000177s ]
SQL: SHOW COLUMNS FROM `tp_product` [ RunTime:0.000431s ]
SQL: SHOW COLUMNS FROM `tp_product_cat` [ RunTime:0.000376s ]
SQL: SHOW COLUMNS FROM `tp_company` [ RunTime:0.000516s ]
SQL: SELECT * FROM `tp_company` WHERE `token`='tcpbjz1466048616' AND `isbranch`=0 LIMIT 1   [ RunTime:0.000175s ]
SQL: SHOW COLUMNS FROM `tp_product_setting` [ RunTime:0.000372s ]
SQL: SELECT * FROM `tp_product_setting` WHERE ( `token` = 'tcpbjz1466048616' ) AND ( `cid` = 26 ) LIMIT 1   [ RunTime:0.000192s ]
SQL: SELECT * FROM `tp_product_cat` WHERE ( `token` = 'tcpbjz1466048616' ) AND ( `cid` = 26 ) AND ( `parentid` = 0 ) ORDER BY sort ASC, id DESC  [ RunTime:0.000201s ]
SQL: SHOW COLUMNS FROM `tp_twitter_set` [ RunTime:0.000345s ]
SQL: SELECT * FROM `tp_twitter_set` WHERE ( `token` = 'tcpbjz1466048616' ) AND ( `cid` = 26 ) LIMIT 1   [ RunTime:0.000163s ]
SQL: SELECT * FROM `tp_product` WHERE ( `id` IN (46) )  [ RunTime:0.000147s ]
SQL: SHOW COLUMNS FROM `tp_norms` [ RunTime:0.000325s ]
SQL: SELECT * FROM `tp_norms` WHERE ( `catid` IN ('78') )  [ RunTime:0.000128s ]
NOTIC: [2] Invalid argument supplied for foreach() /home/project/pig/PigCms/Lib/Action/Wap/StoreAction.class.php 第 548 行.
SQL: SELECT * FROM `tp_product_cat` WHERE ( `id` IN ('78') )  [ RunTime:0.000130s ]
SQL: SELECT * FROM `tp_product_setting` WHERE ( `token` = 'tcpbjz1466048616' ) AND ( `cid` = 26 ) LIMIT 1   [ RunTime:0.000144s ]

[ 2016-06-21T15:33:52+08:00 ] 112.17.247.238 /index.php?g=Wap&m=Store&a=addProductToCart&token=tcpbjz1466048616&id=46&twid=&cid=26&count=1&did=0
INFO: [ app_begin ] --START--
INFO: Run ReadHtmlCache Behavior [ RunTime:0.000278s ]
INFO: [ app_begin ] --END-- [ RunTime:0.000341s ]
SQL: SHOW COLUMNS FROM `tp_agent` [ RunTime:0.000641s ]
SQL: SELECT * FROM `tp_agent` WHERE ( `siteurl` = 'http://pig.pinecc.cn' ) LIMIT 1   [ RunTime:0.000181s ]
NOTIC: [8] Constant STATICS already defined /home/project/pig/PigCms/Lib/Action/BaseAction.class.php 第 129 行.
SQL: SHOW COLUMNS FROM `tp_wxuser` [ RunTime:0.000579s ]
SQL: SELECT * FROM `tp_wxuser` WHERE ( `token` = 'tcpbjz1466048616' ) LIMIT 1   [ RunTime:0.000190s ]
NOTIC: [2048] Non-static method getUserInfoModule::index() should not be called statically, assuming $this from incompatible context /home/project/pig/PigCms/Lib/Action/WapAction.class.php 第 104 行.
NOTIC: [8] Undefined index: ali /home/project/pig/PigCms/Lib/Action/WapAction.class.php 第 106 行.
NOTIC: [8] Undefined index: token_oauthed_tcpbjz1466048616 /home/project/pig/PigCms/Lib/Action/WapAction.class.php 第 116 行.
SQL: SHOW COLUMNS FROM `tp_weixin_account` [ RunTime:0.000377s ]
SQL: SELECT * FROM `tp_weixin_account` WHERE ( `type` = 1 ) LIMIT 1   [ RunTime:0.000105s ]
SQL: SHOW COLUMNS FROM `tp_wxuser` [ RunTime:0.000567s ]
SQL: UPDATE `tp_wxuser` SET `type`='0' WHERE 1 [ RunTime:0.000107s ]
SQL: SELECT * FROM `tp_weixin_account` WHERE ( `type` = 1 ) LIMIT 1   [ RunTime:0.000115s ]
NOTIC: [8] Undefined index: wecha_id /home/project/pig/PigCms/Lib/Action/WapAction.class.php 第 171 行.
NOTIC: [8] Undefined index: wecha_id /home/project/pig/PigCms/Lib/Action/WapAction.class.php 第 171 行.
NOTIC: [8] Undefined variable: fansInfo /home/project/pig/PigCms/Lib/Action/WapAction.class.php 第 279 行.
SQL: SHOW COLUMNS FROM `tp_userinfo` [ RunTime:0.000488s ]
SQL: SELECT * FROM `tp_userinfo` WHERE ( `token` = 'tcpbjz1466048616' ) AND ( `wecha_id` = null ) LIMIT 1   [ RunTime:0.000252s ]
SQL: SHOW COLUMNS FROM `tp_wechat_group_list` [ RunTime:0.000329s ]
SQL: SELECT * FROM `tp_wechat_group_list` WHERE ( `token` = 'tcpbjz1466048616' ) AND ( `openid` = null ) LIMIT 1   [ RunTime:0.000131s ]
NOTIC: [2] unlink(./Conf/logs/Temp/1/c/1c02ebd7bd5acede3dd72a9f32fd1fff.php): No such file or directory /home/project/pig/Lib/Driver/Cache/CacheFile.class.php 第 176 行.
SQL: SHOW COLUMNS FROM `tp_home` [ RunTime:0.000365s ]
SQL: SELECT * FROM `tp_home` WHERE ( `token` = 'tcpbjz1466048616' ) LIMIT 1   [ RunTime:0.000133s ]
NOTIC: [2] unlink(./Conf/logs/Temp/b/3/b3cfdbe6fa051a7119f79a9d4f0f88b2.php): No such file or directory /home/project/pig/Lib/Driver/Cache/CacheFile.class.php 第 176 行.
SQL: SHOW COLUMNS FROM `tp_catemenu` [ RunTime:0.000347s ]
SQL: SELECT * FROM `tp_catemenu` WHERE ( `token` = 'tcpbjz1466048616' ) AND ( `status` = 1 ) ORDER BY orderss desc  [ RunTime:0.000212s ]
NOTIC: [2] unlink(./Conf/logs/Temp/9/a/9ad94ae2481adecba77c780e20aabf92.php): No such file or directory /home/project/pig/Lib/Driver/Cache/CacheFile.class.php 第 176 行.
SQL: SHOW COLUMNS FROM `tp_users` [ RunTime:0.000436s ]
SQL: SELECT * FROM `tp_users` WHERE ( `id` = 37 ) LIMIT 1   [ RunTime:0.000154s ]
SQL: SHOW COLUMNS FROM `tp_user_group` [ RunTime:0.000344s ]
SQL: SELECT * FROM `tp_user_group` WHERE ( `id` = 4 ) LIMIT 1   [ RunTime:0.000124s ]
SQL: SHOW COLUMNS FROM `tp_company` [ RunTime:0.000430s ]
SQL: SELECT * FROM `tp_company` WHERE ( `token` = 'tcpbjz1466048616' ) AND ( `isbranch` = 0 ) LIMIT 1   [ RunTime:0.000200s ]
SQL: SHOW COLUMNS FROM `tp_product` [ RunTime:0.000445s ]
SQL: SHOW COLUMNS FROM `tp_product_cat` [ RunTime:0.000353s ]
SQL: SHOW COLUMNS FROM `tp_company` [ RunTime:0.000434s ]
SQL: SELECT * FROM `tp_company` WHERE `token`='tcpbjz1466048616' AND `isbranch`=0 LIMIT 1   [ RunTime:0.000192s ]
SQL: SHOW COLUMNS FROM `tp_product_setting` [ RunTime:0.000408s ]
SQL: SELECT * FROM `tp_product_setting` WHERE ( `token` = 'tcpbjz1466048616' ) AND ( `cid` = 26 ) LIMIT 1   [ RunTime:0.000135s ]
SQL: SELECT * FROM `tp_product_cat` WHERE ( `token` = 'tcpbjz1466048616' ) AND ( `cid` = 26 ) AND ( `parentid` = 0 ) ORDER BY sort ASC, id DESC  [ RunTime:0.000205s ]
SQL: SHOW COLUMNS FROM `tp_twitter_set` [ RunTime:0.000371s ]
SQL: SELECT * FROM `tp_twitter_set` WHERE ( `token` = 'tcpbjz1466048616' ) AND ( `cid` = 26 ) LIMIT 1   [ RunTime:0.000137s ]
SQL: SELECT * FROM `tp_product` WHERE ( `id` IN (46) )  [ RunTime:0.000160s ]
SQL: SHOW COLUMNS FROM `tp_norms` [ RunTime:0.000337s ]
SQL: SELECT * FROM `tp_norms` WHERE ( `catid` IN ('78') )  [ RunTime:0.000113s ]
NOTIC: [2] Invalid argument supplied for foreach() /home/project/pig/PigCms/Lib/Action/Wap/StoreAction.class.php 第 548 行.
SQL: SELECT * FROM `tp_product_cat` WHERE ( `id` IN ('78') )  [ RunTime:0.000150s ]
SQL: SELECT * FROM `tp_product_setting` WHERE ( `token` = 'tcpbjz1466048616' ) AND ( `cid` = 26 ) LIMIT 1   [ RunTime:0.000156s ]

[ 2016-06-21T15:36:03+08:00 ] 112.17.247.238 /index.php?g=Wap&m=Store&a=addProductToCart&token=tcpbjz1466048616&id=46&twid=&cid=26&count=1&did=0
INFO: [ app_begin ] --START--
INFO: Run ReadHtmlCache Behavior [ RunTime:0.000279s ]
INFO: [ app_begin ] --END-- [ RunTime:0.000331s ]
SQL: SHOW COLUMNS FROM `tp_agent` [ RunTime:0.000758s ]
SQL: SELECT * FROM `tp_agent` WHERE ( `siteurl` = 'http://pig.pinecc.cn' ) LIMIT 1   [ RunTime:0.000223s ]
NOTIC: [8] Constant STATICS already defined /home/project/pig/PigCms/Lib/Action/BaseAction.class.php 第 129 行.
SQL: SHOW COLUMNS FROM `tp_wxuser` [ RunTime:0.000606s ]
SQL: SELECT * FROM `tp_wxuser` WHERE ( `token` = 'tcpbjz1466048616' ) LIMIT 1   [ RunTime:0.000248s ]
NOTIC: [2048] Non-static method getUserInfoModule::index() should not be called statically, assuming $this from incompatible context /home/project/pig/PigCms/Lib/Action/WapAction.class.php 第 104 行.
NOTIC: [8] Undefined index: ali /home/project/pig/PigCms/Lib/Action/WapAction.class.php 第 106 行.
NOTIC: [8] Undefined index: token_oauthed_tcpbjz1466048616 /home/project/pig/PigCms/Lib/Action/WapAction.class.php 第 116 行.
SQL: SHOW COLUMNS FROM `tp_weixin_account` [ RunTime:0.000360s ]
SQL: SELECT * FROM `tp_weixin_account` WHERE ( `type` = 1 ) LIMIT 1   [ RunTime:0.000108s ]
SQL: SHOW COLUMNS FROM `tp_wxuser` [ RunTime:0.000611s ]
SQL: UPDATE `tp_wxuser` SET `type`='0' WHERE 1 [ RunTime:0.000107s ]
SQL: SELECT * FROM `tp_weixin_account` WHERE ( `type` = 1 ) LIMIT 1   [ RunTime:0.000113s ]
NOTIC: [8] Undefined index: wecha_id /home/project/pig/PigCms/Lib/Action/WapAction.class.php 第 171 行.
NOTIC: [8] Undefined index: wecha_id /home/project/pig/PigCms/Lib/Action/WapAction.class.php 第 171 行.
NOTIC: [8] Undefined variable: fansInfo /home/project/pig/PigCms/Lib/Action/WapAction.class.php 第 279 行.
SQL: SHOW COLUMNS FROM `tp_userinfo` [ RunTime:0.000579s ]
SQL: SELECT * FROM `tp_userinfo` WHERE ( `token` = 'tcpbjz1466048616' ) AND ( `wecha_id` = null ) LIMIT 1   [ RunTime:0.000242s ]
SQL: SHOW COLUMNS FROM `tp_wechat_group_list` [ RunTime:0.000370s ]
SQL: SELECT * FROM `tp_wechat_group_list` WHERE ( `token` = 'tcpbjz1466048616' ) AND ( `openid` = null ) LIMIT 1   [ RunTime:0.000135s ]
NOTIC: [2] unlink(./Conf/logs/Temp/1/c/1c02ebd7bd5acede3dd72a9f32fd1fff.php): No such file or directory /home/project/pig/Lib/Driver/Cache/CacheFile.class.php 第 176 行.
SQL: SHOW COLUMNS FROM `tp_home` [ RunTime:0.000417s ]
SQL: SELECT * FROM `tp_home` WHERE ( `token` = 'tcpbjz1466048616' ) LIMIT 1   [ RunTime:0.000136s ]
NOTIC: [2] unlink(./Conf/logs/Temp/b/3/b3cfdbe6fa051a7119f79a9d4f0f88b2.php): No such file or directory /home/project/pig/Lib/Driver/Cache/CacheFile.class.php 第 176 行.
SQL: SHOW COLUMNS FROM `tp_catemenu` [ RunTime:0.000358s ]
SQL: SELECT * FROM `tp_catemenu` WHERE ( `token` = 'tcpbjz1466048616' ) AND ( `status` = 1 ) ORDER BY orderss desc  [ RunTime:0.000174s ]
NOTIC: [2] unlink(./Conf/logs/Temp/9/a/9ad94ae2481adecba77c780e20aabf92.php): No such file or directory /home/project/pig/Lib/Driver/Cache/CacheFile.class.php 第 176 行.
SQL: SHOW COLUMNS FROM `tp_users` [ RunTime:0.000468s ]
SQL: SELECT * FROM `tp_users` WHERE ( `id` = 37 ) LIMIT 1   [ RunTime:0.000153s ]
SQL: SHOW COLUMNS FROM `tp_user_group` [ RunTime:0.000401s ]
SQL: SELECT * FROM `tp_user_group` WHERE ( `id` = 4 ) LIMIT 1   [ RunTime:0.000126s ]
SQL: SHOW COLUMNS FROM `tp_company` [ RunTime:0.000476s ]
SQL: SELECT * FROM `tp_company` WHERE ( `token` = 'tcpbjz1466048616' ) AND ( `isbranch` = 0 ) LIMIT 1   [ RunTime:0.000177s ]
SQL: SHOW COLUMNS FROM `tp_product` [ RunTime:0.000675s ]
SQL: SHOW COLUMNS FROM `tp_product_cat` [ RunTime:0.000411s ]
SQL: SHOW COLUMNS FROM `tp_company` [ RunTime:0.000464s ]
SQL: SELECT * FROM `tp_company` WHERE `token`='tcpbjz1466048616' AND `isbranch`=0 LIMIT 1   [ RunTime:0.000176s ]
SQL: SHOW COLUMNS FROM `tp_product_setting` [ RunTime:0.000347s ]
SQL: SELECT * FROM `tp_product_setting` WHERE ( `token` = 'tcpbjz1466048616' ) AND ( `cid` = 26 ) LIMIT 1   [ RunTime:0.000136s ]
SQL: SELECT * FROM `tp_product_cat` WHERE ( `token` = 'tcpbjz1466048616' ) AND ( `cid` = 26 ) AND ( `parentid` = 0 ) ORDER BY sort ASC, id DESC  [ RunTime:0.000198s ]
SQL: SHOW COLUMNS FROM `tp_twitter_set` [ RunTime:0.000321s ]
SQL: SELECT * FROM `tp_twitter_set` WHERE ( `token` = 'tcpbjz1466048616' ) AND ( `cid` = 26 ) LIMIT 1   [ RunTime:0.000138s ]
SQL: SELECT * FROM `tp_product` WHERE ( `id` IN (46) )  [ RunTime:0.000149s ]
SQL: SHOW COLUMNS FROM `tp_norms` [ RunTime:0.000304s ]
SQL: SELECT * FROM `tp_norms` WHERE ( `catid` IN ('78') )  [ RunTime:0.000116s ]
NOTIC: [2] Invalid argument supplied for foreach() /home/project/pig/PigCms/Lib/Action/Wap/StoreAction.class.php 第 548 行.
SQL: SELECT * FROM `tp_product_cat` WHERE ( `id` IN ('78') )  [ RunTime:0.000121s ]
SQL: SELECT * FROM `tp_product_setting` WHERE ( `token` = 'tcpbjz1466048616' ) AND ( `cid` = 26 ) LIMIT 1   [ RunTime:0.000129s ]

[ 2016-06-21T15:36:35+08:00 ] 218.75.69.250 /index.php?g=Wap&m=Store&a=addProductToCart&token=tcpbjz1466048616&id=46&wecha_id=d4624c36b6795d1d99dcf0547af5443d&twid=&cid=26&count=1&did=0
INFO: [ app_begin ] --START--
INFO: Run ReadHtmlCache Behavior [ RunTime:0.000289s ]
INFO: [ app_begin ] --END-- [ RunTime:0.000334s ]
SQL: SHOW COLUMNS FROM `tp_agent` [ RunTime:0.000665s ]
SQL: SELECT * FROM `tp_agent` WHERE ( `siteurl` = 'http://pig.pinecc.cn' ) LIMIT 1   [ RunTime:0.000163s ]
NOTIC: [8] Constant STATICS already defined /home/project/pig/PigCms/Lib/Action/BaseAction.class.php 第 129 行.
SQL: SHOW COLUMNS FROM `tp_wxuser` [ RunTime:0.000610s ]
SQL: SELECT * FROM `tp_wxuser` WHERE ( `token` = 'tcpbjz1466048616' ) LIMIT 1   [ RunTime:0.000194s ]
NOTIC: [2048] Non-static method getUserInfoModule::index() should not be called statically, assuming $this from incompatible context /home/project/pig/PigCms/Lib/Action/WapAction.class.php 第 104 行.
NOTIC: [8] Undefined index: ali /home/project/pig/PigCms/Lib/Action/WapAction.class.php 第 106 行.
NOTIC: [8] Undefined index: token_oauthed_tcpbjz1466048616 /home/project/pig/PigCms/Lib/Action/WapAction.class.php 第 116 行.
SQL: SHOW COLUMNS FROM `tp_userinfo` [ RunTime:0.000523s ]
SQL: SELECT * FROM `tp_userinfo` WHERE ( `token` = 'tcpbjz1466048616' ) AND ( `wecha_id` = 'd4624c36b6795d1d99dcf0547af5443d' ) LIMIT 1   [ RunTime:0.000261s ]
SQL: SHOW COLUMNS FROM `tp_weixin_account` [ RunTime:0.000329s ]
SQL: SELECT * FROM `tp_weixin_account` WHERE ( `type` = 1 ) LIMIT 1   [ RunTime:0.000110s ]
SQL: SHOW COLUMNS FROM `tp_wxuser` [ RunTime:0.000570s ]
SQL: UPDATE `tp_wxuser` SET `type`='0' WHERE 1 [ RunTime:0.000116s ]
SQL: SHOW COLUMNS FROM `tp_wechat_group_list` [ RunTime:0.000325s ]
SQL: SELECT * FROM `tp_wechat_group_list` WHERE ( `token` = 'tcpbjz1466048616' ) AND ( `openid` = 'd4624c36b6795d1d99dcf0547af5443d' ) LIMIT 1   [ RunTime:0.000130s ]
SQL: SHOW COLUMNS FROM `tp_home` [ RunTime:0.000442s ]
SQL: SELECT * FROM `tp_home` WHERE ( `token` = 'tcpbjz1466048616' ) LIMIT 1   [ RunTime:0.000131s ]
NOTIC: [2] unlink(./Conf/logs/Temp/b/3/b3cfdbe6fa051a7119f79a9d4f0f88b2.php): No such file or directory /home/project/pig/Lib/Driver/Cache/CacheFile.class.php 第 176 行.
SQL: SHOW COLUMNS FROM `tp_catemenu` [ RunTime:0.000330s ]
SQL: SELECT * FROM `tp_catemenu` WHERE ( `token` = 'tcpbjz1466048616' ) AND ( `status` = 1 ) ORDER BY orderss desc  [ RunTime:0.000159s ]
NOTIC: [2] unlink(./Conf/logs/Temp/9/a/9ad94ae2481adecba77c780e20aabf92.php): No such file or directory /home/project/pig/Lib/Driver/Cache/CacheFile.class.php 第 176 行.
SQL: SHOW COLUMNS FROM `tp_users` [ RunTime:0.000438s ]
SQL: SELECT * FROM `tp_users` WHERE ( `id` = 37 ) LIMIT 1   [ RunTime:0.000199s ]
SQL: SHOW COLUMNS FROM `tp_user_group` [ RunTime:0.000389s ]
SQL: SELECT * FROM `tp_user_group` WHERE ( `id` = 4 ) LIMIT 1   [ RunTime:0.000148s ]
SQL: SHOW COLUMNS FROM `tp_company` [ RunTime:0.000445s ]
SQL: SELECT * FROM `tp_company` WHERE ( `token` = 'tcpbjz1466048616' ) AND ( `isbranch` = 0 ) LIMIT 1   [ RunTime:0.000174s ]
SQL: SHOW COLUMNS FROM `tp_product` [ RunTime:0.000427s ]
SQL: SHOW COLUMNS FROM `tp_product_cat` [ RunTime:0.000397s ]
SQL: SHOW COLUMNS FROM `tp_company` [ RunTime:0.000414s ]
SQL: SELECT * FROM `tp_company` WHERE `token`='tcpbjz1466048616' AND `isbranch`=0 LIMIT 1   [ RunTime:0.000211s ]
SQL: SHOW COLUMNS FROM `tp_product_setting` [ RunTime:0.000400s ]
SQL: SELECT * FROM `tp_product_setting` WHERE ( `token` = 'tcpbjz1466048616' ) AND ( `cid` = 26 ) LIMIT 1   [ RunTime:0.000149s ]
SQL: SELECT * FROM `tp_product_cat` WHERE ( `token` = 'tcpbjz1466048616' ) AND ( `cid` = 26 ) AND ( `parentid` = 0 ) ORDER BY sort ASC, id DESC  [ RunTime:0.000210s ]
SQL: SHOW COLUMNS FROM `tp_twitter_set` [ RunTime:0.000338s ]
SQL: SELECT * FROM `tp_twitter_set` WHERE ( `token` = 'tcpbjz1466048616' ) AND ( `cid` = 26 ) LIMIT 1   [ RunTime:0.000165s ]
SQL: SELECT * FROM `tp_product` WHERE ( `id` IN (46) )  [ RunTime:0.000138s ]
SQL: SHOW COLUMNS FROM `tp_norms` [ RunTime:0.000362s ]
SQL: SELECT * FROM `tp_norms` WHERE ( `catid` IN ('78') )  [ RunTime:0.000127s ]
NOTIC: [2] Invalid argument supplied for foreach() /home/project/pig/PigCms/Lib/Action/Wap/StoreAction.class.php 第 548 行.
SQL: SELECT * FROM `tp_product_cat` WHERE ( `id` IN ('78') )  [ RunTime:0.000144s ]
SQL: SELECT * FROM `tp_product_setting` WHERE ( `token` = 'tcpbjz1466048616' ) AND ( `cid` = 26 ) LIMIT 1   [ RunTime:0.000139s ]

[ 2016-06-21T15:45:04+08:00 ] 218.75.69.250 /index.php?g=Wap&m=Store&a=addProductToCart&token=tcpbjz1466048616&id=46&twid=&cid=26&count=1&did=0
INFO: [ app_begin ] --START--
INFO: Run ReadHtmlCache Behavior [ RunTime:0.000288s ]
INFO: [ app_begin ] --END-- [ RunTime:0.000337s ]
SQL: SHOW COLUMNS FROM `tp_agent` [ RunTime:0.000715s ]
SQL: SELECT * FROM `tp_agent` WHERE ( `siteurl` = 'http://pig.pinecc.cn' ) LIMIT 1   [ RunTime:0.000185s ]
NOTIC: [8] Constant STATICS already defined /home/project/pig/PigCms/Lib/Action/BaseAction.class.php 第 129 行.
SQL: SHOW COLUMNS FROM `tp_wxuser` [ RunTime:0.000691s ]
SQL: SELECT * FROM `tp_wxuser` WHERE ( `token` = 'tcpbjz1466048616' ) LIMIT 1   [ RunTime:0.000226s ]
NOTIC: [2048] Non-static method getUserInfoModule::index() should not be called statically, assuming $this from incompatible context /home/project/pig/PigCms/Lib/Action/WapAction.class.php 第 106 行.
NOTIC: [8] Undefined index: ali /home/project/pig/PigCms/Lib/Action/WapAction.class.php 第 108 行.
NOTIC: [8] Undefined index: token_oauthed_tcpbjz1466048616 /home/project/pig/PigCms/Lib/Action/WapAction.class.php 第 118 行.
SQL: SHOW COLUMNS FROM `tp_weixin_account` [ RunTime:0.000373s ]
SQL: SELECT * FROM `tp_weixin_account` WHERE ( `type` = 1 ) LIMIT 1   [ RunTime:0.000115s ]
SQL: SHOW COLUMNS FROM `tp_wxuser` [ RunTime:0.000629s ]
SQL: UPDATE `tp_wxuser` SET `type`='0' WHERE 1 [ RunTime:0.000137s ]
SQL: SELECT * FROM `tp_weixin_account` WHERE ( `type` = 1 ) LIMIT 1   [ RunTime:0.000113s ]
NOTIC: [8] Undefined index: wecha_id /home/project/pig/PigCms/Lib/Action/WapAction.class.php 第 173 行.
NOTIC: [8] Undefined index: wecha_id /home/project/pig/PigCms/Lib/Action/WapAction.class.php 第 173 行.
NOTIC: [8] Undefined variable: fansInfo /home/project/pig/PigCms/Lib/Action/WapAction.class.php 第 281 行.
SQL: SHOW COLUMNS FROM `tp_userinfo` [ RunTime:0.000551s ]
SQL: SELECT * FROM `tp_userinfo` WHERE ( `token` = 'tcpbjz1466048616' ) AND ( `wecha_id` = null ) LIMIT 1   [ RunTime:0.000273s ]
SQL: SHOW COLUMNS FROM `tp_wechat_group_list` [ RunTime:0.000364s ]
SQL: SELECT * FROM `tp_wechat_group_list` WHERE ( `token` = 'tcpbjz1466048616' ) AND ( `openid` = null ) LIMIT 1   [ RunTime:0.000139s ]
NOTIC: [2] unlink(./Conf/logs/Temp/1/c/1c02ebd7bd5acede3dd72a9f32fd1fff.php): No such file or directory /home/project/pig/Lib/Driver/Cache/CacheFile.class.php 第 176 行.
SQL: SHOW COLUMNS FROM `tp_home` [ RunTime:0.000430s ]
SQL: SELECT * FROM `tp_home` WHERE ( `token` = 'tcpbjz1466048616' ) LIMIT 1   [ RunTime:0.000140s ]
NOTIC: [2] unlink(./Conf/logs/Temp/b/3/b3cfdbe6fa051a7119f79a9d4f0f88b2.php): No such file or directory /home/project/pig/Lib/Driver/Cache/CacheFile.class.php 第 176 行.
SQL: SHOW COLUMNS FROM `tp_catemenu` [ RunTime:0.000361s ]
SQL: SELECT * FROM `tp_catemenu` WHERE ( `token` = 'tcpbjz1466048616' ) AND ( `status` = 1 ) ORDER BY orderss desc  [ RunTime:0.000180s ]
NOTIC: [2] unlink(./Conf/logs/Temp/9/a/9ad94ae2481adecba77c780e20aabf92.php): No such file or directory /home/project/pig/Lib/Driver/Cache/CacheFile.class.php 第 176 行.
SQL: SHOW COLUMNS FROM `tp_users` [ RunTime:0.000506s ]
SQL: SELECT * FROM `tp_users` WHERE ( `id` = 37 ) LIMIT 1   [ RunTime:0.000149s ]
SQL: SHOW COLUMNS FROM `tp_user_group` [ RunTime:0.000382s ]
SQL: SELECT * FROM `tp_user_group` WHERE ( `id` = 4 ) LIMIT 1   [ RunTime:0.000139s ]
SQL: SHOW COLUMNS FROM `tp_company` [ RunTime:0.000448s ]
SQL: SELECT * FROM `tp_company` WHERE ( `token` = 'tcpbjz1466048616' ) AND ( `isbranch` = 0 ) LIMIT 1   [ RunTime:0.000219s ]
SQL: SHOW COLUMNS FROM `tp_product` [ RunTime:0.000490s ]
SQL: SHOW COLUMNS FROM `tp_product_cat` [ RunTime:0.000412s ]
SQL: SHOW COLUMNS FROM `tp_company` [ RunTime:0.000446s ]
SQL: SELECT * FROM `tp_company` WHERE `token`='tcpbjz1466048616' AND `isbranch`=0 LIMIT 1   [ RunTime:0.000174s ]
SQL: SHOW COLUMNS FROM `tp_product_setting` [ RunTime:0.000392s ]
SQL: SELECT * FROM `tp_product_setting` WHERE ( `token` = 'tcpbjz1466048616' ) AND ( `cid` = 26 ) LIMIT 1   [ RunTime:0.000146s ]
SQL: SELECT * FROM `tp_product_cat` WHERE ( `token` = 'tcpbjz1466048616' ) AND ( `cid` = 26 ) AND ( `parentid` = 0 ) ORDER BY sort ASC, id DESC  [ RunTime:0.000239s ]
SQL: SHOW COLUMNS FROM `tp_twitter_set` [ RunTime:0.000364s ]
SQL: SELECT * FROM `tp_twitter_set` WHERE ( `token` = 'tcpbjz1466048616' ) AND ( `cid` = 26 ) LIMIT 1   [ RunTime:0.000151s ]
SQL: SELECT * FROM `tp_product` WHERE ( `id` IN (46) )  [ RunTime:0.000143s ]
SQL: SHOW COLUMNS FROM `tp_norms` [ RunTime:0.000339s ]
SQL: SELECT * FROM `tp_norms` WHERE ( `catid` IN ('78') )  [ RunTime:0.000118s ]
NOTIC: [2] Invalid argument supplied for foreach() /home/project/pig/PigCms/Lib/Action/Wap/StoreAction.class.php 第 548 行.
SQL: SELECT * FROM `tp_product_cat` WHERE ( `id` IN ('78') )  [ RunTime:0.000125s ]
SQL: SELECT * FROM `tp_product_setting` WHERE ( `token` = 'tcpbjz1466048616' ) AND ( `cid` = 26 ) LIMIT 1   [ RunTime:0.000139s ]

[ 2016-06-21T15:45:49+08:00 ] 218.75.69.250 /index.php?g=Wap&m=Store&a=addProductToCart&token=tcpbjz1466048616&id=46&twid=&cid=26&count=1&did=0
INFO: [ app_begin ] --START--
INFO: Run ReadHtmlCache Behavior [ RunTime:0.000274s ]
INFO: [ app_begin ] --END-- [ RunTime:0.000319s ]
SQL: SHOW COLUMNS FROM `tp_agent` [ RunTime:0.000660s ]
SQL: SELECT * FROM `tp_agent` WHERE ( `siteurl` = 'http://pig.pinecc.cn' ) LIMIT 1   [ RunTime:0.000165s ]
NOTIC: [8] Constant STATICS already defined /home/project/pig/PigCms/Lib/Action/BaseAction.class.php 第 129 行.
SQL: SHOW COLUMNS FROM `tp_wxuser` [ RunTime:0.000601s ]
SQL: SELECT * FROM `tp_wxuser` WHERE ( `token` = 'tcpbjz1466048616' ) LIMIT 1   [ RunTime:0.000185s ]
NOTIC: [2048] Non-static method getUserInfoModule::index() should not be called statically, assuming $this from incompatible context /home/project/pig/PigCms/Lib/Action/WapAction.class.php 第 106 行.
NOTIC: [8] Undefined index: ali /home/project/pig/PigCms/Lib/Action/WapAction.class.php 第 108 行.
NOTIC: [8] Undefined index: token_oauthed_tcpbjz1466048616 /home/project/pig/PigCms/Lib/Action/WapAction.class.php 第 118 行.
SQL: SHOW COLUMNS FROM `tp_weixin_account` [ RunTime:0.000368s ]
SQL: SELECT * FROM `tp_weixin_account` WHERE ( `type` = 1 ) LIMIT 1   [ RunTime:0.000106s ]
SQL: SHOW COLUMNS FROM `tp_wxuser` [ RunTime:0.000570s ]
SQL: UPDATE `tp_wxuser` SET `type`='0' WHERE 1 [ RunTime:0.000108s ]
SQL: SELECT * FROM `tp_weixin_account` WHERE ( `type` = 1 ) LIMIT 1   [ RunTime:0.000113s ]
NOTIC: [8] Undefined index: wecha_id /home/project/pig/PigCms/Lib/Action/WapAction.class.php 第 173 行.
NOTIC: [8] Undefined index: wecha_id /home/project/pig/PigCms/Lib/Action/WapAction.class.php 第 173 行.
NOTIC: [8] Undefined variable: fansInfo /home/project/pig/PigCms/Lib/Action/WapAction.class.php 第 281 行.
SQL: SHOW COLUMNS FROM `tp_userinfo` [ RunTime:0.000528s ]
SQL: SELECT * FROM `tp_userinfo` WHERE ( `token` = 'tcpbjz1466048616' ) AND ( `wecha_id` = null ) LIMIT 1   [ RunTime:0.000238s ]
SQL: SHOW COLUMNS FROM `tp_wechat_group_list` [ RunTime:0.000344s ]
SQL: SELECT * FROM `tp_wechat_group_list` WHERE ( `token` = 'tcpbjz1466048616' ) AND ( `openid` = null ) LIMIT 1   [ RunTime:0.000173s ]
NOTIC: [2] unlink(./Conf/logs/Temp/1/c/1c02ebd7bd5acede3dd72a9f32fd1fff.php): No such file or directory /home/project/pig/Lib/Driver/Cache/CacheFile.class.php 第 176 行.
SQL: SHOW COLUMNS FROM `tp_home` [ RunTime:0.000377s ]
SQL: SELECT * FROM `tp_home` WHERE ( `token` = 'tcpbjz1466048616' ) LIMIT 1   [ RunTime:0.000135s ]
NOTIC: [2] unlink(./Conf/logs/Temp/b/3/b3cfdbe6fa051a7119f79a9d4f0f88b2.php): No such file or directory /home/project/pig/Lib/Driver/Cache/CacheFile.class.php 第 176 行.
SQL: SHOW COLUMNS FROM `tp_catemenu` [ RunTime:0.000367s ]
SQL: SELECT * FROM `tp_catemenu` WHERE ( `token` = 'tcpbjz1466048616' ) AND ( `status` = 1 ) ORDER BY orderss desc  [ RunTime:0.000184s ]
NOTIC: [2] unlink(./Conf/logs/Temp/9/a/9ad94ae2481adecba77c780e20aabf92.php): No such file or directory /home/project/pig/Lib/Driver/Cache/CacheFile.class.php 第 176 行.
SQL: SHOW COLUMNS FROM `tp_users` [ RunTime:0.000439s ]
SQL: SELECT * FROM `tp_users` WHERE ( `id` = 37 ) LIMIT 1   [ RunTime:0.000147s ]
SQL: SHOW COLUMNS FROM `tp_user_group` [ RunTime:0.000353s ]
SQL: SELECT * FROM `tp_user_group` WHERE ( `id` = 4 ) LIMIT 1   [ RunTime:0.000128s ]
SQL: SHOW COLUMNS FROM `tp_company` [ RunTime:0.000429s ]
SQL: SELECT * FROM `tp_company` WHERE ( `token` = 'tcpbjz1466048616' ) AND ( `isbranch` = 0 ) LIMIT 1   [ RunTime:0.000196s ]
SQL: SHOW COLUMNS FROM `tp_product` [ RunTime:0.000451s ]
SQL: SHOW COLUMNS FROM `tp_product_cat` [ RunTime:0.000362s ]
SQL: SHOW COLUMNS FROM `tp_company` [ RunTime:0.000450s ]
SQL: SELECT * FROM `tp_company` WHERE `token`='tcpbjz1466048616' AND `isbranch`=0 LIMIT 1   [ RunTime:0.000184s ]
SQL: SHOW COLUMNS FROM `tp_product_setting` [ RunTime:0.000378s ]
SQL: SELECT * FROM `tp_product_setting` WHERE ( `token` = 'tcpbjz1466048616' ) AND ( `cid` = 26 ) LIMIT 1   [ RunTime:0.000136s ]
SQL: SELECT * FROM `tp_product_cat` WHERE ( `token` = 'tcpbjz1466048616' ) AND ( `cid` = 26 ) AND ( `parentid` = 0 ) ORDER BY sort ASC, id DESC  [ RunTime:0.000202s ]
SQL: SHOW COLUMNS FROM `tp_twitter_set` [ RunTime:0.000378s ]
SQL: SELECT * FROM `tp_twitter_set` WHERE ( `token` = 'tcpbjz1466048616' ) AND ( `cid` = 26 ) LIMIT 1   [ RunTime:0.000143s ]
SQL: SELECT * FROM `tp_product` WHERE ( `id` IN (46) )  [ RunTime:0.000140s ]
SQL: SHOW COLUMNS FROM `tp_norms` [ RunTime:0.000310s ]
SQL: SELECT * FROM `tp_norms` WHERE ( `catid` IN ('78') )  [ RunTime:0.000116s ]
NOTIC: [2] Invalid argument supplied for foreach() /home/project/pig/PigCms/Lib/Action/Wap/StoreAction.class.php 第 548 行.
SQL: SELECT * FROM `tp_product_cat` WHERE ( `id` IN ('78') )  [ RunTime:0.000120s ]
SQL: SELECT * FROM `tp_product_setting` WHERE ( `token` = 'tcpbjz1466048616' ) AND ( `cid` = 26 ) LIMIT 1   [ RunTime:0.000131s ]

[ 2016-06-21T15:46:15+08:00 ] 218.75.69.250 /index.php?g=Wap&m=Store&a=addProductToCart&token=tcpbjz1466048616&id=46&twid=&cid=26&count=1&did=0
INFO: [ app_begin ] --START--
INFO: Run ReadHtmlCache Behavior [ RunTime:0.000295s ]
INFO: [ app_begin ] --END-- [ RunTime:0.000346s ]
SQL: SHOW COLUMNS FROM `tp_agent` [ RunTime:0.000651s ]
SQL: SELECT * FROM `tp_agent` WHERE ( `siteurl` = 'http://pig.pinecc.cn' ) LIMIT 1   [ RunTime:0.000195s ]
NOTIC: [8] Constant STATICS already defined /home/project/pig/PigCms/Lib/Action/BaseAction.class.php 第 129 行.
SQL: SHOW COLUMNS FROM `tp_wxuser` [ RunTime:0.000621s ]
SQL: SELECT * FROM `tp_wxuser` WHERE ( `token` = 'tcpbjz1466048616' ) LIMIT 1   [ RunTime:0.000180s ]
NOTIC: [2048] Non-static method getUserInfoModule::index() should not be called statically, assuming $this from incompatible context /home/project/pig/PigCms/Lib/Action/WapAction.class.php 第 106 行.
NOTIC: [8] Undefined index: ali /home/project/pig/PigCms/Lib/Action/WapAction.class.php 第 108 行.
NOTIC: [8] Undefined index: token_oauthed_tcpbjz1466048616 /home/project/pig/PigCms/Lib/Action/WapAction.class.php 第 118 行.
SQL: SHOW COLUMNS FROM `tp_weixin_account` [ RunTime:0.000333s ]
SQL: SELECT * FROM `tp_weixin_account` WHERE ( `type` = 1 ) LIMIT 1   [ RunTime:0.000106s ]
SQL: SHOW COLUMNS FROM `tp_wxuser` [ RunTime:0.000619s ]
SQL: UPDATE `tp_wxuser` SET `type`='0' WHERE 1 [ RunTime:0.000105s ]
SQL: SELECT * FROM `tp_weixin_account` WHERE ( `type` = 1 ) LIMIT 1   [ RunTime:0.000109s ]
NOTIC: [8] Undefined index: wecha_id /home/project/pig/PigCms/Lib/Action/WapAction.class.php 第 173 行.
NOTIC: [8] Undefined index: wecha_id /home/project/pig/PigCms/Lib/Action/WapAction.class.php 第 173 行.
NOTIC: [8] Undefined variable: fansInfo /home/project/pig/PigCms/Lib/Action/WapAction.class.php 第 281 行.
SQL: SHOW COLUMNS FROM `tp_userinfo` [ RunTime:0.000525s ]
SQL: SELECT * FROM `tp_userinfo` WHERE ( `token` = 'tcpbjz1466048616' ) AND ( `wecha_id` = null ) LIMIT 1   [ RunTime:0.000256s ]
SQL: SHOW COLUMNS FROM `tp_wechat_group_list` [ RunTime:0.000351s ]
SQL: SELECT * FROM `tp_wechat_group_list` WHERE ( `token` = 'tcpbjz1466048616' ) AND ( `openid` = null ) LIMIT 1   [ RunTime:0.000130s ]
NOTIC: [2] unlink(./Conf/logs/Temp/1/c/1c02ebd7bd5acede3dd72a9f32fd1fff.php): No such file or directory /home/project/pig/Lib/Driver/Cache/CacheFile.class.php 第 176 行.
SQL: SHOW COLUMNS FROM `tp_home` [ RunTime:0.000385s ]
SQL: SELECT * FROM `tp_home` WHERE ( `token` = 'tcpbjz1466048616' ) LIMIT 1   [ RunTime:0.000134s ]
NOTIC: [2] unlink(./Conf/logs/Temp/b/3/b3cfdbe6fa051a7119f79a9d4f0f88b2.php): No such file or directory /home/project/pig/Lib/Driver/Cache/CacheFile.class.php 第 176 行.
SQL: SHOW COLUMNS FROM `tp_catemenu` [ RunTime:0.000454s ]
SQL: SELECT * FROM `tp_catemenu` WHERE ( `token` = 'tcpbjz1466048616' ) AND ( `status` = 1 ) ORDER BY orderss desc  [ RunTime:0.000203s ]
NOTIC: [2] unlink(./Conf/logs/Temp/9/a/9ad94ae2481adecba77c780e20aabf92.php): No such file or directory /home/project/pig/Lib/Driver/Cache/CacheFile.class.php 第 176 行.
SQL: SHOW COLUMNS FROM `tp_users` [ RunTime:0.000436s ]
SQL: SELECT * FROM `tp_users` WHERE ( `id` = 37 ) LIMIT 1   [ RunTime:0.000143s ]
SQL: SHOW COLUMNS FROM `tp_user_group` [ RunTime:0.000355s ]
SQL: SELECT * FROM `tp_user_group` WHERE ( `id` = 4 ) LIMIT 1   [ RunTime:0.000123s ]
SQL: SHOW COLUMNS FROM `tp_company` [ RunTime:0.000417s ]
SQL: SELECT * FROM `tp_company` WHERE ( `token` = 'tcpbjz1466048616' ) AND ( `isbranch` = 0 ) LIMIT 1   [ RunTime:0.000194s ]
SQL: SHOW COLUMNS FROM `tp_product` [ RunTime:0.000436s ]
SQL: SHOW COLUMNS FROM `tp_product_cat` [ RunTime:0.000350s ]
SQL: SHOW COLUMNS FROM `tp_company` [ RunTime:0.000414s ]
SQL: SELECT * FROM `tp_company` WHERE `token`='tcpbjz1466048616' AND `isbranch`=0 LIMIT 1   [ RunTime:0.000176s ]
SQL: SHOW COLUMNS FROM `tp_product_setting` [ RunTime:0.000341s ]
SQL: SELECT * FROM `tp_product_setting` WHERE ( `token` = 'tcpbjz1466048616' ) AND ( `cid` = 26 ) LIMIT 1   [ RunTime:0.000134s ]
SQL: SELECT * FROM `tp_product_cat` WHERE ( `token` = 'tcpbjz1466048616' ) AND ( `cid` = 26 ) AND ( `parentid` = 0 ) ORDER BY sort ASC, id DESC  [ RunTime:0.000199s ]
SQL: SHOW COLUMNS FROM `tp_twitter_set` [ RunTime:0.000314s ]
SQL: SELECT * FROM `tp_twitter_set` WHERE ( `token` = 'tcpbjz1466048616' ) AND ( `cid` = 26 ) LIMIT 1   [ RunTime:0.000137s ]
SQL: SELECT * FROM `tp_product` WHERE ( `id` IN (46) )  [ RunTime:0.000134s ]
SQL: SHOW COLUMNS FROM `tp_norms` [ RunTime:0.000296s ]
SQL: SELECT * FROM `tp_norms` WHERE ( `catid` IN ('78') )  [ RunTime:0.000115s ]
NOTIC: [2] Invalid argument supplied for foreach() /home/project/pig/PigCms/Lib/Action/Wap/StoreAction.class.php 第 548 行.
SQL: SELECT * FROM `tp_product_cat` WHERE ( `id` IN ('78') )  [ RunTime:0.000168s ]
SQL: SELECT * FROM `tp_product_setting` WHERE ( `token` = 'tcpbjz1466048616' ) AND ( `cid` = 26 ) LIMIT 1   [ RunTime:0.000132s ]

[ 2016-06-21T15:46:46+08:00 ] 218.75.69.250 /index.php?g=Wap&m=Store&a=addProductToCart&token=tcpbjz1466048616&id=46&twid=&cid=26&count=1&did=0
INFO: [ app_begin ] --START--
INFO: Run ReadHtmlCache Behavior [ RunTime:0.000346s ]
INFO: [ app_begin ] --END-- [ RunTime:0.000392s ]
SQL: SHOW COLUMNS FROM `tp_agent` [ RunTime:0.000646s ]
SQL: SELECT * FROM `tp_agent` WHERE ( `siteurl` = 'http://pig.pinecc.cn' ) LIMIT 1   [ RunTime:0.000170s ]
NOTIC: [8] Constant STATICS already defined /home/project/pig/PigCms/Lib/Action/BaseAction.class.php 第 129 行.
SQL: SHOW COLUMNS FROM `tp_wxuser` [ RunTime:0.000631s ]
SQL: SELECT * FROM `tp_wxuser` WHERE ( `token` = 'tcpbjz1466048616' ) LIMIT 1   [ RunTime:0.000247s ]
NOTIC: [2048] Non-static method getUserInfoModule::index() should not be called statically, assuming $this from incompatible context /home/project/pig/PigCms/Lib/Action/WapAction.class.php 第 106 行.
NOTIC: [8] Undefined index: ali /home/project/pig/PigCms/Lib/Action/WapAction.class.php 第 108 行.
NOTIC: [8] Undefined index: token_oauthed_tcpbjz1466048616 /home/project/pig/PigCms/Lib/Action/WapAction.class.php 第 118 行.
SQL: SHOW COLUMNS FROM `tp_weixin_account` [ RunTime:0.000393s ]
SQL: SELECT * FROM `tp_weixin_account` WHERE ( `type` = 1 ) LIMIT 1   [ RunTime:0.000118s ]
SQL: SHOW COLUMNS FROM `tp_wxuser` [ RunTime:0.000580s ]
SQL: UPDATE `tp_wxuser` SET `type`='0' WHERE 1 [ RunTime:0.000121s ]
SQL: SELECT * FROM `tp_weixin_account` WHERE ( `type` = 1 ) LIMIT 1   [ RunTime:0.000123s ]
NOTIC: [8] Undefined index: wecha_id /home/project/pig/PigCms/Lib/Action/WapAction.class.php 第 173 行.
NOTIC: [8] Undefined index: wecha_id /home/project/pig/PigCms/Lib/Action/WapAction.class.php 第 173 行.
NOTIC: [8] Undefined variable: fansInfo /home/project/pig/PigCms/Lib/Action/WapAction.class.php 第 281 行.
SQL: SHOW COLUMNS FROM `tp_userinfo` [ RunTime:0.000511s ]
SQL: SELECT * FROM `tp_userinfo` WHERE ( `token` = 'tcpbjz1466048616' ) AND ( `wecha_id` = null ) LIMIT 1   [ RunTime:0.000312s ]
SQL: SHOW COLUMNS FROM `tp_wechat_group_list` [ RunTime:0.000366s ]
SQL: SELECT * FROM `tp_wechat_group_list` WHERE ( `token` = 'tcpbjz1466048616' ) AND ( `openid` = null ) LIMIT 1   [ RunTime:0.000133s ]
NOTIC: [2] unlink(./Conf/logs/Temp/1/c/1c02ebd7bd5acede3dd72a9f32fd1fff.php): No such file or directory /home/project/pig/Lib/Driver/Cache/CacheFile.class.php 第 176 行.
SQL: SHOW COLUMNS FROM `tp_home` [ RunTime:0.000396s ]
SQL: SELECT * FROM `tp_home` WHERE ( `token` = 'tcpbjz1466048616' ) LIMIT 1   [ RunTime:0.000180s ]
NOTIC: [2] unlink(./Conf/logs/Temp/b/3/b3cfdbe6fa051a7119f79a9d4f0f88b2.php): No such file or directory /home/project/pig/Lib/Driver/Cache/CacheFile.class.php 第 176 行.
SQL: SHOW COLUMNS FROM `tp_catemenu` [ RunTime:0.000439s ]
SQL: SELECT * FROM `tp_catemenu` WHERE ( `token` = 'tcpbjz1466048616' ) AND ( `status` = 1 ) ORDER BY orderss desc  [ RunTime:0.000214s ]
NOTIC: [2] unlink(./Conf/logs/Temp/9/a/9ad94ae2481adecba77c780e20aabf92.php): No such file or directory /home/project/pig/Lib/Driver/Cache/CacheFile.class.php 第 176 行.
SQL: SHOW COLUMNS FROM `tp_users` [ RunTime:0.000619s ]
SQL: SELECT * FROM `tp_users` WHERE ( `id` = 37 ) LIMIT 1   [ RunTime:0.000186s ]
SQL: SHOW COLUMNS FROM `tp_user_group` [ RunTime:0.000488s ]
SQL: SELECT * FROM `tp_user_group` WHERE ( `id` = 4 ) LIMIT 1   [ RunTime:0.000154s ]
SQL: SHOW COLUMNS FROM `tp_company` [ RunTime:0.000624s ]
SQL: SELECT * FROM `tp_company` WHERE ( `token` = 'tcpbjz1466048616' ) AND ( `isbranch` = 0 ) LIMIT 1   [ RunTime:0.000247s ]
SQL: SHOW COLUMNS FROM `tp_product` [ RunTime:0.000599s ]
SQL: SHOW COLUMNS FROM `tp_product_cat` [ RunTime:0.000489s ]
SQL: SHOW COLUMNS FROM `tp_company` [ RunTime:0.000583s ]
SQL: SELECT * FROM `tp_company` WHERE `token`='tcpbjz1466048616' AND `isbranch`=0 LIMIT 1   [ RunTime:0.000227s ]
SQL: SHOW COLUMNS FROM `tp_product_setting` [ RunTime:0.000497s ]
SQL: SELECT * FROM `tp_product_setting` WHERE ( `token` = 'tcpbjz1466048616' ) AND ( `cid` = 26 ) LIMIT 1   [ RunTime:0.000175s ]
SQL: SELECT * FROM `tp_product_cat` WHERE ( `token` = 'tcpbjz1466048616' ) AND ( `cid` = 26 ) AND ( `parentid` = 0 ) ORDER BY sort ASC, id DESC  [ RunTime:0.000256s ]
SQL: SHOW COLUMNS FROM `tp_twitter_set` [ RunTime:0.000343s ]
SQL: SELECT * FROM `tp_twitter_set` WHERE ( `token` = 'tcpbjz1466048616' ) AND ( `cid` = 26 ) LIMIT 1   [ RunTime:0.000141s ]
SQL: SELECT * FROM `tp_product` WHERE ( `id` IN (46) )  [ RunTime:0.000159s ]
SQL: SHOW COLUMNS FROM `tp_norms` [ RunTime:0.000312s ]
SQL: SELECT * FROM `tp_norms` WHERE ( `catid` IN ('78') )  [ RunTime:0.000116s ]
NOTIC: [2] Invalid argument supplied for foreach() /home/project/pig/PigCms/Lib/Action/Wap/StoreAction.class.php 第 548 行.
SQL: SELECT * FROM `tp_product_cat` WHERE ( `id` IN ('78') )  [ RunTime:0.000122s ]
SQL: SELECT * FROM `tp_product_setting` WHERE ( `token` = 'tcpbjz1466048616' ) AND ( `cid` = 26 ) LIMIT 1   [ RunTime:0.000132s ]

[ 2016-06-21T15:49:42+08:00 ] 218.75.69.250 /index.php?g=Wap&m=Store&a=addProductToCart&token=tcpbjz1466048616&id=46&twid=&cid=26&count=1&did=0
INFO: [ app_begin ] --START--
INFO: Run ReadHtmlCache Behavior [ RunTime:0.000288s ]
INFO: [ app_begin ] --END-- [ RunTime:0.000342s ]
SQL: SHOW COLUMNS FROM `tp_agent` [ RunTime:0.000702s ]
SQL: SELECT * FROM `tp_agent` WHERE ( `siteurl` = 'http://pig.pinecc.cn' ) LIMIT 1   [ RunTime:0.000199s ]
NOTIC: [8] Constant STATICS already defined /home/project/pig/PigCms/Lib/Action/BaseAction.class.php 第 129 行.
SQL: SHOW COLUMNS FROM `tp_wxuser` [ RunTime:0.000628s ]
SQL: SELECT * FROM `tp_wxuser` WHERE ( `token` = 'tcpbjz1466048616' ) LIMIT 1   [ RunTime:0.000196s ]
NOTIC: [2048] Non-static method getUserInfoModule::index() should not be called statically, assuming $this from incompatible context /home/project/pig/PigCms/Lib/Action/WapAction.class.php 第 106 行.
NOTIC: [8] Undefined index: ali /home/project/pig/PigCms/Lib/Action/WapAction.class.php 第 108 行.
NOTIC: [8] Undefined index: token_oauthed_tcpbjz1466048616 /home/project/pig/PigCms/Lib/Action/WapAction.class.php 第 118 行.
SQL: SHOW COLUMNS FROM `tp_weixin_account` [ RunTime:0.000432s ]
SQL: SELECT * FROM `tp_weixin_account` WHERE ( `type` = 1 ) LIMIT 1   [ RunTime:0.000110s ]
SQL: SHOW COLUMNS FROM `tp_wxuser` [ RunTime:0.000569s ]
SQL: UPDATE `tp_wxuser` SET `type`='0' WHERE 1 [ RunTime:0.000112s ]
SQL: SELECT * FROM `tp_weixin_account` WHERE ( `type` = 1 ) LIMIT 1   [ RunTime:0.000112s ]
NOTIC: [8] Undefined index: wecha_id /home/project/pig/PigCms/Lib/Action/WapAction.class.php 第 173 行.
NOTIC: [8] Undefined index: wecha_id /home/project/pig/PigCms/Lib/Action/WapAction.class.php 第 173 行.
NOTIC: [8] Undefined variable: fansInfo /home/project/pig/PigCms/Lib/Action/WapAction.class.php 第 281 行.
SQL: SHOW COLUMNS FROM `tp_userinfo` [ RunTime:0.000497s ]
SQL: SELECT * FROM `tp_userinfo` WHERE ( `token` = 'tcpbjz1466048616' ) AND ( `wecha_id` = null ) LIMIT 1   [ RunTime:0.000260s ]
SQL: SHOW COLUMNS FROM `tp_wechat_group_list` [ RunTime:0.000389s ]
SQL: SELECT * FROM `tp_wechat_group_list` WHERE ( `token` = 'tcpbjz1466048616' ) AND ( `openid` = null ) LIMIT 1   [ RunTime:0.000147s ]
NOTIC: [2] unlink(./Conf/logs/Temp/1/c/1c02ebd7bd5acede3dd72a9f32fd1fff.php): No such file or directory /home/project/pig/Lib/Driver/Cache/CacheFile.class.php 第 176 行.
SQL: SHOW COLUMNS FROM `tp_home` [ RunTime:0.000375s ]
SQL: SELECT * FROM `tp_home` WHERE ( `token` = 'tcpbjz1466048616' ) LIMIT 1   [ RunTime:0.000143s ]
NOTIC: [2] unlink(./Conf/logs/Temp/b/3/b3cfdbe6fa051a7119f79a9d4f0f88b2.php): No such file or directory /home/project/pig/Lib/Driver/Cache/CacheFile.class.php 第 176 行.
SQL: SHOW COLUMNS FROM `tp_catemenu` [ RunTime:0.000353s ]
SQL: SELECT * FROM `tp_catemenu` WHERE ( `token` = 'tcpbjz1466048616' ) AND ( `status` = 1 ) ORDER BY orderss desc  [ RunTime:0.000194s ]
NOTIC: [2] unlink(./Conf/logs/Temp/9/a/9ad94ae2481adecba77c780e20aabf92.php): No such file or directory /home/project/pig/Lib/Driver/Cache/CacheFile.class.php 第 176 行.
SQL: SHOW COLUMNS FROM `tp_users` [ RunTime:0.000453s ]
SQL: SELECT * FROM `tp_users` WHERE ( `id` = 37 ) LIMIT 1   [ RunTime:0.000157s ]
SQL: SHOW COLUMNS FROM `tp_user_group` [ RunTime:0.000399s ]
SQL: SELECT * FROM `tp_user_group` WHERE ( `id` = 4 ) LIMIT 1   [ RunTime:0.000167s ]
SQL: SHOW COLUMNS FROM `tp_company` [ RunTime:0.000566s ]
SQL: SELECT * FROM `tp_company` WHERE ( `token` = 'tcpbjz1466048616' ) AND ( `isbranch` = 0 ) LIMIT 1   [ RunTime:0.000179s ]
SQL: SHOW COLUMNS FROM `tp_product` [ RunTime:0.000511s ]
SQL: SHOW COLUMNS FROM `tp_product_cat` [ RunTime:0.000521s ]
SQL: SHOW COLUMNS FROM `tp_company` [ RunTime:0.000451s ]
SQL: SELECT * FROM `tp_company` WHERE `token`='tcpbjz1466048616' AND `isbranch`=0 LIMIT 1   [ RunTime:0.000181s ]
SQL: SHOW COLUMNS FROM `tp_product_setting` [ RunTime:0.000409s ]
SQL: SELECT * FROM `tp_product_setting` WHERE ( `token` = 'tcpbjz1466048616' ) AND ( `cid` = 26 ) LIMIT 1   [ RunTime:0.000137s ]
SQL: SELECT * FROM `tp_product_cat` WHERE ( `token` = 'tcpbjz1466048616' ) AND ( `cid` = 26 ) AND ( `parentid` = 0 ) ORDER BY sort ASC, id DESC  [ RunTime:0.000201s ]
SQL: SHOW COLUMNS FROM `tp_twitter_set` [ RunTime:0.000342s ]
SQL: SELECT * FROM `tp_twitter_set` WHERE ( `token` = 'tcpbjz1466048616' ) AND ( `cid` = 26 ) LIMIT 1   [ RunTime:0.000139s ]
SQL: SELECT * FROM `tp_product` WHERE ( `id` IN (46) )  [ RunTime:0.000138s ]
SQL: SHOW COLUMNS FROM `tp_norms` [ RunTime:0.000307s ]
SQL: SELECT * FROM `tp_norms` WHERE ( `catid` IN ('78') )  [ RunTime:0.000136s ]
NOTIC: [2] Invalid argument supplied for foreach() /home/project/pig/PigCms/Lib/Action/Wap/StoreAction.class.php 第 548 行.
SQL: SELECT * FROM `tp_product_cat` WHERE ( `id` IN ('78') )  [ RunTime:0.000121s ]
SQL: SELECT * FROM `tp_product_setting` WHERE ( `token` = 'tcpbjz1466048616' ) AND ( `cid` = 26 ) LIMIT 1   [ RunTime:0.000150s ]

