[ 2016-06-17T11:08:58+08:00 ] ERR: (ThinkException) 无法加载模块:index
[ 2016-06-17T16:10:01+08:00 ] 218.75.69.250 /index.php?g=Wap&m=Store&a=addProductToCart&token=tcpbjz1466048616&id=46&wecha_id=d4624c36b6795d1d99dcf0547af5443d&twid=&cid=26&count=1&did=0
INFO: [ app_begin ] --START--
INFO: Run ReadHtmlCache Behavior [ RunTime:0.000368s ]
INFO: [ app_begin ] --END-- [ RunTime:0.000418s ]
SQL: SHOW COLUMNS FROM `tp_agent` [ RunTime:0.000626s ]
SQL: SELECT * FROM `tp_agent` WHERE ( `siteurl` = 'http://pig.pinecc.cn' ) LIMIT 1   [ RunTime:0.000166s ]
NOTIC: [8] Constant STATICS already defined /home/project/pig/PigCms/Lib/Action/BaseAction.class.php 第 129 行.
SQL: SHOW COLUMNS FROM `tp_wxuser` [ RunTime:0.000595s ]
SQL: SELECT * FROM `tp_wxuser` WHERE ( `token` = 'tcpbjz1466048616' ) LIMIT 1   [ RunTime:0.000182s ]
NOTIC: [2048] Non-static method getUserInfoModule::index() should not be called statically, assuming $this from incompatible context /home/project/pig/PigCms/Lib/Action/WapAction.class.php 第 103 行.
NOTIC: [8] Undefined index: ali /home/project/pig/PigCms/Lib/Action/WapAction.class.php 第 105 行.
NOTIC: [8] Undefined index: token_oauthed_tcpbjz1466048616 /home/project/pig/PigCms/Lib/Action/WapAction.class.php 第 115 行.
SQL: SHOW COLUMNS FROM `tp_userinfo` [ RunTime:0.000490s ]
SQL: SELECT * FROM `tp_userinfo` WHERE ( `token` = 'tcpbjz1466048616' ) AND ( `wecha_id` = 'd4624c36b6795d1d99dcf0547af5443d' ) LIMIT 1   [ RunTime:0.000258s ]
SQL: SHOW COLUMNS FROM `tp_weixin_account` [ RunTime:0.000319s ]
SQL: SELECT * FROM `tp_weixin_account` WHERE ( `type` = 1 ) LIMIT 1   [ RunTime:0.000106s ]
SQL: SHOW COLUMNS FROM `tp_wxuser` [ RunTime:0.000604s ]
SQL: UPDATE `tp_wxuser` SET `type`='0' WHERE 1 [ RunTime:0.000117s ]
SQL: SELECT * FROM `tp_userinfo` WHERE ( `token` = 'tcpbjz1466048616' ) AND ( `wecha_id` = 'd4624c36b6795d1d99dcf0547af5443d' ) LIMIT 1   [ RunTime:0.000206s ]
SQL: SHOW COLUMNS FROM `tp_wechat_group_list` [ RunTime:0.000322s ]
SQL: SELECT * FROM `tp_wechat_group_list` WHERE ( `token` = 'tcpbjz1466048616' ) AND ( `openid` = 'd4624c36b6795d1d99dcf0547af5443d' ) LIMIT 1   [ RunTime:0.000139s ]
NOTIC: [2] unlink(./Conf/logs/Temp/d/1/d1f0c5924bb357bde28050c99251ae3e.php): No such file or directory /home/project/pig/Lib/Driver/Cache/CacheFile.class.php 第 176 行.
SQL: SHOW COLUMNS FROM `tp_home` [ RunTime:0.000451s ]
SQL: SELECT * FROM `tp_home` WHERE ( `token` = 'tcpbjz1466048616' ) LIMIT 1   [ RunTime:0.000139s ]
NOTIC: [2] unlink(./Conf/logs/Temp/b/3/b3cfdbe6fa051a7119f79a9d4f0f88b2.php): No such file or directory /home/project/pig/Lib/Driver/Cache/CacheFile.class.php 第 176 行.
SQL: SHOW COLUMNS FROM `tp_catemenu` [ RunTime:0.000320s ]
SQL: SELECT * FROM `tp_catemenu` WHERE ( `token` = 'tcpbjz1466048616' ) AND ( `status` = 1 ) ORDER BY orderss desc  [ RunTime:0.000160s ]
NOTIC: [2] unlink(./Conf/logs/Temp/9/a/9ad94ae2481adecba77c780e20aabf92.php): No such file or directory /home/project/pig/Lib/Driver/Cache/CacheFile.class.php 第 176 行.
SQL: SHOW COLUMNS FROM `tp_users` [ RunTime:0.000424s ]
SQL: SELECT * FROM `tp_users` WHERE ( `id` = 37 ) LIMIT 1   [ RunTime:0.000221s ]
SQL: SHOW COLUMNS FROM `tp_user_group` [ RunTime:0.000389s ]
SQL: SELECT * FROM `tp_user_group` WHERE ( `id` = 4 ) LIMIT 1   [ RunTime:0.000129s ]
SQL: SHOW COLUMNS FROM `tp_company` [ RunTime:0.000456s ]
SQL: SELECT * FROM `tp_company` WHERE ( `token` = 'tcpbjz1466048616' ) AND ( `isbranch` = 0 ) LIMIT 1   [ RunTime:0.000177s ]
SQL: SHOW COLUMNS FROM `tp_product` [ RunTime:0.000415s ]
SQL: SHOW COLUMNS FROM `tp_product_cat` [ RunTime:0.000368s ]
SQL: SHOW COLUMNS FROM `tp_company` [ RunTime:0.000428s ]
SQL: SELECT * FROM `tp_company` WHERE `token`='tcpbjz1466048616' AND `isbranch`=0 LIMIT 1   [ RunTime:0.000174s ]
SQL: SHOW COLUMNS FROM `tp_product_setting` [ RunTime:0.000338s ]
SQL: SELECT * FROM `tp_product_setting` WHERE ( `token` = 'tcpbjz1466048616' ) AND ( `cid` = 26 ) LIMIT 1   [ RunTime:0.000143s ]
SQL: SELECT * FROM `tp_product_cat` WHERE ( `token` = 'tcpbjz1466048616' ) AND ( `cid` = 26 ) AND ( `parentid` = 0 ) ORDER BY sort ASC, id DESC  [ RunTime:0.000198s ]
SQL: SHOW COLUMNS FROM `tp_twitter_set` [ RunTime:0.000312s ]
SQL: SELECT * FROM `tp_twitter_set` WHERE ( `token` = 'tcpbjz1466048616' ) AND ( `cid` = 26 ) LIMIT 1   [ RunTime:0.000166s ]
SQL: SELECT * FROM `tp_product` WHERE ( `id` IN (46) )  [ RunTime:0.000140s ]
SQL: SHOW COLUMNS FROM `tp_norms` [ RunTime:0.000295s ]
SQL: SELECT * FROM `tp_norms` WHERE ( `catid` IN ('78') )  [ RunTime:0.000134s ]
NOTIC: [2] Invalid argument supplied for foreach() /home/project/pig/PigCms/Lib/Action/Wap/StoreAction.class.php 第 547 行.
SQL: SELECT * FROM `tp_product_cat` WHERE ( `id` IN ('78') )  [ RunTime:0.000122s ]
SQL: SELECT * FROM `tp_product_setting` WHERE ( `token` = 'tcpbjz1466048616' ) AND ( `cid` = 26 ) LIMIT 1   [ RunTime:0.000128s ]

[ 2016-06-17T16:12:41+08:00 ] 218.75.69.250 /index.php?g=Wap&m=Store&a=addProductToCart&token=tcpbjz1466048616&id=46&wecha_id=d4624c36b6795d1d99dcf0547af5443d&twid=&cid=26&count=0&did=0
INFO: [ app_begin ] --START--
INFO: Run ReadHtmlCache Behavior [ RunTime:0.000290s ]
INFO: [ app_begin ] --END-- [ RunTime:0.000337s ]
SQL: SHOW COLUMNS FROM `tp_agent` [ RunTime:0.000676s ]
SQL: SELECT * FROM `tp_agent` WHERE ( `siteurl` = 'http://pig.pinecc.cn' ) LIMIT 1   [ RunTime:0.000165s ]
NOTIC: [8] Constant STATICS already defined /home/project/pig/PigCms/Lib/Action/BaseAction.class.php 第 129 行.
SQL: SHOW COLUMNS FROM `tp_wxuser` [ RunTime:0.000604s ]
SQL: SELECT * FROM `tp_wxuser` WHERE ( `token` = 'tcpbjz1466048616' ) LIMIT 1   [ RunTime:0.000199s ]
NOTIC: [2048] Non-static method getUserInfoModule::index() should not be called statically, assuming $this from incompatible context /home/project/pig/PigCms/Lib/Action/WapAction.class.php 第 103 行.
NOTIC: [8] Undefined index: ali /home/project/pig/PigCms/Lib/Action/WapAction.class.php 第 105 行.
NOTIC: [8] Undefined index: token_oauthed_tcpbjz1466048616 /home/project/pig/PigCms/Lib/Action/WapAction.class.php 第 115 行.
SQL: SHOW COLUMNS FROM `tp_userinfo` [ RunTime:0.000587s ]
SQL: SELECT * FROM `tp_userinfo` WHERE ( `token` = 'tcpbjz1466048616' ) AND ( `wecha_id` = 'd4624c36b6795d1d99dcf0547af5443d' ) LIMIT 1   [ RunTime:0.000260s ]
SQL: SHOW COLUMNS FROM `tp_weixin_account` [ RunTime:0.000355s ]
SQL: SELECT * FROM `tp_weixin_account` WHERE ( `type` = 1 ) LIMIT 1   [ RunTime:0.000113s ]
SQL: SHOW COLUMNS FROM `tp_wxuser` [ RunTime:0.000609s ]
SQL: UPDATE `tp_wxuser` SET `type`='0' WHERE 1 [ RunTime:0.000109s ]
SQL: SHOW COLUMNS FROM `tp_wechat_group_list` [ RunTime:0.000355s ]
SQL: SELECT * FROM `tp_wechat_group_list` WHERE ( `token` = 'tcpbjz1466048616' ) AND ( `openid` = 'd4624c36b6795d1d99dcf0547af5443d' ) LIMIT 1   [ RunTime:0.000134s ]
SQL: SHOW COLUMNS FROM `tp_home` [ RunTime:0.000489s ]
SQL: SELECT * FROM `tp_home` WHERE ( `token` = 'tcpbjz1466048616' ) LIMIT 1   [ RunTime:0.000133s ]
NOTIC: [2] unlink(./Conf/logs/Temp/b/3/b3cfdbe6fa051a7119f79a9d4f0f88b2.php): No such file or directory /home/project/pig/Lib/Driver/Cache/CacheFile.class.php 第 176 行.
SQL: SHOW COLUMNS FROM `tp_catemenu` [ RunTime:0.000340s ]
SQL: SELECT * FROM `tp_catemenu` WHERE ( `token` = 'tcpbjz1466048616' ) AND ( `status` = 1 ) ORDER BY orderss desc  [ RunTime:0.000162s ]
NOTIC: [2] unlink(./Conf/logs/Temp/9/a/9ad94ae2481adecba77c780e20aabf92.php): No such file or directory /home/project/pig/Lib/Driver/Cache/CacheFile.class.php 第 176 行.
SQL: SHOW COLUMNS FROM `tp_users` [ RunTime:0.000468s ]
SQL: SELECT * FROM `tp_users` WHERE ( `id` = 37 ) LIMIT 1   [ RunTime:0.000143s ]
SQL: SHOW COLUMNS FROM `tp_user_group` [ RunTime:0.000409s ]
SQL: SELECT * FROM `tp_user_group` WHERE ( `id` = 4 ) LIMIT 1   [ RunTime:0.000126s ]
SQL: SHOW COLUMNS FROM `tp_company` [ RunTime:0.000454s ]
SQL: SELECT * FROM `tp_company` WHERE ( `token` = 'tcpbjz1466048616' ) AND ( `isbranch` = 0 ) LIMIT 1   [ RunTime:0.000218s ]
SQL: SHOW COLUMNS FROM `tp_product` [ RunTime:0.000443s ]
SQL: SHOW COLUMNS FROM `tp_product_cat` [ RunTime:0.000346s ]
SQL: SHOW COLUMNS FROM `tp_company` [ RunTime:0.000429s ]
SQL: SELECT * FROM `tp_company` WHERE `token`='tcpbjz1466048616' AND `isbranch`=0 LIMIT 1   [ RunTime:0.000179s ]
SQL: SHOW COLUMNS FROM `tp_product_setting` [ RunTime:0.000398s ]
SQL: SELECT * FROM `tp_product_setting` WHERE ( `token` = 'tcpbjz1466048616' ) AND ( `cid` = 26 ) LIMIT 1   [ RunTime:0.000140s ]
SQL: SELECT * FROM `tp_product_cat` WHERE ( `token` = 'tcpbjz1466048616' ) AND ( `cid` = 26 ) AND ( `parentid` = 0 ) ORDER BY sort ASC, id DESC  [ RunTime:0.000212s ]
SQL: SHOW COLUMNS FROM `tp_twitter_set` [ RunTime:0.000350s ]
SQL: SELECT * FROM `tp_twitter_set` WHERE ( `token` = 'tcpbjz1466048616' ) AND ( `cid` = 26 ) LIMIT 1   [ RunTime:0.000140s ]
SQL: SELECT * FROM `tp_product` WHERE ( `id` IN (46) )  [ RunTime:0.000162s ]
SQL: SHOW COLUMNS FROM `tp_norms` [ RunTime:0.000315s ]
SQL: SELECT * FROM `tp_norms` WHERE ( `catid` IN ('78') )  [ RunTime:0.000115s ]
NOTIC: [2] Invalid argument supplied for foreach() /home/project/pig/PigCms/Lib/Action/Wap/StoreAction.class.php 第 547 行.
SQL: SELECT * FROM `tp_product_cat` WHERE ( `id` IN ('78') )  [ RunTime:0.000122s ]
SQL: SELECT * FROM `tp_product_setting` WHERE ( `token` = 'tcpbjz1466048616' ) AND ( `cid` = 26 ) LIMIT 1   [ RunTime:0.000153s ]

[ 2016-06-17T16:12:45+08:00 ] 218.75.69.250 /index.php?g=Wap&m=Store&a=ajaxUpdateCart&token=tcpbjz1466048616&wecha_id=d4624c36b6795d1d99dcf0547af5443d&twid=&id=46&count=1&did=0
INFO: [ app_begin ] --START--
INFO: Run ReadHtmlCache Behavior [ RunTime:0.000352s ]
INFO: [ app_begin ] --END-- [ RunTime:0.000408s ]
SQL: SHOW COLUMNS FROM `tp_agent` [ RunTime:0.000780s ]
SQL: SELECT * FROM `tp_agent` WHERE ( `siteurl` = 'http://pig.pinecc.cn' ) LIMIT 1   [ RunTime:0.000171s ]
NOTIC: [8] Constant STATICS already defined /home/project/pig/PigCms/Lib/Action/BaseAction.class.php 第 129 行.
SQL: SHOW COLUMNS FROM `tp_wxuser` [ RunTime:0.000621s ]
SQL: SELECT * FROM `tp_wxuser` WHERE ( `token` = 'tcpbjz1466048616' ) LIMIT 1   [ RunTime:0.000230s ]
NOTIC: [2048] Non-static method getUserInfoModule::index() should not be called statically, assuming $this from incompatible context /home/project/pig/PigCms/Lib/Action/WapAction.class.php 第 103 行.
NOTIC: [8] Undefined index: ali /home/project/pig/PigCms/Lib/Action/WapAction.class.php 第 105 行.
NOTIC: [8] Undefined index: token_oauthed_tcpbjz1466048616 /home/project/pig/PigCms/Lib/Action/WapAction.class.php 第 115 行.
SQL: SHOW COLUMNS FROM `tp_userinfo` [ RunTime:0.000521s ]
SQL: SELECT * FROM `tp_userinfo` WHERE ( `token` = 'tcpbjz1466048616' ) AND ( `wecha_id` = 'd4624c36b6795d1d99dcf0547af5443d' ) LIMIT 1   [ RunTime:0.000258s ]
SQL: SHOW COLUMNS FROM `tp_weixin_account` [ RunTime:0.000354s ]
SQL: SELECT * FROM `tp_weixin_account` WHERE ( `type` = 1 ) LIMIT 1   [ RunTime:0.003047s ]
SQL: SHOW COLUMNS FROM `tp_wxuser` [ RunTime:0.000577s ]
SQL: UPDATE `tp_wxuser` SET `type`='0' WHERE 1 [ RunTime:0.000115s ]
SQL: SHOW COLUMNS FROM `tp_wechat_group_list` [ RunTime:0.000360s ]
SQL: SELECT * FROM `tp_wechat_group_list` WHERE ( `token` = 'tcpbjz1466048616' ) AND ( `openid` = 'd4624c36b6795d1d99dcf0547af5443d' ) LIMIT 1   [ RunTime:0.000145s ]
SQL: SHOW COLUMNS FROM `tp_home` [ RunTime:0.000367s ]
SQL: SELECT * FROM `tp_home` WHERE ( `token` = 'tcpbjz1466048616' ) LIMIT 1   [ RunTime:0.000147s ]
NOTIC: [2] unlink(./Conf/logs/Temp/b/3/b3cfdbe6fa051a7119f79a9d4f0f88b2.php): No such file or directory /home/project/pig/Lib/Driver/Cache/CacheFile.class.php 第 176 行.
SQL: SHOW COLUMNS FROM `tp_catemenu` [ RunTime:0.000344s ]
SQL: SELECT * FROM `tp_catemenu` WHERE ( `token` = 'tcpbjz1466048616' ) AND ( `status` = 1 ) ORDER BY orderss desc  [ RunTime:0.000164s ]
NOTIC: [2] unlink(./Conf/logs/Temp/9/a/9ad94ae2481adecba77c780e20aabf92.php): No such file or directory /home/project/pig/Lib/Driver/Cache/CacheFile.class.php 第 176 行.
SQL: SHOW COLUMNS FROM `tp_users` [ RunTime:0.000457s ]
SQL: SELECT * FROM `tp_users` WHERE ( `id` = 37 ) LIMIT 1   [ RunTime:0.000156s ]
SQL: SHOW COLUMNS FROM `tp_user_group` [ RunTime:0.000347s ]
SQL: SELECT * FROM `tp_user_group` WHERE ( `id` = 4 ) LIMIT 1   [ RunTime:0.003298s ]
SQL: SHOW COLUMNS FROM `tp_company` [ RunTime:0.000431s ]
SQL: SELECT * FROM `tp_company` WHERE ( `token` = 'tcpbjz1466048616' ) AND ( `isbranch` = 0 ) LIMIT 1   [ RunTime:0.000177s ]
SQL: SHOW COLUMNS FROM `tp_product` [ RunTime:0.000479s ]
SQL: SHOW COLUMNS FROM `tp_product_cat` [ RunTime:0.000356s ]
SQL: SHOW COLUMNS FROM `tp_company` [ RunTime:0.000411s ]
SQL: SELECT * FROM `tp_company` WHERE `token`='tcpbjz1466048616' AND `isbranch`=0 LIMIT 1   [ RunTime:0.000182s ]
SQL: SHOW COLUMNS FROM `tp_product_setting` [ RunTime:0.000362s ]
SQL: SELECT * FROM `tp_product_setting` WHERE ( `token` = 'tcpbjz1466048616' ) AND ( `cid` = 26 ) LIMIT 1   [ RunTime:0.000146s ]
SQL: SELECT * FROM `tp_product_cat` WHERE ( `token` = 'tcpbjz1466048616' ) AND ( `cid` = 26 ) AND ( `parentid` = 0 ) ORDER BY sort ASC, id DESC  [ RunTime:0.000218s ]
SQL: SHOW COLUMNS FROM `tp_twitter_set` [ RunTime:0.000359s ]
SQL: SELECT * FROM `tp_twitter_set` WHERE ( `token` = 'tcpbjz1466048616' ) AND ( `cid` = 26 ) LIMIT 1   [ RunTime:0.000152s ]
SQL: SELECT * FROM `tp_product` WHERE ( `id` IN (46) )  [ RunTime:0.000164s ]
SQL: SHOW COLUMNS FROM `tp_norms` [ RunTime:0.000338s ]
SQL: SELECT * FROM `tp_norms` WHERE ( `catid` IN ('78') )  [ RunTime:0.002218s ]
NOTIC: [2] Invalid argument supplied for foreach() /home/project/pig/PigCms/Lib/Action/Wap/StoreAction.class.php 第 547 行.
SQL: SELECT * FROM `tp_product_cat` WHERE ( `id` IN ('78') )  [ RunTime:0.000126s ]
SQL: SELECT * FROM `tp_product_setting` WHERE ( `token` = 'tcpbjz1466048616' ) AND ( `cid` = 26 ) LIMIT 1   [ RunTime:0.000134s ]
SQL: SELECT * FROM `tp_product` WHERE ( `id` IN (46) )  [ RunTime:0.000134s ]
SQL: SELECT * FROM `tp_norms` WHERE ( `catid` IN ('78') )  [ RunTime:0.000126s ]
NOTIC: [2] Invalid argument supplied for foreach() /home/project/pig/PigCms/Lib/Action/Wap/StoreAction.class.php 第 547 行.
SQL: SELECT * FROM `tp_product_cat` WHERE ( `id` IN ('78') )  [ RunTime:0.000119s ]
SQL: SELECT * FROM `tp_product_setting` WHERE ( `token` = 'tcpbjz1466048616' ) AND ( `cid` = 26 ) LIMIT 1   [ RunTime:0.000130s ]

[ 2016-06-17T17:29:55+08:00 ] 218.75.69.250 /index.php?g=Wap&m=Store&a=addProductToCart&token=tcpbjz1466048616&id=46&wecha_id=d4624c36b6795d1d99dcf0547af5443d&twid=&cid=26&count=1&did=0
INFO: [ app_begin ] --START--
INFO: Run ReadHtmlCache Behavior [ RunTime:0.000351s ]
INFO: [ app_begin ] --END-- [ RunTime:0.000403s ]
SQL: SHOW COLUMNS FROM `tp_agent` [ RunTime:0.000644s ]
SQL: SELECT * FROM `tp_agent` WHERE ( `siteurl` = 'http://pig.pinecc.cn' ) LIMIT 1   [ RunTime:0.000169s ]
NOTIC: [8] Constant STATICS already defined /home/project/pig/PigCms/Lib/Action/BaseAction.class.php 第 129 行.
SQL: SHOW COLUMNS FROM `tp_wxuser` [ RunTime:0.000725s ]
SQL: SELECT * FROM `tp_wxuser` WHERE ( `token` = 'tcpbjz1466048616' ) LIMIT 1   [ RunTime:0.000227s ]
NOTIC: [2048] Non-static method getUserInfoModule::index() should not be called statically, assuming $this from incompatible context /home/project/pig/PigCms/Lib/Action/WapAction.class.php 第 106 行.
NOTIC: [8] Undefined index: ali /home/project/pig/PigCms/Lib/Action/WapAction.class.php 第 108 行.
NOTIC: [8] Undefined index: token_oauthed_tcpbjz1466048616 /home/project/pig/PigCms/Lib/Action/WapAction.class.php 第 118 行.
SQL: SHOW COLUMNS FROM `tp_userinfo` [ RunTime:0.000549s ]
SQL: SELECT * FROM `tp_userinfo` WHERE ( `token` = 'tcpbjz1466048616' ) AND ( `wecha_id` = 'd4624c36b6795d1d99dcf0547af5443d' ) LIMIT 1   [ RunTime:0.000249s ]
SQL: SHOW COLUMNS FROM `tp_weixin_account` [ RunTime:0.000368s ]
SQL: SELECT * FROM `tp_weixin_account` WHERE ( `type` = 1 ) LIMIT 1   [ RunTime:0.000107s ]
SQL: SHOW COLUMNS FROM `tp_wxuser` [ RunTime:0.000597s ]
SQL: UPDATE `tp_wxuser` SET `type`='0' WHERE 1 [ RunTime:0.000126s ]
SQL: SHOW COLUMNS FROM `tp_wechat_group_list` [ RunTime:0.000341s ]
SQL: SELECT * FROM `tp_wechat_group_list` WHERE ( `token` = 'tcpbjz1466048616' ) AND ( `openid` = 'd4624c36b6795d1d99dcf0547af5443d' ) LIMIT 1   [ RunTime:0.000134s ]
SQL: SHOW COLUMNS FROM `tp_home` [ RunTime:0.000379s ]
SQL: SELECT * FROM `tp_home` WHERE ( `token` = 'tcpbjz1466048616' ) LIMIT 1   [ RunTime:0.000135s ]
NOTIC: [2] unlink(./Conf/logs/Temp/b/3/b3cfdbe6fa051a7119f79a9d4f0f88b2.php): No such file or directory /home/project/pig/Lib/Driver/Cache/CacheFile.class.php 第 176 行.
SQL: SHOW COLUMNS FROM `tp_catemenu` [ RunTime:0.000335s ]
SQL: SELECT * FROM `tp_catemenu` WHERE ( `token` = 'tcpbjz1466048616' ) AND ( `status` = 1 ) ORDER BY orderss desc  [ RunTime:0.000164s ]
NOTIC: [2] unlink(./Conf/logs/Temp/9/a/9ad94ae2481adecba77c780e20aabf92.php): No such file or directory /home/project/pig/Lib/Driver/Cache/CacheFile.class.php 第 176 行.
SQL: SHOW COLUMNS FROM `tp_users` [ RunTime:0.000445s ]
SQL: SELECT * FROM `tp_users` WHERE ( `id` = 37 ) LIMIT 1   [ RunTime:0.000149s ]
SQL: SHOW COLUMNS FROM `tp_user_group` [ RunTime:0.000437s ]
SQL: SELECT * FROM `tp_user_group` WHERE ( `id` = 4 ) LIMIT 1   [ RunTime:0.000128s ]
SQL: SHOW COLUMNS FROM `tp_company` [ RunTime:0.000473s ]
SQL: SELECT * FROM `tp_company` WHERE ( `token` = 'tcpbjz1466048616' ) AND ( `isbranch` = 0 ) LIMIT 1   [ RunTime:0.000187s ]
SQL: SHOW COLUMNS FROM `tp_product` [ RunTime:0.000497s ]
SQL: SHOW COLUMNS FROM `tp_product_cat` [ RunTime:0.000351s ]
SQL: SHOW COLUMNS FROM `tp_company` [ RunTime:0.000423s ]
SQL: SELECT * FROM `tp_company` WHERE `token`='tcpbjz1466048616' AND `isbranch`=0 LIMIT 1   [ RunTime:0.000172s ]
SQL: SHOW COLUMNS FROM `tp_product_setting` [ RunTime:0.000364s ]
SQL: SELECT * FROM `tp_product_setting` WHERE ( `token` = 'tcpbjz1466048616' ) AND ( `cid` = 26 ) LIMIT 1   [ RunTime:0.000164s ]
SQL: SELECT * FROM `tp_product_cat` WHERE ( `token` = 'tcpbjz1466048616' ) AND ( `cid` = 26 ) AND ( `parentid` = 0 ) ORDER BY sort ASC, id DESC  [ RunTime:0.000194s ]
SQL: SHOW COLUMNS FROM `tp_twitter_set` [ RunTime:0.000331s ]
SQL: SELECT * FROM `tp_twitter_set` WHERE ( `token` = 'tcpbjz1466048616' ) AND ( `cid` = 26 ) LIMIT 1   [ RunTime:0.000173s ]
SQL: SELECT * FROM `tp_product` WHERE ( `id` IN (46) )  [ RunTime:0.000158s ]
SQL: SHOW COLUMNS FROM `tp_norms` [ RunTime:0.000321s ]
SQL: SELECT * FROM `tp_norms` WHERE ( `catid` IN ('78') )  [ RunTime:0.000117s ]
NOTIC: [2] Invalid argument supplied for foreach() /home/project/pig/PigCms/Lib/Action/Wap/StoreAction.class.php 第 552 行.
SQL: SELECT * FROM `tp_product_cat` WHERE ( `id` IN ('78') )  [ RunTime:0.000124s ]
SQL: SELECT * FROM `tp_product_setting` WHERE ( `token` = 'tcpbjz1466048616' ) AND ( `cid` = 26 ) LIMIT 1   [ RunTime:0.000133s ]

[ 2016-06-17T17:30:07+08:00 ] 218.75.69.250 /index.php?g=Wap&m=Store&a=ajaxUpdateCart&token=tcpbjz1466048616&wecha_id=d4624c36b6795d1d99dcf0547af5443d&twid=&id=46&count=2&did=0
INFO: [ app_begin ] --START--
INFO: Run ReadHtmlCache Behavior [ RunTime:0.000303s ]
INFO: [ app_begin ] --END-- [ RunTime:0.000348s ]
SQL: SHOW COLUMNS FROM `tp_agent` [ RunTime:0.000625s ]
SQL: SELECT * FROM `tp_agent` WHERE ( `siteurl` = 'http://pig.pinecc.cn' ) LIMIT 1   [ RunTime:0.000193s ]
NOTIC: [8] Constant STATICS already defined /home/project/pig/PigCms/Lib/Action/BaseAction.class.php 第 129 行.
SQL: SHOW COLUMNS FROM `tp_wxuser` [ RunTime:0.000691s ]
SQL: SELECT * FROM `tp_wxuser` WHERE ( `token` = 'tcpbjz1466048616' ) LIMIT 1   [ RunTime:0.000200s ]
NOTIC: [2048] Non-static method getUserInfoModule::index() should not be called statically, assuming $this from incompatible context /home/project/pig/PigCms/Lib/Action/WapAction.class.php 第 106 行.
NOTIC: [8] Undefined index: ali /home/project/pig/PigCms/Lib/Action/WapAction.class.php 第 108 行.
NOTIC: [8] Undefined index: token_oauthed_tcpbjz1466048616 /home/project/pig/PigCms/Lib/Action/WapAction.class.php 第 118 行.
SQL: SHOW COLUMNS FROM `tp_userinfo` [ RunTime:0.000500s ]
SQL: SELECT * FROM `tp_userinfo` WHERE ( `token` = 'tcpbjz1466048616' ) AND ( `wecha_id` = 'd4624c36b6795d1d99dcf0547af5443d' ) LIMIT 1   [ RunTime:0.000251s ]
SQL: SHOW COLUMNS FROM `tp_weixin_account` [ RunTime:0.000380s ]
SQL: SELECT * FROM `tp_weixin_account` WHERE ( `type` = 1 ) LIMIT 1   [ RunTime:0.000109s ]
SQL: SHOW COLUMNS FROM `tp_wxuser` [ RunTime:0.000617s ]
SQL: UPDATE `tp_wxuser` SET `type`='0' WHERE 1 [ RunTime:0.000116s ]
SQL: SHOW COLUMNS FROM `tp_wechat_group_list` [ RunTime:0.000326s ]
SQL: SELECT * FROM `tp_wechat_group_list` WHERE ( `token` = 'tcpbjz1466048616' ) AND ( `openid` = 'd4624c36b6795d1d99dcf0547af5443d' ) LIMIT 1   [ RunTime:0.000156s ]
SQL: SHOW COLUMNS FROM `tp_home` [ RunTime:0.000381s ]
SQL: SELECT * FROM `tp_home` WHERE ( `token` = 'tcpbjz1466048616' ) LIMIT 1   [ RunTime:0.000159s ]
NOTIC: [2] unlink(./Conf/logs/Temp/b/3/b3cfdbe6fa051a7119f79a9d4f0f88b2.php): No such file or directory /home/project/pig/Lib/Driver/Cache/CacheFile.class.php 第 176 行.
SQL: SHOW COLUMNS FROM `tp_catemenu` [ RunTime:0.000321s ]
SQL: SELECT * FROM `tp_catemenu` WHERE ( `token` = 'tcpbjz1466048616' ) AND ( `status` = 1 ) ORDER BY orderss desc  [ RunTime:0.000160s ]
NOTIC: [2] unlink(./Conf/logs/Temp/9/a/9ad94ae2481adecba77c780e20aabf92.php): No such file or directory /home/project/pig/Lib/Driver/Cache/CacheFile.class.php 第 176 行.
SQL: SHOW COLUMNS FROM `tp_users` [ RunTime:0.000433s ]
SQL: SELECT * FROM `tp_users` WHERE ( `id` = 37 ) LIMIT 1   [ RunTime:0.000174s ]
SQL: SHOW COLUMNS FROM `tp_user_group` [ RunTime:0.000350s ]
SQL: SELECT * FROM `tp_user_group` WHERE ( `id` = 4 ) LIMIT 1   [ RunTime:0.000129s ]
SQL: SHOW COLUMNS FROM `tp_company` [ RunTime:0.000436s ]
SQL: SELECT * FROM `tp_company` WHERE ( `token` = 'tcpbjz1466048616' ) AND ( `isbranch` = 0 ) LIMIT 1   [ RunTime:0.000176s ]
SQL: SHOW COLUMNS FROM `tp_product` [ RunTime:0.000473s ]
SQL: SHOW COLUMNS FROM `tp_product_cat` [ RunTime:0.000378s ]
SQL: SHOW COLUMNS FROM `tp_company` [ RunTime:0.000398s ]
SQL: SELECT * FROM `tp_company` WHERE `token`='tcpbjz1466048616' AND `isbranch`=0 LIMIT 1   [ RunTime:0.000197s ]
SQL: SHOW COLUMNS FROM `tp_product_setting` [ RunTime:0.000346s ]
SQL: SELECT * FROM `tp_product_setting` WHERE ( `token` = 'tcpbjz1466048616' ) AND ( `cid` = 26 ) LIMIT 1   [ RunTime:0.000136s ]
SQL: SELECT * FROM `tp_product_cat` WHERE ( `token` = 'tcpbjz1466048616' ) AND ( `cid` = 26 ) AND ( `parentid` = 0 ) ORDER BY sort ASC, id DESC  [ RunTime:0.000229s ]
SQL: SHOW COLUMNS FROM `tp_twitter_set` [ RunTime:0.000318s ]
SQL: SELECT * FROM `tp_twitter_set` WHERE ( `token` = 'tcpbjz1466048616' ) AND ( `cid` = 26 ) LIMIT 1   [ RunTime:0.000140s ]
SQL: SELECT * FROM `tp_product` WHERE ( `id` IN (46) )  [ RunTime:0.000138s ]
SQL: SHOW COLUMNS FROM `tp_norms` [ RunTime:0.000299s ]
SQL: SELECT * FROM `tp_norms` WHERE ( `catid` IN ('78') )  [ RunTime:0.000126s ]
NOTIC: [2] Invalid argument supplied for foreach() /home/project/pig/PigCms/Lib/Action/Wap/StoreAction.class.php 第 552 行.
SQL: SELECT * FROM `tp_product_cat` WHERE ( `id` IN ('78') )  [ RunTime:0.000150s ]
SQL: SELECT * FROM `tp_product_setting` WHERE ( `token` = 'tcpbjz1466048616' ) AND ( `cid` = 26 ) LIMIT 1   [ RunTime:0.000132s ]
SQL: SELECT * FROM `tp_product` WHERE ( `id` IN (46) )  [ RunTime:0.000133s ]
SQL: SELECT * FROM `tp_norms` WHERE ( `catid` IN ('78') )  [ RunTime:0.000111s ]
NOTIC: [2] Invalid argument supplied for foreach() /home/project/pig/PigCms/Lib/Action/Wap/StoreAction.class.php 第 552 行.
SQL: SELECT * FROM `tp_product_cat` WHERE ( `id` IN ('78') )  [ RunTime:0.000143s ]
SQL: SELECT * FROM `tp_product_setting` WHERE ( `token` = 'tcpbjz1466048616' ) AND ( `cid` = 26 ) LIMIT 1   [ RunTime:0.000129s ]

[ 2016-06-17T17:30:07+08:00 ] 218.75.69.250 /index.php?g=Wap&m=Store&a=ajaxUpdateCart&token=tcpbjz1466048616&wecha_id=d4624c36b6795d1d99dcf0547af5443d&twid=&id=46&count=3&did=0
INFO: [ app_begin ] --START--
INFO: Run ReadHtmlCache Behavior [ RunTime:0.000282s ]
INFO: [ app_begin ] --END-- [ RunTime:0.000332s ]
SQL: SHOW COLUMNS FROM `tp_agent` [ RunTime:0.000726s ]
SQL: SELECT * FROM `tp_agent` WHERE ( `siteurl` = 'http://pig.pinecc.cn' ) LIMIT 1   [ RunTime:0.000257s ]
NOTIC: [8] Constant STATICS already defined /home/project/pig/PigCms/Lib/Action/BaseAction.class.php 第 129 行.
SQL: SHOW COLUMNS FROM `tp_wxuser` [ RunTime:0.000693s ]
SQL: SELECT * FROM `tp_wxuser` WHERE ( `token` = 'tcpbjz1466048616' ) LIMIT 1   [ RunTime:0.000195s ]
NOTIC: [2048] Non-static method getUserInfoModule::index() should not be called statically, assuming $this from incompatible context /home/project/pig/PigCms/Lib/Action/WapAction.class.php 第 106 行.
NOTIC: [8] Undefined index: ali /home/project/pig/PigCms/Lib/Action/WapAction.class.php 第 108 行.
NOTIC: [8] Undefined index: token_oauthed_tcpbjz1466048616 /home/project/pig/PigCms/Lib/Action/WapAction.class.php 第 118 行.
SQL: SHOW COLUMNS FROM `tp_userinfo` [ RunTime:0.000641s ]
SQL: SELECT * FROM `tp_userinfo` WHERE ( `token` = 'tcpbjz1466048616' ) AND ( `wecha_id` = 'd4624c36b6795d1d99dcf0547af5443d' ) LIMIT 1   [ RunTime:0.000319s ]
SQL: SHOW COLUMNS FROM `tp_weixin_account` [ RunTime:0.000338s ]
SQL: SELECT * FROM `tp_weixin_account` WHERE ( `type` = 1 ) LIMIT 1   [ RunTime:0.000111s ]
SQL: SHOW COLUMNS FROM `tp_wxuser` [ RunTime:0.000698s ]
SQL: UPDATE `tp_wxuser` SET `type`='0' WHERE 1 [ RunTime:0.000117s ]
SQL: SHOW COLUMNS FROM `tp_wechat_group_list` [ RunTime:0.000426s ]
SQL: SELECT * FROM `tp_wechat_group_list` WHERE ( `token` = 'tcpbjz1466048616' ) AND ( `openid` = 'd4624c36b6795d1d99dcf0547af5443d' ) LIMIT 1   [ RunTime:0.000130s ]
SQL: SHOW COLUMNS FROM `tp_home` [ RunTime:0.000480s ]
SQL: SELECT * FROM `tp_home` WHERE ( `token` = 'tcpbjz1466048616' ) LIMIT 1   [ RunTime:0.000140s ]
NOTIC: [2] unlink(./Conf/logs/Temp/b/3/b3cfdbe6fa051a7119f79a9d4f0f88b2.php): No such file or directory /home/project/pig/Lib/Driver/Cache/CacheFile.class.php 第 176 行.
SQL: SHOW COLUMNS FROM `tp_catemenu` [ RunTime:0.000368s ]
SQL: SELECT * FROM `tp_catemenu` WHERE ( `token` = 'tcpbjz1466048616' ) AND ( `status` = 1 ) ORDER BY orderss desc  [ RunTime:0.000192s ]
NOTIC: [2] unlink(./Conf/logs/Temp/9/a/9ad94ae2481adecba77c780e20aabf92.php): No such file or directory /home/project/pig/Lib/Driver/Cache/CacheFile.class.php 第 176 行.
SQL: SHOW COLUMNS FROM `tp_users` [ RunTime:0.000530s ]
SQL: SELECT * FROM `tp_users` WHERE ( `id` = 37 ) LIMIT 1   [ RunTime:0.000201s ]
SQL: SHOW COLUMNS FROM `tp_user_group` [ RunTime:0.000408s ]
SQL: SELECT * FROM `tp_user_group` WHERE ( `id` = 4 ) LIMIT 1   [ RunTime:0.000125s ]
SQL: SHOW COLUMNS FROM `tp_company` [ RunTime:0.000452s ]
SQL: SELECT * FROM `tp_company` WHERE ( `token` = 'tcpbjz1466048616' ) AND ( `isbranch` = 0 ) LIMIT 1   [ RunTime:0.000199s ]
SQL: SHOW COLUMNS FROM `tp_product` [ RunTime:0.000434s ]
SQL: SHOW COLUMNS FROM `tp_product_cat` [ RunTime:0.000408s ]
SQL: SHOW COLUMNS FROM `tp_company` [ RunTime:0.000478s ]
SQL: SELECT * FROM `tp_company` WHERE `token`='tcpbjz1466048616' AND `isbranch`=0 LIMIT 1   [ RunTime:0.000222s ]
SQL: SHOW COLUMNS FROM `tp_product_setting` [ RunTime:0.000388s ]
SQL: SELECT * FROM `tp_product_setting` WHERE ( `token` = 'tcpbjz1466048616' ) AND ( `cid` = 26 ) LIMIT 1   [ RunTime:0.000144s ]
SQL: SELECT * FROM `tp_product_cat` WHERE ( `token` = 'tcpbjz1466048616' ) AND ( `cid` = 26 ) AND ( `parentid` = 0 ) ORDER BY sort ASC, id DESC  [ RunTime:0.000197s ]
SQL: SHOW COLUMNS FROM `tp_twitter_set` [ RunTime:0.000394s ]
SQL: SELECT * FROM `tp_twitter_set` WHERE ( `token` = 'tcpbjz1466048616' ) AND ( `cid` = 26 ) LIMIT 1   [ RunTime:0.000167s ]
SQL: SELECT * FROM `tp_product` WHERE ( `id` IN (46) )  [ RunTime:0.000135s ]
SQL: SHOW COLUMNS FROM `tp_norms` [ RunTime:0.000378s ]
SQL: SELECT * FROM `tp_norms` WHERE ( `catid` IN ('78') )  [ RunTime:0.000172s ]
NOTIC: [2] Invalid argument supplied for foreach() /home/project/pig/PigCms/Lib/Action/Wap/StoreAction.class.php 第 552 行.
SQL: SELECT * FROM `tp_product_cat` WHERE ( `id` IN ('78') )  [ RunTime:0.000122s ]
SQL: SELECT * FROM `tp_product_setting` WHERE ( `token` = 'tcpbjz1466048616' ) AND ( `cid` = 26 ) LIMIT 1   [ RunTime:0.000130s ]
SQL: SELECT * FROM `tp_product` WHERE ( `id` IN (46) )  [ RunTime:0.000173s ]
SQL: SELECT * FROM `tp_norms` WHERE ( `catid` IN ('78') )  [ RunTime:0.000111s ]
NOTIC: [2] Invalid argument supplied for foreach() /home/project/pig/PigCms/Lib/Action/Wap/StoreAction.class.php 第 552 行.
SQL: SELECT * FROM `tp_product_cat` WHERE ( `id` IN ('78') )  [ RunTime:0.000119s ]
SQL: SELECT * FROM `tp_product_setting` WHERE ( `token` = 'tcpbjz1466048616' ) AND ( `cid` = 26 ) LIMIT 1   [ RunTime:0.000128s ]

[ 2016-06-17T17:30:08+08:00 ] 218.75.69.250 /index.php?g=Wap&m=Store&a=ajaxUpdateCart&token=tcpbjz1466048616&wecha_id=d4624c36b6795d1d99dcf0547af5443d&twid=&id=46&count=4&did=0
INFO: [ app_begin ] --START--
INFO: Run ReadHtmlCache Behavior [ RunTime:0.000293s ]
INFO: [ app_begin ] --END-- [ RunTime:0.000349s ]
SQL: SHOW COLUMNS FROM `tp_agent` [ RunTime:0.000648s ]
SQL: SELECT * FROM `tp_agent` WHERE ( `siteurl` = 'http://pig.pinecc.cn' ) LIMIT 1   [ RunTime:0.000187s ]
NOTIC: [8] Constant STATICS already defined /home/project/pig/PigCms/Lib/Action/BaseAction.class.php 第 129 行.
SQL: SHOW COLUMNS FROM `tp_wxuser` [ RunTime:0.000657s ]
SQL: SELECT * FROM `tp_wxuser` WHERE ( `token` = 'tcpbjz1466048616' ) LIMIT 1   [ RunTime:0.000221s ]
NOTIC: [2048] Non-static method getUserInfoModule::index() should not be called statically, assuming $this from incompatible context /home/project/pig/PigCms/Lib/Action/WapAction.class.php 第 106 行.
NOTIC: [8] Undefined index: ali /home/project/pig/PigCms/Lib/Action/WapAction.class.php 第 108 行.
NOTIC: [8] Undefined index: token_oauthed_tcpbjz1466048616 /home/project/pig/PigCms/Lib/Action/WapAction.class.php 第 118 行.
SQL: SHOW COLUMNS FROM `tp_userinfo` [ RunTime:0.000556s ]
SQL: SELECT * FROM `tp_userinfo` WHERE ( `token` = 'tcpbjz1466048616' ) AND ( `wecha_id` = 'd4624c36b6795d1d99dcf0547af5443d' ) LIMIT 1   [ RunTime:0.000370s ]
SQL: SHOW COLUMNS FROM `tp_weixin_account` [ RunTime:0.000482s ]
SQL: SELECT * FROM `tp_weixin_account` WHERE ( `type` = 1 ) LIMIT 1   [ RunTime:0.000130s ]
SQL: SHOW COLUMNS FROM `tp_wxuser` [ RunTime:0.000912s ]
SQL: UPDATE `tp_wxuser` SET `type`='0' WHERE 1 [ RunTime:0.000149s ]
SQL: SHOW COLUMNS FROM `tp_wechat_group_list` [ RunTime:0.000490s ]
SQL: SELECT * FROM `tp_wechat_group_list` WHERE ( `token` = 'tcpbjz1466048616' ) AND ( `openid` = 'd4624c36b6795d1d99dcf0547af5443d' ) LIMIT 1   [ RunTime:0.000179s ]
SQL: SHOW COLUMNS FROM `tp_home` [ RunTime:0.000558s ]
SQL: SELECT * FROM `tp_home` WHERE ( `token` = 'tcpbjz1466048616' ) LIMIT 1   [ RunTime:0.000181s ]
NOTIC: [2] unlink(./Conf/logs/Temp/b/3/b3cfdbe6fa051a7119f79a9d4f0f88b2.php): No such file or directory /home/project/pig/Lib/Driver/Cache/CacheFile.class.php 第 176 行.
SQL: SHOW COLUMNS FROM `tp_catemenu` [ RunTime:0.000502s ]
SQL: SELECT * FROM `tp_catemenu` WHERE ( `token` = 'tcpbjz1466048616' ) AND ( `status` = 1 ) ORDER BY orderss desc  [ RunTime:0.000220s ]
NOTIC: [2] unlink(./Conf/logs/Temp/9/a/9ad94ae2481adecba77c780e20aabf92.php): No such file or directory /home/project/pig/Lib/Driver/Cache/CacheFile.class.php 第 176 行.
SQL: SHOW COLUMNS FROM `tp_users` [ RunTime:0.000518s ]
SQL: SELECT * FROM `tp_users` WHERE ( `id` = 37 ) LIMIT 1   [ RunTime:0.000157s ]
SQL: SHOW COLUMNS FROM `tp_user_group` [ RunTime:0.000414s ]
SQL: SELECT * FROM `tp_user_group` WHERE ( `id` = 4 ) LIMIT 1   [ RunTime:0.000149s ]
SQL: SHOW COLUMNS FROM `tp_company` [ RunTime:0.000422s ]
SQL: SELECT * FROM `tp_company` WHERE ( `token` = 'tcpbjz1466048616' ) AND ( `isbranch` = 0 ) LIMIT 1   [ RunTime:0.000178s ]
SQL: SHOW COLUMNS FROM `tp_product` [ RunTime:0.000457s ]
SQL: SHOW COLUMNS FROM `tp_product_cat` [ RunTime:0.000377s ]
SQL: SHOW COLUMNS FROM `tp_company` [ RunTime:0.000435s ]
SQL: SELECT * FROM `tp_company` WHERE `token`='tcpbjz1466048616' AND `isbranch`=0 LIMIT 1   [ RunTime:0.000173s ]
SQL: SHOW COLUMNS FROM `tp_product_setting` [ RunTime:0.000376s ]
SQL: SELECT * FROM `tp_product_setting` WHERE ( `token` = 'tcpbjz1466048616' ) AND ( `cid` = 26 ) LIMIT 1   [ RunTime:0.000138s ]
SQL: SELECT * FROM `tp_product_cat` WHERE ( `token` = 'tcpbjz1466048616' ) AND ( `cid` = 26 ) AND ( `parentid` = 0 ) ORDER BY sort ASC, id DESC  [ RunTime:0.000194s ]
SQL: SHOW COLUMNS FROM `tp_twitter_set` [ RunTime:0.000350s ]
SQL: SELECT * FROM `tp_twitter_set` WHERE ( `token` = 'tcpbjz1466048616' ) AND ( `cid` = 26 ) LIMIT 1   [ RunTime:0.000141s ]
SQL: SELECT * FROM `tp_product` WHERE ( `id` IN (46) )  [ RunTime:0.000136s ]
SQL: SHOW COLUMNS FROM `tp_norms` [ RunTime:0.000344s ]
SQL: SELECT * FROM `tp_norms` WHERE ( `catid` IN ('78') )  [ RunTime:0.000117s ]
NOTIC: [2] Invalid argument supplied for foreach() /home/project/pig/PigCms/Lib/Action/Wap/StoreAction.class.php 第 552 行.
SQL: SELECT * FROM `tp_product_cat` WHERE ( `id` IN ('78') )  [ RunTime:0.000125s ]
SQL: SELECT * FROM `tp_product_setting` WHERE ( `token` = 'tcpbjz1466048616' ) AND ( `cid` = 26 ) LIMIT 1   [ RunTime:0.000131s ]
SQL: SELECT * FROM `tp_product` WHERE ( `id` IN (46) )  [ RunTime:0.000164s ]
SQL: SELECT * FROM `tp_norms` WHERE ( `catid` IN ('78') )  [ RunTime:0.000142s ]
NOTIC: [2] Invalid argument supplied for foreach() /home/project/pig/PigCms/Lib/Action/Wap/StoreAction.class.php 第 552 行.
SQL: SELECT * FROM `tp_product_cat` WHERE ( `id` IN ('78') )  [ RunTime:0.000172s ]
SQL: SELECT * FROM `tp_product_setting` WHERE ( `token` = 'tcpbjz1466048616' ) AND ( `cid` = 26 ) LIMIT 1   [ RunTime:0.000136s ]

[ 2016-06-17T17:30:09+08:00 ] 218.75.69.250 /index.php?g=Wap&m=Store&a=ajaxUpdateCart&token=tcpbjz1466048616&wecha_id=d4624c36b6795d1d99dcf0547af5443d&twid=&id=46&count=5&did=0
INFO: [ app_begin ] --START--
INFO: Run ReadHtmlCache Behavior [ RunTime:0.000317s ]
INFO: [ app_begin ] --END-- [ RunTime:0.000374s ]
SQL: SHOW COLUMNS FROM `tp_agent` [ RunTime:0.000716s ]
SQL: SELECT * FROM `tp_agent` WHERE ( `siteurl` = 'http://pig.pinecc.cn' ) LIMIT 1   [ RunTime:0.000167s ]
NOTIC: [8] Constant STATICS already defined /home/project/pig/PigCms/Lib/Action/BaseAction.class.php 第 129 行.
SQL: SHOW COLUMNS FROM `tp_wxuser` [ RunTime:0.000726s ]
SQL: SELECT * FROM `tp_wxuser` WHERE ( `token` = 'tcpbjz1466048616' ) LIMIT 1   [ RunTime:0.000187s ]
NOTIC: [2048] Non-static method getUserInfoModule::index() should not be called statically, assuming $this from incompatible context /home/project/pig/PigCms/Lib/Action/WapAction.class.php 第 106 行.
NOTIC: [8] Undefined index: ali /home/project/pig/PigCms/Lib/Action/WapAction.class.php 第 108 行.
NOTIC: [8] Undefined index: token_oauthed_tcpbjz1466048616 /home/project/pig/PigCms/Lib/Action/WapAction.class.php 第 118 行.
SQL: SHOW COLUMNS FROM `tp_userinfo` [ RunTime:0.000533s ]
SQL: SELECT * FROM `tp_userinfo` WHERE ( `token` = 'tcpbjz1466048616' ) AND ( `wecha_id` = 'd4624c36b6795d1d99dcf0547af5443d' ) LIMIT 1   [ RunTime:0.000246s ]
SQL: SHOW COLUMNS FROM `tp_weixin_account` [ RunTime:0.000355s ]
SQL: SELECT * FROM `tp_weixin_account` WHERE ( `type` = 1 ) LIMIT 1   [ RunTime:0.000109s ]
SQL: SHOW COLUMNS FROM `tp_wxuser` [ RunTime:0.000600s ]
SQL: UPDATE `tp_wxuser` SET `type`='0' WHERE 1 [ RunTime:0.000119s ]
SQL: SHOW COLUMNS FROM `tp_wechat_group_list` [ RunTime:0.000378s ]
SQL: SELECT * FROM `tp_wechat_group_list` WHERE ( `token` = 'tcpbjz1466048616' ) AND ( `openid` = 'd4624c36b6795d1d99dcf0547af5443d' ) LIMIT 1   [ RunTime:0.000204s ]
SQL: SHOW COLUMNS FROM `tp_home` [ RunTime:0.000412s ]
SQL: SELECT * FROM `tp_home` WHERE ( `token` = 'tcpbjz1466048616' ) LIMIT 1   [ RunTime:0.000147s ]
NOTIC: [2] unlink(./Conf/logs/Temp/b/3/b3cfdbe6fa051a7119f79a9d4f0f88b2.php): No such file or directory /home/project/pig/Lib/Driver/Cache/CacheFile.class.php 第 176 行.
SQL: SHOW COLUMNS FROM `tp_catemenu` [ RunTime:0.000351s ]
SQL: SELECT * FROM `tp_catemenu` WHERE ( `token` = 'tcpbjz1466048616' ) AND ( `status` = 1 ) ORDER BY orderss desc  [ RunTime:0.000163s ]
NOTIC: [2] unlink(./Conf/logs/Temp/9/a/9ad94ae2481adecba77c780e20aabf92.php): No such file or directory /home/project/pig/Lib/Driver/Cache/CacheFile.class.php 第 176 行.
SQL: SHOW COLUMNS FROM `tp_users` [ RunTime:0.000468s ]
SQL: SELECT * FROM `tp_users` WHERE ( `id` = 37 ) LIMIT 1   [ RunTime:0.000201s ]
SQL: SHOW COLUMNS FROM `tp_user_group` [ RunTime:0.000375s ]
SQL: SELECT * FROM `tp_user_group` WHERE ( `id` = 4 ) LIMIT 1   [ RunTime:0.000176s ]
SQL: SHOW COLUMNS FROM `tp_company` [ RunTime:0.000419s ]
SQL: SELECT * FROM `tp_company` WHERE ( `token` = 'tcpbjz1466048616' ) AND ( `isbranch` = 0 ) LIMIT 1   [ RunTime:0.000179s ]
SQL: SHOW COLUMNS FROM `tp_product` [ RunTime:0.000448s ]
SQL: SHOW COLUMNS FROM `tp_product_cat` [ RunTime:0.000432s ]
SQL: SHOW COLUMNS FROM `tp_company` [ RunTime:0.000448s ]
SQL: SELECT * FROM `tp_company` WHERE `token`='tcpbjz1466048616' AND `isbranch`=0 LIMIT 1   [ RunTime:0.000199s ]
SQL: SHOW COLUMNS FROM `tp_product_setting` [ RunTime:0.000370s ]
SQL: SELECT * FROM `tp_product_setting` WHERE ( `token` = 'tcpbjz1466048616' ) AND ( `cid` = 26 ) LIMIT 1   [ RunTime:0.000137s ]
SQL: SELECT * FROM `tp_product_cat` WHERE ( `token` = 'tcpbjz1466048616' ) AND ( `cid` = 26 ) AND ( `parentid` = 0 ) ORDER BY sort ASC, id DESC  [ RunTime:0.000230s ]
SQL: SHOW COLUMNS FROM `tp_twitter_set` [ RunTime:0.000367s ]
SQL: SELECT * FROM `tp_twitter_set` WHERE ( `token` = 'tcpbjz1466048616' ) AND ( `cid` = 26 ) LIMIT 1   [ RunTime:0.000167s ]
SQL: SELECT * FROM `tp_product` WHERE ( `id` IN (46) )  [ RunTime:0.000144s ]
SQL: SHOW COLUMNS FROM `tp_norms` [ RunTime:0.000328s ]
SQL: SELECT * FROM `tp_norms` WHERE ( `catid` IN ('78') )  [ RunTime:0.000148s ]
NOTIC: [2] Invalid argument supplied for foreach() /home/project/pig/PigCms/Lib/Action/Wap/StoreAction.class.php 第 552 行.
SQL: SELECT * FROM `tp_product_cat` WHERE ( `id` IN ('78') )  [ RunTime:0.000144s ]
SQL: SELECT * FROM `tp_product_setting` WHERE ( `token` = 'tcpbjz1466048616' ) AND ( `cid` = 26 ) LIMIT 1   [ RunTime:0.000134s ]
SQL: SELECT * FROM `tp_product` WHERE ( `id` IN (46) )  [ RunTime:0.000135s ]
SQL: SELECT * FROM `tp_norms` WHERE ( `catid` IN ('78') )  [ RunTime:0.000113s ]
NOTIC: [2] Invalid argument supplied for foreach() /home/project/pig/PigCms/Lib/Action/Wap/StoreAction.class.php 第 552 行.
SQL: SELECT * FROM `tp_product_cat` WHERE ( `id` IN ('78') )  [ RunTime:0.000139s ]
SQL: SELECT * FROM `tp_product_setting` WHERE ( `token` = 'tcpbjz1466048616' ) AND ( `cid` = 26 ) LIMIT 1   [ RunTime:0.000130s ]

[ 2016-06-17T17:30:10+08:00 ] 218.75.69.250 /index.php?g=Wap&m=Store&a=ajaxUpdateCart&token=tcpbjz1466048616&wecha_id=d4624c36b6795d1d99dcf0547af5443d&twid=&id=46&count=6&did=0
INFO: [ app_begin ] --START--
INFO: Run ReadHtmlCache Behavior [ RunTime:0.000276s ]
INFO: [ app_begin ] --END-- [ RunTime:0.000348s ]
SQL: SHOW COLUMNS FROM `tp_agent` [ RunTime:0.000699s ]
SQL: SELECT * FROM `tp_agent` WHERE ( `siteurl` = 'http://pig.pinecc.cn' ) LIMIT 1   [ RunTime:0.000193s ]
NOTIC: [8] Constant STATICS already defined /home/project/pig/PigCms/Lib/Action/BaseAction.class.php 第 129 行.
SQL: SHOW COLUMNS FROM `tp_wxuser` [ RunTime:0.000582s ]
SQL: SELECT * FROM `tp_wxuser` WHERE ( `token` = 'tcpbjz1466048616' ) LIMIT 1   [ RunTime:0.000200s ]
NOTIC: [2048] Non-static method getUserInfoModule::index() should not be called statically, assuming $this from incompatible context /home/project/pig/PigCms/Lib/Action/WapAction.class.php 第 106 行.
NOTIC: [8] Undefined index: ali /home/project/pig/PigCms/Lib/Action/WapAction.class.php 第 108 行.
NOTIC: [8] Undefined index: token_oauthed_tcpbjz1466048616 /home/project/pig/PigCms/Lib/Action/WapAction.class.php 第 118 行.
SQL: SHOW COLUMNS FROM `tp_userinfo` [ RunTime:0.000522s ]
SQL: SELECT * FROM `tp_userinfo` WHERE ( `token` = 'tcpbjz1466048616' ) AND ( `wecha_id` = 'd4624c36b6795d1d99dcf0547af5443d' ) LIMIT 1   [ RunTime:0.000279s ]
SQL: SHOW COLUMNS FROM `tp_weixin_account` [ RunTime:0.000335s ]
SQL: SELECT * FROM `tp_weixin_account` WHERE ( `type` = 1 ) LIMIT 1   [ RunTime:0.000105s ]
SQL: SHOW COLUMNS FROM `tp_wxuser` [ RunTime:0.000615s ]
SQL: UPDATE `tp_wxuser` SET `type`='0' WHERE 1 [ RunTime:0.000109s ]
SQL: SHOW COLUMNS FROM `tp_wechat_group_list` [ RunTime:0.000358s ]
SQL: SELECT * FROM `tp_wechat_group_list` WHERE ( `token` = 'tcpbjz1466048616' ) AND ( `openid` = 'd4624c36b6795d1d99dcf0547af5443d' ) LIMIT 1   [ RunTime:0.000166s ]
SQL: SHOW COLUMNS FROM `tp_home` [ RunTime:0.000474s ]
SQL: SELECT * FROM `tp_home` WHERE ( `token` = 'tcpbjz1466048616' ) LIMIT 1   [ RunTime:0.000161s ]
NOTIC: [2] unlink(./Conf/logs/Temp/b/3/b3cfdbe6fa051a7119f79a9d4f0f88b2.php): No such file or directory /home/project/pig/Lib/Driver/Cache/CacheFile.class.php 第 176 行.
SQL: SHOW COLUMNS FROM `tp_catemenu` [ RunTime:0.000418s ]
SQL: SELECT * FROM `tp_catemenu` WHERE ( `token` = 'tcpbjz1466048616' ) AND ( `status` = 1 ) ORDER BY orderss desc  [ RunTime:0.000200s ]
NOTIC: [2] unlink(./Conf/logs/Temp/9/a/9ad94ae2481adecba77c780e20aabf92.php): No such file or directory /home/project/pig/Lib/Driver/Cache/CacheFile.class.php 第 176 行.
SQL: SHOW COLUMNS FROM `tp_users` [ RunTime:0.000597s ]
SQL: SELECT * FROM `tp_users` WHERE ( `id` = 37 ) LIMIT 1   [ RunTime:0.000149s ]
SQL: SHOW COLUMNS FROM `tp_user_group` [ RunTime:0.000386s ]
SQL: SELECT * FROM `tp_user_group` WHERE ( `id` = 4 ) LIMIT 1   [ RunTime:0.000128s ]
SQL: SHOW COLUMNS FROM `tp_company` [ RunTime:0.000449s ]
SQL: SELECT * FROM `tp_company` WHERE ( `token` = 'tcpbjz1466048616' ) AND ( `isbranch` = 0 ) LIMIT 1   [ RunTime:0.000175s ]
SQL: SHOW COLUMNS FROM `tp_product` [ RunTime:0.000419s ]
SQL: SHOW COLUMNS FROM `tp_product_cat` [ RunTime:0.000359s ]
SQL: SHOW COLUMNS FROM `tp_company` [ RunTime:0.000427s ]
SQL: SELECT * FROM `tp_company` WHERE `token`='tcpbjz1466048616' AND `isbranch`=0 LIMIT 1   [ RunTime:0.000176s ]
SQL: SHOW COLUMNS FROM `tp_product_setting` [ RunTime:0.000345s ]
SQL: SELECT * FROM `tp_product_setting` WHERE ( `token` = 'tcpbjz1466048616' ) AND ( `cid` = 26 ) LIMIT 1   [ RunTime:0.000137s ]
SQL: SELECT * FROM `tp_product_cat` WHERE ( `token` = 'tcpbjz1466048616' ) AND ( `cid` = 26 ) AND ( `parentid` = 0 ) ORDER BY sort ASC, id DESC  [ RunTime:0.000195s ]
SQL: SHOW COLUMNS FROM `tp_twitter_set` [ RunTime:0.000323s ]
SQL: SELECT * FROM `tp_twitter_set` WHERE ( `token` = 'tcpbjz1466048616' ) AND ( `cid` = 26 ) LIMIT 1   [ RunTime:0.000142s ]
SQL: SELECT * FROM `tp_product` WHERE ( `id` IN (46) )  [ RunTime:0.000136s ]
SQL: SHOW COLUMNS FROM `tp_norms` [ RunTime:0.000301s ]
SQL: SELECT * FROM `tp_norms` WHERE ( `catid` IN ('78') )  [ RunTime:0.000142s ]
NOTIC: [2] Invalid argument supplied for foreach() /home/project/pig/PigCms/Lib/Action/Wap/StoreAction.class.php 第 552 行.
SQL: SELECT * FROM `tp_product_cat` WHERE ( `id` IN ('78') )  [ RunTime:0.000123s ]
SQL: SELECT * FROM `tp_product_setting` WHERE ( `token` = 'tcpbjz1466048616' ) AND ( `cid` = 26 ) LIMIT 1   [ RunTime:0.000134s ]
SQL: SELECT * FROM `tp_product` WHERE ( `id` IN (46) )  [ RunTime:0.000133s ]
SQL: SELECT * FROM `tp_norms` WHERE ( `catid` IN ('78') )  [ RunTime:0.000112s ]
NOTIC: [2] Invalid argument supplied for foreach() /home/project/pig/PigCms/Lib/Action/Wap/StoreAction.class.php 第 552 行.
SQL: SELECT * FROM `tp_product_cat` WHERE ( `id` IN ('78') )  [ RunTime:0.000128s ]
SQL: SELECT * FROM `tp_product_setting` WHERE ( `token` = 'tcpbjz1466048616' ) AND ( `cid` = 26 ) LIMIT 1   [ RunTime:0.000130s ]

[ 2016-06-17T17:30:11+08:00 ] 218.75.69.250 /index.php?g=Wap&m=Store&a=ajaxUpdateCart&token=tcpbjz1466048616&wecha_id=d4624c36b6795d1d99dcf0547af5443d&twid=&id=46&count=7&did=0
INFO: [ app_begin ] --START--
INFO: Run ReadHtmlCache Behavior [ RunTime:0.000352s ]
INFO: [ app_begin ] --END-- [ RunTime:0.000407s ]
SQL: SHOW COLUMNS FROM `tp_agent` [ RunTime:0.000657s ]
SQL: SELECT * FROM `tp_agent` WHERE ( `siteurl` = 'http://pig.pinecc.cn' ) LIMIT 1   [ RunTime:0.000166s ]
NOTIC: [8] Constant STATICS already defined /home/project/pig/PigCms/Lib/Action/BaseAction.class.php 第 129 行.
SQL: SHOW COLUMNS FROM `tp_wxuser` [ RunTime:0.000631s ]
SQL: SELECT * FROM `tp_wxuser` WHERE ( `token` = 'tcpbjz1466048616' ) LIMIT 1   [ RunTime:0.000208s ]
NOTIC: [2048] Non-static method getUserInfoModule::index() should not be called statically, assuming $this from incompatible context /home/project/pig/PigCms/Lib/Action/WapAction.class.php 第 106 行.
NOTIC: [8] Undefined index: ali /home/project/pig/PigCms/Lib/Action/WapAction.class.php 第 108 行.
NOTIC: [8] Undefined index: token_oauthed_tcpbjz1466048616 /home/project/pig/PigCms/Lib/Action/WapAction.class.php 第 118 行.
SQL: SHOW COLUMNS FROM `tp_userinfo` [ RunTime:0.000583s ]
SQL: SELECT * FROM `tp_userinfo` WHERE ( `token` = 'tcpbjz1466048616' ) AND ( `wecha_id` = 'd4624c36b6795d1d99dcf0547af5443d' ) LIMIT 1   [ RunTime:0.000270s ]
SQL: SHOW COLUMNS FROM `tp_weixin_account` [ RunTime:0.000320s ]
SQL: SELECT * FROM `tp_weixin_account` WHERE ( `type` = 1 ) LIMIT 1   [ RunTime:0.000130s ]
SQL: SHOW COLUMNS FROM `tp_wxuser` [ RunTime:0.000565s ]
SQL: UPDATE `tp_wxuser` SET `type`='0' WHERE 1 [ RunTime:0.000129s ]
SQL: SHOW COLUMNS FROM `tp_wechat_group_list` [ RunTime:0.000356s ]
SQL: SELECT * FROM `tp_wechat_group_list` WHERE ( `token` = 'tcpbjz1466048616' ) AND ( `openid` = 'd4624c36b6795d1d99dcf0547af5443d' ) LIMIT 1   [ RunTime:0.000156s ]
SQL: SHOW COLUMNS FROM `tp_home` [ RunTime:0.000413s ]
SQL: SELECT * FROM `tp_home` WHERE ( `token` = 'tcpbjz1466048616' ) LIMIT 1   [ RunTime:0.000156s ]
NOTIC: [2] unlink(./Conf/logs/Temp/b/3/b3cfdbe6fa051a7119f79a9d4f0f88b2.php): No such file or directory /home/project/pig/Lib/Driver/Cache/CacheFile.class.php 第 176 行.
SQL: SHOW COLUMNS FROM `tp_catemenu` [ RunTime:0.000341s ]
SQL: SELECT * FROM `tp_catemenu` WHERE ( `token` = 'tcpbjz1466048616' ) AND ( `status` = 1 ) ORDER BY orderss desc  [ RunTime:0.000161s ]
NOTIC: [2] unlink(./Conf/logs/Temp/9/a/9ad94ae2481adecba77c780e20aabf92.php): No such file or directory /home/project/pig/Lib/Driver/Cache/CacheFile.class.php 第 176 行.
SQL: SHOW COLUMNS FROM `tp_users` [ RunTime:0.000488s ]
SQL: SELECT * FROM `tp_users` WHERE ( `id` = 37 ) LIMIT 1   [ RunTime:0.000148s ]
SQL: SHOW COLUMNS FROM `tp_user_group` [ RunTime:0.000376s ]
SQL: SELECT * FROM `tp_user_group` WHERE ( `id` = 4 ) LIMIT 1   [ RunTime:0.000134s ]
SQL: SHOW COLUMNS FROM `tp_company` [ RunTime:0.000444s ]
SQL: SELECT * FROM `tp_company` WHERE ( `token` = 'tcpbjz1466048616' ) AND ( `isbranch` = 0 ) LIMIT 1   [ RunTime:0.000174s ]
SQL: SHOW COLUMNS FROM `tp_product` [ RunTime:0.000455s ]
SQL: SHOW COLUMNS FROM `tp_product_cat` [ RunTime:0.000369s ]
SQL: SHOW COLUMNS FROM `tp_company` [ RunTime:0.000411s ]
SQL: SELECT * FROM `tp_company` WHERE `token`='tcpbjz1466048616' AND `isbranch`=0 LIMIT 1   [ RunTime:0.000197s ]
SQL: SHOW COLUMNS FROM `tp_product_setting` [ RunTime:0.000455s ]
SQL: SELECT * FROM `tp_product_setting` WHERE ( `token` = 'tcpbjz1466048616' ) AND ( `cid` = 26 ) LIMIT 1   [ RunTime:0.000170s ]
SQL: SELECT * FROM `tp_product_cat` WHERE ( `token` = 'tcpbjz1466048616' ) AND ( `cid` = 26 ) AND ( `parentid` = 0 ) ORDER BY sort ASC, id DESC  [ RunTime:0.000202s ]
SQL: SHOW COLUMNS FROM `tp_twitter_set` [ RunTime:0.000328s ]
SQL: SELECT * FROM `tp_twitter_set` WHERE ( `token` = 'tcpbjz1466048616' ) AND ( `cid` = 26 ) LIMIT 1   [ RunTime:0.000165s ]
SQL: SELECT * FROM `tp_product` WHERE ( `id` IN (46) )  [ RunTime:0.000144s ]
SQL: SHOW COLUMNS FROM `tp_norms` [ RunTime:0.000294s ]
SQL: SELECT * FROM `tp_norms` WHERE ( `catid` IN ('78') )  [ RunTime:0.000141s ]
NOTIC: [2] Invalid argument supplied for foreach() /home/project/pig/PigCms/Lib/Action/Wap/StoreAction.class.php 第 552 行.
SQL: SELECT * FROM `tp_product_cat` WHERE ( `id` IN ('78') )  [ RunTime:0.000141s ]
SQL: SELECT * FROM `tp_product_setting` WHERE ( `token` = 'tcpbjz1466048616' ) AND ( `cid` = 26 ) LIMIT 1   [ RunTime:0.000130s ]
SQL: SELECT * FROM `tp_product` WHERE ( `id` IN (46) )  [ RunTime:0.000155s ]
SQL: SELECT * FROM `tp_norms` WHERE ( `catid` IN ('78') )  [ RunTime:0.000153s ]
NOTIC: [2] Invalid argument supplied for foreach() /home/project/pig/PigCms/Lib/Action/Wap/StoreAction.class.php 第 552 行.
SQL: SELECT * FROM `tp_product_cat` WHERE ( `id` IN ('78') )  [ RunTime:0.000168s ]
SQL: SELECT * FROM `tp_product_setting` WHERE ( `token` = 'tcpbjz1466048616' ) AND ( `cid` = 26 ) LIMIT 1   [ RunTime:0.000179s ]

