[ 2016-07-06T10:46:53+08:00 ] ERR: (ThinkException) 无法加载模块:excel_out
[ 2016-07-06T16:18:54+08:00 ] 127.0.0.1 /index.php?g=Api&m=Img&a=imgs_del&token=tcpbjz1466048616
INFO: [ app_begin ] --START--
INFO: Run ReadHtmlCache Behavior [ RunTime:0.000000s ]
INFO: [ app_begin ] --END-- [ RunTime:0.000000s ]

[ 2016-07-06T17:16:59+08:00 ] 127.0.0.1 /index.php?g=Api&m=Img&a=imgs_del&token=tcpbjz1466048616
INFO: [ app_begin ] --START--
INFO: Run ReadHtmlCache Behavior [ RunTime:0.000000s ]
INFO: [ app_begin ] --END-- [ RunTime:0.000000s ]

[ 2016-07-06T17:21:08+08:00 ] 127.0.0.1 /index.php?g=Api&m=Img&a=del_img&img=/public_source/www/upload/image/20160706/1467796628970194.jpg&id=undefined&model=ahld_mall&token=tcpbjz1466048616
INFO: [ app_begin ] --START--
INFO: Run ReadHtmlCache Behavior [ RunTime:0.001001s ]
INFO: [ app_begin ] --END-- [ RunTime:0.001001s ]
NOTIC: [8192] mysql_connect(): The mysql extension is deprecated and will be removed in the future: use mysqli or PDO instead E:\xampp\htdocs\huanledui\trunk\Lib\Driver\Db\DbMysql.class.php 第 55 行.
SQL: SHOW COLUMNS FROM `tp_ahld_mall` [ RunTime:0.015600s ]
NOTIC: [8192] preg_replace(): The /e modifier is deprecated, use preg_replace_callback instead E:\xampp\htdocs\huanledui\trunk\Lib\Core\Db.class.php 第 572 行.
SQL: SELECT `img` FROM `tp_ahld_mall` WHERE ( `id` = 0 ) LIMIT 1   [ RunTime:0.015600s ]

[ 2016-07-06T17:21:08+08:00 ] 127.0.0.1 /index.php?g=Api&m=Img&a=del_img&img=/public_source/www/upload/image/20160706/1467796628970194.jpg&id=undefined&model=ahld_mall&token=tcpbjz1466048616
INFO: [ app_begin ] --START--
INFO: Run ReadHtmlCache Behavior [ RunTime:0.000000s ]
INFO: [ app_begin ] --END-- [ RunTime:0.000000s ]
NOTIC: [2] unlink(E:\xampp\htdocs\huanledui\trunk/public_source/www/upload/image/20160706/1467796628970194.jpg): No such file or directory E:\xampp\htdocs\huanledui\trunk\PigCms\Lib\Action\Api\ImgAction.class.php 第 30 行.

[ 2016-07-06T17:21:09+08:00 ] 127.0.0.1 /index.php?g=Api&m=Img&a=del_img&img=/public_source/www/upload/image/20160706/1467796628871307.jpg&id=undefined&model=ahld_mall&token=tcpbjz1466048616
INFO: [ app_begin ] --START--
INFO: Run ReadHtmlCache Behavior [ RunTime:0.000000s ]
INFO: [ app_begin ] --END-- [ RunTime:0.000000s ]
NOTIC: [8192] mysql_connect(): The mysql extension is deprecated and will be removed in the future: use mysqli or PDO instead E:\xampp\htdocs\huanledui\trunk\Lib\Driver\Db\DbMysql.class.php 第 55 行.
SQL: SHOW COLUMNS FROM `tp_ahld_mall` [ RunTime:0.010000s ]
NOTIC: [8192] preg_replace(): The /e modifier is deprecated, use preg_replace_callback instead E:\xampp\htdocs\huanledui\trunk\Lib\Core\Db.class.php 第 572 行.
SQL: SELECT `img` FROM `tp_ahld_mall` WHERE ( `id` = 0 ) LIMIT 1   [ RunTime:0.015001s ]

[ 2016-07-06T17:21:09+08:00 ] 127.0.0.1 /index.php?g=Api&m=Img&a=del_img&img=/public_source/www/upload/image/20160706/1467796628131462.jpg&id=undefined&model=ahld_mall&token=tcpbjz1466048616
INFO: [ app_begin ] --START--
INFO: Run ReadHtmlCache Behavior [ RunTime:0.000000s ]
INFO: [ app_begin ] --END-- [ RunTime:0.000000s ]
NOTIC: [8192] mysql_connect(): The mysql extension is deprecated and will be removed in the future: use mysqli or PDO instead E:\xampp\htdocs\huanledui\trunk\Lib\Driver\Db\DbMysql.class.php 第 55 行.
SQL: SHOW COLUMNS FROM `tp_ahld_mall` [ RunTime:0.010001s ]
NOTIC: [8192] preg_replace(): The /e modifier is deprecated, use preg_replace_callback instead E:\xampp\htdocs\huanledui\trunk\Lib\Core\Db.class.php 第 572 行.
SQL: SELECT `img` FROM `tp_ahld_mall` WHERE ( `id` = 0 ) LIMIT 1   [ RunTime:0.000000s ]

[ 2016-07-06T17:21:09+08:00 ] 127.0.0.1 /index.php?g=Api&m=Img&a=del_img&img=/public_source/www/upload/image/20160706/1467796628757531.jpg&id=undefined&model=ahld_mall&token=tcpbjz1466048616
INFO: [ app_begin ] --START--
INFO: Run ReadHtmlCache Behavior [ RunTime:0.001000s ]
INFO: [ app_begin ] --END-- [ RunTime:0.001000s ]
NOTIC: [8192] mysql_connect(): The mysql extension is deprecated and will be removed in the future: use mysqli or PDO instead E:\xampp\htdocs\huanledui\trunk\Lib\Driver\Db\DbMysql.class.php 第 55 行.
SQL: SHOW COLUMNS FROM `tp_ahld_mall` [ RunTime:0.015600s ]
NOTIC: [8192] preg_replace(): The /e modifier is deprecated, use preg_replace_callback instead E:\xampp\htdocs\huanledui\trunk\Lib\Core\Db.class.php 第 572 行.
SQL: SELECT `img` FROM `tp_ahld_mall` WHERE ( `id` = 0 ) LIMIT 1   [ RunTime:0.000000s ]

[ 2016-07-06T17:21:09+08:00 ] 127.0.0.1 /index.php?g=Api&m=Img&a=del_img&img=/public_source/www/upload/image/20160706/1467796628224841.jpg&id=undefined&model=ahld_mall&token=tcpbjz1466048616
INFO: [ app_begin ] --START--
INFO: Run ReadHtmlCache Behavior [ RunTime:0.001000s ]
INFO: [ app_begin ] --END-- [ RunTime:0.001000s ]
NOTIC: [8192] mysql_connect(): The mysql extension is deprecated and will be removed in the future: use mysqli or PDO instead E:\xampp\htdocs\huanledui\trunk\Lib\Driver\Db\DbMysql.class.php 第 55 行.
SQL: SHOW COLUMNS FROM `tp_ahld_mall` [ RunTime:0.015600s ]
NOTIC: [8192] preg_replace(): The /e modifier is deprecated, use preg_replace_callback instead E:\xampp\htdocs\huanledui\trunk\Lib\Core\Db.class.php 第 572 行.
SQL: SELECT `img` FROM `tp_ahld_mall` WHERE ( `id` = 0 ) LIMIT 1   [ RunTime:0.015600s ]

[ 2016-07-06T17:21:09+08:00 ] 127.0.0.1 /index.php?g=Api&m=Img&a=del_img&img=/public_source/www/upload/image/20160706/1467796628643927.jpg&id=undefined&model=ahld_mall&token=tcpbjz1466048616
INFO: [ app_begin ] --START--
INFO: Run ReadHtmlCache Behavior [ RunTime:0.000000s ]
INFO: [ app_begin ] --END-- [ RunTime:0.000000s ]
NOTIC: [8192] mysql_connect(): The mysql extension is deprecated and will be removed in the future: use mysqli or PDO instead E:\xampp\htdocs\huanledui\trunk\Lib\Driver\Db\DbMysql.class.php 第 55 行.
SQL: SHOW COLUMNS FROM `tp_ahld_mall` [ RunTime:0.000000s ]
NOTIC: [8192] preg_replace(): The /e modifier is deprecated, use preg_replace_callback instead E:\xampp\htdocs\huanledui\trunk\Lib\Core\Db.class.php 第 572 行.
SQL: SELECT `img` FROM `tp_ahld_mall` WHERE ( `id` = 0 ) LIMIT 1   [ RunTime:0.015600s ]

[ 2016-07-06T17:21:09+08:00 ] 127.0.0.1 /index.php?g=Api&m=Img&a=del_img&img=/public_source/www/upload/image/20160706/1467796628970194.jpg&id=undefined&model=ahld_mall&token=tcpbjz1466048616
INFO: [ app_begin ] --START--
INFO: Run ReadHtmlCache Behavior [ RunTime:0.000000s ]
INFO: [ app_begin ] --END-- [ RunTime:0.000000s ]
NOTIC: [2] unlink(E:\xampp\htdocs\huanledui\trunk/public_source/www/upload/image/20160706/1467796628970194.jpg): No such file or directory E:\xampp\htdocs\huanledui\trunk\PigCms\Lib\Action\Api\ImgAction.class.php 第 30 行.

