[ 2016-07-23T00:02:20+08:00 ] 117.149.24.126 /index.php?g=Hld&m=Ext&a=ajaxext
INFO: [ app_begin ] --START--
INFO: Run ReadHtmlCache Behavior [ RunTime:0.000348s ]
INFO: [ app_begin ] --END-- [ RunTime:0.000412s ]
SQL: SHOW COLUMNS FROM `tp_userinfo` [ RunTime:0.001060s ]
SQL: SELECT * FROM `tp_userinfo` WHERE ( `wecha_id` = 'oRmZ8wXfO4dBA3DORx-_Au08pLZ8' ) LIMIT 1   [ RunTime:0.000143s ]
SQL: SHOW COLUMNS FROM `tp_wxuser` [ RunTime:0.000859s ]
SQL: SELECT * FROM `tp_wxuser` WHERE ( `token` = 'plvmhl1467344437' ) LIMIT 1   [ RunTime:0.000114s ]
SQL: SHOW COLUMNS FROM `tp_ahld_ext` [ RunTime:0.000551s ]
SQL: SHOW COLUMNS FROM `tp_ahld_conf` [ RunTime:0.000380s ]
SQL: SELECT `value` FROM `tp_ahld_conf` WHERE ( `type` = 1 ) LIMIT 1   [ RunTime:0.000090s ]
SQL: SELECT `id`,`title`,`addr`,`img`,ROUND(6378.138*2*ASIN(SQRT(POW(SIN(('30.18272'*PI()/180-latitude*PI()/180)/2),2)+COS('30.18272'*PI()/180)*COS(latitude*PI()/180)*POW(SIN(('120.2567'*PI()/180-longitude*PI()/180)/2),2)))*1000) as distance FROM `tp_ahld_ext` WHERE round(6378.138*2*ASIN(SQRT(POW(SIN(('30.18272'*PI()/180-latitude*PI()/180)/2),2)+COS('30.18272'*PI()/180)*COS(latitude*PI()/180)*POW(SIN(('120.2567'*PI()/180-longitude*PI()/180)/2),2)))*1000) <(200000000) ORDER BY score asc LIMIT 0,11   [ RunTime:0.000087s ]

[ 2016-07-23T00:30:00+08:00 ] 117.149.24.126 /index.php?g=Hld&m=Ext&a=ajaxext
INFO: [ app_begin ] --START--
INFO: Run ReadHtmlCache Behavior [ RunTime:0.000647s ]
INFO: [ app_begin ] --END-- [ RunTime:0.000745s ]
SQL: SHOW COLUMNS FROM `tp_userinfo` [ RunTime:0.001064s ]
SQL: SELECT * FROM `tp_userinfo` WHERE ( `wecha_id` = 'oRmZ8wXfO4dBA3DORx-_Au08pLZ8' ) LIMIT 1   [ RunTime:0.000148s ]
SQL: SHOW COLUMNS FROM `tp_wxuser` [ RunTime:0.001179s ]
SQL: SELECT * FROM `tp_wxuser` WHERE ( `token` = 'plvmhl1467344437' ) LIMIT 1   [ RunTime:0.000115s ]
SQL: SHOW COLUMNS FROM `tp_ahld_ext` [ RunTime:0.000754s ]
SQL: SHOW COLUMNS FROM `tp_ahld_conf` [ RunTime:0.000379s ]
SQL: SELECT `value` FROM `tp_ahld_conf` WHERE ( `type` = 1 ) LIMIT 1   [ RunTime:0.000091s ]
SQL: SELECT `id`,`title`,`addr`,`img`,ROUND(6378.138*2*ASIN(SQRT(POW(SIN(('30.18278'*PI()/180-latitude*PI()/180)/2),2)+COS('30.18278'*PI()/180)*COS(latitude*PI()/180)*POW(SIN(('120.2568'*PI()/180-longitude*PI()/180)/2),2)))*1000) as distance FROM `tp_ahld_ext` WHERE round(6378.138*2*ASIN(SQRT(POW(SIN(('30.18278'*PI()/180-latitude*PI()/180)/2),2)+COS('30.18278'*PI()/180)*COS(latitude*PI()/180)*POW(SIN(('120.2568'*PI()/180-longitude*PI()/180)/2),2)))*1000) <(200000000) ORDER BY score asc LIMIT 0,11   [ RunTime:0.000452s ]

[ 2016-07-23T00:30:32+08:00 ] 117.149.24.126 /index.php?g=Hld&m=Ext&a=ajaxext
INFO: [ app_begin ] --START--
INFO: Run ReadHtmlCache Behavior [ RunTime:0.000469s ]
INFO: [ app_begin ] --END-- [ RunTime:0.000553s ]
SQL: SHOW COLUMNS FROM `tp_userinfo` [ RunTime:0.001101s ]
SQL: SELECT * FROM `tp_userinfo` WHERE ( `wecha_id` = 'oRmZ8wXfO4dBA3DORx-_Au08pLZ8' ) LIMIT 1   [ RunTime:0.000148s ]
SQL: SHOW COLUMNS FROM `tp_wxuser` [ RunTime:0.000867s ]
SQL: SELECT * FROM `tp_wxuser` WHERE ( `token` = 'plvmhl1467344437' ) LIMIT 1   [ RunTime:0.000116s ]
SQL: SHOW COLUMNS FROM `tp_ahld_ext` [ RunTime:0.000662s ]
SQL: SHOW COLUMNS FROM `tp_ahld_conf` [ RunTime:0.000440s ]
SQL: SELECT `value` FROM `tp_ahld_conf` WHERE ( `type` = 1 ) LIMIT 1   [ RunTime:0.000094s ]
SQL: SELECT `id`,`title`,`addr`,`img`,ROUND(6378.138*2*ASIN(SQRT(POW(SIN(('30.1828'*PI()/180-latitude*PI()/180)/2),2)+COS('30.1828'*PI()/180)*COS(latitude*PI()/180)*POW(SIN(('120.2568'*PI()/180-longitude*PI()/180)/2),2)))*1000) as distance FROM `tp_ahld_ext` WHERE round(6378.138*2*ASIN(SQRT(POW(SIN(('30.1828'*PI()/180-latitude*PI()/180)/2),2)+COS('30.1828'*PI()/180)*COS(latitude*PI()/180)*POW(SIN(('120.2568'*PI()/180-longitude*PI()/180)/2),2)))*1000) <(200000000) ORDER BY score asc LIMIT 0,11   [ RunTime:0.000476s ]

[ 2016-07-23T00:47:54+08:00 ] 36.23.160.220 /index.php?g=Hld&m=Ext&a=ajaxext
INFO: [ app_begin ] --START--
INFO: Run ReadHtmlCache Behavior [ RunTime:0.000399s ]
INFO: [ app_begin ] --END-- [ RunTime:0.000463s ]
SQL: SHOW COLUMNS FROM `tp_userinfo` [ RunTime:0.001097s ]
SQL: SELECT * FROM `tp_userinfo` WHERE ( `wecha_id` = 'oRmZ8wXfO4dBA3DORx-_Au08pLZ8' ) LIMIT 1   [ RunTime:0.000146s ]
SQL: SHOW COLUMNS FROM `tp_wxuser` [ RunTime:0.000869s ]
SQL: SELECT * FROM `tp_wxuser` WHERE ( `token` = 'plvmhl1467344437' ) LIMIT 1   [ RunTime:0.000118s ]
SQL: SHOW COLUMNS FROM `tp_ahld_ext` [ RunTime:0.000712s ]
SQL: SHOW COLUMNS FROM `tp_ahld_conf` [ RunTime:0.000442s ]
SQL: SELECT `value` FROM `tp_ahld_conf` WHERE ( `type` = 1 ) LIMIT 1   [ RunTime:0.000095s ]
SQL: SELECT `id`,`title`,`addr`,`img`,ROUND(6378.138*2*ASIN(SQRT(POW(SIN(('30.18135'*PI()/180-latitude*PI()/180)/2),2)+COS('30.18135'*PI()/180)*COS(latitude*PI()/180)*POW(SIN(('120.2567'*PI()/180-longitude*PI()/180)/2),2)))*1000) as distance FROM `tp_ahld_ext` WHERE round(6378.138*2*ASIN(SQRT(POW(SIN(('30.18135'*PI()/180-latitude*PI()/180)/2),2)+COS('30.18135'*PI()/180)*COS(latitude*PI()/180)*POW(SIN(('120.2567'*PI()/180-longitude*PI()/180)/2),2)))*1000) <(200000000) ORDER BY score asc LIMIT 0,11   [ RunTime:0.000477s ]

[ 2016-07-23T00:48:02+08:00 ] 36.23.160.220 /index.php?g=Hld&m=Mall&a=ajax_show_mall
INFO: [ app_begin ] --START--
INFO: Run ReadHtmlCache Behavior [ RunTime:0.000382s ]
INFO: [ app_begin ] --END-- [ RunTime:0.000447s ]
SQL: SHOW COLUMNS FROM `tp_userinfo` [ RunTime:0.001037s ]
SQL: SELECT * FROM `tp_userinfo` WHERE ( `wecha_id` = 'oRmZ8wXfO4dBA3DORx-_Au08pLZ8' ) LIMIT 1   [ RunTime:0.000196s ]
SQL: SHOW COLUMNS FROM `tp_wxuser` [ RunTime:0.000909s ]
SQL: SELECT * FROM `tp_wxuser` WHERE ( `token` = 'plvmhl1467344437' ) LIMIT 1   [ RunTime:0.000115s ]
SQL: SHOW COLUMNS FROM `tp_ahld_mall` [ RunTime:0.000713s ]
SQL: SHOW COLUMNS FROM `tp_ahld_mtype` [ RunTime:0.000506s ]
SQL: SHOW COLUMNS FROM `tp_ahld_conf` [ RunTime:0.000378s ]
SQL: SELECT `value` FROM `tp_ahld_conf` WHERE ( `type` = 3 ) LIMIT 1   [ RunTime:0.000092s ]
SQL: SELECT `id`,`name`,`level`,`pid` FROM `tp_ahld_mtype`  [ RunTime:0.000110s ]
SQL: select tp_ahld_mall.*,ROUND(6378.138*2*ASIN(SQRT(POW(SIN(('30.18121'*PI()/180-latitude*PI()/180)/2),2)+COS('30.18121'*PI()/180)*COS(latitude*PI()/180)*POW(SIN(('120.2567'*PI()/180-longitude*PI()/180)/2),2)))*1000) as distance from tp_ahld_mall where ROUND(6378.138*2*ASIN(SQRT(POW(SIN(('30.18121'*PI()/180-latitude*PI()/180)/2),2)+COS('30.18121'*PI()/180)*COS(latitude*PI()/180)*POW(SIN(('120.2567'*PI()/180-longitude*PI()/180)/2),2)))*1000) < 12000 and type in (30)  order by score asc limit 0,11 [ RunTime:0.000544s ]

[ 2016-07-23T00:57:05+08:00 ] 10.132.232.137 /index.php?g=Hld&m=Ext&a=ajaxext
INFO: [ app_begin ] --START--
INFO: Run ReadHtmlCache Behavior [ RunTime:0.000381s ]
INFO: [ app_begin ] --END-- [ RunTime:0.000457s ]
SQL: SHOW COLUMNS FROM `tp_userinfo` [ RunTime:0.001160s ]
SQL: SELECT * FROM `tp_userinfo` WHERE ( `wecha_id` = 'oRmZ8wfnl2myLBJCSyhBK6X3mfns' ) LIMIT 1   [ RunTime:0.000146s ]
SQL: SHOW COLUMNS FROM `tp_wxuser` [ RunTime:0.000879s ]
SQL: SELECT * FROM `tp_wxuser` WHERE ( `token` = 'plvmhl1467344437' ) LIMIT 1   [ RunTime:0.000117s ]
SQL: SHOW COLUMNS FROM `tp_ahld_ext` [ RunTime:0.000576s ]
SQL: SHOW COLUMNS FROM `tp_ahld_conf` [ RunTime:0.000498s ]
SQL: SELECT `value` FROM `tp_ahld_conf` WHERE ( `type` = 1 ) LIMIT 1   [ RunTime:0.000128s ]
SQL: SELECT `id`,`title`,`addr`,`img`,ROUND(6378.138*2*ASIN(SQRT(POW(SIN(('30.18206'*PI()/180-latitude*PI()/180)/2),2)+COS('30.18206'*PI()/180)*COS(latitude*PI()/180)*POW(SIN(('120.2537'*PI()/180-longitude*PI()/180)/2),2)))*1000) as distance FROM `tp_ahld_ext` WHERE round(6378.138*2*ASIN(SQRT(POW(SIN(('30.18206'*PI()/180-latitude*PI()/180)/2),2)+COS('30.18206'*PI()/180)*COS(latitude*PI()/180)*POW(SIN(('120.2537'*PI()/180-longitude*PI()/180)/2),2)))*1000) <(200000000) ORDER BY score asc LIMIT 0,11   [ RunTime:0.000593s ]

[ 2016-07-23T01:11:55+08:00 ] 112.10.245.139 /index.php?g=Hld&m=Ext&a=ajaxext
INFO: [ app_begin ] --START--
INFO: Run ReadHtmlCache Behavior [ RunTime:0.000394s ]
INFO: [ app_begin ] --END-- [ RunTime:0.000459s ]
SQL: SHOW COLUMNS FROM `tp_userinfo` [ RunTime:0.001350s ]
SQL: SELECT * FROM `tp_userinfo` WHERE ( `wecha_id` = 'oRmZ8wXfO4dBA3DORx-_Au08pLZ8' ) LIMIT 1   [ RunTime:0.000166s ]
SQL: SHOW COLUMNS FROM `tp_wxuser` [ RunTime:0.001040s ]
SQL: SELECT * FROM `tp_wxuser` WHERE ( `token` = 'plvmhl1467344437' ) LIMIT 1   [ RunTime:0.000117s ]
SQL: SHOW COLUMNS FROM `tp_ahld_ext` [ RunTime:0.000748s ]
SQL: SHOW COLUMNS FROM `tp_ahld_conf` [ RunTime:0.000583s ]
SQL: SELECT `value` FROM `tp_ahld_conf` WHERE ( `type` = 1 ) LIMIT 1   [ RunTime:0.000114s ]
SQL: SELECT `id`,`title`,`addr`,`img`,ROUND(6378.138*2*ASIN(SQRT(POW(SIN(('30.18256'*PI()/180-latitude*PI()/180)/2),2)+COS('30.18256'*PI()/180)*COS(latitude*PI()/180)*POW(SIN(('120.2541'*PI()/180-longitude*PI()/180)/2),2)))*1000) as distance FROM `tp_ahld_ext` WHERE round(6378.138*2*ASIN(SQRT(POW(SIN(('30.18256'*PI()/180-latitude*PI()/180)/2),2)+COS('30.18256'*PI()/180)*COS(latitude*PI()/180)*POW(SIN(('120.2541'*PI()/180-longitude*PI()/180)/2),2)))*1000) <(200000000) ORDER BY score asc LIMIT 0,11   [ RunTime:0.000454s ]

[ 2016-07-23T01:12:09+08:00 ] 112.10.245.139 /index.php?g=Hld&m=Ext&a=ajaxext
INFO: [ app_begin ] --START--
INFO: Run ReadHtmlCache Behavior [ RunTime:0.000335s ]
INFO: [ app_begin ] --END-- [ RunTime:0.000449s ]
SQL: SHOW COLUMNS FROM `tp_userinfo` [ RunTime:0.001056s ]
SQL: SELECT * FROM `tp_userinfo` WHERE ( `wecha_id` = 'oRmZ8wXfO4dBA3DORx-_Au08pLZ8' ) LIMIT 1   [ RunTime:0.000147s ]
SQL: SHOW COLUMNS FROM `tp_wxuser` [ RunTime:0.000879s ]
SQL: SELECT * FROM `tp_wxuser` WHERE ( `token` = 'plvmhl1467344437' ) LIMIT 1   [ RunTime:0.000114s ]
SQL: SHOW COLUMNS FROM `tp_ahld_ext` [ RunTime:0.000597s ]
SQL: SHOW COLUMNS FROM `tp_ahld_conf` [ RunTime:0.000427s ]
SQL: SELECT `value` FROM `tp_ahld_conf` WHERE ( `type` = 1 ) LIMIT 1   [ RunTime:0.000091s ]
SQL: SELECT `id`,`title`,`addr`,`img`,ROUND(6378.138*2*ASIN(SQRT(POW(SIN(('30.18237'*PI()/180-latitude*PI()/180)/2),2)+COS('30.18237'*PI()/180)*COS(latitude*PI()/180)*POW(SIN(('120.2538'*PI()/180-longitude*PI()/180)/2),2)))*1000) as distance FROM `tp_ahld_ext` WHERE round(6378.138*2*ASIN(SQRT(POW(SIN(('30.18237'*PI()/180-latitude*PI()/180)/2),2)+COS('30.18237'*PI()/180)*COS(latitude*PI()/180)*POW(SIN(('120.2538'*PI()/180-longitude*PI()/180)/2),2)))*1000) <(200000000) ORDER BY score asc LIMIT 0,11   [ RunTime:0.000494s ]

[ 2016-07-23T01:12:17+08:00 ] 112.10.245.139 /index.php?g=Hld&m=Mall&a=ajax_show_mall
INFO: [ app_begin ] --START--
INFO: Run ReadHtmlCache Behavior [ RunTime:0.000377s ]
INFO: [ app_begin ] --END-- [ RunTime:0.000447s ]
SQL: SHOW COLUMNS FROM `tp_userinfo` [ RunTime:0.001076s ]
SQL: SELECT * FROM `tp_userinfo` WHERE ( `wecha_id` = 'oRmZ8wXfO4dBA3DORx-_Au08pLZ8' ) LIMIT 1   [ RunTime:0.000150s ]
SQL: SHOW COLUMNS FROM `tp_wxuser` [ RunTime:0.000864s ]
SQL: SELECT * FROM `tp_wxuser` WHERE ( `token` = 'plvmhl1467344437' ) LIMIT 1   [ RunTime:0.000119s ]
SQL: SHOW COLUMNS FROM `tp_ahld_mall` [ RunTime:0.000734s ]
SQL: SHOW COLUMNS FROM `tp_ahld_mtype` [ RunTime:0.000548s ]
SQL: SHOW COLUMNS FROM `tp_ahld_conf` [ RunTime:0.000408s ]
SQL: SELECT `value` FROM `tp_ahld_conf` WHERE ( `type` = 3 ) LIMIT 1   [ RunTime:0.000092s ]
SQL: SELECT `id`,`name`,`level`,`pid` FROM `tp_ahld_mtype`  [ RunTime:0.000126s ]
SQL: select tp_ahld_mall.*,ROUND(6378.138*2*ASIN(SQRT(POW(SIN(('30.18236'*PI()/180-latitude*PI()/180)/2),2)+COS('30.18236'*PI()/180)*COS(latitude*PI()/180)*POW(SIN(('120.2538'*PI()/180-longitude*PI()/180)/2),2)))*1000) as distance from tp_ahld_mall where ROUND(6378.138*2*ASIN(SQRT(POW(SIN(('30.18236'*PI()/180-latitude*PI()/180)/2),2)+COS('30.18236'*PI()/180)*COS(latitude*PI()/180)*POW(SIN(('120.2538'*PI()/180-longitude*PI()/180)/2),2)))*1000) < 12000 and type in (30)  order by score asc limit 0,11 [ RunTime:0.000510s ]

[ 2016-07-23T01:12:26+08:00 ] 112.10.245.139 /index.php?g=Hld&m=Mall&a=ajax_show_mall
INFO: [ app_begin ] --START--
INFO: Run ReadHtmlCache Behavior [ RunTime:0.000415s ]
INFO: [ app_begin ] --END-- [ RunTime:0.000484s ]
SQL: SHOW COLUMNS FROM `tp_userinfo` [ RunTime:0.001057s ]
SQL: SELECT * FROM `tp_userinfo` WHERE ( `wecha_id` = 'oRmZ8wXfO4dBA3DORx-_Au08pLZ8' ) LIMIT 1   [ RunTime:0.000160s ]
SQL: SHOW COLUMNS FROM `tp_wxuser` [ RunTime:0.000883s ]
SQL: SELECT * FROM `tp_wxuser` WHERE ( `token` = 'plvmhl1467344437' ) LIMIT 1   [ RunTime:0.000119s ]
SQL: SHOW COLUMNS FROM `tp_ahld_mall` [ RunTime:0.000686s ]
SQL: SHOW COLUMNS FROM `tp_ahld_mtype` [ RunTime:0.000827s ]
SQL: SHOW COLUMNS FROM `tp_ahld_conf` [ RunTime:0.000444s ]
SQL: SELECT `value` FROM `tp_ahld_conf` WHERE ( `type` = 3 ) LIMIT 1   [ RunTime:0.000091s ]
SQL: SELECT `id`,`name`,`level`,`pid` FROM `tp_ahld_mtype`  [ RunTime:0.000080s ]
SQL: select tp_ahld_mall.*,ROUND(6378.138*2*ASIN(SQRT(POW(SIN(('30.18245'*PI()/180-latitude*PI()/180)/2),2)+COS('30.18245'*PI()/180)*COS(latitude*PI()/180)*POW(SIN(('120.2539'*PI()/180-longitude*PI()/180)/2),2)))*1000) as distance from tp_ahld_mall where ROUND(6378.138*2*ASIN(SQRT(POW(SIN(('30.18245'*PI()/180-latitude*PI()/180)/2),2)+COS('30.18245'*PI()/180)*COS(latitude*PI()/180)*POW(SIN(('120.2539'*PI()/180-longitude*PI()/180)/2),2)))*1000) < 12000 and type in (30)  order by score asc limit 0,11 [ RunTime:0.000658s ]

[ 2016-07-23T01:18:21+08:00 ] 112.10.245.139 /index.php?g=Hld&m=Ext&a=ajaxext
INFO: [ app_begin ] --START--
INFO: Run ReadHtmlCache Behavior [ RunTime:0.000338s ]
INFO: [ app_begin ] --END-- [ RunTime:0.000407s ]
SQL: SHOW COLUMNS FROM `tp_userinfo` [ RunTime:0.001889s ]
SQL: SELECT * FROM `tp_userinfo` WHERE ( `wecha_id` = 'oRmZ8wXfO4dBA3DORx-_Au08pLZ8' ) LIMIT 1   [ RunTime:0.000192s ]
SQL: SHOW COLUMNS FROM `tp_wxuser` [ RunTime:0.001056s ]
SQL: SELECT * FROM `tp_wxuser` WHERE ( `token` = 'plvmhl1467344437' ) LIMIT 1   [ RunTime:0.000116s ]
SQL: SHOW COLUMNS FROM `tp_ahld_ext` [ RunTime:0.000720s ]
SQL: SHOW COLUMNS FROM `tp_ahld_conf` [ RunTime:0.000372s ]
SQL: SELECT `value` FROM `tp_ahld_conf` WHERE ( `type` = 1 ) LIMIT 1   [ RunTime:0.000090s ]
SQL: SELECT `id`,`title`,`addr`,`img`,ROUND(6378.138*2*ASIN(SQRT(POW(SIN(('30.18241'*PI()/180-latitude*PI()/180)/2),2)+COS('30.18241'*PI()/180)*COS(latitude*PI()/180)*POW(SIN(('120.2539'*PI()/180-longitude*PI()/180)/2),2)))*1000) as distance FROM `tp_ahld_ext` WHERE round(6378.138*2*ASIN(SQRT(POW(SIN(('30.18241'*PI()/180-latitude*PI()/180)/2),2)+COS('30.18241'*PI()/180)*COS(latitude*PI()/180)*POW(SIN(('120.2539'*PI()/180-longitude*PI()/180)/2),2)))*1000) <(200000000) ORDER BY score asc LIMIT 0,11   [ RunTime:0.000442s ]

[ 2016-07-23T01:18:31+08:00 ] 112.10.245.139 /index.php?g=Hld&m=Ext&a=ajaxext
INFO: [ app_begin ] --START--
INFO: Run ReadHtmlCache Behavior [ RunTime:0.000329s ]
INFO: [ app_begin ] --END-- [ RunTime:0.000388s ]
SQL: SHOW COLUMNS FROM `tp_userinfo` [ RunTime:0.001040s ]
SQL: SELECT * FROM `tp_userinfo` WHERE ( `wecha_id` = 'oRmZ8wXfO4dBA3DORx-_Au08pLZ8' ) LIMIT 1   [ RunTime:0.000152s ]
SQL: SHOW COLUMNS FROM `tp_wxuser` [ RunTime:0.000861s ]
SQL: SELECT * FROM `tp_wxuser` WHERE ( `token` = 'plvmhl1467344437' ) LIMIT 1   [ RunTime:0.000116s ]
SQL: SHOW COLUMNS FROM `tp_ahld_ext` [ RunTime:0.000729s ]
SQL: SHOW COLUMNS FROM `tp_ahld_conf` [ RunTime:0.000419s ]
SQL: SELECT `value` FROM `tp_ahld_conf` WHERE ( `type` = 1 ) LIMIT 1   [ RunTime:0.000098s ]
SQL: SELECT `id`,`title`,`addr`,`img`,ROUND(6378.138*2*ASIN(SQRT(POW(SIN(('30.18235'*PI()/180-latitude*PI()/180)/2),2)+COS('30.18235'*PI()/180)*COS(latitude*PI()/180)*POW(SIN(('120.2539'*PI()/180-longitude*PI()/180)/2),2)))*1000) as distance FROM `tp_ahld_ext` WHERE round(6378.138*2*ASIN(SQRT(POW(SIN(('30.18235'*PI()/180-latitude*PI()/180)/2),2)+COS('30.18235'*PI()/180)*COS(latitude*PI()/180)*POW(SIN(('120.2539'*PI()/180-longitude*PI()/180)/2),2)))*1000) <(200000000) ORDER BY score asc LIMIT 0,11   [ RunTime:0.000436s ]

[ 2016-07-23T01:18:38+08:00 ] 112.10.245.139 /index.php?g=Hld&m=Mall&a=ajax_show_mall
INFO: [ app_begin ] --START--
INFO: Run ReadHtmlCache Behavior [ RunTime:0.000341s ]
INFO: [ app_begin ] --END-- [ RunTime:0.000403s ]
SQL: SHOW COLUMNS FROM `tp_userinfo` [ RunTime:0.001215s ]
SQL: SELECT * FROM `tp_userinfo` WHERE ( `wecha_id` = 'oRmZ8wXfO4dBA3DORx-_Au08pLZ8' ) LIMIT 1   [ RunTime:0.000168s ]
SQL: SHOW COLUMNS FROM `tp_wxuser` [ RunTime:0.001231s ]
SQL: SELECT * FROM `tp_wxuser` WHERE ( `token` = 'plvmhl1467344437' ) LIMIT 1   [ RunTime:0.000172s ]
SQL: SHOW COLUMNS FROM `tp_ahld_mall` [ RunTime:0.000659s ]
SQL: SHOW COLUMNS FROM `tp_ahld_mtype` [ RunTime:0.000421s ]
SQL: SHOW COLUMNS FROM `tp_ahld_conf` [ RunTime:0.000511s ]
SQL: SELECT `value` FROM `tp_ahld_conf` WHERE ( `type` = 3 ) LIMIT 1   [ RunTime:0.000094s ]
SQL: SELECT `id`,`name`,`level`,`pid` FROM `tp_ahld_mtype`  [ RunTime:0.000084s ]
SQL: select tp_ahld_mall.*,ROUND(6378.138*2*ASIN(SQRT(POW(SIN(('30.18224'*PI()/180-latitude*PI()/180)/2),2)+COS('30.18224'*PI()/180)*COS(latitude*PI()/180)*POW(SIN(('120.254'*PI()/180-longitude*PI()/180)/2),2)))*1000) as distance from tp_ahld_mall where ROUND(6378.138*2*ASIN(SQRT(POW(SIN(('30.18224'*PI()/180-latitude*PI()/180)/2),2)+COS('30.18224'*PI()/180)*COS(latitude*PI()/180)*POW(SIN(('120.254'*PI()/180-longitude*PI()/180)/2),2)))*1000) < 12000 and type in (30)  order by score asc limit 0,11 [ RunTime:0.000782s ]

[ 2016-07-23T01:37:56+08:00 ] 112.10.245.139 /index.php?g=Hld&m=Ext&a=ajaxext
INFO: [ app_begin ] --START--
INFO: Run ReadHtmlCache Behavior [ RunTime:0.000398s ]
INFO: [ app_begin ] --END-- [ RunTime:0.000519s ]
SQL: SHOW COLUMNS FROM `tp_userinfo` [ RunTime:0.001029s ]
SQL: SELECT * FROM `tp_userinfo` WHERE ( `wecha_id` = 'oRmZ8wfnl2myLBJCSyhBK6X3mfns' ) LIMIT 1   [ RunTime:0.000144s ]
SQL: SHOW COLUMNS FROM `tp_wxuser` [ RunTime:0.000938s ]
SQL: SELECT * FROM `tp_wxuser` WHERE ( `token` = 'plvmhl1467344437' ) LIMIT 1   [ RunTime:0.000115s ]
SQL: SHOW COLUMNS FROM `tp_ahld_ext` [ RunTime:0.000553s ]
SQL: SHOW COLUMNS FROM `tp_ahld_conf` [ RunTime:0.000374s ]
SQL: SELECT `value` FROM `tp_ahld_conf` WHERE ( `type` = 1 ) LIMIT 1   [ RunTime:0.000134s ]
SQL: SELECT `id`,`title`,`addr`,`img`,ROUND(6378.138*2*ASIN(SQRT(POW(SIN(('30.18255'*PI()/180-latitude*PI()/180)/2),2)+COS('30.18255'*PI()/180)*COS(latitude*PI()/180)*POW(SIN(('120.2538'*PI()/180-longitude*PI()/180)/2),2)))*1000) as distance FROM `tp_ahld_ext` WHERE round(6378.138*2*ASIN(SQRT(POW(SIN(('30.18255'*PI()/180-latitude*PI()/180)/2),2)+COS('30.18255'*PI()/180)*COS(latitude*PI()/180)*POW(SIN(('120.2538'*PI()/180-longitude*PI()/180)/2),2)))*1000) <(200000000) ORDER BY score asc LIMIT 0,11   [ RunTime:0.000698s ]

[ 2016-07-23T01:44:00+08:00 ] 112.10.245.139 /index.php?g=Hld&m=Ext&a=ajaxext
INFO: [ app_begin ] --START--
INFO: Run ReadHtmlCache Behavior [ RunTime:0.000326s ]
INFO: [ app_begin ] --END-- [ RunTime:0.000386s ]
SQL: SHOW COLUMNS FROM `tp_userinfo` [ RunTime:0.001056s ]
SQL: SELECT * FROM `tp_userinfo` WHERE ( `wecha_id` = 'oRmZ8wXfO4dBA3DORx-_Au08pLZ8' ) LIMIT 1   [ RunTime:0.000151s ]
SQL: SHOW COLUMNS FROM `tp_wxuser` [ RunTime:0.000920s ]
SQL: SELECT * FROM `tp_wxuser` WHERE ( `token` = 'plvmhl1467344437' ) LIMIT 1   [ RunTime:0.000116s ]
SQL: SHOW COLUMNS FROM `tp_ahld_ext` [ RunTime:0.000946s ]
SQL: SHOW COLUMNS FROM `tp_ahld_conf` [ RunTime:0.000561s ]
SQL: SELECT `value` FROM `tp_ahld_conf` WHERE ( `type` = 1 ) LIMIT 1   [ RunTime:0.000112s ]
SQL: SELECT `id`,`title`,`addr`,`img`,ROUND(6378.138*2*ASIN(SQRT(POW(SIN(('30.18248'*PI()/180-latitude*PI()/180)/2),2)+COS('30.18248'*PI()/180)*COS(latitude*PI()/180)*POW(SIN(('120.254'*PI()/180-longitude*PI()/180)/2),2)))*1000) as distance FROM `tp_ahld_ext` WHERE round(6378.138*2*ASIN(SQRT(POW(SIN(('30.18248'*PI()/180-latitude*PI()/180)/2),2)+COS('30.18248'*PI()/180)*COS(latitude*PI()/180)*POW(SIN(('120.254'*PI()/180-longitude*PI()/180)/2),2)))*1000) <(200000000) ORDER BY score asc LIMIT 0,11   [ RunTime:0.000580s ]

[ 2016-07-23T01:44:11+08:00 ] 112.10.245.139 /index.php?g=Hld&m=Ext&a=ajaxext
INFO: [ app_begin ] --START--
INFO: Run ReadHtmlCache Behavior [ RunTime:0.000328s ]
INFO: [ app_begin ] --END-- [ RunTime:0.000386s ]
SQL: SHOW COLUMNS FROM `tp_userinfo` [ RunTime:0.001017s ]
SQL: SELECT * FROM `tp_userinfo` WHERE ( `wecha_id` = 'oRmZ8wXfO4dBA3DORx-_Au08pLZ8' ) LIMIT 1   [ RunTime:0.000146s ]
SQL: SHOW COLUMNS FROM `tp_wxuser` [ RunTime:0.000847s ]
SQL: SELECT * FROM `tp_wxuser` WHERE ( `token` = 'plvmhl1467344437' ) LIMIT 1   [ RunTime:0.000114s ]
SQL: SHOW COLUMNS FROM `tp_ahld_ext` [ RunTime:0.000602s ]
SQL: SHOW COLUMNS FROM `tp_ahld_conf` [ RunTime:0.000428s ]
SQL: SELECT `value` FROM `tp_ahld_conf` WHERE ( `type` = 1 ) LIMIT 1   [ RunTime:0.000091s ]
SQL: SELECT `id`,`title`,`addr`,`img`,ROUND(6378.138*2*ASIN(SQRT(POW(SIN(('30.18254'*PI()/180-latitude*PI()/180)/2),2)+COS('30.18254'*PI()/180)*COS(latitude*PI()/180)*POW(SIN(('120.2538'*PI()/180-longitude*PI()/180)/2),2)))*1000) as distance FROM `tp_ahld_ext` WHERE round(6378.138*2*ASIN(SQRT(POW(SIN(('30.18254'*PI()/180-latitude*PI()/180)/2),2)+COS('30.18254'*PI()/180)*COS(latitude*PI()/180)*POW(SIN(('120.2538'*PI()/180-longitude*PI()/180)/2),2)))*1000) <(200000000) ORDER BY score asc LIMIT 0,11   [ RunTime:0.000465s ]

[ 2016-07-23T02:03:49+08:00 ] 112.10.245.139 /index.php?g=Hld&m=Ext&a=ajaxext
INFO: [ app_begin ] --START--
INFO: Run ReadHtmlCache Behavior [ RunTime:0.000378s ]
INFO: [ app_begin ] --END-- [ RunTime:0.000440s ]
SQL: SHOW COLUMNS FROM `tp_userinfo` [ RunTime:0.001023s ]
SQL: SELECT * FROM `tp_userinfo` WHERE ( `wecha_id` = 'oRmZ8wXfO4dBA3DORx-_Au08pLZ8' ) LIMIT 1   [ RunTime:0.000145s ]
SQL: SHOW COLUMNS FROM `tp_wxuser` [ RunTime:0.000851s ]
SQL: SELECT * FROM `tp_wxuser` WHERE ( `token` = 'plvmhl1467344437' ) LIMIT 1   [ RunTime:0.000115s ]
SQL: SHOW COLUMNS FROM `tp_ahld_ext` [ RunTime:0.000585s ]
SQL: SHOW COLUMNS FROM `tp_ahld_conf` [ RunTime:0.000478s ]
SQL: SELECT `value` FROM `tp_ahld_conf` WHERE ( `type` = 1 ) LIMIT 1   [ RunTime:0.000093s ]
SQL: SELECT `id`,`title`,`addr`,`img`,ROUND(6378.138*2*ASIN(SQRT(POW(SIN(('30.18252'*PI()/180-latitude*PI()/180)/2),2)+COS('30.18252'*PI()/180)*COS(latitude*PI()/180)*POW(SIN(('120.2539'*PI()/180-longitude*PI()/180)/2),2)))*1000) as distance FROM `tp_ahld_ext` WHERE round(6378.138*2*ASIN(SQRT(POW(SIN(('30.18252'*PI()/180-latitude*PI()/180)/2),2)+COS('30.18252'*PI()/180)*COS(latitude*PI()/180)*POW(SIN(('120.2539'*PI()/180-longitude*PI()/180)/2),2)))*1000) <(200000000) ORDER BY score asc LIMIT 0,11   [ RunTime:0.000459s ]

[ 2016-07-23T02:04:02+08:00 ] 112.10.245.139 /index.php?g=Hld&m=Ext&a=ajaxext
INFO: [ app_begin ] --START--
INFO: Run ReadHtmlCache Behavior [ RunTime:0.000348s ]
INFO: [ app_begin ] --END-- [ RunTime:0.000414s ]
SQL: SHOW COLUMNS FROM `tp_userinfo` [ RunTime:0.001330s ]
SQL: SELECT * FROM `tp_userinfo` WHERE ( `wecha_id` = 'oRmZ8wXfO4dBA3DORx-_Au08pLZ8' ) LIMIT 1   [ RunTime:0.000197s ]
SQL: SHOW COLUMNS FROM `tp_wxuser` [ RunTime:0.000924s ]
SQL: SELECT * FROM `tp_wxuser` WHERE ( `token` = 'plvmhl1467344437' ) LIMIT 1   [ RunTime:0.000118s ]
SQL: SHOW COLUMNS FROM `tp_ahld_ext` [ RunTime:0.000575s ]
SQL: SHOW COLUMNS FROM `tp_ahld_conf` [ RunTime:0.000367s ]
SQL: SELECT `value` FROM `tp_ahld_conf` WHERE ( `type` = 1 ) LIMIT 1   [ RunTime:0.000089s ]
SQL: SELECT `id`,`title`,`addr`,`img`,ROUND(6378.138*2*ASIN(SQRT(POW(SIN(('30.18239'*PI()/180-latitude*PI()/180)/2),2)+COS('30.18239'*PI()/180)*COS(latitude*PI()/180)*POW(SIN(('120.2539'*PI()/180-longitude*PI()/180)/2),2)))*1000) as distance FROM `tp_ahld_ext` WHERE round(6378.138*2*ASIN(SQRT(POW(SIN(('30.18239'*PI()/180-latitude*PI()/180)/2),2)+COS('30.18239'*PI()/180)*COS(latitude*PI()/180)*POW(SIN(('120.2539'*PI()/180-longitude*PI()/180)/2),2)))*1000) <(200000000) ORDER BY score asc LIMIT 0,11   [ RunTime:0.000440s ]

[ 2016-07-23T02:06:19+08:00 ] 112.10.245.139 /index.php?g=Hld&m=Ext&a=ajaxext
INFO: [ app_begin ] --START--
INFO: Run ReadHtmlCache Behavior [ RunTime:0.000516s ]
INFO: [ app_begin ] --END-- [ RunTime:0.000582s ]
SQL: SHOW COLUMNS FROM `tp_userinfo` [ RunTime:0.001017s ]
SQL: SELECT * FROM `tp_userinfo` WHERE ( `wecha_id` = 'oRmZ8wXfO4dBA3DORx-_Au08pLZ8' ) LIMIT 1   [ RunTime:0.000143s ]
SQL: SHOW COLUMNS FROM `tp_wxuser` [ RunTime:0.000843s ]
SQL: SELECT * FROM `tp_wxuser` WHERE ( `token` = 'plvmhl1467344437' ) LIMIT 1   [ RunTime:0.000119s ]
SQL: SHOW COLUMNS FROM `tp_ahld_ext` [ RunTime:0.000531s ]
SQL: SHOW COLUMNS FROM `tp_ahld_conf` [ RunTime:0.000405s ]
SQL: SELECT `value` FROM `tp_ahld_conf` WHERE ( `type` = 1 ) LIMIT 1   [ RunTime:0.000108s ]
SQL: SELECT `id`,`title`,`addr`,`img`,ROUND(6378.138*2*ASIN(SQRT(POW(SIN(('30.18246'*PI()/180-latitude*PI()/180)/2),2)+COS('30.18246'*PI()/180)*COS(latitude*PI()/180)*POW(SIN(('120.2539'*PI()/180-longitude*PI()/180)/2),2)))*1000) as distance FROM `tp_ahld_ext` WHERE round(6378.138*2*ASIN(SQRT(POW(SIN(('30.18246'*PI()/180-latitude*PI()/180)/2),2)+COS('30.18246'*PI()/180)*COS(latitude*PI()/180)*POW(SIN(('120.2539'*PI()/180-longitude*PI()/180)/2),2)))*1000) <(200000000) ORDER BY score asc LIMIT 0,11   [ RunTime:0.000472s ]

[ 2016-07-23T02:07:03+08:00 ] 112.10.245.139 /index.php?g=Hld&m=Ext&a=ajaxext
INFO: [ app_begin ] --START--
INFO: Run ReadHtmlCache Behavior [ RunTime:0.000670s ]
INFO: [ app_begin ] --END-- [ RunTime:0.000744s ]
SQL: SHOW COLUMNS FROM `tp_userinfo` [ RunTime:0.001046s ]
SQL: SELECT * FROM `tp_userinfo` WHERE ( `wecha_id` = 'oRmZ8wXfO4dBA3DORx-_Au08pLZ8' ) LIMIT 1   [ RunTime:0.000145s ]
SQL: SHOW COLUMNS FROM `tp_wxuser` [ RunTime:0.000862s ]
SQL: SELECT * FROM `tp_wxuser` WHERE ( `token` = 'plvmhl1467344437' ) LIMIT 1   [ RunTime:0.000117s ]
SQL: SHOW COLUMNS FROM `tp_ahld_ext` [ RunTime:0.000747s ]
SQL: SHOW COLUMNS FROM `tp_ahld_conf` [ RunTime:0.000527s ]
SQL: SELECT `value` FROM `tp_ahld_conf` WHERE ( `type` = 1 ) LIMIT 1   [ RunTime:0.000126s ]
SQL: SELECT `id`,`title`,`addr`,`img`,ROUND(6378.138*2*ASIN(SQRT(POW(SIN(('30.18239'*PI()/180-latitude*PI()/180)/2),2)+COS('30.18239'*PI()/180)*COS(latitude*PI()/180)*POW(SIN(('120.2538'*PI()/180-longitude*PI()/180)/2),2)))*1000) as distance FROM `tp_ahld_ext` WHERE round(6378.138*2*ASIN(SQRT(POW(SIN(('30.18239'*PI()/180-latitude*PI()/180)/2),2)+COS('30.18239'*PI()/180)*COS(latitude*PI()/180)*POW(SIN(('120.2538'*PI()/180-longitude*PI()/180)/2),2)))*1000) <(200000000) ORDER BY score asc LIMIT 0,11   [ RunTime:0.000451s ]

[ 2016-07-23T02:07:09+08:00 ] 112.10.245.139 /index.php?g=Hld&m=Ext&a=ajaxext
INFO: [ app_begin ] --START--
INFO: Run ReadHtmlCache Behavior [ RunTime:0.000333s ]
INFO: [ app_begin ] --END-- [ RunTime:0.000397s ]
SQL: SHOW COLUMNS FROM `tp_userinfo` [ RunTime:0.001104s ]
SQL: SELECT * FROM `tp_userinfo` WHERE ( `wecha_id` = 'oRmZ8wXfO4dBA3DORx-_Au08pLZ8' ) LIMIT 1   [ RunTime:0.000145s ]
SQL: SHOW COLUMNS FROM `tp_wxuser` [ RunTime:0.001133s ]
SQL: SELECT * FROM `tp_wxuser` WHERE ( `token` = 'plvmhl1467344437' ) LIMIT 1   [ RunTime:0.000116s ]
SQL: SHOW COLUMNS FROM `tp_ahld_ext` [ RunTime:0.000721s ]
SQL: SHOW COLUMNS FROM `tp_ahld_conf` [ RunTime:0.000386s ]
SQL: SELECT `value` FROM `tp_ahld_conf` WHERE ( `type` = 1 ) LIMIT 1   [ RunTime:0.000097s ]
SQL: SELECT `id`,`title`,`addr`,`img`,ROUND(6378.138*2*ASIN(SQRT(POW(SIN(('30.18227'*PI()/180-latitude*PI()/180)/2),2)+COS('30.18227'*PI()/180)*COS(latitude*PI()/180)*POW(SIN(('120.2539'*PI()/180-longitude*PI()/180)/2),2)))*1000) as distance FROM `tp_ahld_ext` WHERE round(6378.138*2*ASIN(SQRT(POW(SIN(('30.18227'*PI()/180-latitude*PI()/180)/2),2)+COS('30.18227'*PI()/180)*COS(latitude*PI()/180)*POW(SIN(('120.2539'*PI()/180-longitude*PI()/180)/2),2)))*1000) <(200000000) ORDER BY score asc LIMIT 0,11   [ RunTime:0.000501s ]

[ 2016-07-23T02:07:22+08:00 ] 112.10.245.139 /index.php?g=Hld&m=Mall&a=ajax_show_mall
INFO: [ app_begin ] --START--
INFO: Run ReadHtmlCache Behavior [ RunTime:0.000428s ]
INFO: [ app_begin ] --END-- [ RunTime:0.000508s ]
SQL: SHOW COLUMNS FROM `tp_userinfo` [ RunTime:0.001356s ]
SQL: SELECT * FROM `tp_userinfo` WHERE ( `wecha_id` = 'oRmZ8wXfO4dBA3DORx-_Au08pLZ8' ) LIMIT 1   [ RunTime:0.000147s ]
SQL: SHOW COLUMNS FROM `tp_wxuser` [ RunTime:0.001797s ]
SQL: SELECT * FROM `tp_wxuser` WHERE ( `token` = 'plvmhl1467344437' ) LIMIT 1   [ RunTime:0.000141s ]
SQL: SHOW COLUMNS FROM `tp_ahld_mall` [ RunTime:0.000851s ]
SQL: SHOW COLUMNS FROM `tp_ahld_mtype` [ RunTime:0.000470s ]
SQL: SHOW COLUMNS FROM `tp_ahld_conf` [ RunTime:0.000393s ]
SQL: SELECT `value` FROM `tp_ahld_conf` WHERE ( `type` = 3 ) LIMIT 1   [ RunTime:0.000096s ]
SQL: SELECT `id`,`name`,`level`,`pid` FROM `tp_ahld_mtype`  [ RunTime:0.000089s ]
SQL: select tp_ahld_mall.*,ROUND(6378.138*2*ASIN(SQRT(POW(SIN(('30.18235'*PI()/180-latitude*PI()/180)/2),2)+COS('30.18235'*PI()/180)*COS(latitude*PI()/180)*POW(SIN(('120.2538'*PI()/180-longitude*PI()/180)/2),2)))*1000) as distance from tp_ahld_mall where ROUND(6378.138*2*ASIN(SQRT(POW(SIN(('30.18235'*PI()/180-latitude*PI()/180)/2),2)+COS('30.18235'*PI()/180)*COS(latitude*PI()/180)*POW(SIN(('120.2538'*PI()/180-longitude*PI()/180)/2),2)))*1000) < 12000 and type in (31)  order by score asc limit 0,11 [ RunTime:0.000432s ]

[ 2016-07-23T02:07:27+08:00 ] 112.10.245.139 /index.php?g=Hld&m=Mall&a=ajax_show_mall
INFO: [ app_begin ] --START--
INFO: Run ReadHtmlCache Behavior [ RunTime:0.000498s ]
INFO: [ app_begin ] --END-- [ RunTime:0.000570s ]
SQL: SHOW COLUMNS FROM `tp_userinfo` [ RunTime:0.001037s ]
SQL: SELECT * FROM `tp_userinfo` WHERE ( `wecha_id` = 'oRmZ8wXfO4dBA3DORx-_Au08pLZ8' ) LIMIT 1   [ RunTime:0.000180s ]
SQL: SHOW COLUMNS FROM `tp_wxuser` [ RunTime:0.000824s ]
SQL: SELECT * FROM `tp_wxuser` WHERE ( `token` = 'plvmhl1467344437' ) LIMIT 1   [ RunTime:0.000124s ]
SQL: SHOW COLUMNS FROM `tp_ahld_mall` [ RunTime:0.000777s ]
SQL: SHOW COLUMNS FROM `tp_ahld_mtype` [ RunTime:0.000456s ]
SQL: SHOW COLUMNS FROM `tp_ahld_conf` [ RunTime:0.000436s ]
SQL: SELECT `value` FROM `tp_ahld_conf` WHERE ( `type` = 3 ) LIMIT 1   [ RunTime:0.000091s ]
SQL: SELECT `id`,`name`,`level`,`pid` FROM `tp_ahld_mtype`  [ RunTime:0.000084s ]
SQL: select tp_ahld_mall.*,ROUND(6378.138*2*ASIN(SQRT(POW(SIN(('30.18238'*PI()/180-latitude*PI()/180)/2),2)+COS('30.18238'*PI()/180)*COS(latitude*PI()/180)*POW(SIN(('120.2537'*PI()/180-longitude*PI()/180)/2),2)))*1000) as distance from tp_ahld_mall where ROUND(6378.138*2*ASIN(SQRT(POW(SIN(('30.18238'*PI()/180-latitude*PI()/180)/2),2)+COS('30.18238'*PI()/180)*COS(latitude*PI()/180)*POW(SIN(('120.2537'*PI()/180-longitude*PI()/180)/2),2)))*1000) < 12000 and type in (32)  order by score asc limit 0,11 [ RunTime:0.000435s ]

[ 2016-07-23T02:07:30+08:00 ] 112.10.245.139 /index.php?g=Hld&m=Mall&a=ajax_show_mall
INFO: [ app_begin ] --START--
INFO: Run ReadHtmlCache Behavior [ RunTime:0.000333s ]
INFO: [ app_begin ] --END-- [ RunTime:0.000397s ]
SQL: SHOW COLUMNS FROM `tp_userinfo` [ RunTime:0.001038s ]
SQL: SELECT * FROM `tp_userinfo` WHERE ( `wecha_id` = 'oRmZ8wXfO4dBA3DORx-_Au08pLZ8' ) LIMIT 1   [ RunTime:0.000183s ]
SQL: SHOW COLUMNS FROM `tp_wxuser` [ RunTime:0.000847s ]
SQL: SELECT * FROM `tp_wxuser` WHERE ( `token` = 'plvmhl1467344437' ) LIMIT 1   [ RunTime:0.000117s ]
SQL: SHOW COLUMNS FROM `tp_ahld_mall` [ RunTime:0.000581s ]
SQL: SHOW COLUMNS FROM `tp_ahld_mtype` [ RunTime:0.000440s ]
SQL: SHOW COLUMNS FROM `tp_ahld_conf` [ RunTime:0.000430s ]
SQL: SELECT `value` FROM `tp_ahld_conf` WHERE ( `type` = 3 ) LIMIT 1   [ RunTime:0.000089s ]
SQL: SELECT `id`,`name`,`level`,`pid` FROM `tp_ahld_mtype`  [ RunTime:0.000081s ]
SQL: select tp_ahld_mall.*,ROUND(6378.138*2*ASIN(SQRT(POW(SIN(('30.18232'*PI()/180-latitude*PI()/180)/2),2)+COS('30.18232'*PI()/180)*COS(latitude*PI()/180)*POW(SIN(('120.2538'*PI()/180-longitude*PI()/180)/2),2)))*1000) as distance from tp_ahld_mall where ROUND(6378.138*2*ASIN(SQRT(POW(SIN(('30.18232'*PI()/180-latitude*PI()/180)/2),2)+COS('30.18232'*PI()/180)*COS(latitude*PI()/180)*POW(SIN(('120.2538'*PI()/180-longitude*PI()/180)/2),2)))*1000) < 12000 and type in (30)  order by score asc limit 0,11 [ RunTime:0.000555s ]

[ 2016-07-23T02:07:48+08:00 ] 112.10.245.139 /index.php?g=Hld&m=Mall&a=ajax_show_mall
INFO: [ app_begin ] --START--
INFO: Run ReadHtmlCache Behavior [ RunTime:0.000377s ]
INFO: [ app_begin ] --END-- [ RunTime:0.000439s ]
SQL: SHOW COLUMNS FROM `tp_userinfo` [ RunTime:0.001029s ]
SQL: SELECT * FROM `tp_userinfo` WHERE ( `wecha_id` = 'oRmZ8wXfO4dBA3DORx-_Au08pLZ8' ) LIMIT 1   [ RunTime:0.000148s ]
SQL: SHOW COLUMNS FROM `tp_wxuser` [ RunTime:0.000857s ]
SQL: SELECT * FROM `tp_wxuser` WHERE ( `token` = 'plvmhl1467344437' ) LIMIT 1   [ RunTime:0.000121s ]
SQL: SHOW COLUMNS FROM `tp_ahld_mall` [ RunTime:0.000706s ]
SQL: SHOW COLUMNS FROM `tp_ahld_mtype` [ RunTime:0.000403s ]
SQL: SHOW COLUMNS FROM `tp_ahld_conf` [ RunTime:0.000361s ]
SQL: SELECT `value` FROM `tp_ahld_conf` WHERE ( `type` = 3 ) LIMIT 1   [ RunTime:0.000090s ]
SQL: SELECT `id`,`name`,`level`,`pid` FROM `tp_ahld_mtype`  [ RunTime:0.000080s ]
SQL: select tp_ahld_mall.*,ROUND(6378.138*2*ASIN(SQRT(POW(SIN(('30.18232'*PI()/180-latitude*PI()/180)/2),2)+COS('30.18232'*PI()/180)*COS(latitude*PI()/180)*POW(SIN(('120.2538'*PI()/180-longitude*PI()/180)/2),2)))*1000) as distance from tp_ahld_mall where ROUND(6378.138*2*ASIN(SQRT(POW(SIN(('30.18232'*PI()/180-latitude*PI()/180)/2),2)+COS('30.18232'*PI()/180)*COS(latitude*PI()/180)*POW(SIN(('120.2538'*PI()/180-longitude*PI()/180)/2),2)))*1000) < 12000 and type in (30)  order by ROUND(6378.138*2*ASIN(SQRT(POW(SIN(('30.18232'*PI()/180-latitude*PI()/180)/2),2)+COS('30.18232'*PI()/180)*COS(latitude*PI()/180)*POW(SIN(('120.2538'*PI()/180-longitude*PI()/180)/2),2)))*1000) asc,score desc limit 0,11 [ RunTime:0.000564s ]

[ 2016-07-23T02:07:51+08:00 ] 112.10.245.139 /index.php?g=Hld&m=Mall&a=ajax_show_mall
INFO: [ app_begin ] --START--
INFO: Run ReadHtmlCache Behavior [ RunTime:0.000330s ]
INFO: [ app_begin ] --END-- [ RunTime:0.000394s ]
SQL: SHOW COLUMNS FROM `tp_userinfo` [ RunTime:0.001109s ]
SQL: SELECT * FROM `tp_userinfo` WHERE ( `wecha_id` = 'oRmZ8wXfO4dBA3DORx-_Au08pLZ8' ) LIMIT 1   [ RunTime:0.000161s ]
SQL: SHOW COLUMNS FROM `tp_wxuser` [ RunTime:0.000860s ]
SQL: SELECT * FROM `tp_wxuser` WHERE ( `token` = 'plvmhl1467344437' ) LIMIT 1   [ RunTime:0.000116s ]
SQL: SHOW COLUMNS FROM `tp_ahld_mall` [ RunTime:0.000614s ]
SQL: SHOW COLUMNS FROM `tp_ahld_mtype` [ RunTime:0.000459s ]
SQL: SHOW COLUMNS FROM `tp_ahld_conf` [ RunTime:0.000492s ]
SQL: SELECT `value` FROM `tp_ahld_conf` WHERE ( `type` = 3 ) LIMIT 1   [ RunTime:0.000090s ]
SQL: SELECT `id`,`name`,`level`,`pid` FROM `tp_ahld_mtype`  [ RunTime:0.000083s ]
SQL: select tp_ahld_mall.*,ROUND(6378.138*2*ASIN(SQRT(POW(SIN(('30.18232'*PI()/180-latitude*PI()/180)/2),2)+COS('30.18232'*PI()/180)*COS(latitude*PI()/180)*POW(SIN(('120.2538'*PI()/180-longitude*PI()/180)/2),2)))*1000) as distance from tp_ahld_mall where ROUND(6378.138*2*ASIN(SQRT(POW(SIN(('30.18232'*PI()/180-latitude*PI()/180)/2),2)+COS('30.18232'*PI()/180)*COS(latitude*PI()/180)*POW(SIN(('120.2538'*PI()/180-longitude*PI()/180)/2),2)))*1000) < 12000 and type in (30)  order by per desc,score asc limit 0,11 [ RunTime:0.000525s ]

[ 2016-07-23T02:08:30+08:00 ] 112.10.245.139 /index.php?g=Hld&m=Mall&a=ajax_show_mall
INFO: [ app_begin ] --START--
INFO: Run ReadHtmlCache Behavior [ RunTime:0.000337s ]
INFO: [ app_begin ] --END-- [ RunTime:0.000399s ]
SQL: SHOW COLUMNS FROM `tp_userinfo` [ RunTime:0.001167s ]
SQL: SELECT * FROM `tp_userinfo` WHERE ( `wecha_id` = 'oRmZ8wXfO4dBA3DORx-_Au08pLZ8' ) LIMIT 1   [ RunTime:0.000223s ]
SQL: SHOW COLUMNS FROM `tp_wxuser` [ RunTime:0.001049s ]
SQL: SELECT * FROM `tp_wxuser` WHERE ( `token` = 'plvmhl1467344437' ) LIMIT 1   [ RunTime:0.000117s ]
SQL: SHOW COLUMNS FROM `tp_ahld_mall` [ RunTime:0.000685s ]
SQL: SHOW COLUMNS FROM `tp_ahld_mtype` [ RunTime:0.000495s ]
SQL: SHOW COLUMNS FROM `tp_ahld_conf` [ RunTime:0.000467s ]
SQL: SELECT `value` FROM `tp_ahld_conf` WHERE ( `type` = 3 ) LIMIT 1   [ RunTime:0.000089s ]
SQL: SELECT `id`,`name`,`level`,`pid` FROM `tp_ahld_mtype`  [ RunTime:0.000081s ]
SQL: select tp_ahld_mall.*,ROUND(6378.138*2*ASIN(SQRT(POW(SIN(('30.18235'*PI()/180-latitude*PI()/180)/2),2)+COS('30.18235'*PI()/180)*COS(latitude*PI()/180)*POW(SIN(('120.2539'*PI()/180-longitude*PI()/180)/2),2)))*1000) as distance from tp_ahld_mall where ROUND(6378.138*2*ASIN(SQRT(POW(SIN(('30.18235'*PI()/180-latitude*PI()/180)/2),2)+COS('30.18235'*PI()/180)*COS(latitude*PI()/180)*POW(SIN(('120.2539'*PI()/180-longitude*PI()/180)/2),2)))*1000) < 12000 and type in (30)  order by score asc limit 0,11 [ RunTime:0.000553s ]

[ 2016-07-23T02:08:56+08:00 ] 112.10.245.139 /index.php?g=Hld&m=Ext&a=ajaxext
INFO: [ app_begin ] --START--
INFO: Run ReadHtmlCache Behavior [ RunTime:0.000330s ]
INFO: [ app_begin ] --END-- [ RunTime:0.000393s ]
SQL: SHOW COLUMNS FROM `tp_userinfo` [ RunTime:0.001008s ]
SQL: SELECT * FROM `tp_userinfo` WHERE ( `wecha_id` = 'oRmZ8wXfO4dBA3DORx-_Au08pLZ8' ) LIMIT 1   [ RunTime:0.000145s ]
SQL: SHOW COLUMNS FROM `tp_wxuser` [ RunTime:0.000833s ]
SQL: SELECT * FROM `tp_wxuser` WHERE ( `token` = 'plvmhl1467344437' ) LIMIT 1   [ RunTime:0.000142s ]
SQL: SHOW COLUMNS FROM `tp_ahld_ext` [ RunTime:0.000573s ]
SQL: SHOW COLUMNS FROM `tp_ahld_conf` [ RunTime:0.000370s ]
SQL: SELECT `value` FROM `tp_ahld_conf` WHERE ( `type` = 1 ) LIMIT 1   [ RunTime:0.000092s ]
SQL: SELECT `id`,`title`,`addr`,`img`,ROUND(6378.138*2*ASIN(SQRT(POW(SIN(('30.18253'*PI()/180-latitude*PI()/180)/2),2)+COS('30.18253'*PI()/180)*COS(latitude*PI()/180)*POW(SIN(('120.2538'*PI()/180-longitude*PI()/180)/2),2)))*1000) as distance FROM `tp_ahld_ext` WHERE round(6378.138*2*ASIN(SQRT(POW(SIN(('30.18253'*PI()/180-latitude*PI()/180)/2),2)+COS('30.18253'*PI()/180)*COS(latitude*PI()/180)*POW(SIN(('120.2538'*PI()/180-longitude*PI()/180)/2),2)))*1000) <(200000000) ORDER BY score asc LIMIT 0,11   [ RunTime:0.000435s ]

[ 2016-07-23T09:12:55+08:00 ] 117.149.24.126 /index.php?g=Hld&m=Ext&a=ajaxext
INFO: [ app_begin ] --START--
INFO: Run ReadHtmlCache Behavior [ RunTime:0.000399s ]
INFO: [ app_begin ] --END-- [ RunTime:0.000511s ]
SQL: SHOW COLUMNS FROM `tp_userinfo` [ RunTime:0.001538s ]
SQL: SELECT * FROM `tp_userinfo` WHERE ( `wecha_id` = 'oRmZ8weJxWDoLlc3s3Xn_iEblxzI' ) LIMIT 1   [ RunTime:0.000204s ]
SQL: SHOW COLUMNS FROM `tp_wxuser` [ RunTime:0.004577s ]
SQL: SELECT * FROM `tp_wxuser` WHERE ( `token` = 'plvmhl1467344437' ) LIMIT 1   [ RunTime:0.000124s ]
SQL: SHOW COLUMNS FROM `tp_ahld_ext` [ RunTime:0.000531s ]
SQL: SHOW COLUMNS FROM `tp_ahld_conf` [ RunTime:0.000462s ]
SQL: SELECT `value` FROM `tp_ahld_conf` WHERE ( `type` = 1 ) LIMIT 1   [ RunTime:0.000096s ]
SQL: SELECT `id`,`title`,`addr`,`img`,ROUND(6378.138*2*ASIN(SQRT(POW(SIN(('30.182957'*PI()/180-latitude*PI()/180)/2),2)+COS('30.182957'*PI()/180)*COS(latitude*PI()/180)*POW(SIN(('120.25654'*PI()/180-longitude*PI()/180)/2),2)))*1000) as distance FROM `tp_ahld_ext` WHERE round(6378.138*2*ASIN(SQRT(POW(SIN(('30.182957'*PI()/180-latitude*PI()/180)/2),2)+COS('30.182957'*PI()/180)*COS(latitude*PI()/180)*POW(SIN(('120.25654'*PI()/180-longitude*PI()/180)/2),2)))*1000) <(200000000) ORDER BY score asc LIMIT 0,11   [ RunTime:0.000494s ]

[ 2016-07-23T09:13:17+08:00 ] 117.149.24.126 /index.php?g=Hld&m=Ext&a=ajaxext
INFO: [ app_begin ] --START--
INFO: Run ReadHtmlCache Behavior [ RunTime:0.000328s ]
INFO: [ app_begin ] --END-- [ RunTime:0.000387s ]
SQL: SHOW COLUMNS FROM `tp_userinfo` [ RunTime:0.001062s ]
SQL: SELECT * FROM `tp_userinfo` WHERE ( `wecha_id` = 'oRmZ8weJxWDoLlc3s3Xn_iEblxzI' ) LIMIT 1   [ RunTime:0.000145s ]
SQL: SHOW COLUMNS FROM `tp_wxuser` [ RunTime:0.000944s ]
SQL: SELECT * FROM `tp_wxuser` WHERE ( `token` = 'plvmhl1467344437' ) LIMIT 1   [ RunTime:0.000123s ]
SQL: SHOW COLUMNS FROM `tp_ahld_ext` [ RunTime:0.000737s ]
SQL: SHOW COLUMNS FROM `tp_ahld_conf` [ RunTime:0.000596s ]
SQL: SELECT `value` FROM `tp_ahld_conf` WHERE ( `type` = 1 ) LIMIT 1   [ RunTime:0.000130s ]
SQL: SELECT `id`,`title`,`addr`,`img`,ROUND(6378.138*2*ASIN(SQRT(POW(SIN(('30.182507'*PI()/180-latitude*PI()/180)/2),2)+COS('30.182507'*PI()/180)*COS(latitude*PI()/180)*POW(SIN(('120.256195'*PI()/180-longitude*PI()/180)/2),2)))*1000) as distance FROM `tp_ahld_ext` WHERE round(6378.138*2*ASIN(SQRT(POW(SIN(('30.182507'*PI()/180-latitude*PI()/180)/2),2)+COS('30.182507'*PI()/180)*COS(latitude*PI()/180)*POW(SIN(('120.256195'*PI()/180-longitude*PI()/180)/2),2)))*1000) <(200000000) ORDER BY score asc LIMIT 0,11   [ RunTime:0.000574s ]

[ 2016-07-23T09:14:07+08:00 ] 117.149.24.126 /index.php?g=Hld&m=Mall&a=ajax_show_mall
INFO: [ app_begin ] --START--
INFO: Run ReadHtmlCache Behavior [ RunTime:0.000359s ]
INFO: [ app_begin ] --END-- [ RunTime:0.000422s ]
SQL: SHOW COLUMNS FROM `tp_userinfo` [ RunTime:0.001210s ]
SQL: SELECT * FROM `tp_userinfo` WHERE ( `wecha_id` = 'oRmZ8weJxWDoLlc3s3Xn_iEblxzI' ) LIMIT 1   [ RunTime:0.000146s ]
SQL: SHOW COLUMNS FROM `tp_wxuser` [ RunTime:0.000890s ]
SQL: SELECT * FROM `tp_wxuser` WHERE ( `token` = 'plvmhl1467344437' ) LIMIT 1   [ RunTime:0.000208s ]
SQL: SHOW COLUMNS FROM `tp_ahld_mall` [ RunTime:0.000727s ]
SQL: SHOW COLUMNS FROM `tp_ahld_mtype` [ RunTime:0.000455s ]
SQL: SHOW COLUMNS FROM `tp_ahld_conf` [ RunTime:0.000364s ]
SQL: SELECT `value` FROM `tp_ahld_conf` WHERE ( `type` = 3 ) LIMIT 1   [ RunTime:0.000117s ]
SQL: SELECT `id`,`name`,`level`,`pid` FROM `tp_ahld_mtype`  [ RunTime:0.000083s ]
SQL: select tp_ahld_mall.*,ROUND(6378.138*2*ASIN(SQRT(POW(SIN(('30.182993'*PI()/180-latitude*PI()/180)/2),2)+COS('30.182993'*PI()/180)*COS(latitude*PI()/180)*POW(SIN(('120.25663'*PI()/180-longitude*PI()/180)/2),2)))*1000) as distance from tp_ahld_mall where ROUND(6378.138*2*ASIN(SQRT(POW(SIN(('30.182993'*PI()/180-latitude*PI()/180)/2),2)+COS('30.182993'*PI()/180)*COS(latitude*PI()/180)*POW(SIN(('120.25663'*PI()/180-longitude*PI()/180)/2),2)))*1000) < 12000 and type in (30)  order by score asc limit 0,11 [ RunTime:0.000507s ]

[ 2016-07-23T09:35:14+08:00 ] 117.149.24.126 /index.php?g=Hld&m=Mall&a=ajax_show_mall
INFO: [ app_begin ] --START--
INFO: Run ReadHtmlCache Behavior [ RunTime:0.000328s ]
INFO: [ app_begin ] --END-- [ RunTime:0.000390s ]
SQL: SHOW COLUMNS FROM `tp_userinfo` [ RunTime:0.001039s ]
SQL: SELECT * FROM `tp_userinfo` WHERE ( `wecha_id` = 'oRmZ8wXfO4dBA3DORx-_Au08pLZ8' ) LIMIT 1   [ RunTime:0.000145s ]
SQL: SHOW COLUMNS FROM `tp_wxuser` [ RunTime:0.000851s ]
SQL: SELECT * FROM `tp_wxuser` WHERE ( `token` = 'plvmhl1467344437' ) LIMIT 1   [ RunTime:0.000144s ]
SQL: SHOW COLUMNS FROM `tp_ahld_mall` [ RunTime:0.000763s ]
SQL: SHOW COLUMNS FROM `tp_ahld_mtype` [ RunTime:0.000408s ]
SQL: SHOW COLUMNS FROM `tp_ahld_conf` [ RunTime:0.000415s ]
SQL: SELECT `value` FROM `tp_ahld_conf` WHERE ( `type` = 3 ) LIMIT 1   [ RunTime:0.000091s ]
SQL: SELECT `id`,`name`,`level`,`pid` FROM `tp_ahld_mtype`  [ RunTime:0.000080s ]
SQL: select tp_ahld_mall.*,ROUND(6378.138*2*ASIN(SQRT(POW(SIN(('30.18237'*PI()/180-latitude*PI()/180)/2),2)+COS('30.18237'*PI()/180)*COS(latitude*PI()/180)*POW(SIN(('120.2566'*PI()/180-longitude*PI()/180)/2),2)))*1000) as distance from tp_ahld_mall where ROUND(6378.138*2*ASIN(SQRT(POW(SIN(('30.18237'*PI()/180-latitude*PI()/180)/2),2)+COS('30.18237'*PI()/180)*COS(latitude*PI()/180)*POW(SIN(('120.2566'*PI()/180-longitude*PI()/180)/2),2)))*1000) < 12000 and type in (33)  order by score asc limit 0,11 [ RunTime:0.000468s ]

[ 2016-07-23T09:35:57+08:00 ] 117.149.24.126 /index.php?g=Hld&m=Mall&a=ajax_show_mall
INFO: [ app_begin ] --START--
INFO: Run ReadHtmlCache Behavior [ RunTime:0.000318s ]
INFO: [ app_begin ] --END-- [ RunTime:0.000375s ]
SQL: SHOW COLUMNS FROM `tp_userinfo` [ RunTime:0.001018s ]
SQL: SELECT * FROM `tp_userinfo` WHERE ( `wecha_id` = 'oRmZ8wXfO4dBA3DORx-_Au08pLZ8' ) LIMIT 1   [ RunTime:0.000147s ]
SQL: SHOW COLUMNS FROM `tp_wxuser` [ RunTime:0.000824s ]
SQL: SELECT * FROM `tp_wxuser` WHERE ( `token` = 'plvmhl1467344437' ) LIMIT 1   [ RunTime:0.000113s ]
SQL: SHOW COLUMNS FROM `tp_ahld_mall` [ RunTime:0.000561s ]
SQL: SHOW COLUMNS FROM `tp_ahld_mtype` [ RunTime:0.000459s ]
SQL: SHOW COLUMNS FROM `tp_ahld_conf` [ RunTime:0.000362s ]
SQL: SELECT `value` FROM `tp_ahld_conf` WHERE ( `type` = 3 ) LIMIT 1   [ RunTime:0.000137s ]
SQL: SELECT `id`,`name`,`level`,`pid` FROM `tp_ahld_mtype`  [ RunTime:0.000082s ]
SQL: select tp_ahld_mall.*,ROUND(6378.138*2*ASIN(SQRT(POW(SIN(('30.18244'*PI()/180-latitude*PI()/180)/2),2)+COS('30.18244'*PI()/180)*COS(latitude*PI()/180)*POW(SIN(('120.2567'*PI()/180-longitude*PI()/180)/2),2)))*1000) as distance from tp_ahld_mall where ROUND(6378.138*2*ASIN(SQRT(POW(SIN(('30.18244'*PI()/180-latitude*PI()/180)/2),2)+COS('30.18244'*PI()/180)*COS(latitude*PI()/180)*POW(SIN(('120.2567'*PI()/180-longitude*PI()/180)/2),2)))*1000) < 12000 and type in (30)  order by score asc limit 0,11 [ RunTime:0.000517s ]

[ 2016-07-23T09:37:44+08:00 ] 117.149.24.126 /index.php?g=Hld&m=Ext&a=ajaxext
INFO: [ app_begin ] --START--
INFO: Run ReadHtmlCache Behavior [ RunTime:0.000488s ]
INFO: [ app_begin ] --END-- [ RunTime:0.000564s ]
SQL: SHOW COLUMNS FROM `tp_userinfo` [ RunTime:0.001084s ]
SQL: SELECT * FROM `tp_userinfo` WHERE ( `wecha_id` = 'oRmZ8wdT5UPC7DHZoX0oyxnt3oos' ) LIMIT 1   [ RunTime:0.000147s ]
SQL: SHOW COLUMNS FROM `tp_wxuser` [ RunTime:0.000857s ]
SQL: SELECT * FROM `tp_wxuser` WHERE ( `token` = 'plvmhl1467344437' ) LIMIT 1   [ RunTime:0.000120s ]
SQL: SHOW COLUMNS FROM `tp_ahld_ext` [ RunTime:0.000834s ]
SQL: SHOW COLUMNS FROM `tp_ahld_conf` [ RunTime:0.000581s ]
SQL: SELECT `value` FROM `tp_ahld_conf` WHERE ( `type` = 1 ) LIMIT 1   [ RunTime:0.000126s ]
SQL: SELECT `id`,`title`,`addr`,`img`,ROUND(6378.138*2*ASIN(SQRT(POW(SIN(('30.18298'*PI()/180-latitude*PI()/180)/2),2)+COS('30.18298'*PI()/180)*COS(latitude*PI()/180)*POW(SIN(('120.2565'*PI()/180-longitude*PI()/180)/2),2)))*1000) as distance FROM `tp_ahld_ext` WHERE round(6378.138*2*ASIN(SQRT(POW(SIN(('30.18298'*PI()/180-latitude*PI()/180)/2),2)+COS('30.18298'*PI()/180)*COS(latitude*PI()/180)*POW(SIN(('120.2565'*PI()/180-longitude*PI()/180)/2),2)))*1000) <(200000000) ORDER BY score asc LIMIT 0,11   [ RunTime:0.000616s ]

[ 2016-07-23T09:43:26+08:00 ] 117.149.24.126 /index.php?g=Hld&m=Ext&a=ajaxext
INFO: [ app_begin ] --START--
INFO: Run ReadHtmlCache Behavior [ RunTime:0.000322s ]
INFO: [ app_begin ] --END-- [ RunTime:0.000381s ]
SQL: SHOW COLUMNS FROM `tp_userinfo` [ RunTime:0.001223s ]
SQL: SELECT * FROM `tp_userinfo` WHERE ( `wecha_id` = 'oRmZ8wQpFH3HwasfZiz6PmKIX3eI' ) LIMIT 1   [ RunTime:0.000166s ]
SQL: SHOW COLUMNS FROM `tp_wxuser` [ RunTime:0.000827s ]
SQL: SELECT * FROM `tp_wxuser` WHERE ( `token` = 'plvmhl1467344437' ) LIMIT 1   [ RunTime:0.000117s ]
SQL: SHOW COLUMNS FROM `tp_ahld_ext` [ RunTime:0.000569s ]
SQL: SHOW COLUMNS FROM `tp_ahld_conf` [ RunTime:0.000381s ]
SQL: SELECT `value` FROM `tp_ahld_conf` WHERE ( `type` = 1 ) LIMIT 1   [ RunTime:0.000090s ]
SQL: SELECT `id`,`title`,`addr`,`img`,ROUND(6378.138*2*ASIN(SQRT(POW(SIN(('30.182917'*PI()/180-latitude*PI()/180)/2),2)+COS('30.182917'*PI()/180)*COS(latitude*PI()/180)*POW(SIN(('120.25595'*PI()/180-longitude*PI()/180)/2),2)))*1000) as distance FROM `tp_ahld_ext` WHERE round(6378.138*2*ASIN(SQRT(POW(SIN(('30.182917'*PI()/180-latitude*PI()/180)/2),2)+COS('30.182917'*PI()/180)*COS(latitude*PI()/180)*POW(SIN(('120.25595'*PI()/180-longitude*PI()/180)/2),2)))*1000) <(200000000) ORDER BY score asc LIMIT 0,11   [ RunTime:0.000529s ]

[ 2016-07-23T09:43:36+08:00 ] 117.149.24.126 /index.php?g=Hld&m=Ext&a=ajaxext
INFO: [ app_begin ] --START--
INFO: Run ReadHtmlCache Behavior [ RunTime:0.000541s ]
INFO: [ app_begin ] --END-- [ RunTime:0.000617s ]
SQL: SHOW COLUMNS FROM `tp_userinfo` [ RunTime:0.001043s ]
SQL: SELECT * FROM `tp_userinfo` WHERE ( `wecha_id` = 'oRmZ8wQpFH3HwasfZiz6PmKIX3eI' ) LIMIT 1   [ RunTime:0.000191s ]
SQL: SHOW COLUMNS FROM `tp_wxuser` [ RunTime:0.000853s ]
SQL: SELECT * FROM `tp_wxuser` WHERE ( `token` = 'plvmhl1467344437' ) LIMIT 1   [ RunTime:0.000117s ]
SQL: SHOW COLUMNS FROM `tp_ahld_ext` [ RunTime:0.000593s ]
SQL: SHOW COLUMNS FROM `tp_ahld_conf` [ RunTime:0.000371s ]
SQL: SELECT `value` FROM `tp_ahld_conf` WHERE ( `type` = 1 ) LIMIT 1   [ RunTime:0.000094s ]
SQL: SELECT `id`,`title`,`addr`,`img`,ROUND(6378.138*2*ASIN(SQRT(POW(SIN(('30.182917'*PI()/180-latitude*PI()/180)/2),2)+COS('30.182917'*PI()/180)*COS(latitude*PI()/180)*POW(SIN(('120.25595'*PI()/180-longitude*PI()/180)/2),2)))*1000) as distance FROM `tp_ahld_ext` WHERE round(6378.138*2*ASIN(SQRT(POW(SIN(('30.182917'*PI()/180-latitude*PI()/180)/2),2)+COS('30.182917'*PI()/180)*COS(latitude*PI()/180)*POW(SIN(('120.25595'*PI()/180-longitude*PI()/180)/2),2)))*1000) <(200000000) ORDER BY score asc LIMIT 0,11   [ RunTime:0.000132s ]

[ 2016-07-23T09:44:06+08:00 ] 117.149.24.126 /index.php?g=Hld&m=Ext&a=ajaxext
INFO: [ app_begin ] --START--
INFO: Run ReadHtmlCache Behavior [ RunTime:0.000340s ]
INFO: [ app_begin ] --END-- [ RunTime:0.000408s ]
SQL: SHOW COLUMNS FROM `tp_userinfo` [ RunTime:0.001051s ]
SQL: SELECT * FROM `tp_userinfo` WHERE ( `wecha_id` = 'oRmZ8weJxWDoLlc3s3Xn_iEblxzI' ) LIMIT 1   [ RunTime:0.000202s ]
SQL: SHOW COLUMNS FROM `tp_wxuser` [ RunTime:0.000874s ]
SQL: SELECT * FROM `tp_wxuser` WHERE ( `token` = 'plvmhl1467344437' ) LIMIT 1   [ RunTime:0.000116s ]
SQL: SHOW COLUMNS FROM `tp_ahld_ext` [ RunTime:0.000733s ]
SQL: SHOW COLUMNS FROM `tp_ahld_conf` [ RunTime:0.000368s ]
SQL: SELECT `value` FROM `tp_ahld_conf` WHERE ( `type` = 1 ) LIMIT 1   [ RunTime:0.000091s ]
SQL: SELECT `id`,`title`,`addr`,`img`,ROUND(6378.138*2*ASIN(SQRT(POW(SIN(('30.182915'*PI()/180-latitude*PI()/180)/2),2)+COS('30.182915'*PI()/180)*COS(latitude*PI()/180)*POW(SIN(('120.25599'*PI()/180-longitude*PI()/180)/2),2)))*1000) as distance FROM `tp_ahld_ext` WHERE round(6378.138*2*ASIN(SQRT(POW(SIN(('30.182915'*PI()/180-latitude*PI()/180)/2),2)+COS('30.182915'*PI()/180)*COS(latitude*PI()/180)*POW(SIN(('120.25599'*PI()/180-longitude*PI()/180)/2),2)))*1000) <(200000000) ORDER BY score asc LIMIT 0,11   [ RunTime:0.000435s ]

[ 2016-07-23T09:53:01+08:00 ] 117.149.24.126 /index.php?g=Hld&m=Mall&a=ajax_show_mall
INFO: [ app_begin ] --START--
INFO: Run ReadHtmlCache Behavior [ RunTime:0.000380s ]
INFO: [ app_begin ] --END-- [ RunTime:0.000439s ]
SQL: SHOW COLUMNS FROM `tp_userinfo` [ RunTime:0.001146s ]
SQL: SELECT * FROM `tp_userinfo` WHERE ( `wecha_id` = 'oRmZ8weJxWDoLlc3s3Xn_iEblxzI' ) LIMIT 1   [ RunTime:0.000146s ]
SQL: SHOW COLUMNS FROM `tp_wxuser` [ RunTime:0.000954s ]
SQL: SELECT * FROM `tp_wxuser` WHERE ( `token` = 'plvmhl1467344437' ) LIMIT 1   [ RunTime:0.000177s ]
SQL: SHOW COLUMNS FROM `tp_ahld_mall` [ RunTime:0.000873s ]
SQL: SHOW COLUMNS FROM `tp_ahld_mtype` [ RunTime:0.000476s ]
SQL: SHOW COLUMNS FROM `tp_ahld_conf` [ RunTime:0.000369s ]
SQL: SELECT `value` FROM `tp_ahld_conf` WHERE ( `type` = 3 ) LIMIT 1   [ RunTime:0.000093s ]
SQL: SELECT `id`,`name`,`level`,`pid` FROM `tp_ahld_mtype`  [ RunTime:0.000085s ]
SQL: select tp_ahld_mall.*,ROUND(6378.138*2*ASIN(SQRT(POW(SIN(('30.182915'*PI()/180-latitude*PI()/180)/2),2)+COS('30.182915'*PI()/180)*COS(latitude*PI()/180)*POW(SIN(('120.255974'*PI()/180-longitude*PI()/180)/2),2)))*1000) as distance from tp_ahld_mall where ROUND(6378.138*2*ASIN(SQRT(POW(SIN(('30.182915'*PI()/180-latitude*PI()/180)/2),2)+COS('30.182915'*PI()/180)*COS(latitude*PI()/180)*POW(SIN(('120.255974'*PI()/180-longitude*PI()/180)/2),2)))*1000) < 12000 and type in (32)  order by score asc limit 0,11 [ RunTime:0.000533s ]

[ 2016-07-23T09:55:45+08:00 ] 117.149.24.126 /index.php?g=Hld&m=Mall&a=ajax_show_mall
INFO: [ app_begin ] --START--
INFO: Run ReadHtmlCache Behavior [ RunTime:0.000375s ]
INFO: [ app_begin ] --END-- [ RunTime:0.000445s ]
SQL: SHOW COLUMNS FROM `tp_userinfo` [ RunTime:0.001050s ]
SQL: SELECT * FROM `tp_userinfo` WHERE ( `wecha_id` = 'oRmZ8wXfO4dBA3DORx-_Au08pLZ8' ) LIMIT 1   [ RunTime:0.000174s ]
SQL: SHOW COLUMNS FROM `tp_wxuser` [ RunTime:0.000851s ]
SQL: SELECT * FROM `tp_wxuser` WHERE ( `token` = 'plvmhl1467344437' ) LIMIT 1   [ RunTime:0.000116s ]
SQL: SHOW COLUMNS FROM `tp_ahld_mall` [ RunTime:0.000509s ]
SQL: SHOW COLUMNS FROM `tp_ahld_mtype` [ RunTime:0.000418s ]
SQL: SHOW COLUMNS FROM `tp_ahld_conf` [ RunTime:0.000419s ]
SQL: SELECT `value` FROM `tp_ahld_conf` WHERE ( `type` = 3 ) LIMIT 1   [ RunTime:0.000092s ]
SQL: SELECT `id`,`name`,`level`,`pid` FROM `tp_ahld_mtype`  [ RunTime:0.000082s ]
SQL: select tp_ahld_mall.*,ROUND(6378.138*2*ASIN(SQRT(POW(SIN(('30.18231'*PI()/180-latitude*PI()/180)/2),2)+COS('30.18231'*PI()/180)*COS(latitude*PI()/180)*POW(SIN(('120.2565'*PI()/180-longitude*PI()/180)/2),2)))*1000) as distance from tp_ahld_mall where ROUND(6378.138*2*ASIN(SQRT(POW(SIN(('30.18231'*PI()/180-latitude*PI()/180)/2),2)+COS('30.18231'*PI()/180)*COS(latitude*PI()/180)*POW(SIN(('120.2565'*PI()/180-longitude*PI()/180)/2),2)))*1000) < 12000 and type in (30)  order by score asc limit 0,11 [ RunTime:0.000516s ]

[ 2016-07-23T09:57:14+08:00 ] 117.149.24.126 /index.php?g=Hld&m=Mall&a=ajax_show_mall
INFO: [ app_begin ] --START--
INFO: Run ReadHtmlCache Behavior [ RunTime:0.000327s ]
INFO: [ app_begin ] --END-- [ RunTime:0.000386s ]
SQL: SHOW COLUMNS FROM `tp_userinfo` [ RunTime:0.001039s ]
SQL: SELECT * FROM `tp_userinfo` WHERE ( `wecha_id` = 'oRmZ8wXfO4dBA3DORx-_Au08pLZ8' ) LIMIT 1   [ RunTime:0.000149s ]
SQL: SHOW COLUMNS FROM `tp_wxuser` [ RunTime:0.000835s ]
SQL: SELECT * FROM `tp_wxuser` WHERE ( `token` = 'plvmhl1467344437' ) LIMIT 1   [ RunTime:0.000116s ]
SQL: SHOW COLUMNS FROM `tp_ahld_mall` [ RunTime:0.000533s ]
SQL: SHOW COLUMNS FROM `tp_ahld_mtype` [ RunTime:0.000479s ]
SQL: SHOW COLUMNS FROM `tp_ahld_conf` [ RunTime:0.000360s ]
SQL: SELECT `value` FROM `tp_ahld_conf` WHERE ( `type` = 3 ) LIMIT 1   [ RunTime:0.000088s ]
SQL: SELECT `id`,`name`,`level`,`pid` FROM `tp_ahld_mtype`  [ RunTime:0.000082s ]
SQL: select tp_ahld_mall.*,ROUND(6378.138*2*ASIN(SQRT(POW(SIN(('30.1824'*PI()/180-latitude*PI()/180)/2),2)+COS('30.1824'*PI()/180)*COS(latitude*PI()/180)*POW(SIN(('120.2566'*PI()/180-longitude*PI()/180)/2),2)))*1000) as distance from tp_ahld_mall where ROUND(6378.138*2*ASIN(SQRT(POW(SIN(('30.1824'*PI()/180-latitude*PI()/180)/2),2)+COS('30.1824'*PI()/180)*COS(latitude*PI()/180)*POW(SIN(('120.2566'*PI()/180-longitude*PI()/180)/2),2)))*1000) < 12000 and type in (30)  order by score asc limit 0,11 [ RunTime:0.000501s ]

[ 2016-07-23T09:58:37+08:00 ] 117.149.24.126 /index.php?g=Hld&m=Mall&a=ajax_show_mall
INFO: [ app_begin ] --START--
INFO: Run ReadHtmlCache Behavior [ RunTime:0.000344s ]
INFO: [ app_begin ] --END-- [ RunTime:0.000412s ]
SQL: SHOW COLUMNS FROM `tp_userinfo` [ RunTime:0.001041s ]
SQL: SELECT * FROM `tp_userinfo` WHERE ( `wecha_id` = 'oRmZ8wXfO4dBA3DORx-_Au08pLZ8' ) LIMIT 1   [ RunTime:0.000173s ]
SQL: SHOW COLUMNS FROM `tp_wxuser` [ RunTime:0.000840s ]
SQL: SELECT * FROM `tp_wxuser` WHERE ( `token` = 'plvmhl1467344437' ) LIMIT 1   [ RunTime:0.000164s ]
SQL: SHOW COLUMNS FROM `tp_ahld_mall` [ RunTime:0.000573s ]
SQL: SHOW COLUMNS FROM `tp_ahld_mtype` [ RunTime:0.000408s ]
SQL: SHOW COLUMNS FROM `tp_ahld_conf` [ RunTime:0.000429s ]
SQL: SELECT `value` FROM `tp_ahld_conf` WHERE ( `type` = 3 ) LIMIT 1   [ RunTime:0.000090s ]
SQL: SELECT `id`,`name`,`level`,`pid` FROM `tp_ahld_mtype`  [ RunTime:0.000081s ]
SQL: select tp_ahld_mall.*,ROUND(6378.138*2*ASIN(SQRT(POW(SIN(('30.18237'*PI()/180-latitude*PI()/180)/2),2)+COS('30.18237'*PI()/180)*COS(latitude*PI()/180)*POW(SIN(('120.2566'*PI()/180-longitude*PI()/180)/2),2)))*1000) as distance from tp_ahld_mall where ROUND(6378.138*2*ASIN(SQRT(POW(SIN(('30.18237'*PI()/180-latitude*PI()/180)/2),2)+COS('30.18237'*PI()/180)*COS(latitude*PI()/180)*POW(SIN(('120.2566'*PI()/180-longitude*PI()/180)/2),2)))*1000) < 12000 and type in (30)  order by score asc limit 0,11 [ RunTime:0.000569s ]

[ 2016-07-23T10:08:43+08:00 ] 117.149.24.126 /index.php?g=Hld&m=Mall&a=ajax_show_mall
INFO: [ app_begin ] --START--
INFO: Run ReadHtmlCache Behavior [ RunTime:0.000317s ]
INFO: [ app_begin ] --END-- [ RunTime:0.000376s ]
SQL: SHOW COLUMNS FROM `tp_userinfo` [ RunTime:0.001066s ]
SQL: SELECT * FROM `tp_userinfo` WHERE ( `wecha_id` = 'oRmZ8wXfO4dBA3DORx-_Au08pLZ8' ) LIMIT 1   [ RunTime:0.000145s ]
SQL: SHOW COLUMNS FROM `tp_wxuser` [ RunTime:0.000853s ]
SQL: SELECT * FROM `tp_wxuser` WHERE ( `token` = 'plvmhl1467344437' ) LIMIT 1   [ RunTime:0.000142s ]
SQL: SHOW COLUMNS FROM `tp_ahld_mall` [ RunTime:0.000541s ]
SQL: SHOW COLUMNS FROM `tp_ahld_mtype` [ RunTime:0.000452s ]
SQL: SHOW COLUMNS FROM `tp_ahld_conf` [ RunTime:0.000359s ]
SQL: SELECT `value` FROM `tp_ahld_conf` WHERE ( `type` = 3 ) LIMIT 1   [ RunTime:0.000132s ]
SQL: SELECT `id`,`name`,`level`,`pid` FROM `tp_ahld_mtype`  [ RunTime:0.000080s ]
SQL: select tp_ahld_mall.*,ROUND(6378.138*2*ASIN(SQRT(POW(SIN(('30.18268'*PI()/180-latitude*PI()/180)/2),2)+COS('30.18268'*PI()/180)*COS(latitude*PI()/180)*POW(SIN(('120.2566'*PI()/180-longitude*PI()/180)/2),2)))*1000) as distance from tp_ahld_mall where ROUND(6378.138*2*ASIN(SQRT(POW(SIN(('30.18268'*PI()/180-latitude*PI()/180)/2),2)+COS('30.18268'*PI()/180)*COS(latitude*PI()/180)*POW(SIN(('120.2566'*PI()/180-longitude*PI()/180)/2),2)))*1000) < 12000 and type in (30)  order by score asc limit 0,11 [ RunTime:0.000509s ]

[ 2016-07-23T10:10:54+08:00 ] 117.149.24.126 /index.php?g=Hld&m=Mall&a=ajax_show_mall
INFO: [ app_begin ] --START--
INFO: Run ReadHtmlCache Behavior [ RunTime:0.000388s ]
INFO: [ app_begin ] --END-- [ RunTime:0.000455s ]
SQL: SHOW COLUMNS FROM `tp_userinfo` [ RunTime:0.001416s ]
SQL: SELECT * FROM `tp_userinfo` WHERE ( `wecha_id` = 'oRmZ8wXfO4dBA3DORx-_Au08pLZ8' ) LIMIT 1   [ RunTime:0.000157s ]
SQL: SHOW COLUMNS FROM `tp_wxuser` [ RunTime:0.000917s ]
SQL: SELECT * FROM `tp_wxuser` WHERE ( `token` = 'plvmhl1467344437' ) LIMIT 1   [ RunTime:0.000122s ]
SQL: SHOW COLUMNS FROM `tp_ahld_mall` [ RunTime:0.000759s ]
SQL: SHOW COLUMNS FROM `tp_ahld_mtype` [ RunTime:0.000453s ]
SQL: SHOW COLUMNS FROM `tp_ahld_conf` [ RunTime:0.000363s ]
SQL: SELECT `value` FROM `tp_ahld_conf` WHERE ( `type` = 3 ) LIMIT 1   [ RunTime:0.000153s ]
SQL: SELECT `id`,`name`,`level`,`pid` FROM `tp_ahld_mtype`  [ RunTime:0.000118s ]
SQL: select tp_ahld_mall.*,ROUND(6378.138*2*ASIN(SQRT(POW(SIN(('30.18268'*PI()/180-latitude*PI()/180)/2),2)+COS('30.18268'*PI()/180)*COS(latitude*PI()/180)*POW(SIN(('120.2566'*PI()/180-longitude*PI()/180)/2),2)))*1000) as distance from tp_ahld_mall where ROUND(6378.138*2*ASIN(SQRT(POW(SIN(('30.18268'*PI()/180-latitude*PI()/180)/2),2)+COS('30.18268'*PI()/180)*COS(latitude*PI()/180)*POW(SIN(('120.2566'*PI()/180-longitude*PI()/180)/2),2)))*1000) < 12000 and type in (30)  order by score asc limit 0,11 [ RunTime:0.000634s ]

[ 2016-07-23T10:11:01+08:00 ] 117.149.24.126 /index.php?g=Hld&m=Mall&a=ajax_show_mall
INFO: [ app_begin ] --START--
INFO: Run ReadHtmlCache Behavior [ RunTime:0.000372s ]
INFO: [ app_begin ] --END-- [ RunTime:0.000430s ]
SQL: SHOW COLUMNS FROM `tp_userinfo` [ RunTime:0.001012s ]
SQL: SELECT * FROM `tp_userinfo` WHERE ( `wecha_id` = 'oRmZ8wXfO4dBA3DORx-_Au08pLZ8' ) LIMIT 1   [ RunTime:0.000144s ]
SQL: SHOW COLUMNS FROM `tp_wxuser` [ RunTime:0.000840s ]
SQL: SELECT * FROM `tp_wxuser` WHERE ( `token` = 'plvmhl1467344437' ) LIMIT 1   [ RunTime:0.000165s ]
SQL: SHOW COLUMNS FROM `tp_ahld_mall` [ RunTime:0.000589s ]
SQL: SHOW COLUMNS FROM `tp_ahld_mtype` [ RunTime:0.000491s ]
SQL: SHOW COLUMNS FROM `tp_ahld_conf` [ RunTime:0.000361s ]
SQL: SELECT `value` FROM `tp_ahld_conf` WHERE ( `type` = 3 ) LIMIT 1   [ RunTime:0.000090s ]
SQL: SELECT `id`,`name`,`level`,`pid` FROM `tp_ahld_mtype`  [ RunTime:0.000080s ]
SQL: select tp_ahld_mall.*,ROUND(6378.138*2*ASIN(SQRT(POW(SIN(('30.18246'*PI()/180-latitude*PI()/180)/2),2)+COS('30.18246'*PI()/180)*COS(latitude*PI()/180)*POW(SIN(('120.2566'*PI()/180-longitude*PI()/180)/2),2)))*1000) as distance from tp_ahld_mall where ROUND(6378.138*2*ASIN(SQRT(POW(SIN(('30.18246'*PI()/180-latitude*PI()/180)/2),2)+COS('30.18246'*PI()/180)*COS(latitude*PI()/180)*POW(SIN(('120.2566'*PI()/180-longitude*PI()/180)/2),2)))*1000) < 12000 and type in (35)  order by score asc limit 0,11 [ RunTime:0.000487s ]

