[ 2016-06-23T09:50:36+08:00 ] ERR: (ThinkException) 无法加载模块:Store
[ 2016-06-23T09:50:42+08:00 ] ERR: (ThinkException) 无法加载模块:Store
[ 2016-06-23T09:50:51+08:00 ] ERR: (ThinkException) 无法加载模块:Store
[ 2016-06-23T09:51:01+08:00 ] ERR: (ThinkException) 无法加载模块:Store
[ 2016-06-23T09:51:30+08:00 ] ERR: (ThinkException) 无法加载模块:Store
[ 2016-06-23T15:44:02+08:00 ] ERR: (ThinkException) 无法加载模块:Apiext
[ 2016-06-23T15:51:31+08:00 ] ERR: (ThinkException) 
[ 2016-06-23T15:58:00+08:00 ] ERR: (ThinkException) 非法操作:add_grade
[ 2016-06-23T16:49:27+08:00 ] 218.75.69.250 /index.php?g=User&m=Apiext&a=ajaxext&token=tcpbjz1466048616&id=1
INFO: [ app_begin ] --START--
INFO: Run ReadHtmlCache Behavior [ RunTime:0.000291s ]
INFO: [ app_begin ] --END-- [ RunTime:0.000338s ]
SQL: SHOW COLUMNS FROM `tp_agent` [ RunTime:0.000632s ]
SQL: SELECT * FROM `tp_agent` WHERE ( `siteurl` = 'http://pig.pinecc.cn' ) LIMIT 1   [ RunTime:0.000166s ]
NOTIC: [8] Constant STATICS already defined /home/project/pig/PigCms/Lib/Action/BaseAction.class.php 第 129 行.
SQL: SHOW COLUMNS FROM `tp_user_group` [ RunTime:0.000353s ]
SQL: SELECT * FROM `tp_user_group` WHERE ( `id` = 4 ) LIMIT 1   [ RunTime:0.000128s ]
SQL: SHOW COLUMNS FROM `tp_users` [ RunTime:0.000421s ]
SQL: SELECT * FROM `tp_users` WHERE ( `id` = 37 ) LIMIT 1   [ RunTime:0.000160s ]
SQL: SHOW COLUMNS FROM `tp_token_open` [ RunTime:0.003176s ]
SQL: SELECT `queryname` FROM `tp_token_open` WHERE ( `token` = 'tcpbjz1466048616' ) LIMIT 1   [ RunTime:0.000138s ]
SQL: SHOW COLUMNS FROM `tp_function` [ RunTime:0.000338s ]
SQL: SELECT `func` FROM `tp_user_group` WHERE ( `id` = 4 ) LIMIT 1   [ RunTime:0.000104s ]
SQL: SELECT `id`,`funname` FROM `tp_function` WHERE ( `status` = 1 )  [ RunTime:0.000170s ]
NOTIC: [8] Undefined variable: allCloseFunc /home/project/pig/PigCms/Lib/Action/UserAction.class.php 第 73 行.
NOTIC: [2] in_array() expects parameter 2 to be array, null given /home/project/pig/PigCms/Lib/Action/UserAction.class.php 第 73 行.
NOTIC: [8] Undefined variable: allCloseFunc /home/project/pig/PigCms/Lib/Action/UserAction.class.php 第 73 行.
NOTIC: [2] in_array() expects parameter 2 to be array, null given /home/project/pig/PigCms/Lib/Action/UserAction.class.php 第 73 行.
NOTIC: [8] Undefined variable: allCloseFunc /home/project/pig/PigCms/Lib/Action/UserAction.class.php 第 73 行.
NOTIC: [2] in_array() expects parameter 2 to be array, null given /home/project/pig/PigCms/Lib/Action/UserAction.class.php 第 73 行.
NOTIC: [8] Undefined variable: allCloseFunc /home/project/pig/PigCms/Lib/Action/UserAction.class.php 第 73 行.
NOTIC: [2] in_array() expects parameter 2 to be array, null given /home/project/pig/PigCms/Lib/Action/UserAction.class.php 第 73 行.
NOTIC: [8] Undefined variable: allCloseFunc /home/project/pig/PigCms/Lib/Action/UserAction.class.php 第 73 行.
NOTIC: [2] in_array() expects parameter 2 to be array, null given /home/project/pig/PigCms/Lib/Action/UserAction.class.php 第 73 行.
NOTIC: [8] Undefined variable: allCloseFunc /home/project/pig/PigCms/Lib/Action/UserAction.class.php 第 73 行.
NOTIC: [2] in_array() expects parameter 2 to be array, null given /home/project/pig/PigCms/Lib/Action/UserAction.class.php 第 73 行.
NOTIC: [8] Undefined variable: allCloseFunc /home/project/pig/PigCms/Lib/Action/UserAction.class.php 第 73 行.
NOTIC: [2] in_array() expects parameter 2 to be array, null given /home/project/pig/PigCms/Lib/Action/UserAction.class.php 第 73 行.
NOTIC: [8] Undefined variable: allCloseFunc /home/project/pig/PigCms/Lib/Action/UserAction.class.php 第 73 行.
NOTIC: [2] in_array() expects parameter 2 to be array, null given /home/project/pig/PigCms/Lib/Action/UserAction.class.php 第 73 行.
NOTIC: [8] Undefined variable: allCloseFunc /home/project/pig/PigCms/Lib/Action/UserAction.class.php 第 73 行.
NOTIC: [2] in_array() expects parameter 2 to be array, null given /home/project/pig/PigCms/Lib/Action/UserAction.class.php 第 73 行.
NOTIC: [8] Undefined variable: allCloseFunc /home/project/pig/PigCms/Lib/Action/UserAction.class.php 第 73 行.
NOTIC: [2] in_array() expects parameter 2 to be array, null given /home/project/pig/PigCms/Lib/Action/UserAction.class.php 第 73 行.
NOTIC: [8] Undefined variable: allCloseFunc /home/project/pig/PigCms/Lib/Action/UserAction.class.php 第 73 行.
NOTIC: [2] in_array() expects parameter 2 to be array, null given /home/project/pig/PigCms/Lib/Action/UserAction.class.php 第 73 行.
NOTIC: [8] Undefined variable: allCloseFunc /home/project/pig/PigCms/Lib/Action/UserAction.class.php 第 73 行.
NOTIC: [2] in_array() expects parameter 2 to be array, null given /home/project/pig/PigCms/Lib/Action/UserAction.class.php 第 73 行.
NOTIC: [8] Undefined variable: allCloseFunc /home/project/pig/PigCms/Lib/Action/UserAction.class.php 第 73 行.
NOTIC: [2] in_array() expects parameter 2 to be array, null given /home/project/pig/PigCms/Lib/Action/UserAction.class.php 第 73 行.
NOTIC: [8] Undefined variable: allCloseFunc /home/project/pig/PigCms/Lib/Action/UserAction.class.php 第 73 行.
NOTIC: [2] in_array() expects parameter 2 to be array, null given /home/project/pig/PigCms/Lib/Action/UserAction.class.php 第 73 行.
NOTIC: [8] Undefined variable: allCloseFunc /home/project/pig/PigCms/Lib/Action/UserAction.class.php 第 73 行.
NOTIC: [2] in_array() expects parameter 2 to be array, null given /home/project/pig/PigCms/Lib/Action/UserAction.class.php 第 73 行.
NOTIC: [8] Undefined variable: allCloseFunc /home/project/pig/PigCms/Lib/Action/UserAction.class.php 第 73 行.
NOTIC: [2] in_array() expects parameter 2 to be array, null given /home/project/pig/PigCms/Lib/Action/UserAction.class.php 第 73 行.
NOTIC: [8] Undefined variable: allCloseFunc /home/project/pig/PigCms/Lib/Action/UserAction.class.php 第 73 行.
NOTIC: [2] in_array() expects parameter 2 to be array, null given /home/project/pig/PigCms/Lib/Action/UserAction.class.php 第 73 行.
NOTIC: [8] Undefined variable: allCloseFunc /home/project/pig/PigCms/Lib/Action/UserAction.class.php 第 73 行.
NOTIC: [2] in_array() expects parameter 2 to be array, null given /home/project/pig/PigCms/Lib/Action/UserAction.class.php 第 73 行.
NOTIC: [8] Undefined variable: allCloseFunc /home/project/pig/PigCms/Lib/Action/UserAction.class.php 第 73 行.
NOTIC: [2] in_array() expects parameter 2 to be array, null given /home/project/pig/PigCms/Lib/Action/UserAction.class.php 第 73 行.
NOTIC: [8] Undefined variable: allCloseFunc /home/project/pig/PigCms/Lib/Action/UserAction.class.php 第 73 行.
NOTIC: [2] in_array() expects parameter 2 to be array, null given /home/project/pig/PigCms/Lib/Action/UserAction.class.php 第 73 行.
NOTIC: [8] Undefined variable: allCloseFunc /home/project/pig/PigCms/Lib/Action/UserAction.class.php 第 73 行.
NOTIC: [2] in_array() expects parameter 2 to be array, null given /home/project/pig/PigCms/Lib/Action/UserAction.class.php 第 73 行.
NOTIC: [8] Undefined variable: allCloseFunc /home/project/pig/PigCms/Lib/Action/UserAction.class.php 第 73 行.
NOTIC: [2] in_array() expects parameter 2 to be array, null given /home/project/pig/PigCms/Lib/Action/UserAction.class.php 第 73 行.
NOTIC: [8] Undefined variable: allCloseFunc /home/project/pig/PigCms/Lib/Action/UserAction.class.php 第 73 行.
NOTIC: [2] in_array() expects parameter 2 to be array, null given /home/project/pig/PigCms/Lib/Action/UserAction.class.php 第 73 行.
NOTIC: [8] Undefined variable: allCloseFunc /home/project/pig/PigCms/Lib/Action/UserAction.class.php 第 73 行.
NOTIC: [2] in_array() expects parameter 2 to be array, null given /home/project/pig/PigCms/Lib/Action/UserAction.class.php 第 73 行.
NOTIC: [8] Undefined variable: allCloseFunc /home/project/pig/PigCms/Lib/Action/UserAction.class.php 第 73 行.
NOTIC: [2] in_array() expects parameter 2 to be array, null given /home/project/pig/PigCms/Lib/Action/UserAction.class.php 第 73 行.
NOTIC: [8] Undefined variable: allCloseFunc /home/project/pig/PigCms/Lib/Action/UserAction.class.php 第 73 行.
NOTIC: [2] in_array() expects parameter 2 to be array, null given /home/project/pig/PigCms/Lib/Action/UserAction.class.php 第 73 行.
NOTIC: [8] Undefined variable: allCloseFunc /home/project/pig/PigCms/Lib/Action/UserAction.class.php 第 73 行.
NOTIC: [2] in_array() expects parameter 2 to be array, null given /home/project/pig/PigCms/Lib/Action/UserAction.class.php 第 73 行.
NOTIC: [8] Undefined variable: allCloseFunc /home/project/pig/PigCms/Lib/Action/UserAction.class.php 第 73 行.
NOTIC: [2] in_array() expects parameter 2 to be array, null given /home/project/pig/PigCms/Lib/Action/UserAction.class.php 第 73 行.
NOTIC: [8] Undefined variable: allCloseFunc /home/project/pig/PigCms/Lib/Action/UserAction.class.php 第 73 行.
NOTIC: [2] in_array() expects parameter 2 to be array, null given /home/project/pig/PigCms/Lib/Action/UserAction.class.php 第 73 行.
NOTIC: [8] Undefined variable: allCloseFunc /home/project/pig/PigCms/Lib/Action/UserAction.class.php 第 73 行.
NOTIC: [2] in_array() expects parameter 2 to be array, null given /home/project/pig/PigCms/Lib/Action/UserAction.class.php 第 73 行.
NOTIC: [8] Undefined variable: allCloseFunc /home/project/pig/PigCms/Lib/Action/UserAction.class.php 第 73 行.
NOTIC: [2] in_array() expects parameter 2 to be array, null given /home/project/pig/PigCms/Lib/Action/UserAction.class.php 第 73 行.
NOTIC: [8] Undefined variable: allCloseFunc /home/project/pig/PigCms/Lib/Action/UserAction.class.php 第 73 行.
NOTIC: [2] in_array() expects parameter 2 to be array, null given /home/project/pig/PigCms/Lib/Action/UserAction.class.php 第 73 行.
NOTIC: [8] Undefined variable: allCloseFunc /home/project/pig/PigCms/Lib/Action/UserAction.class.php 第 73 行.
NOTIC: [2] in_array() expects parameter 2 to be array, null given /home/project/pig/PigCms/Lib/Action/UserAction.class.php 第 73 行.
NOTIC: [8] Undefined variable: allCloseFunc /home/project/pig/PigCms/Lib/Action/UserAction.class.php 第 73 行.
NOTIC: [2] in_array() expects parameter 2 to be array, null given /home/project/pig/PigCms/Lib/Action/UserAction.class.php 第 73 行.
NOTIC: [8] Undefined variable: allCloseFunc /home/project/pig/PigCms/Lib/Action/UserAction.class.php 第 73 行.
NOTIC: [2] in_array() expects parameter 2 to be array, null given /home/project/pig/PigCms/Lib/Action/UserAction.class.php 第 73 行.
NOTIC: [8] Undefined variable: allCloseFunc /home/project/pig/PigCms/Lib/Action/UserAction.class.php 第 73 行.
NOTIC: [2] in_array() expects parameter 2 to be array, null given /home/project/pig/PigCms/Lib/Action/UserAction.class.php 第 73 行.
NOTIC: [8] Undefined variable: allCloseFunc /home/project/pig/PigCms/Lib/Action/UserAction.class.php 第 73 行.
NOTIC: [2] in_array() expects parameter 2 to be array, null given /home/project/pig/PigCms/Lib/Action/UserAction.class.php 第 73 行.
NOTIC: [8] Undefined variable: allCloseFunc /home/project/pig/PigCms/Lib/Action/UserAction.class.php 第 73 行.
NOTIC: [2] in_array() expects parameter 2 to be array, null given /home/project/pig/PigCms/Lib/Action/UserAction.class.php 第 73 行.
NOTIC: [8] Undefined variable: allCloseFunc /home/project/pig/PigCms/Lib/Action/UserAction.class.php 第 73 行.
NOTIC: [2] in_array() expects parameter 2 to be array, null given /home/project/pig/PigCms/Lib/Action/UserAction.class.php 第 73 行.
NOTIC: [8] Undefined variable: allCloseFunc /home/project/pig/PigCms/Lib/Action/UserAction.class.php 第 73 行.
NOTIC: [2] in_array() expects parameter 2 to be array, null given /home/project/pig/PigCms/Lib/Action/UserAction.class.php 第 73 行.
NOTIC: [8] Undefined variable: allCloseFunc /home/project/pig/PigCms/Lib/Action/UserAction.class.php 第 73 行.
NOTIC: [2] in_array() expects parameter 2 to be array, null given /home/project/pig/PigCms/Lib/Action/UserAction.class.php 第 73 行.
NOTIC: [8] Undefined variable: allCloseFunc /home/project/pig/PigCms/Lib/Action/UserAction.class.php 第 73 行.
NOTIC: [2] in_array() expects parameter 2 to be array, null given /home/project/pig/PigCms/Lib/Action/UserAction.class.php 第 73 行.
NOTIC: [8] Undefined variable: allCloseFunc /home/project/pig/PigCms/Lib/Action/UserAction.class.php 第 73 行.
NOTIC: [2] in_array() expects parameter 2 to be array, null given /home/project/pig/PigCms/Lib/Action/UserAction.class.php 第 73 行.
NOTIC: [8] Undefined variable: allCloseFunc /home/project/pig/PigCms/Lib/Action/UserAction.class.php 第 73 行.
NOTIC: [2] in_array() expects parameter 2 to be array, null given /home/project/pig/PigCms/Lib/Action/UserAction.class.php 第 73 行.
NOTIC: [8] Undefined variable: allCloseFunc /home/project/pig/PigCms/Lib/Action/UserAction.class.php 第 73 行.
NOTIC: [2] in_array() expects parameter 2 to be array, null given /home/project/pig/PigCms/Lib/Action/UserAction.class.php 第 73 行.
NOTIC: [8] Undefined variable: allCloseFunc /home/project/pig/PigCms/Lib/Action/UserAction.class.php 第 73 行.
NOTIC: [2] in_array() expects parameter 2 to be array, null given /home/project/pig/PigCms/Lib/Action/UserAction.class.php 第 73 行.
NOTIC: [8] Undefined variable: allCloseFunc /home/project/pig/PigCms/Lib/Action/UserAction.class.php 第 73 行.
NOTIC: [2] in_array() expects parameter 2 to be array, null given /home/project/pig/PigCms/Lib/Action/UserAction.class.php 第 73 行.
NOTIC: [8] Undefined variable: allCloseFunc /home/project/pig/PigCms/Lib/Action/UserAction.class.php 第 73 行.
NOTIC: [2] in_array() expects parameter 2 to be array, null given /home/project/pig/PigCms/Lib/Action/UserAction.class.php 第 73 行.
NOTIC: [8] Undefined variable: allCloseFunc /home/project/pig/PigCms/Lib/Action/UserAction.class.php 第 73 行.
NOTIC: [2] in_array() expects parameter 2 to be array, null given /home/project/pig/PigCms/Lib/Action/UserAction.class.php 第 73 行.
NOTIC: [8] Undefined variable: allCloseFunc /home/project/pig/PigCms/Lib/Action/UserAction.class.php 第 73 行.
NOTIC: [2] in_array() expects parameter 2 to be array, null given /home/project/pig/PigCms/Lib/Action/UserAction.class.php 第 73 行.
NOTIC: [8] Undefined variable: allCloseFunc /home/project/pig/PigCms/Lib/Action/UserAction.class.php 第 73 行.
NOTIC: [2] in_array() expects parameter 2 to be array, null given /home/project/pig/PigCms/Lib/Action/UserAction.class.php 第 73 行.
NOTIC: [8] Undefined variable: allCloseFunc /home/project/pig/PigCms/Lib/Action/UserAction.class.php 第 73 行.
NOTIC: [2] in_array() expects parameter 2 to be array, null given /home/project/pig/PigCms/Lib/Action/UserAction.class.php 第 73 行.
NOTIC: [8] Undefined variable: allCloseFunc /home/project/pig/PigCms/Lib/Action/UserAction.class.php 第 73 行.
NOTIC: [2] in_array() expects parameter 2 to be array, null given /home/project/pig/PigCms/Lib/Action/UserAction.class.php 第 73 行.
NOTIC: [8] Undefined variable: allCloseFunc /home/project/pig/PigCms/Lib/Action/UserAction.class.php 第 73 行.
NOTIC: [2] in_array() expects parameter 2 to be array, null given /home/project/pig/PigCms/Lib/Action/UserAction.class.php 第 73 行.
NOTIC: [8] Undefined variable: allCloseFunc /home/project/pig/PigCms/Lib/Action/UserAction.class.php 第 73 行.
NOTIC: [2] in_array() expects parameter 2 to be array, null given /home/project/pig/PigCms/Lib/Action/UserAction.class.php 第 73 行.
NOTIC: [8] Undefined variable: allCloseFunc /home/project/pig/PigCms/Lib/Action/UserAction.class.php 第 73 行.
NOTIC: [2] in_array() expects parameter 2 to be array, null given /home/project/pig/PigCms/Lib/Action/UserAction.class.php 第 73 行.
NOTIC: [8] Undefined variable: allCloseFunc /home/project/pig/PigCms/Lib/Action/UserAction.class.php 第 73 行.
NOTIC: [2] in_array() expects parameter 2 to be array, null given /home/project/pig/PigCms/Lib/Action/UserAction.class.php 第 73 行.
NOTIC: [8] Undefined variable: allCloseFunc /home/project/pig/PigCms/Lib/Action/UserAction.class.php 第 73 行.
NOTIC: [2] in_array() expects parameter 2 to be array, null given /home/project/pig/PigCms/Lib/Action/UserAction.class.php 第 73 行.
NOTIC: [8] Undefined variable: allCloseFunc /home/project/pig/PigCms/Lib/Action/UserAction.class.php 第 73 行.
NOTIC: [2] in_array() expects parameter 2 to be array, null given /home/project/pig/PigCms/Lib/Action/UserAction.class.php 第 73 行.
NOTIC: [8] Undefined variable: allCloseFunc /home/project/pig/PigCms/Lib/Action/UserAction.class.php 第 73 行.
NOTIC: [2] in_array() expects parameter 2 to be array, null given /home/project/pig/PigCms/Lib/Action/UserAction.class.php 第 73 行.
NOTIC: [8] Undefined variable: allCloseFunc /home/project/pig/PigCms/Lib/Action/UserAction.class.php 第 73 行.
NOTIC: [2] in_array() expects parameter 2 to be array, null given /home/project/pig/PigCms/Lib/Action/UserAction.class.php 第 73 行.
NOTIC: [8] Undefined variable: allCloseFunc /home/project/pig/PigCms/Lib/Action/UserAction.class.php 第 73 行.
NOTIC: [2] in_array() expects parameter 2 to be array, null given /home/project/pig/PigCms/Lib/Action/UserAction.class.php 第 73 行.
NOTIC: [8] Undefined variable: allCloseFunc /home/project/pig/PigCms/Lib/Action/UserAction.class.php 第 73 行.
NOTIC: [2] in_array() expects parameter 2 to be array, null given /home/project/pig/PigCms/Lib/Action/UserAction.class.php 第 73 行.
NOTIC: [8] Undefined variable: allCloseFunc /home/project/pig/PigCms/Lib/Action/UserAction.class.php 第 73 行.
NOTIC: [2] in_array() expects parameter 2 to be array, null given /home/project/pig/PigCms/Lib/Action/UserAction.class.php 第 73 行.
NOTIC: [8] Undefined variable: allCloseFunc /home/project/pig/PigCms/Lib/Action/UserAction.class.php 第 73 行.
NOTIC: [2] in_array() expects parameter 2 to be array, null given /home/project/pig/PigCms/Lib/Action/UserAction.class.php 第 73 行.
NOTIC: [8] Undefined variable: allCloseFunc /home/project/pig/PigCms/Lib/Action/UserAction.class.php 第 73 行.
NOTIC: [2] in_array() expects parameter 2 to be array, null given /home/project/pig/PigCms/Lib/Action/UserAction.class.php 第 73 行.
NOTIC: [8] Undefined variable: allCloseFunc /home/project/pig/PigCms/Lib/Action/UserAction.class.php 第 73 行.
NOTIC: [2] in_array() expects parameter 2 to be array, null given /home/project/pig/PigCms/Lib/Action/UserAction.class.php 第 73 行.
NOTIC: [8] Undefined variable: allCloseFunc /home/project/pig/PigCms/Lib/Action/UserAction.class.php 第 73 行.
NOTIC: [2] in_array() expects parameter 2 to be array, null given /home/project/pig/PigCms/Lib/Action/UserAction.class.php 第 73 行.
NOTIC: [8] Undefined variable: allCloseFunc /home/project/pig/PigCms/Lib/Action/UserAction.class.php 第 73 行.
NOTIC: [2] in_array() expects parameter 2 to be array, null given /home/project/pig/PigCms/Lib/Action/UserAction.class.php 第 73 行.
NOTIC: [8] Undefined variable: allCloseFunc /home/project/pig/PigCms/Lib/Action/UserAction.class.php 第 73 行.
NOTIC: [2] in_array() expects parameter 2 to be array, null given /home/project/pig/PigCms/Lib/Action/UserAction.class.php 第 73 行.
NOTIC: [8] Undefined variable: allCloseFunc /home/project/pig/PigCms/Lib/Action/UserAction.class.php 第 73 行.
NOTIC: [2] in_array() expects parameter 2 to be array, null given /home/project/pig/PigCms/Lib/Action/UserAction.class.php 第 73 行.
NOTIC: [8] Undefined variable: allCloseFunc /home/project/pig/PigCms/Lib/Action/UserAction.class.php 第 73 行.
NOTIC: [2] in_array() expects parameter 2 to be array, null given /home/project/pig/PigCms/Lib/Action/UserAction.class.php 第 73 行.
NOTIC: [8] Undefined variable: allCloseFunc /home/project/pig/PigCms/Lib/Action/UserAction.class.php 第 73 行.
NOTIC: [2] in_array() expects parameter 2 to be array, null given /home/project/pig/PigCms/Lib/Action/UserAction.class.php 第 73 行.
NOTIC: [8] Undefined variable: allCloseFunc /home/project/pig/PigCms/Lib/Action/UserAction.class.php 第 73 行.
NOTIC: [2] in_array() expects parameter 2 to be array, null given /home/project/pig/PigCms/Lib/Action/UserAction.class.php 第 73 行.
NOTIC: [8] Undefined variable: allCloseFunc /home/project/pig/PigCms/Lib/Action/UserAction.class.php 第 73 行.
NOTIC: [2] in_array() expects parameter 2 to be array, null given /home/project/pig/PigCms/Lib/Action/UserAction.class.php 第 73 行.
NOTIC: [8] Undefined variable: allCloseFunc /home/project/pig/PigCms/Lib/Action/UserAction.class.php 第 73 行.
NOTIC: [2] in_array() expects parameter 2 to be array, null given /home/project/pig/PigCms/Lib/Action/UserAction.class.php 第 73 行.
NOTIC: [8] Undefined variable: allCloseFunc /home/project/pig/PigCms/Lib/Action/UserAction.class.php 第 73 行.
NOTIC: [2] in_array() expects parameter 2 to be array, null given /home/project/pig/PigCms/Lib/Action/UserAction.class.php 第 73 行.
NOTIC: [8] Undefined variable: allCloseFunc /home/project/pig/PigCms/Lib/Action/UserAction.class.php 第 73 行.
NOTIC: [2] in_array() expects parameter 2 to be array, null given /home/project/pig/PigCms/Lib/Action/UserAction.class.php 第 73 行.
NOTIC: [8] Undefined variable: allCloseFunc /home/project/pig/PigCms/Lib/Action/UserAction.class.php 第 73 行.
NOTIC: [2] in_array() expects parameter 2 to be array, null given /home/project/pig/PigCms/Lib/Action/UserAction.class.php 第 73 行.
NOTIC: [8] Undefined variable: allCloseFunc /home/project/pig/PigCms/Lib/Action/UserAction.class.php 第 73 行.
NOTIC: [2] in_array() expects parameter 2 to be array, null given /home/project/pig/PigCms/Lib/Action/UserAction.class.php 第 73 行.
NOTIC: [8] Undefined variable: allCloseFunc /home/project/pig/PigCms/Lib/Action/UserAction.class.php 第 73 行.
NOTIC: [2] in_array() expects parameter 2 to be array, null given /home/project/pig/PigCms/Lib/Action/UserAction.class.php 第 73 行.
NOTIC: [8] Undefined variable: allCloseFunc /home/project/pig/PigCms/Lib/Action/UserAction.class.php 第 73 行.
NOTIC: [2] in_array() expects parameter 2 to be array, null given /home/project/pig/PigCms/Lib/Action/UserAction.class.php 第 73 行.
NOTIC: [8] Undefined variable: allCloseFunc /home/project/pig/PigCms/Lib/Action/UserAction.class.php 第 73 行.
NOTIC: [2] in_array() expects parameter 2 to be array, null given /home/project/pig/PigCms/Lib/Action/UserAction.class.php 第 73 行.
NOTIC: [8] Undefined variable: allCloseFunc /home/project/pig/PigCms/Lib/Action/UserAction.class.php 第 73 行.
NOTIC: [2] in_array() expects parameter 2 to be array, null given /home/project/pig/PigCms/Lib/Action/UserAction.class.php 第 73 行.
NOTIC: [8] Undefined variable: allCloseFunc /home/project/pig/PigCms/Lib/Action/UserAction.class.php 第 73 行.
NOTIC: [2] in_array() expects parameter 2 to be array, null given /home/project/pig/PigCms/Lib/Action/UserAction.class.php 第 73 行.
NOTIC: [8] Undefined variable: allCloseFunc /home/project/pig/PigCms/Lib/Action/UserAction.class.php 第 73 行.
NOTIC: [2] in_array() expects parameter 2 to be array, null given /home/project/pig/PigCms/Lib/Action/UserAction.class.php 第 73 行.
NOTIC: [8] Undefined variable: allCloseFunc /home/project/pig/PigCms/Lib/Action/UserAction.class.php 第 73 行.
NOTIC: [2] in_array() expects parameter 2 to be array, null given /home/project/pig/PigCms/Lib/Action/UserAction.class.php 第 73 行.
NOTIC: [8] Undefined variable: allCloseFunc /home/project/pig/PigCms/Lib/Action/UserAction.class.php 第 73 行.
NOTIC: [2] in_array() expects parameter 2 to be array, null given /home/project/pig/PigCms/Lib/Action/UserAction.class.php 第 73 行.
NOTIC: [8] Undefined variable: allCloseFunc /home/project/pig/PigCms/Lib/Action/UserAction.class.php 第 73 行.
NOTIC: [2] in_array() expects parameter 2 to be array, null given /home/project/pig/PigCms/Lib/Action/UserAction.class.php 第 73 行.
NOTIC: [8] Undefined variable: allCloseFunc /home/project/pig/PigCms/Lib/Action/UserAction.class.php 第 73 行.
NOTIC: [2] in_array() expects parameter 2 to be array, null given /home/project/pig/PigCms/Lib/Action/UserAction.class.php 第 73 行.
NOTIC: [8] Undefined variable: allCloseFunc /home/project/pig/PigCms/Lib/Action/UserAction.class.php 第 73 行.
NOTIC: [2] in_array() expects parameter 2 to be array, null given /home/project/pig/PigCms/Lib/Action/UserAction.class.php 第 73 行.
NOTIC: [8] Undefined variable: allCloseFunc /home/project/pig/PigCms/Lib/Action/UserAction.class.php 第 73 行.
NOTIC: [2] in_array() expects parameter 2 to be array, null given /home/project/pig/PigCms/Lib/Action/UserAction.class.php 第 73 行.
NOTIC: [8] Undefined variable: allCloseFunc /home/project/pig/PigCms/Lib/Action/UserAction.class.php 第 73 行.
NOTIC: [2] in_array() expects parameter 2 to be array, null given /home/project/pig/PigCms/Lib/Action/UserAction.class.php 第 73 行.
NOTIC: [8] Undefined variable: allCloseFunc /home/project/pig/PigCms/Lib/Action/UserAction.class.php 第 73 行.
NOTIC: [2] in_array() expects parameter 2 to be array, null given /home/project/pig/PigCms/Lib/Action/UserAction.class.php 第 73 行.
NOTIC: [8] Undefined variable: allCloseFunc /home/project/pig/PigCms/Lib/Action/UserAction.class.php 第 73 行.
NOTIC: [2] in_array() expects parameter 2 to be array, null given /home/project/pig/PigCms/Lib/Action/UserAction.class.php 第 73 行.
NOTIC: [8] Undefined variable: allCloseFunc /home/project/pig/PigCms/Lib/Action/UserAction.class.php 第 73 行.
NOTIC: [2] in_array() expects parameter 2 to be array, null given /home/project/pig/PigCms/Lib/Action/UserAction.class.php 第 73 行.
NOTIC: [8] Undefined variable: allCloseFunc /home/project/pig/PigCms/Lib/Action/UserAction.class.php 第 73 行.
NOTIC: [2] in_array() expects parameter 2 to be array, null given /home/project/pig/PigCms/Lib/Action/UserAction.class.php 第 73 行.
NOTIC: [8] Undefined variable: allCloseFunc /home/project/pig/PigCms/Lib/Action/UserAction.class.php 第 73 行.
NOTIC: [2] in_array() expects parameter 2 to be array, null given /home/project/pig/PigCms/Lib/Action/UserAction.class.php 第 73 行.
NOTIC: [8] Undefined variable: allCloseFunc /home/project/pig/PigCms/Lib/Action/UserAction.class.php 第 73 行.
NOTIC: [2] in_array() expects parameter 2 to be array, null given /home/project/pig/PigCms/Lib/Action/UserAction.class.php 第 73 行.
NOTIC: [8] Undefined variable: allCloseFunc /home/project/pig/PigCms/Lib/Action/UserAction.class.php 第 73 行.
NOTIC: [2] in_array() expects parameter 2 to be array, null given /home/project/pig/PigCms/Lib/Action/UserAction.class.php 第 73 行.
NOTIC: [8] Undefined variable: allCloseFunc /home/project/pig/PigCms/Lib/Action/UserAction.class.php 第 73 行.
NOTIC: [2] in_array() expects parameter 2 to be array, null given /home/project/pig/PigCms/Lib/Action/UserAction.class.php 第 73 行.
NOTIC: [8] Undefined variable: allCloseFunc /home/project/pig/PigCms/Lib/Action/UserAction.class.php 第 73 行.
NOTIC: [2] in_array() expects parameter 2 to be array, null given /home/project/pig/PigCms/Lib/Action/UserAction.class.php 第 73 行.
NOTIC: [8] Undefined variable: allCloseFunc /home/project/pig/PigCms/Lib/Action/UserAction.class.php 第 73 行.
NOTIC: [2] in_array() expects parameter 2 to be array, null given /home/project/pig/PigCms/Lib/Action/UserAction.class.php 第 73 行.
NOTIC: [8] Undefined variable: allCloseFunc /home/project/pig/PigCms/Lib/Action/UserAction.class.php 第 73 行.
NOTIC: [2] in_array() expects parameter 2 to be array, null given /home/project/pig/PigCms/Lib/Action/UserAction.class.php 第 73 行.
NOTIC: [8] Undefined variable: allCloseFunc /home/project/pig/PigCms/Lib/Action/UserAction.class.php 第 73 行.
NOTIC: [2] in_array() expects parameter 2 to be array, null given /home/project/pig/PigCms/Lib/Action/UserAction.class.php 第 73 行.
NOTIC: [8] Undefined variable: allCloseFunc /home/project/pig/PigCms/Lib/Action/UserAction.class.php 第 73 行.
NOTIC: [2] in_array() expects parameter 2 to be array, null given /home/project/pig/PigCms/Lib/Action/UserAction.class.php 第 73 行.
NOTIC: [8] Undefined variable: allCloseFunc /home/project/pig/PigCms/Lib/Action/UserAction.class.php 第 73 行.
NOTIC: [2] in_array() expects parameter 2 to be array, null given /home/project/pig/PigCms/Lib/Action/UserAction.class.php 第 73 行.
NOTIC: [8] Undefined variable: allCloseFunc /home/project/pig/PigCms/Lib/Action/UserAction.class.php 第 73 行.
NOTIC: [2] in_array() expects parameter 2 to be array, null given /home/project/pig/PigCms/Lib/Action/UserAction.class.php 第 73 行.
NOTIC: [8] Undefined variable: allCloseFunc /home/project/pig/PigCms/Lib/Action/UserAction.class.php 第 73 行.
NOTIC: [2] in_array() expects parameter 2 to be array, null given /home/project/pig/PigCms/Lib/Action/UserAction.class.php 第 73 行.
NOTIC: [8] Undefined variable: allCloseFunc /home/project/pig/PigCms/Lib/Action/UserAction.class.php 第 73 行.
NOTIC: [2] in_array() expects parameter 2 to be array, null given /home/project/pig/PigCms/Lib/Action/UserAction.class.php 第 73 行.
NOTIC: [8] Undefined variable: allCloseFunc /home/project/pig/PigCms/Lib/Action/UserAction.class.php 第 73 行.
NOTIC: [2] in_array() expects parameter 2 to be array, null given /home/project/pig/PigCms/Lib/Action/UserAction.class.php 第 73 行.
NOTIC: [8] Undefined variable: allCloseFunc /home/project/pig/PigCms/Lib/Action/UserAction.class.php 第 73 行.
NOTIC: [2] in_array() expects parameter 2 to be array, null given /home/project/pig/PigCms/Lib/Action/UserAction.class.php 第 73 行.
NOTIC: [8] Undefined variable: allCloseFunc /home/project/pig/PigCms/Lib/Action/UserAction.class.php 第 73 行.
NOTIC: [2] in_array() expects parameter 2 to be array, null given /home/project/pig/PigCms/Lib/Action/UserAction.class.php 第 73 行.
NOTIC: [8] Undefined variable: allCloseFunc /home/project/pig/PigCms/Lib/Action/UserAction.class.php 第 73 行.
NOTIC: [2] in_array() expects parameter 2 to be array, null given /home/project/pig/PigCms/Lib/Action/UserAction.class.php 第 73 行.
NOTIC: [8] Undefined variable: allCloseFunc /home/project/pig/PigCms/Lib/Action/UserAction.class.php 第 73 行.
NOTIC: [2] in_array() expects parameter 2 to be array, null given /home/project/pig/PigCms/Lib/Action/UserAction.class.php 第 73 行.
NOTIC: [8] Undefined variable: allCloseFunc /home/project/pig/PigCms/Lib/Action/UserAction.class.php 第 73 行.
NOTIC: [2] in_array() expects parameter 2 to be array, null given /home/project/pig/PigCms/Lib/Action/UserAction.class.php 第 73 行.
NOTIC: [8] Undefined variable: allCloseFunc /home/project/pig/PigCms/Lib/Action/UserAction.class.php 第 73 行.
NOTIC: [2] in_array() expects parameter 2 to be array, null given /home/project/pig/PigCms/Lib/Action/UserAction.class.php 第 73 行.
NOTIC: [8] Undefined variable: allCloseFunc /home/project/pig/PigCms/Lib/Action/UserAction.class.php 第 73 行.
NOTIC: [2] in_array() expects parameter 2 to be array, null given /home/project/pig/PigCms/Lib/Action/UserAction.class.php 第 73 行.
NOTIC: [8] Undefined variable: allCloseFunc /home/project/pig/PigCms/Lib/Action/UserAction.class.php 第 73 行.
NOTIC: [2] in_array() expects parameter 2 to be array, null given /home/project/pig/PigCms/Lib/Action/UserAction.class.php 第 73 行.
SQL: SHOW COLUMNS FROM `tp_wxuser` [ RunTime:0.000599s ]
SQL: SELECT * FROM `tp_wxuser` WHERE ( `token` = 'tcpbjz1466048616' ) AND ( `uid` = 37 ) LIMIT 1   [ RunTime:0.000229s ]
SQL: SHOW COLUMNS FROM `tp_token_open` [ RunTime:0.000350s ]
SQL: SELECT `queryname` FROM `tp_token_open` WHERE ( `token` = 'tcpbjz1466048616' ) LIMIT 1   [ RunTime:0.000138s ]
NOTIC: [8] Undefined index: width /home/project/pig/PigCms/Lib/Action/UserAction.class.php 第 157 行.
SQL: SHOW COLUMNS FROM `tp_system_info` [ RunTime:0.000312s ]
SQL: SELECT * FROM `tp_system_info` ORDER BY lastsqlupdate DESC LIMIT 1   [ RunTime:0.000095s ]
NOTIC: [2] file_get_contents(http://up.pigcms.cn/oa/admin.php?m=notice&amp;c=view&amp;a=noticeByModule&amp;group=User&amp;module=Apiext&amp;fileid=1410861960): failed to open stream: HTTP request failed! HTTP/1.1 500 Internal Server Error
 /home/project/pig/PigCms/Lib/Action/UserAction.class.php 第 169 行.
SQL: SHOW COLUMNS FROM `tp_ahld_ext` [ RunTime:0.000494s ]
SQL: DELETE FROM `tp_ahld_ext` WHERE id=1 [ RunTime:0.000131s ]

[ 2016-06-23T18:08:57+08:00 ] ERR: (ThinkException) 非法操作:add_ext
[ 2016-06-23T18:12:55+08:00 ] ERR: (ThinkException) 非法操作:add_ext
