[ 2016-07-18T09:33:05+08:00 ] 140.207.161.239 /index.php?g=Hld&m=Ext&a=ajaxext
INFO: [ app_begin ] --START--
INFO: Run ReadHtmlCache Behavior [ RunTime:0.000316s ]
INFO: [ app_begin ] --END-- [ RunTime:0.000365s ]
SQL: SHOW COLUMNS FROM `tp_userinfo` [ RunTime:0.000668s ]
SQL: SELECT * FROM `tp_userinfo` WHERE ( `wecha_id` = 'oktzkwf4Ity774k-ZXeoauBi4Yqw' ) LIMIT 1   [ RunTime:0.000209s ]
SQL: SHOW COLUMNS FROM `tp_wxuser` [ RunTime:0.000592s ]
SQL: SELECT * FROM `tp_wxuser` WHERE ( `token` = 'plvmhl1467344437' ) LIMIT 1   [ RunTime:0.000180s ]
SQL: SHOW COLUMNS FROM `tp_ahld_ext` [ RunTime:0.000354s ]
SQL: SHOW COLUMNS FROM `tp_ahld_conf` [ RunTime:0.000307s ]
SQL: SELECT `value` FROM `tp_ahld_conf` WHERE ( `type` = 1 ) LIMIT 1   [ RunTime:0.000154s ]
SQL: SELECT `id`,`title`,`addr`,`img`,ROUND(6378.138*2*ASIN(SQRT(POW(SIN(('30.335'*PI()/180-latitude*PI()/180)/2),2)+COS('30.335'*PI()/180)*COS(latitude*PI()/180)*POW(SIN(('120.1053'*PI()/180-longitude*PI()/180)/2),2)))*1000) as distance FROM `tp_ahld_ext` WHERE round(6378.138*2*ASIN(SQRT(POW(SIN(('30.335'*PI()/180-latitude*PI()/180)/2),2)+COS('30.335'*PI()/180)*COS(latitude*PI()/180)*POW(SIN(('120.1053'*PI()/180-longitude*PI()/180)/2),2)))*1000) <(200000000) ORDER BY score asc LIMIT 0,3   [ RunTime:0.000274s ]

[ 2016-07-18T09:33:22+08:00 ] 140.207.161.239 /index.php?g=Hld&m=Mall&a=ajaxlevel2
INFO: [ app_begin ] --START--
INFO: Run ReadHtmlCache Behavior [ RunTime:0.000335s ]
INFO: [ app_begin ] --END-- [ RunTime:0.000395s ]
SQL: SHOW COLUMNS FROM `tp_userinfo` [ RunTime:0.000973s ]
SQL: SELECT * FROM `tp_userinfo` WHERE ( `wecha_id` = 'oktzkwf4Ity774k-ZXeoauBi4Yqw' ) LIMIT 1   [ RunTime:0.000236s ]
SQL: SHOW COLUMNS FROM `tp_wxuser` [ RunTime:0.000676s ]
SQL: SELECT * FROM `tp_wxuser` WHERE ( `token` = 'plvmhl1467344437' ) LIMIT 1   [ RunTime:0.000205s ]
SQL: SHOW COLUMNS FROM `tp_ahld_mall` [ RunTime:0.000370s ]
SQL: SHOW COLUMNS FROM `tp_ahld_mtype` [ RunTime:0.000337s ]
SQL: SHOW COLUMNS FROM `tp_ahld_conf` [ RunTime:0.000311s ]
SQL: SELECT `value` FROM `tp_ahld_conf` WHERE ( `type` = 3 ) LIMIT 1   [ RunTime:0.000174s ]
SQL: SELECT `id`,`name` FROM `tp_ahld_mtype` WHERE ( `pid` = 9 )  [ RunTime:0.000129s ]

[ 2016-07-18T09:33:24+08:00 ] 140.207.161.239 /index.php?g=Hld&m=Mall&a=ajaxlevel3
INFO: [ app_begin ] --START--
INFO: Run ReadHtmlCache Behavior [ RunTime:0.000290s ]
INFO: [ app_begin ] --END-- [ RunTime:0.000333s ]
SQL: SHOW COLUMNS FROM `tp_userinfo` [ RunTime:0.000778s ]
SQL: SELECT * FROM `tp_userinfo` WHERE ( `wecha_id` = 'oktzkwf4Ity774k-ZXeoauBi4Yqw' ) LIMIT 1   [ RunTime:0.000238s ]
SQL: SHOW COLUMNS FROM `tp_wxuser` [ RunTime:0.000672s ]
SQL: SELECT * FROM `tp_wxuser` WHERE ( `token` = 'plvmhl1467344437' ) LIMIT 1   [ RunTime:0.000207s ]
SQL: SHOW COLUMNS FROM `tp_ahld_mall` [ RunTime:0.000388s ]
SQL: SHOW COLUMNS FROM `tp_ahld_mtype` [ RunTime:0.000296s ]
SQL: SHOW COLUMNS FROM `tp_ahld_conf` [ RunTime:0.000292s ]
SQL: SELECT `value` FROM `tp_ahld_conf` WHERE ( `type` = 3 ) LIMIT 1   [ RunTime:0.000147s ]
SQL: SELECT `id`,`name` FROM `tp_ahld_mtype` WHERE ( `pid` = 12 )  [ RunTime:0.000112s ]

[ 2016-07-18T09:33:25+08:00 ] 140.207.161.239 /index.php?g=Hld&m=Mall&a=ajax_show_mall
INFO: [ app_begin ] --START--
INFO: Run ReadHtmlCache Behavior [ RunTime:0.000354s ]
INFO: [ app_begin ] --END-- [ RunTime:0.000397s ]
SQL: SHOW COLUMNS FROM `tp_userinfo` [ RunTime:0.000787s ]
SQL: SELECT * FROM `tp_userinfo` WHERE ( `wecha_id` = 'oktzkwf4Ity774k-ZXeoauBi4Yqw' ) LIMIT 1   [ RunTime:0.000186s ]
SQL: SHOW COLUMNS FROM `tp_wxuser` [ RunTime:0.000657s ]
SQL: SELECT * FROM `tp_wxuser` WHERE ( `token` = 'plvmhl1467344437' ) LIMIT 1   [ RunTime:0.000281s ]
SQL: SHOW COLUMNS FROM `tp_ahld_mall` [ RunTime:0.000352s ]
SQL: SHOW COLUMNS FROM `tp_ahld_mtype` [ RunTime:0.000343s ]
SQL: SHOW COLUMNS FROM `tp_ahld_conf` [ RunTime:0.000371s ]
SQL: SELECT `value` FROM `tp_ahld_conf` WHERE ( `type` = 3 ) LIMIT 1   [ RunTime:0.000143s ]
SQL: SELECT `id`,`name`,`level`,`pid` FROM `tp_ahld_mtype`  [ RunTime:0.000114s ]
SQL: select tp_ahld_mall.*,ROUND(6378.138*2*ASIN(SQRT(POW(SIN(('30.335'*PI()/180-latitude*PI()/180)/2),2)+COS('30.335'*PI()/180)*COS(latitude*PI()/180)*POW(SIN(('120.1053'*PI()/180-longitude*PI()/180)/2),2)))*1000) as distance from tp_ahld_mall where ROUND(6378.138*2*ASIN(SQRT(POW(SIN(('30.335'*PI()/180-latitude*PI()/180)/2),2)+COS('30.335'*PI()/180)*COS(latitude*PI()/180)*POW(SIN(('120.1053'*PI()/180-longitude*PI()/180)/2),2)))*1000) < 12000 and type in (13,12,21,9)  order by score asc limit 0,3 [ RunTime:0.000300s ]

[ 2016-07-18T09:33:27+08:00 ] 140.207.161.239 /index.php?g=Hld&m=Mall&a=ajax_show_mall
INFO: [ app_begin ] --START--
INFO: Run ReadHtmlCache Behavior [ RunTime:0.000336s ]
INFO: [ app_begin ] --END-- [ RunTime:0.000380s ]
SQL: SHOW COLUMNS FROM `tp_userinfo` [ RunTime:0.000665s ]
SQL: SELECT * FROM `tp_userinfo` WHERE ( `wecha_id` = 'oktzkwf4Ity774k-ZXeoauBi4Yqw' ) LIMIT 1   [ RunTime:0.000235s ]
SQL: SHOW COLUMNS FROM `tp_wxuser` [ RunTime:0.000690s ]
SQL: SELECT * FROM `tp_wxuser` WHERE ( `token` = 'plvmhl1467344437' ) LIMIT 1   [ RunTime:0.000213s ]
SQL: SHOW COLUMNS FROM `tp_ahld_mall` [ RunTime:0.000388s ]
SQL: SHOW COLUMNS FROM `tp_ahld_mtype` [ RunTime:0.000321s ]
SQL: SHOW COLUMNS FROM `tp_ahld_conf` [ RunTime:0.000355s ]
SQL: SELECT `value` FROM `tp_ahld_conf` WHERE ( `type` = 3 ) LIMIT 1   [ RunTime:0.000146s ]
SQL: SELECT `id`,`name`,`level`,`pid` FROM `tp_ahld_mtype`  [ RunTime:0.000133s ]
SQL: select tp_ahld_mall.*,ROUND(6378.138*2*ASIN(SQRT(POW(SIN(('30.335'*PI()/180-latitude*PI()/180)/2),2)+COS('30.335'*PI()/180)*COS(latitude*PI()/180)*POW(SIN(('120.1053'*PI()/180-longitude*PI()/180)/2),2)))*1000) as distance from tp_ahld_mall where ROUND(6378.138*2*ASIN(SQRT(POW(SIN(('30.335'*PI()/180-latitude*PI()/180)/2),2)+COS('30.335'*PI()/180)*COS(latitude*PI()/180)*POW(SIN(('120.1053'*PI()/180-longitude*PI()/180)/2),2)))*1000) < 12000 and type in (13,12,21,9)  order by ROUND(6378.138*2*ASIN(SQRT(POW(SIN(('30.335'*PI()/180-latitude*PI()/180)/2),2)+COS('30.335'*PI()/180)*COS(latitude*PI()/180)*POW(SIN(('120.1053'*PI()/180-longitude*PI()/180)/2),2)))*1000) asc,score desc limit 0,3 [ RunTime:0.000358s ]

[ 2016-07-18T09:33:27+08:00 ] 140.207.161.239 /index.php?g=Hld&m=Mall&a=ajax_show_mall
INFO: [ app_begin ] --START--
INFO: Run ReadHtmlCache Behavior [ RunTime:0.000309s ]
INFO: [ app_begin ] --END-- [ RunTime:0.000355s ]
SQL: SHOW COLUMNS FROM `tp_userinfo` [ RunTime:0.000730s ]
SQL: SELECT * FROM `tp_userinfo` WHERE ( `wecha_id` = 'oktzkwf4Ity774k-ZXeoauBi4Yqw' ) LIMIT 1   [ RunTime:0.000224s ]
SQL: SHOW COLUMNS FROM `tp_wxuser` [ RunTime:0.000655s ]
SQL: SELECT * FROM `tp_wxuser` WHERE ( `token` = 'plvmhl1467344437' ) LIMIT 1   [ RunTime:0.000214s ]
SQL: SHOW COLUMNS FROM `tp_ahld_mall` [ RunTime:0.000352s ]
SQL: SHOW COLUMNS FROM `tp_ahld_mtype` [ RunTime:0.000398s ]
SQL: SHOW COLUMNS FROM `tp_ahld_conf` [ RunTime:0.000280s ]
SQL: SELECT `value` FROM `tp_ahld_conf` WHERE ( `type` = 3 ) LIMIT 1   [ RunTime:0.000196s ]
SQL: SELECT `id`,`name`,`level`,`pid` FROM `tp_ahld_mtype`  [ RunTime:0.000125s ]
SQL: select tp_ahld_mall.*,ROUND(6378.138*2*ASIN(SQRT(POW(SIN(('30.335'*PI()/180-latitude*PI()/180)/2),2)+COS('30.335'*PI()/180)*COS(latitude*PI()/180)*POW(SIN(('120.1053'*PI()/180-longitude*PI()/180)/2),2)))*1000) as distance from tp_ahld_mall where ROUND(6378.138*2*ASIN(SQRT(POW(SIN(('30.335'*PI()/180-latitude*PI()/180)/2),2)+COS('30.335'*PI()/180)*COS(latitude*PI()/180)*POW(SIN(('120.1053'*PI()/180-longitude*PI()/180)/2),2)))*1000) < 12000 and type in (13,12,21,9)  order by per desc,score asc limit 0,3 [ RunTime:0.000295s ]

[ 2016-07-18T09:34:08+08:00 ] 112.17.238.207 /index.php?g=Hld&m=Ext&a=ajaxext
INFO: [ app_begin ] --START--
INFO: Run ReadHtmlCache Behavior [ RunTime:0.000310s ]
INFO: [ app_begin ] --END-- [ RunTime:0.000355s ]
SQL: SHOW COLUMNS FROM `tp_userinfo` [ RunTime:0.000640s ]
SQL: SELECT * FROM `tp_userinfo` WHERE ( `wecha_id` = 'oktzkwbxksTOGCk9wGLWDV_6gCbA' ) LIMIT 1   [ RunTime:0.000190s ]
SQL: SHOW COLUMNS FROM `tp_wxuser` [ RunTime:0.000557s ]
SQL: SELECT * FROM `tp_wxuser` WHERE ( `token` = 'plvmhl1467344437' ) LIMIT 1   [ RunTime:0.000215s ]
SQL: SHOW COLUMNS FROM `tp_ahld_ext` [ RunTime:0.000340s ]
SQL: SHOW COLUMNS FROM `tp_ahld_conf` [ RunTime:0.000302s ]
SQL: SELECT `value` FROM `tp_ahld_conf` WHERE ( `type` = 1 ) LIMIT 1   [ RunTime:0.000138s ]
SQL: SELECT `id`,`title`,`addr`,`img`,ROUND(6378.138*2*ASIN(SQRT(POW(SIN(('30.33492'*PI()/180-latitude*PI()/180)/2),2)+COS('30.33492'*PI()/180)*COS(latitude*PI()/180)*POW(SIN(('120.1053'*PI()/180-longitude*PI()/180)/2),2)))*1000) as distance FROM `tp_ahld_ext` WHERE round(6378.138*2*ASIN(SQRT(POW(SIN(('30.33492'*PI()/180-latitude*PI()/180)/2),2)+COS('30.33492'*PI()/180)*COS(latitude*PI()/180)*POW(SIN(('120.1053'*PI()/180-longitude*PI()/180)/2),2)))*1000) <(200000000) ORDER BY score asc LIMIT 0,3   [ RunTime:0.000242s ]

[ 2016-07-18T09:37:21+08:00 ] 117.149.24.126 /index.php?g=Hld&m=Ext&a=ajaxext
INFO: [ app_begin ] --START--
INFO: Run ReadHtmlCache Behavior [ RunTime:0.000288s ]
INFO: [ app_begin ] --END-- [ RunTime:0.000336s ]
SQL: SHOW COLUMNS FROM `tp_userinfo` [ RunTime:0.000687s ]
SQL: SELECT * FROM `tp_userinfo` WHERE ( `wecha_id` = 'oktzkwZSXOt_Kjv2A__8phdUv82c' ) LIMIT 1   [ RunTime:0.000188s ]
SQL: SHOW COLUMNS FROM `tp_wxuser` [ RunTime:0.000598s ]
SQL: SELECT * FROM `tp_wxuser` WHERE ( `token` = 'plvmhl1467344437' ) LIMIT 1   [ RunTime:0.000198s ]
SQL: SHOW COLUMNS FROM `tp_ahld_ext` [ RunTime:0.000392s ]
SQL: SHOW COLUMNS FROM `tp_ahld_conf` [ RunTime:0.000280s ]
SQL: SELECT `value` FROM `tp_ahld_conf` WHERE ( `type` = 1 ) LIMIT 1   [ RunTime:0.000167s ]
SQL: SELECT `id`,`title`,`addr`,`img`,ROUND(6378.138*2*ASIN(SQRT(POW(SIN(('30.18285'*PI()/180-latitude*PI()/180)/2),2)+COS('30.18285'*PI()/180)*COS(latitude*PI()/180)*POW(SIN(('120.2567'*PI()/180-longitude*PI()/180)/2),2)))*1000) as distance FROM `tp_ahld_ext` WHERE round(6378.138*2*ASIN(SQRT(POW(SIN(('30.18285'*PI()/180-latitude*PI()/180)/2),2)+COS('30.18285'*PI()/180)*COS(latitude*PI()/180)*POW(SIN(('120.2567'*PI()/180-longitude*PI()/180)/2),2)))*1000) <(200000000) ORDER BY score asc LIMIT 0,3   [ RunTime:0.000258s ]

[ 2016-07-18T09:38:06+08:00 ] 117.149.24.126 /index.php?g=Hld&m=Ext&a=ajaxext
INFO: [ app_begin ] --START--
INFO: Run ReadHtmlCache Behavior [ RunTime:0.000324s ]
INFO: [ app_begin ] --END-- [ RunTime:0.000368s ]
SQL: SHOW COLUMNS FROM `tp_userinfo` [ RunTime:0.000657s ]
SQL: SELECT * FROM `tp_userinfo` WHERE ( `wecha_id` = 'oktzkwZSXOt_Kjv2A__8phdUv82c' ) LIMIT 1   [ RunTime:0.000211s ]
SQL: SHOW COLUMNS FROM `tp_wxuser` [ RunTime:0.000642s ]
SQL: SELECT * FROM `tp_wxuser` WHERE ( `token` = 'plvmhl1467344437' ) LIMIT 1   [ RunTime:0.000223s ]
SQL: SHOW COLUMNS FROM `tp_ahld_ext` [ RunTime:0.000449s ]
SQL: SHOW COLUMNS FROM `tp_ahld_conf` [ RunTime:0.000312s ]
SQL: SELECT `value` FROM `tp_ahld_conf` WHERE ( `type` = 1 ) LIMIT 1   [ RunTime:0.000144s ]
SQL: SELECT `id`,`title`,`addr`,`img`,ROUND(6378.138*2*ASIN(SQRT(POW(SIN(('30.18271'*PI()/180-latitude*PI()/180)/2),2)+COS('30.18271'*PI()/180)*COS(latitude*PI()/180)*POW(SIN(('120.2566'*PI()/180-longitude*PI()/180)/2),2)))*1000) as distance FROM `tp_ahld_ext` WHERE round(6378.138*2*ASIN(SQRT(POW(SIN(('30.18271'*PI()/180-latitude*PI()/180)/2),2)+COS('30.18271'*PI()/180)*COS(latitude*PI()/180)*POW(SIN(('120.2566'*PI()/180-longitude*PI()/180)/2),2)))*1000) <(200000000) ORDER BY score asc LIMIT 0,3   [ RunTime:0.000276s ]

[ 2016-07-18T09:45:39+08:00 ] ERR: (ThinkException) 无法加载模块:Twitter
[ 2016-07-18T10:22:15+08:00 ] 36.23.9.192 /index.php?g=Hld&m=Ext&a=ajaxext
INFO: [ app_begin ] --START--
INFO: Run ReadHtmlCache Behavior [ RunTime:0.000432s ]
INFO: [ app_begin ] --END-- [ RunTime:0.000529s ]
SQL: SHOW COLUMNS FROM `tp_userinfo` [ RunTime:0.001015s ]
SQL: SELECT * FROM `tp_userinfo` WHERE ( `wecha_id` = 'oktzkwZSXOt_Kjv2A__8phdUv82c' ) LIMIT 1   [ RunTime:0.000292s ]
SQL: SHOW COLUMNS FROM `tp_wxuser` [ RunTime:0.000873s ]
SQL: SELECT * FROM `tp_wxuser` WHERE ( `token` = 'plvmhl1467344437' ) LIMIT 1   [ RunTime:0.000242s ]
SQL: SHOW COLUMNS FROM `tp_ahld_ext` [ RunTime:0.000379s ]
SQL: SHOW COLUMNS FROM `tp_ahld_conf` [ RunTime:0.000288s ]
SQL: SELECT `value` FROM `tp_ahld_conf` WHERE ( `type` = 1 ) LIMIT 1   [ RunTime:0.000142s ]
SQL: SELECT `id`,`title`,`addr`,`img`,ROUND(6378.138*2*ASIN(SQRT(POW(SIN(('30.18285'*PI()/180-latitude*PI()/180)/2),2)+COS('30.18285'*PI()/180)*COS(latitude*PI()/180)*POW(SIN(('120.2567'*PI()/180-longitude*PI()/180)/2),2)))*1000) as distance FROM `tp_ahld_ext` WHERE round(6378.138*2*ASIN(SQRT(POW(SIN(('30.18285'*PI()/180-latitude*PI()/180)/2),2)+COS('30.18285'*PI()/180)*COS(latitude*PI()/180)*POW(SIN(('120.2567'*PI()/180-longitude*PI()/180)/2),2)))*1000) <(200000000) ORDER BY score asc LIMIT 0,3   [ RunTime:0.000248s ]

[ 2016-07-18T12:43:04+08:00 ] 117.149.24.126 /index.php?g=Hld&m=Ext&a=ajaxext
INFO: [ app_begin ] --START--
INFO: Run ReadHtmlCache Behavior [ RunTime:0.000304s ]
INFO: [ app_begin ] --END-- [ RunTime:0.000353s ]
SQL: SHOW COLUMNS FROM `tp_userinfo` [ RunTime:0.000660s ]
SQL: SELECT * FROM `tp_userinfo` WHERE ( `wecha_id` = 'oktzkwZSXOt_Kjv2A__8phdUv82c' ) LIMIT 1   [ RunTime:0.000196s ]
SQL: SHOW COLUMNS FROM `tp_wxuser` [ RunTime:0.000575s ]
SQL: SELECT * FROM `tp_wxuser` WHERE ( `token` = 'plvmhl1467344437' ) LIMIT 1   [ RunTime:0.000175s ]
SQL: SHOW COLUMNS FROM `tp_ahld_ext` [ RunTime:0.000392s ]
SQL: SHOW COLUMNS FROM `tp_ahld_conf` [ RunTime:0.000307s ]
SQL: SELECT `value` FROM `tp_ahld_conf` WHERE ( `type` = 1 ) LIMIT 1   [ RunTime:0.000153s ]
SQL: SELECT `id`,`title`,`addr`,`img`,ROUND(6378.138*2*ASIN(SQRT(POW(SIN(('30.18312'*PI()/180-latitude*PI()/180)/2),2)+COS('30.18312'*PI()/180)*COS(latitude*PI()/180)*POW(SIN(('120.2567'*PI()/180-longitude*PI()/180)/2),2)))*1000) as distance FROM `tp_ahld_ext` WHERE round(6378.138*2*ASIN(SQRT(POW(SIN(('30.18312'*PI()/180-latitude*PI()/180)/2),2)+COS('30.18312'*PI()/180)*COS(latitude*PI()/180)*POW(SIN(('120.2567'*PI()/180-longitude*PI()/180)/2),2)))*1000) <(200000000) ORDER BY score asc LIMIT 0,3   [ RunTime:0.000241s ]

[ 2016-07-18T13:36:40+08:00 ] 117.149.24.126 /index.php?g=Hld&m=Ext&a=ajaxext
INFO: [ app_begin ] --START--
INFO: Run ReadHtmlCache Behavior [ RunTime:0.000306s ]
INFO: [ app_begin ] --END-- [ RunTime:0.000358s ]
SQL: SHOW COLUMNS FROM `tp_userinfo` [ RunTime:0.000721s ]
SQL: SELECT * FROM `tp_userinfo` WHERE ( `wecha_id` = 'oktzkwYPeYhKwNGbRjcRz1OJu9po' ) LIMIT 1   [ RunTime:0.000196s ]
SQL: SHOW COLUMNS FROM `tp_wxuser` [ RunTime:0.000579s ]
SQL: SELECT * FROM `tp_wxuser` WHERE ( `token` = 'plvmhl1467344437' ) LIMIT 1   [ RunTime:0.000180s ]
SQL: SHOW COLUMNS FROM `tp_ahld_ext` [ RunTime:0.000476s ]
SQL: SHOW COLUMNS FROM `tp_ahld_conf` [ RunTime:0.000320s ]
SQL: SELECT `value` FROM `tp_ahld_conf` WHERE ( `type` = 1 ) LIMIT 1   [ RunTime:0.000223s ]
SQL: SELECT `id`,`title`,`addr`,`img`,ROUND(6378.138*2*ASIN(SQRT(POW(SIN(('30.183413'*PI()/180-latitude*PI()/180)/2),2)+COS('30.183413'*PI()/180)*COS(latitude*PI()/180)*POW(SIN(('120.25662'*PI()/180-longitude*PI()/180)/2),2)))*1000) as distance FROM `tp_ahld_ext` WHERE round(6378.138*2*ASIN(SQRT(POW(SIN(('30.183413'*PI()/180-latitude*PI()/180)/2),2)+COS('30.183413'*PI()/180)*COS(latitude*PI()/180)*POW(SIN(('120.25662'*PI()/180-longitude*PI()/180)/2),2)))*1000) <(200000000) ORDER BY score asc LIMIT 0,3   [ RunTime:0.000264s ]

[ 2016-07-18T13:37:12+08:00 ] 117.149.24.126 /index.php?g=Hld&m=Ext&a=ajaxext
INFO: [ app_begin ] --START--
INFO: Run ReadHtmlCache Behavior [ RunTime:0.001219s ]
INFO: [ app_begin ] --END-- [ RunTime:0.001268s ]
SQL: SHOW COLUMNS FROM `tp_userinfo` [ RunTime:0.000747s ]
SQL: SELECT * FROM `tp_userinfo` WHERE ( `wecha_id` = 'oktzkwYPeYhKwNGbRjcRz1OJu9po' ) LIMIT 1   [ RunTime:0.000200s ]
SQL: SHOW COLUMNS FROM `tp_wxuser` [ RunTime:0.000603s ]
SQL: SELECT * FROM `tp_wxuser` WHERE ( `token` = 'plvmhl1467344437' ) LIMIT 1   [ RunTime:0.000196s ]
SQL: SHOW COLUMNS FROM `tp_ahld_ext` [ RunTime:0.000453s ]
SQL: SHOW COLUMNS FROM `tp_ahld_conf` [ RunTime:0.000295s ]
SQL: SELECT `value` FROM `tp_ahld_conf` WHERE ( `type` = 1 ) LIMIT 1   [ RunTime:0.000195s ]
SQL: SELECT `id`,`title`,`addr`,`img`,ROUND(6378.138*2*ASIN(SQRT(POW(SIN(('30.183413'*PI()/180-latitude*PI()/180)/2),2)+COS('30.183413'*PI()/180)*COS(latitude*PI()/180)*POW(SIN(('120.25662'*PI()/180-longitude*PI()/180)/2),2)))*1000) as distance FROM `tp_ahld_ext` WHERE round(6378.138*2*ASIN(SQRT(POW(SIN(('30.183413'*PI()/180-latitude*PI()/180)/2),2)+COS('30.183413'*PI()/180)*COS(latitude*PI()/180)*POW(SIN(('120.25662'*PI()/180-longitude*PI()/180)/2),2)))*1000) <(200000000) ORDER BY score asc LIMIT 0,3   [ RunTime:0.000253s ]

[ 2016-07-18T13:37:27+08:00 ] 117.149.24.126 /index.php?g=Hld&m=Ext&a=ajaxext
INFO: [ app_begin ] --START--
INFO: Run ReadHtmlCache Behavior [ RunTime:0.000331s ]
INFO: [ app_begin ] --END-- [ RunTime:0.000378s ]
SQL: SHOW COLUMNS FROM `tp_userinfo` [ RunTime:0.000706s ]
SQL: SELECT * FROM `tp_userinfo` WHERE ( `wecha_id` = 'oktzkwYPeYhKwNGbRjcRz1OJu9po' ) LIMIT 1   [ RunTime:0.000215s ]
SQL: SHOW COLUMNS FROM `tp_wxuser` [ RunTime:0.000585s ]
SQL: SELECT * FROM `tp_wxuser` WHERE ( `token` = 'plvmhl1467344437' ) LIMIT 1   [ RunTime:0.000221s ]
SQL: SHOW COLUMNS FROM `tp_ahld_ext` [ RunTime:0.000341s ]
SQL: SHOW COLUMNS FROM `tp_ahld_conf` [ RunTime:0.000303s ]
SQL: SELECT `value` FROM `tp_ahld_conf` WHERE ( `type` = 1 ) LIMIT 1   [ RunTime:0.000159s ]
SQL: SELECT `id`,`title`,`addr`,`img`,ROUND(6378.138*2*ASIN(SQRT(POW(SIN(('30.182922'*PI()/180-latitude*PI()/180)/2),2)+COS('30.182922'*PI()/180)*COS(latitude*PI()/180)*POW(SIN(('120.25607'*PI()/180-longitude*PI()/180)/2),2)))*1000) as distance FROM `tp_ahld_ext` WHERE round(6378.138*2*ASIN(SQRT(POW(SIN(('30.182922'*PI()/180-latitude*PI()/180)/2),2)+COS('30.182922'*PI()/180)*COS(latitude*PI()/180)*POW(SIN(('120.25607'*PI()/180-longitude*PI()/180)/2),2)))*1000) <(200000000) ORDER BY score asc LIMIT 0,3   [ RunTime:0.000276s ]

[ 2016-07-18T13:37:48+08:00 ] 117.149.24.126 /index.php?g=Hld&m=Ext&a=ajaxext
INFO: [ app_begin ] --START--
INFO: Run ReadHtmlCache Behavior [ RunTime:0.000318s ]
INFO: [ app_begin ] --END-- [ RunTime:0.000363s ]
SQL: SHOW COLUMNS FROM `tp_userinfo` [ RunTime:0.000696s ]
SQL: SELECT * FROM `tp_userinfo` WHERE ( `wecha_id` = 'oktzkwYPeYhKwNGbRjcRz1OJu9po' ) LIMIT 1   [ RunTime:0.000195s ]
SQL: SHOW COLUMNS FROM `tp_wxuser` [ RunTime:0.000643s ]
SQL: SELECT * FROM `tp_wxuser` WHERE ( `token` = 'plvmhl1467344437' ) LIMIT 1   [ RunTime:0.000189s ]
SQL: SHOW COLUMNS FROM `tp_ahld_ext` [ RunTime:0.000373s ]
SQL: SHOW COLUMNS FROM `tp_ahld_conf` [ RunTime:0.000289s ]
SQL: SELECT `value` FROM `tp_ahld_conf` WHERE ( `type` = 1 ) LIMIT 1   [ RunTime:0.000158s ]
SQL: SELECT `id`,`title`,`addr`,`img`,ROUND(6378.138*2*ASIN(SQRT(POW(SIN(('30.182924'*PI()/180-latitude*PI()/180)/2),2)+COS('30.182924'*PI()/180)*COS(latitude*PI()/180)*POW(SIN(('120.25611'*PI()/180-longitude*PI()/180)/2),2)))*1000) as distance FROM `tp_ahld_ext` WHERE round(6378.138*2*ASIN(SQRT(POW(SIN(('30.182924'*PI()/180-latitude*PI()/180)/2),2)+COS('30.182924'*PI()/180)*COS(latitude*PI()/180)*POW(SIN(('120.25611'*PI()/180-longitude*PI()/180)/2),2)))*1000) <(200000000) ORDER BY score asc LIMIT 0,3   [ RunTime:0.000273s ]

[ 2016-07-18T13:38:09+08:00 ] 117.149.24.126 /index.php?g=Hld&m=Ext&a=ajaxext
INFO: [ app_begin ] --START--
INFO: Run ReadHtmlCache Behavior [ RunTime:0.000360s ]
INFO: [ app_begin ] --END-- [ RunTime:0.000407s ]
SQL: SHOW COLUMNS FROM `tp_userinfo` [ RunTime:0.000765s ]
SQL: SELECT * FROM `tp_userinfo` WHERE ( `wecha_id` = 'oktzkwYPeYhKwNGbRjcRz1OJu9po' ) LIMIT 1   [ RunTime:0.000220s ]
SQL: SHOW COLUMNS FROM `tp_wxuser` [ RunTime:0.000650s ]
SQL: SELECT * FROM `tp_wxuser` WHERE ( `token` = 'plvmhl1467344437' ) LIMIT 1   [ RunTime:0.000203s ]
SQL: SHOW COLUMNS FROM `tp_ahld_ext` [ RunTime:0.000653s ]
SQL: SHOW COLUMNS FROM `tp_ahld_conf` [ RunTime:0.000311s ]
SQL: SELECT `value` FROM `tp_ahld_conf` WHERE ( `type` = 1 ) LIMIT 1   [ RunTime:0.000176s ]
SQL: SELECT `id`,`title`,`addr`,`img`,ROUND(6378.138*2*ASIN(SQRT(POW(SIN(('30.182917'*PI()/180-latitude*PI()/180)/2),2)+COS('30.182917'*PI()/180)*COS(latitude*PI()/180)*POW(SIN(('120.25667'*PI()/180-longitude*PI()/180)/2),2)))*1000) as distance FROM `tp_ahld_ext` WHERE round(6378.138*2*ASIN(SQRT(POW(SIN(('30.182917'*PI()/180-latitude*PI()/180)/2),2)+COS('30.182917'*PI()/180)*COS(latitude*PI()/180)*POW(SIN(('120.25667'*PI()/180-longitude*PI()/180)/2),2)))*1000) <(200000000) ORDER BY score asc LIMIT 0,3   [ RunTime:0.000301s ]

[ 2016-07-18T13:46:05+08:00 ] ERR: (ThinkException) 无法加载模块:Twitter
[ 2016-07-18T13:46:05+08:00 ] ERR: (ThinkException) 无法加载模块:Twitter
[ 2016-07-18T13:46:12+08:00 ] ERR: (ThinkException) 无法加载模块:Twitter
[ 2016-07-18T13:46:15+08:00 ] ERR: (ThinkException) 无法加载模块:Twitter
[ 2016-07-18T13:46:15+08:00 ] ERR: (ThinkException) 无法加载模块:Twitter
[ 2016-07-18T13:46:18+08:00 ] ERR: (ThinkException) 无法加载模块:Twitter
[ 2016-07-18T13:47:12+08:00 ] ERR: (ThinkException) 无法加载模块:Twitter
[ 2016-07-18T13:47:12+08:00 ] ERR: (ThinkException) 无法加载模块:Twitter
[ 2016-07-18T13:47:13+08:00 ] ERR: (ThinkException) 无法加载模块:Twitter
[ 2016-07-18T13:48:51+08:00 ] 117.149.24.126 /index.php?g=Api&m=Img&a=imgs_del&token=plvmhl1467344437
INFO: [ app_begin ] --START--
INFO: Run ReadHtmlCache Behavior [ RunTime:0.000276s ]
INFO: [ app_begin ] --END-- [ RunTime:0.000320s ]

[ 2016-07-18T13:50:31+08:00 ] 117.149.24.126 /index.php?g=Hld&m=Ext&a=ajaxext
INFO: [ app_begin ] --START--
INFO: Run ReadHtmlCache Behavior [ RunTime:0.000345s ]
INFO: [ app_begin ] --END-- [ RunTime:0.000411s ]
SQL: SHOW COLUMNS FROM `tp_userinfo` [ RunTime:0.000764s ]
SQL: SELECT * FROM `tp_userinfo` WHERE ( `wecha_id` = 'oktzkwYPeYhKwNGbRjcRz1OJu9po' ) LIMIT 1   [ RunTime:0.000214s ]
SQL: SHOW COLUMNS FROM `tp_wxuser` [ RunTime:0.000653s ]
SQL: SELECT * FROM `tp_wxuser` WHERE ( `token` = 'plvmhl1467344437' ) LIMIT 1   [ RunTime:0.000194s ]
SQL: SHOW COLUMNS FROM `tp_ahld_ext` [ RunTime:0.000361s ]
SQL: SHOW COLUMNS FROM `tp_ahld_conf` [ RunTime:0.000325s ]
SQL: SELECT `value` FROM `tp_ahld_conf` WHERE ( `type` = 1 ) LIMIT 1   [ RunTime:0.000173s ]
SQL: SELECT `id`,`title`,`addr`,`img`,ROUND(6378.138*2*ASIN(SQRT(POW(SIN(('30.182928'*PI()/180-latitude*PI()/180)/2),2)+COS('30.182928'*PI()/180)*COS(latitude*PI()/180)*POW(SIN(('120.25652'*PI()/180-longitude*PI()/180)/2),2)))*1000) as distance FROM `tp_ahld_ext` WHERE round(6378.138*2*ASIN(SQRT(POW(SIN(('30.182928'*PI()/180-latitude*PI()/180)/2),2)+COS('30.182928'*PI()/180)*COS(latitude*PI()/180)*POW(SIN(('120.25652'*PI()/180-longitude*PI()/180)/2),2)))*1000) <(200000000) ORDER BY score asc LIMIT 0,3   [ RunTime:0.000242s ]

[ 2016-07-18T13:50:47+08:00 ] 117.149.24.126 /index.php?g=Hld&m=Ext&a=ajaxext
INFO: [ app_begin ] --START--
INFO: Run ReadHtmlCache Behavior [ RunTime:0.000277s ]
INFO: [ app_begin ] --END-- [ RunTime:0.000331s ]
SQL: SHOW COLUMNS FROM `tp_userinfo` [ RunTime:0.000745s ]
SQL: SELECT * FROM `tp_userinfo` WHERE ( `wecha_id` = 'oktzkwYPeYhKwNGbRjcRz1OJu9po' ) LIMIT 1   [ RunTime:0.000193s ]
SQL: SHOW COLUMNS FROM `tp_wxuser` [ RunTime:0.000609s ]
SQL: SELECT * FROM `tp_wxuser` WHERE ( `token` = 'plvmhl1467344437' ) LIMIT 1   [ RunTime:0.000218s ]
SQL: SHOW COLUMNS FROM `tp_ahld_ext` [ RunTime:0.000457s ]
SQL: SHOW COLUMNS FROM `tp_ahld_conf` [ RunTime:0.000352s ]
SQL: SELECT `value` FROM `tp_ahld_conf` WHERE ( `type` = 1 ) LIMIT 1   [ RunTime:0.000166s ]
SQL: SELECT `id`,`title`,`addr`,`img`,ROUND(6378.138*2*ASIN(SQRT(POW(SIN(('30.182928'*PI()/180-latitude*PI()/180)/2),2)+COS('30.182928'*PI()/180)*COS(latitude*PI()/180)*POW(SIN(('120.25652'*PI()/180-longitude*PI()/180)/2),2)))*1000) as distance FROM `tp_ahld_ext` WHERE round(6378.138*2*ASIN(SQRT(POW(SIN(('30.182928'*PI()/180-latitude*PI()/180)/2),2)+COS('30.182928'*PI()/180)*COS(latitude*PI()/180)*POW(SIN(('120.25652'*PI()/180-longitude*PI()/180)/2),2)))*1000) <(200000000) ORDER BY score asc LIMIT 0,3   [ RunTime:0.000270s ]

[ 2016-07-18T13:51:03+08:00 ] 117.149.24.126 /index.php?g=Hld&m=Ext&a=ajaxext
INFO: [ app_begin ] --START--
INFO: Run ReadHtmlCache Behavior [ RunTime:0.000345s ]
INFO: [ app_begin ] --END-- [ RunTime:0.000392s ]
SQL: SHOW COLUMNS FROM `tp_userinfo` [ RunTime:0.000849s ]
SQL: SELECT * FROM `tp_userinfo` WHERE ( `wecha_id` = 'oktzkwYPeYhKwNGbRjcRz1OJu9po' ) LIMIT 1   [ RunTime:0.000215s ]
SQL: SHOW COLUMNS FROM `tp_wxuser` [ RunTime:0.000589s ]
SQL: SELECT * FROM `tp_wxuser` WHERE ( `token` = 'plvmhl1467344437' ) LIMIT 1   [ RunTime:0.000219s ]
SQL: SHOW COLUMNS FROM `tp_ahld_ext` [ RunTime:0.000374s ]
SQL: SHOW COLUMNS FROM `tp_ahld_conf` [ RunTime:0.000316s ]
SQL: SELECT `value` FROM `tp_ahld_conf` WHERE ( `type` = 1 ) LIMIT 1   [ RunTime:0.000162s ]
SQL: SELECT `id`,`title`,`addr`,`img`,ROUND(6378.138*2*ASIN(SQRT(POW(SIN(('30.182991'*PI()/180-latitude*PI()/180)/2),2)+COS('30.182991'*PI()/180)*COS(latitude*PI()/180)*POW(SIN(('120.25661'*PI()/180-longitude*PI()/180)/2),2)))*1000) as distance FROM `tp_ahld_ext` WHERE round(6378.138*2*ASIN(SQRT(POW(SIN(('30.182991'*PI()/180-latitude*PI()/180)/2),2)+COS('30.182991'*PI()/180)*COS(latitude*PI()/180)*POW(SIN(('120.25661'*PI()/180-longitude*PI()/180)/2),2)))*1000) <(200000000) ORDER BY score asc LIMIT 0,3   [ RunTime:0.000247s ]

[ 2016-07-18T13:51:19+08:00 ] 117.149.24.126 /index.php?g=Hld&m=Ext&a=ajaxext
INFO: [ app_begin ] --START--
INFO: Run ReadHtmlCache Behavior [ RunTime:0.000268s ]
INFO: [ app_begin ] --END-- [ RunTime:0.000315s ]
SQL: SHOW COLUMNS FROM `tp_userinfo` [ RunTime:0.000686s ]
SQL: SELECT * FROM `tp_userinfo` WHERE ( `wecha_id` = 'oktzkwYPeYhKwNGbRjcRz1OJu9po' ) LIMIT 1   [ RunTime:0.000210s ]
SQL: SHOW COLUMNS FROM `tp_wxuser` [ RunTime:0.000576s ]
SQL: SELECT * FROM `tp_wxuser` WHERE ( `token` = 'plvmhl1467344437' ) LIMIT 1   [ RunTime:0.000178s ]
SQL: SHOW COLUMNS FROM `tp_ahld_ext` [ RunTime:0.000405s ]
SQL: SHOW COLUMNS FROM `tp_ahld_conf` [ RunTime:0.000281s ]
SQL: SELECT `value` FROM `tp_ahld_conf` WHERE ( `type` = 1 ) LIMIT 1   [ RunTime:0.000155s ]
SQL: SELECT `id`,`title`,`addr`,`img`,ROUND(6378.138*2*ASIN(SQRT(POW(SIN(('30.183018'*PI()/180-latitude*PI()/180)/2),2)+COS('30.183018'*PI()/180)*COS(latitude*PI()/180)*POW(SIN(('120.256325'*PI()/180-longitude*PI()/180)/2),2)))*1000) as distance FROM `tp_ahld_ext` WHERE round(6378.138*2*ASIN(SQRT(POW(SIN(('30.183018'*PI()/180-latitude*PI()/180)/2),2)+COS('30.183018'*PI()/180)*COS(latitude*PI()/180)*POW(SIN(('120.256325'*PI()/180-longitude*PI()/180)/2),2)))*1000) <(200000000) ORDER BY score asc LIMIT 0,3   [ RunTime:0.000252s ]

[ 2016-07-18T13:52:41+08:00 ] 117.149.24.126 /index.php?g=Hld&m=Ext&a=ajaxext
INFO: [ app_begin ] --START--
INFO: Run ReadHtmlCache Behavior [ RunTime:0.000294s ]
INFO: [ app_begin ] --END-- [ RunTime:0.000340s ]
SQL: SHOW COLUMNS FROM `tp_userinfo` [ RunTime:0.000666s ]
SQL: SELECT * FROM `tp_userinfo` WHERE ( `wecha_id` = 'oktzkwYPeYhKwNGbRjcRz1OJu9po' ) LIMIT 1   [ RunTime:0.000195s ]
SQL: SHOW COLUMNS FROM `tp_wxuser` [ RunTime:0.000610s ]
SQL: SELECT * FROM `tp_wxuser` WHERE ( `token` = 'plvmhl1467344437' ) LIMIT 1   [ RunTime:0.000182s ]
SQL: SHOW COLUMNS FROM `tp_ahld_ext` [ RunTime:0.000431s ]
SQL: SHOW COLUMNS FROM `tp_ahld_conf` [ RunTime:0.000291s ]
SQL: SELECT `value` FROM `tp_ahld_conf` WHERE ( `type` = 1 ) LIMIT 1   [ RunTime:0.000162s ]
SQL: SELECT `id`,`title`,`addr`,`img`,ROUND(6378.138*2*ASIN(SQRT(POW(SIN(('30.183132'*PI()/180-latitude*PI()/180)/2),2)+COS('30.183132'*PI()/180)*COS(latitude*PI()/180)*POW(SIN(('120.25626'*PI()/180-longitude*PI()/180)/2),2)))*1000) as distance FROM `tp_ahld_ext` WHERE round(6378.138*2*ASIN(SQRT(POW(SIN(('30.183132'*PI()/180-latitude*PI()/180)/2),2)+COS('30.183132'*PI()/180)*COS(latitude*PI()/180)*POW(SIN(('120.25626'*PI()/180-longitude*PI()/180)/2),2)))*1000) <(200000000) ORDER BY score asc LIMIT 0,3   [ RunTime:0.000272s ]

[ 2016-07-18T13:57:44+08:00 ] ERR: (ThinkException) 无法加载模块:MerchantType
[ 2016-07-18T13:57:44+08:00 ] ERR: (ThinkException) 无法加载模块:MerchantType
[ 2016-07-18T13:57:49+08:00 ] ERR: (ThinkException) 无法加载模块:MerchantType
[ 2016-07-18T13:57:51+08:00 ] ERR: (ThinkException) 无法加载模块:MerchantType
[ 2016-07-18T13:58:32+08:00 ] ERR: (ThinkException) 无法加载模块:MerchantType
[ 2016-07-18T14:03:46+08:00 ] ERR: (ThinkException) 无法加载模块:MerchantType
[ 2016-07-18T14:17:55+08:00 ] 117.149.24.126 /index.php?g=Hld&m=Ext&a=ajaxext
INFO: [ app_begin ] --START--
INFO: Run ReadHtmlCache Behavior [ RunTime:0.000434s ]
INFO: [ app_begin ] --END-- [ RunTime:0.000514s ]
SQL: SHOW COLUMNS FROM `tp_userinfo` [ RunTime:0.001200s ]
SQL: SELECT * FROM `tp_userinfo` WHERE ( `wecha_id` = 'oktzkwYPeYhKwNGbRjcRz1OJu9po' ) LIMIT 1   [ RunTime:0.000288s ]
SQL: SHOW COLUMNS FROM `tp_wxuser` [ RunTime:0.000583s ]
SQL: SELECT * FROM `tp_wxuser` WHERE ( `token` = 'plvmhl1467344437' ) LIMIT 1   [ RunTime:0.000195s ]
SQL: SHOW COLUMNS FROM `tp_ahld_ext` [ RunTime:0.000381s ]
SQL: SHOW COLUMNS FROM `tp_ahld_conf` [ RunTime:0.000285s ]
SQL: SELECT `value` FROM `tp_ahld_conf` WHERE ( `type` = 1 ) LIMIT 1   [ RunTime:0.000145s ]
SQL: SELECT `id`,`title`,`addr`,`img`,ROUND(6378.138*2*ASIN(SQRT(POW(SIN(('30.183008'*PI()/180-latitude*PI()/180)/2),2)+COS('30.183008'*PI()/180)*COS(latitude*PI()/180)*POW(SIN(('120.25637'*PI()/180-longitude*PI()/180)/2),2)))*1000) as distance FROM `tp_ahld_ext` WHERE round(6378.138*2*ASIN(SQRT(POW(SIN(('30.183008'*PI()/180-latitude*PI()/180)/2),2)+COS('30.183008'*PI()/180)*COS(latitude*PI()/180)*POW(SIN(('120.25637'*PI()/180-longitude*PI()/180)/2),2)))*1000) <(200000000) ORDER BY score asc LIMIT 0,3   [ RunTime:0.000303s ]

[ 2016-07-18T14:18:17+08:00 ] 117.149.24.126 /index.php?g=Hld&m=Ext&a=ajaxext
INFO: [ app_begin ] --START--
INFO: Run ReadHtmlCache Behavior [ RunTime:0.000376s ]
INFO: [ app_begin ] --END-- [ RunTime:0.000420s ]
SQL: SHOW COLUMNS FROM `tp_userinfo` [ RunTime:0.000843s ]
SQL: SELECT * FROM `tp_userinfo` WHERE ( `wecha_id` = 'oktzkwYPeYhKwNGbRjcRz1OJu9po' ) LIMIT 1   [ RunTime:0.000206s ]
SQL: SHOW COLUMNS FROM `tp_wxuser` [ RunTime:0.000632s ]
SQL: SELECT * FROM `tp_wxuser` WHERE ( `token` = 'plvmhl1467344437' ) LIMIT 1   [ RunTime:0.000249s ]
SQL: SHOW COLUMNS FROM `tp_ahld_ext` [ RunTime:0.000408s ]
SQL: SHOW COLUMNS FROM `tp_ahld_conf` [ RunTime:0.000349s ]
SQL: SELECT `value` FROM `tp_ahld_conf` WHERE ( `type` = 1 ) LIMIT 1   [ RunTime:0.000172s ]
SQL: SELECT `id`,`title`,`addr`,`img`,ROUND(6378.138*2*ASIN(SQRT(POW(SIN(('30.183008'*PI()/180-latitude*PI()/180)/2),2)+COS('30.183008'*PI()/180)*COS(latitude*PI()/180)*POW(SIN(('120.25637'*PI()/180-longitude*PI()/180)/2),2)))*1000) as distance FROM `tp_ahld_ext` WHERE round(6378.138*2*ASIN(SQRT(POW(SIN(('30.183008'*PI()/180-latitude*PI()/180)/2),2)+COS('30.183008'*PI()/180)*COS(latitude*PI()/180)*POW(SIN(('120.25637'*PI()/180-longitude*PI()/180)/2),2)))*1000) <(200000000) ORDER BY score asc LIMIT 0,3   [ RunTime:0.000258s ]

[ 2016-07-18T14:18:36+08:00 ] 117.149.24.126 /index.php?g=Hld&m=Ext&a=ajaxext
INFO: [ app_begin ] --START--
INFO: Run ReadHtmlCache Behavior [ RunTime:0.000332s ]
INFO: [ app_begin ] --END-- [ RunTime:0.000382s ]
SQL: SHOW COLUMNS FROM `tp_userinfo` [ RunTime:0.000673s ]
SQL: SELECT * FROM `tp_userinfo` WHERE ( `wecha_id` = 'oktzkwYPeYhKwNGbRjcRz1OJu9po' ) LIMIT 1   [ RunTime:0.000208s ]
SQL: SHOW COLUMNS FROM `tp_wxuser` [ RunTime:0.000619s ]
SQL: SELECT * FROM `tp_wxuser` WHERE ( `token` = 'plvmhl1467344437' ) LIMIT 1   [ RunTime:0.000219s ]
SQL: SHOW COLUMNS FROM `tp_ahld_ext` [ RunTime:0.000400s ]
SQL: SHOW COLUMNS FROM `tp_ahld_conf` [ RunTime:0.000298s ]
SQL: SELECT `value` FROM `tp_ahld_conf` WHERE ( `type` = 1 ) LIMIT 1   [ RunTime:0.000179s ]
NOTIC: [8] Undefined index: lng /home/project/pig/PigCms/Lib/Action/Hld/ExtAction.class.php 第 37 行.
NOTIC: [8] Undefined index: lat /home/project/pig/PigCms/Lib/Action/Hld/ExtAction.class.php 第 38 行.
SQL: SELECT `id`,`title`,`addr`,`img`,ROUND(6378.138*2*ASIN(SQRT(POW(SIN((''*PI()/180-latitude*PI()/180)/2),2)+COS(''*PI()/180)*COS(latitude*PI()/180)*POW(SIN((''*PI()/180-longitude*PI()/180)/2),2)))*1000) as distance FROM `tp_ahld_ext` WHERE round(6378.138*2*ASIN(SQRT(POW(SIN((''*PI()/180-latitude*PI()/180)/2),2)+COS(''*PI()/180)*COS(latitude*PI()/180)*POW(SIN((''*PI()/180-longitude*PI()/180)/2),2)))*1000) <(200000000) ORDER BY score asc LIMIT 0,3   [ RunTime:0.000254s ]

[ 2016-07-18T14:18:41+08:00 ] 117.149.24.126 /index.php?g=Hld&m=Ext&a=ajaxext
INFO: [ app_begin ] --START--
INFO: Run ReadHtmlCache Behavior [ RunTime:0.000421s ]
INFO: [ app_begin ] --END-- [ RunTime:0.000514s ]
SQL: SHOW COLUMNS FROM `tp_userinfo` [ RunTime:0.000927s ]
SQL: SELECT * FROM `tp_userinfo` WHERE ( `wecha_id` = 'oktzkwYPeYhKwNGbRjcRz1OJu9po' ) LIMIT 1   [ RunTime:0.000275s ]
SQL: SHOW COLUMNS FROM `tp_wxuser` [ RunTime:0.001055s ]
SQL: SELECT * FROM `tp_wxuser` WHERE ( `token` = 'plvmhl1467344437' ) LIMIT 1   [ RunTime:0.000234s ]
SQL: SHOW COLUMNS FROM `tp_ahld_ext` [ RunTime:0.000376s ]
SQL: SHOW COLUMNS FROM `tp_ahld_conf` [ RunTime:0.000346s ]
SQL: SELECT `value` FROM `tp_ahld_conf` WHERE ( `type` = 1 ) LIMIT 1   [ RunTime:0.000143s ]
SQL: SELECT `id`,`title`,`addr`,`img`,ROUND(6378.138*2*ASIN(SQRT(POW(SIN(('30.18306'*PI()/180-latitude*PI()/180)/2),2)+COS('30.18306'*PI()/180)*COS(latitude*PI()/180)*POW(SIN(('120.25629'*PI()/180-longitude*PI()/180)/2),2)))*1000) as distance FROM `tp_ahld_ext` WHERE round(6378.138*2*ASIN(SQRT(POW(SIN(('30.18306'*PI()/180-latitude*PI()/180)/2),2)+COS('30.18306'*PI()/180)*COS(latitude*PI()/180)*POW(SIN(('120.25629'*PI()/180-longitude*PI()/180)/2),2)))*1000) <(200000000) ORDER BY score asc LIMIT 0,3   [ RunTime:0.000328s ]

[ 2016-07-18T14:18:45+08:00 ] 117.149.24.126 /index.php?g=Hld&m=Ext&a=ajaxext
INFO: [ app_begin ] --START--
INFO: Run ReadHtmlCache Behavior [ RunTime:0.000289s ]
INFO: [ app_begin ] --END-- [ RunTime:0.000336s ]
SQL: SHOW COLUMNS FROM `tp_userinfo` [ RunTime:0.000740s ]
SQL: SELECT * FROM `tp_userinfo` WHERE ( `wecha_id` = 'oktzkwYPeYhKwNGbRjcRz1OJu9po' ) LIMIT 1   [ RunTime:0.000199s ]
SQL: SHOW COLUMNS FROM `tp_wxuser` [ RunTime:0.000617s ]
SQL: SELECT * FROM `tp_wxuser` WHERE ( `token` = 'plvmhl1467344437' ) LIMIT 1   [ RunTime:0.000185s ]
SQL: SHOW COLUMNS FROM `tp_ahld_ext` [ RunTime:0.000372s ]
SQL: SHOW COLUMNS FROM `tp_ahld_conf` [ RunTime:0.000349s ]
SQL: SELECT `value` FROM `tp_ahld_conf` WHERE ( `type` = 1 ) LIMIT 1   [ RunTime:0.000145s ]
SQL: SELECT `id`,`title`,`addr`,`img`,ROUND(6378.138*2*ASIN(SQRT(POW(SIN(('30.18306'*PI()/180-latitude*PI()/180)/2),2)+COS('30.18306'*PI()/180)*COS(latitude*PI()/180)*POW(SIN(('120.25629'*PI()/180-longitude*PI()/180)/2),2)))*1000) as distance FROM `tp_ahld_ext` WHERE round(6378.138*2*ASIN(SQRT(POW(SIN(('30.18306'*PI()/180-latitude*PI()/180)/2),2)+COS('30.18306'*PI()/180)*COS(latitude*PI()/180)*POW(SIN(('120.25629'*PI()/180-longitude*PI()/180)/2),2)))*1000) <(200000000) ORDER BY score asc LIMIT 2,3   [ RunTime:0.000274s ]

[ 2016-07-18T14:19:17+08:00 ] 117.149.24.126 /index.php?g=Hld&m=Ext&a=ajaxext
INFO: [ app_begin ] --START--
INFO: Run ReadHtmlCache Behavior [ RunTime:0.000283s ]
INFO: [ app_begin ] --END-- [ RunTime:0.000333s ]
SQL: SHOW COLUMNS FROM `tp_userinfo` [ RunTime:0.000729s ]
SQL: SELECT * FROM `tp_userinfo` WHERE ( `wecha_id` = 'oktzkwYPeYhKwNGbRjcRz1OJu9po' ) LIMIT 1   [ RunTime:0.000193s ]
SQL: SHOW COLUMNS FROM `tp_wxuser` [ RunTime:0.000614s ]
SQL: SELECT * FROM `tp_wxuser` WHERE ( `token` = 'plvmhl1467344437' ) LIMIT 1   [ RunTime:0.000249s ]
SQL: SHOW COLUMNS FROM `tp_ahld_ext` [ RunTime:0.000387s ]
SQL: SHOW COLUMNS FROM `tp_ahld_conf` [ RunTime:0.000286s ]
SQL: SELECT `value` FROM `tp_ahld_conf` WHERE ( `type` = 1 ) LIMIT 1   [ RunTime:0.000158s ]
SQL: SELECT `id`,`title`,`addr`,`img`,ROUND(6378.138*2*ASIN(SQRT(POW(SIN(('30.183048'*PI()/180-latitude*PI()/180)/2),2)+COS('30.183048'*PI()/180)*COS(latitude*PI()/180)*POW(SIN(('120.25627'*PI()/180-longitude*PI()/180)/2),2)))*1000) as distance FROM `tp_ahld_ext` WHERE round(6378.138*2*ASIN(SQRT(POW(SIN(('30.183048'*PI()/180-latitude*PI()/180)/2),2)+COS('30.183048'*PI()/180)*COS(latitude*PI()/180)*POW(SIN(('120.25627'*PI()/180-longitude*PI()/180)/2),2)))*1000) <(200000000) ORDER BY score asc LIMIT 0,3   [ RunTime:0.000279s ]

[ 2016-07-18T14:19:36+08:00 ] 117.149.24.126 /index.php?g=Hld&m=Ext&a=ajaxext
INFO: [ app_begin ] --START--
INFO: Run ReadHtmlCache Behavior [ RunTime:0.000300s ]
INFO: [ app_begin ] --END-- [ RunTime:0.000347s ]
SQL: SHOW COLUMNS FROM `tp_userinfo` [ RunTime:0.000750s ]
SQL: SELECT * FROM `tp_userinfo` WHERE ( `wecha_id` = 'oktzkwYPeYhKwNGbRjcRz1OJu9po' ) LIMIT 1   [ RunTime:0.000237s ]
SQL: SHOW COLUMNS FROM `tp_wxuser` [ RunTime:0.000585s ]
SQL: SELECT * FROM `tp_wxuser` WHERE ( `token` = 'plvmhl1467344437' ) LIMIT 1   [ RunTime:0.000232s ]
SQL: SHOW COLUMNS FROM `tp_ahld_ext` [ RunTime:0.000381s ]
SQL: SHOW COLUMNS FROM `tp_ahld_conf` [ RunTime:0.000284s ]
SQL: SELECT `value` FROM `tp_ahld_conf` WHERE ( `type` = 1 ) LIMIT 1   [ RunTime:0.000153s ]
SQL: SELECT `id`,`title`,`addr`,`img`,ROUND(6378.138*2*ASIN(SQRT(POW(SIN(('30.182985'*PI()/180-latitude*PI()/180)/2),2)+COS('30.182985'*PI()/180)*COS(latitude*PI()/180)*POW(SIN(('120.25664'*PI()/180-longitude*PI()/180)/2),2)))*1000) as distance FROM `tp_ahld_ext` WHERE round(6378.138*2*ASIN(SQRT(POW(SIN(('30.182985'*PI()/180-latitude*PI()/180)/2),2)+COS('30.182985'*PI()/180)*COS(latitude*PI()/180)*POW(SIN(('120.25664'*PI()/180-longitude*PI()/180)/2),2)))*1000) <(200000000) ORDER BY score asc LIMIT 0,3   [ RunTime:0.000250s ]

[ 2016-07-18T14:19:41+08:00 ] 117.149.24.126 /index.php?g=Hld&m=Ext&a=ajaxext
INFO: [ app_begin ] --START--
INFO: Run ReadHtmlCache Behavior [ RunTime:0.000303s ]
INFO: [ app_begin ] --END-- [ RunTime:0.000347s ]
SQL: SHOW COLUMNS FROM `tp_userinfo` [ RunTime:0.000701s ]
SQL: SELECT * FROM `tp_userinfo` WHERE ( `wecha_id` = 'oktzkwYPeYhKwNGbRjcRz1OJu9po' ) LIMIT 1   [ RunTime:0.000213s ]
SQL: SHOW COLUMNS FROM `tp_wxuser` [ RunTime:0.000575s ]
SQL: SELECT * FROM `tp_wxuser` WHERE ( `token` = 'plvmhl1467344437' ) LIMIT 1   [ RunTime:0.000185s ]
SQL: SHOW COLUMNS FROM `tp_ahld_ext` [ RunTime:0.000502s ]
SQL: SHOW COLUMNS FROM `tp_ahld_conf` [ RunTime:0.000405s ]
SQL: SELECT `value` FROM `tp_ahld_conf` WHERE ( `type` = 1 ) LIMIT 1   [ RunTime:0.000173s ]
SQL: SELECT `id`,`title`,`addr`,`img`,ROUND(6378.138*2*ASIN(SQRT(POW(SIN(('30.182985'*PI()/180-latitude*PI()/180)/2),2)+COS('30.182985'*PI()/180)*COS(latitude*PI()/180)*POW(SIN(('120.25664'*PI()/180-longitude*PI()/180)/2),2)))*1000) as distance FROM `tp_ahld_ext` WHERE round(6378.138*2*ASIN(SQRT(POW(SIN(('30.182985'*PI()/180-latitude*PI()/180)/2),2)+COS('30.182985'*PI()/180)*COS(latitude*PI()/180)*POW(SIN(('120.25664'*PI()/180-longitude*PI()/180)/2),2)))*1000) <(200000000) ORDER BY score asc LIMIT 2,3   [ RunTime:0.000327s ]

[ 2016-07-18T14:36:55+08:00 ] 117.149.24.126 /index.php?g=Hld&m=Ext&a=ajaxext
INFO: [ app_begin ] --START--
INFO: Run ReadHtmlCache Behavior [ RunTime:0.000284s ]
INFO: [ app_begin ] --END-- [ RunTime:0.000329s ]
SQL: SHOW COLUMNS FROM `tp_userinfo` [ RunTime:0.000699s ]
SQL: SELECT * FROM `tp_userinfo` WHERE ( `wecha_id` = 'oktzkwYPeYhKwNGbRjcRz1OJu9po' ) LIMIT 1   [ RunTime:0.000202s ]
SQL: SHOW COLUMNS FROM `tp_wxuser` [ RunTime:0.000590s ]
SQL: SELECT * FROM `tp_wxuser` WHERE ( `token` = 'plvmhl1467344437' ) LIMIT 1   [ RunTime:0.000181s ]
SQL: SHOW COLUMNS FROM `tp_ahld_ext` [ RunTime:0.000383s ]
SQL: SHOW COLUMNS FROM `tp_ahld_conf` [ RunTime:0.000423s ]
SQL: SELECT `value` FROM `tp_ahld_conf` WHERE ( `type` = 1 ) LIMIT 1   [ RunTime:0.000232s ]
SQL: SELECT `id`,`title`,`addr`,`img`,ROUND(6378.138*2*ASIN(SQRT(POW(SIN(('30.183199'*PI()/180-latitude*PI()/180)/2),2)+COS('30.183199'*PI()/180)*COS(latitude*PI()/180)*POW(SIN(('120.2565'*PI()/180-longitude*PI()/180)/2),2)))*1000) as distance FROM `tp_ahld_ext` WHERE round(6378.138*2*ASIN(SQRT(POW(SIN(('30.183199'*PI()/180-latitude*PI()/180)/2),2)+COS('30.183199'*PI()/180)*COS(latitude*PI()/180)*POW(SIN(('120.2565'*PI()/180-longitude*PI()/180)/2),2)))*1000) <(200000000) ORDER BY score asc LIMIT 0,3   [ RunTime:0.000350s ]

[ 2016-07-18T15:02:31+08:00 ] 117.149.24.126 /index.php?g=Hld&m=Ext&a=ajaxext
INFO: [ app_begin ] --START--
INFO: Run ReadHtmlCache Behavior [ RunTime:0.000269s ]
INFO: [ app_begin ] --END-- [ RunTime:0.000313s ]
SQL: SHOW COLUMNS FROM `tp_userinfo` [ RunTime:0.000707s ]
SQL: SELECT * FROM `tp_userinfo` WHERE ( `wecha_id` = 'oktzkwYPeYhKwNGbRjcRz1OJu9po' ) LIMIT 1   [ RunTime:0.000200s ]
SQL: SHOW COLUMNS FROM `tp_wxuser` [ RunTime:0.000596s ]
SQL: SELECT * FROM `tp_wxuser` WHERE ( `token` = 'plvmhl1467344437' ) LIMIT 1   [ RunTime:0.000201s ]
SQL: SHOW COLUMNS FROM `tp_ahld_ext` [ RunTime:0.000334s ]
SQL: SHOW COLUMNS FROM `tp_ahld_conf` [ RunTime:0.000292s ]
SQL: SELECT `value` FROM `tp_ahld_conf` WHERE ( `type` = 1 ) LIMIT 1   [ RunTime:0.000148s ]
SQL: SELECT `id`,`title`,`addr`,`img`,ROUND(6378.138*2*ASIN(SQRT(POW(SIN(('30.182928'*PI()/180-latitude*PI()/180)/2),2)+COS('30.182928'*PI()/180)*COS(latitude*PI()/180)*POW(SIN(('120.25652'*PI()/180-longitude*PI()/180)/2),2)))*1000) as distance FROM `tp_ahld_ext` WHERE round(6378.138*2*ASIN(SQRT(POW(SIN(('30.182928'*PI()/180-latitude*PI()/180)/2),2)+COS('30.182928'*PI()/180)*COS(latitude*PI()/180)*POW(SIN(('120.25652'*PI()/180-longitude*PI()/180)/2),2)))*1000) <(200000000) ORDER BY score asc LIMIT 0,3   [ RunTime:0.000242s ]

[ 2016-07-18T15:02:35+08:00 ] 117.149.24.126 /index.php?g=Hld&m=Ext&a=ajaxext
INFO: [ app_begin ] --START--
INFO: Run ReadHtmlCache Behavior [ RunTime:0.000413s ]
INFO: [ app_begin ] --END-- [ RunTime:0.000477s ]
SQL: SHOW COLUMNS FROM `tp_userinfo` [ RunTime:0.000680s ]
SQL: SELECT * FROM `tp_userinfo` WHERE ( `wecha_id` = 'oktzkwYPeYhKwNGbRjcRz1OJu9po' ) LIMIT 1   [ RunTime:0.000188s ]
SQL: SHOW COLUMNS FROM `tp_wxuser` [ RunTime:0.000581s ]
SQL: SELECT * FROM `tp_wxuser` WHERE ( `token` = 'plvmhl1467344437' ) LIMIT 1   [ RunTime:0.000183s ]
SQL: SHOW COLUMNS FROM `tp_ahld_ext` [ RunTime:0.000388s ]
SQL: SHOW COLUMNS FROM `tp_ahld_conf` [ RunTime:0.000303s ]
SQL: SELECT `value` FROM `tp_ahld_conf` WHERE ( `type` = 1 ) LIMIT 1   [ RunTime:0.000137s ]
SQL: SELECT `id`,`title`,`addr`,`img`,ROUND(6378.138*2*ASIN(SQRT(POW(SIN(('30.182928'*PI()/180-latitude*PI()/180)/2),2)+COS('30.182928'*PI()/180)*COS(latitude*PI()/180)*POW(SIN(('120.25652'*PI()/180-longitude*PI()/180)/2),2)))*1000) as distance FROM `tp_ahld_ext` WHERE round(6378.138*2*ASIN(SQRT(POW(SIN(('30.182928'*PI()/180-latitude*PI()/180)/2),2)+COS('30.182928'*PI()/180)*COS(latitude*PI()/180)*POW(SIN(('120.25652'*PI()/180-longitude*PI()/180)/2),2)))*1000) <(200000000) ORDER BY score asc LIMIT 2,3   [ RunTime:0.000242s ]

[ 2016-07-18T15:19:04+08:00 ] 117.149.24.126 /index.php?g=Hld&m=Ext&a=ajaxext
INFO: [ app_begin ] --START--
INFO: Run ReadHtmlCache Behavior [ RunTime:0.000313s ]
INFO: [ app_begin ] --END-- [ RunTime:0.000371s ]
SQL: SHOW COLUMNS FROM `tp_userinfo` [ RunTime:0.000730s ]
SQL: SELECT * FROM `tp_userinfo` WHERE ( `wecha_id` = 'oktzkwYPeYhKwNGbRjcRz1OJu9po' ) LIMIT 1   [ RunTime:0.000254s ]
SQL: SHOW COLUMNS FROM `tp_wxuser` [ RunTime:0.000623s ]
SQL: SELECT * FROM `tp_wxuser` WHERE ( `token` = 'plvmhl1467344437' ) LIMIT 1   [ RunTime:0.000190s ]
SQL: SHOW COLUMNS FROM `tp_ahld_ext` [ RunTime:0.000400s ]
SQL: SHOW COLUMNS FROM `tp_ahld_conf` [ RunTime:0.000334s ]
SQL: SELECT `value` FROM `tp_ahld_conf` WHERE ( `type` = 1 ) LIMIT 1   [ RunTime:0.000150s ]
SQL: SELECT `id`,`title`,`addr`,`img`,ROUND(6378.138*2*ASIN(SQRT(POW(SIN(('30.183146'*PI()/180-latitude*PI()/180)/2),2)+COS('30.183146'*PI()/180)*COS(latitude*PI()/180)*POW(SIN(('120.256615'*PI()/180-longitude*PI()/180)/2),2)))*1000) as distance FROM `tp_ahld_ext` WHERE round(6378.138*2*ASIN(SQRT(POW(SIN(('30.183146'*PI()/180-latitude*PI()/180)/2),2)+COS('30.183146'*PI()/180)*COS(latitude*PI()/180)*POW(SIN(('120.256615'*PI()/180-longitude*PI()/180)/2),2)))*1000) <(200000000) ORDER BY score asc LIMIT 0,3   [ RunTime:0.000257s ]

[ 2016-07-18T15:19:07+08:00 ] 117.149.24.126 /index.php?g=Hld&m=Ext&a=ajaxext
INFO: [ app_begin ] --START--
INFO: Run ReadHtmlCache Behavior [ RunTime:0.000289s ]
INFO: [ app_begin ] --END-- [ RunTime:0.000334s ]
SQL: SHOW COLUMNS FROM `tp_userinfo` [ RunTime:0.000694s ]
SQL: SELECT * FROM `tp_userinfo` WHERE ( `wecha_id` = 'oktzkwYPeYhKwNGbRjcRz1OJu9po' ) LIMIT 1   [ RunTime:0.000200s ]
SQL: SHOW COLUMNS FROM `tp_wxuser` [ RunTime:0.000584s ]
SQL: SELECT * FROM `tp_wxuser` WHERE ( `token` = 'plvmhl1467344437' ) LIMIT 1   [ RunTime:0.000206s ]
SQL: SHOW COLUMNS FROM `tp_ahld_ext` [ RunTime:0.000377s ]
SQL: SHOW COLUMNS FROM `tp_ahld_conf` [ RunTime:0.000300s ]
SQL: SELECT `value` FROM `tp_ahld_conf` WHERE ( `type` = 1 ) LIMIT 1   [ RunTime:0.000139s ]
SQL: SELECT `id`,`title`,`addr`,`img`,ROUND(6378.138*2*ASIN(SQRT(POW(SIN(('30.183146'*PI()/180-latitude*PI()/180)/2),2)+COS('30.183146'*PI()/180)*COS(latitude*PI()/180)*POW(SIN(('120.256615'*PI()/180-longitude*PI()/180)/2),2)))*1000) as distance FROM `tp_ahld_ext` WHERE round(6378.138*2*ASIN(SQRT(POW(SIN(('30.183146'*PI()/180-latitude*PI()/180)/2),2)+COS('30.183146'*PI()/180)*COS(latitude*PI()/180)*POW(SIN(('120.256615'*PI()/180-longitude*PI()/180)/2),2)))*1000) <(200000000) ORDER BY score asc LIMIT 2,3   [ RunTime:0.000296s ]

[ 2016-07-18T15:21:47+08:00 ] 117.149.24.126 /index.php?g=Hld&m=Ext&a=ajaxext
INFO: [ app_begin ] --START--
INFO: Run ReadHtmlCache Behavior [ RunTime:0.000364s ]
INFO: [ app_begin ] --END-- [ RunTime:0.000409s ]
SQL: SHOW COLUMNS FROM `tp_userinfo` [ RunTime:0.000750s ]
SQL: SELECT * FROM `tp_userinfo` WHERE ( `wecha_id` = 'oktzkwYPeYhKwNGbRjcRz1OJu9po' ) LIMIT 1   [ RunTime:0.000203s ]
SQL: SHOW COLUMNS FROM `tp_wxuser` [ RunTime:0.000579s ]
SQL: SELECT * FROM `tp_wxuser` WHERE ( `token` = 'plvmhl1467344437' ) LIMIT 1   [ RunTime:0.000206s ]
SQL: SHOW COLUMNS FROM `tp_ahld_ext` [ RunTime:0.000347s ]
SQL: SHOW COLUMNS FROM `tp_ahld_conf` [ RunTime:0.000289s ]
SQL: SELECT `value` FROM `tp_ahld_conf` WHERE ( `type` = 1 ) LIMIT 1   [ RunTime:0.000138s ]
SQL: SELECT `id`,`title`,`addr`,`img`,ROUND(6378.138*2*ASIN(SQRT(POW(SIN(('30.183062'*PI()/180-latitude*PI()/180)/2),2)+COS('30.183062'*PI()/180)*COS(latitude*PI()/180)*POW(SIN(('120.256226'*PI()/180-longitude*PI()/180)/2),2)))*1000) as distance FROM `tp_ahld_ext` WHERE round(6378.138*2*ASIN(SQRT(POW(SIN(('30.183062'*PI()/180-latitude*PI()/180)/2),2)+COS('30.183062'*PI()/180)*COS(latitude*PI()/180)*POW(SIN(('120.256226'*PI()/180-longitude*PI()/180)/2),2)))*1000) <(200000000) ORDER BY score asc LIMIT 0,3   [ RunTime:0.000267s ]

[ 2016-07-18T15:21:53+08:00 ] 117.149.24.126 /index.php?g=Hld&m=Ext&a=ajaxext
INFO: [ app_begin ] --START--
INFO: Run ReadHtmlCache Behavior [ RunTime:0.000366s ]
INFO: [ app_begin ] --END-- [ RunTime:0.000416s ]
SQL: SHOW COLUMNS FROM `tp_userinfo` [ RunTime:0.000712s ]
SQL: SELECT * FROM `tp_userinfo` WHERE ( `wecha_id` = 'oktzkwYPeYhKwNGbRjcRz1OJu9po' ) LIMIT 1   [ RunTime:0.000238s ]
SQL: SHOW COLUMNS FROM `tp_wxuser` [ RunTime:0.000641s ]
SQL: SELECT * FROM `tp_wxuser` WHERE ( `token` = 'plvmhl1467344437' ) LIMIT 1   [ RunTime:0.000203s ]
SQL: SHOW COLUMNS FROM `tp_ahld_ext` [ RunTime:0.000372s ]
SQL: SHOW COLUMNS FROM `tp_ahld_conf` [ RunTime:0.000302s ]
SQL: SELECT `value` FROM `tp_ahld_conf` WHERE ( `type` = 1 ) LIMIT 1   [ RunTime:0.000140s ]
SQL: SELECT `id`,`title`,`addr`,`img`,ROUND(6378.138*2*ASIN(SQRT(POW(SIN(('30.183062'*PI()/180-latitude*PI()/180)/2),2)+COS('30.183062'*PI()/180)*COS(latitude*PI()/180)*POW(SIN(('120.256226'*PI()/180-longitude*PI()/180)/2),2)))*1000) as distance FROM `tp_ahld_ext` WHERE round(6378.138*2*ASIN(SQRT(POW(SIN(('30.183062'*PI()/180-latitude*PI()/180)/2),2)+COS('30.183062'*PI()/180)*COS(latitude*PI()/180)*POW(SIN(('120.256226'*PI()/180-longitude*PI()/180)/2),2)))*1000) <(200000000) ORDER BY score asc LIMIT 2,3   [ RunTime:0.000305s ]

[ 2016-07-18T15:23:37+08:00 ] 117.149.24.126 /index.php?g=Hld&m=Ext&a=ajaxext
INFO: [ app_begin ] --START--
INFO: Run ReadHtmlCache Behavior [ RunTime:0.000320s ]
INFO: [ app_begin ] --END-- [ RunTime:0.000364s ]
SQL: SHOW COLUMNS FROM `tp_userinfo` [ RunTime:0.000681s ]
SQL: SELECT * FROM `tp_userinfo` WHERE ( `wecha_id` = 'oktzkwYPeYhKwNGbRjcRz1OJu9po' ) LIMIT 1   [ RunTime:0.000194s ]
SQL: SHOW COLUMNS FROM `tp_wxuser` [ RunTime:0.000630s ]
SQL: SELECT * FROM `tp_wxuser` WHERE ( `token` = 'plvmhl1467344437' ) LIMIT 1   [ RunTime:0.000197s ]
SQL: SHOW COLUMNS FROM `tp_ahld_ext` [ RunTime:0.000417s ]
SQL: SHOW COLUMNS FROM `tp_ahld_conf` [ RunTime:0.000295s ]
SQL: SELECT `value` FROM `tp_ahld_conf` WHERE ( `type` = 1 ) LIMIT 1   [ RunTime:0.000143s ]
SQL: SELECT `id`,`title`,`addr`,`img`,ROUND(6378.138*2*ASIN(SQRT(POW(SIN(('30.183018'*PI()/180-latitude*PI()/180)/2),2)+COS('30.183018'*PI()/180)*COS(latitude*PI()/180)*POW(SIN(('120.256325'*PI()/180-longitude*PI()/180)/2),2)))*1000) as distance FROM `tp_ahld_ext` WHERE round(6378.138*2*ASIN(SQRT(POW(SIN(('30.183018'*PI()/180-latitude*PI()/180)/2),2)+COS('30.183018'*PI()/180)*COS(latitude*PI()/180)*POW(SIN(('120.256325'*PI()/180-longitude*PI()/180)/2),2)))*1000) <(200000000) ORDER BY score asc LIMIT 0,3   [ RunTime:0.000252s ]

[ 2016-07-18T15:23:40+08:00 ] 117.149.24.126 /index.php?g=Hld&m=Ext&a=ajaxext
INFO: [ app_begin ] --START--
INFO: Run ReadHtmlCache Behavior [ RunTime:0.000302s ]
INFO: [ app_begin ] --END-- [ RunTime:0.000346s ]
SQL: SHOW COLUMNS FROM `tp_userinfo` [ RunTime:0.000758s ]
SQL: SELECT * FROM `tp_userinfo` WHERE ( `wecha_id` = 'oktzkwYPeYhKwNGbRjcRz1OJu9po' ) LIMIT 1   [ RunTime:0.000212s ]
SQL: SHOW COLUMNS FROM `tp_wxuser` [ RunTime:0.000620s ]
SQL: SELECT * FROM `tp_wxuser` WHERE ( `token` = 'plvmhl1467344437' ) LIMIT 1   [ RunTime:0.000181s ]
SQL: SHOW COLUMNS FROM `tp_ahld_ext` [ RunTime:0.000374s ]
SQL: SHOW COLUMNS FROM `tp_ahld_conf` [ RunTime:0.000291s ]
SQL: SELECT `value` FROM `tp_ahld_conf` WHERE ( `type` = 1 ) LIMIT 1   [ RunTime:0.000162s ]
SQL: SELECT `id`,`title`,`addr`,`img`,ROUND(6378.138*2*ASIN(SQRT(POW(SIN(('30.183018'*PI()/180-latitude*PI()/180)/2),2)+COS('30.183018'*PI()/180)*COS(latitude*PI()/180)*POW(SIN(('120.256325'*PI()/180-longitude*PI()/180)/2),2)))*1000) as distance FROM `tp_ahld_ext` WHERE round(6378.138*2*ASIN(SQRT(POW(SIN(('30.183018'*PI()/180-latitude*PI()/180)/2),2)+COS('30.183018'*PI()/180)*COS(latitude*PI()/180)*POW(SIN(('120.256325'*PI()/180-longitude*PI()/180)/2),2)))*1000) <(200000000) ORDER BY score asc LIMIT 2,3   [ RunTime:0.000304s ]

[ 2016-07-18T16:02:09+08:00 ] ERR: (ThinkException) 无法加载模块:Home
[ 2016-07-18T16:02:14+08:00 ] ERR: (ThinkException) 无法加载模块:User
[ 2016-07-18T16:02:23+08:00 ] ERR: (ThinkException) 无法加载模块:User
[ 2016-07-18T20:35:42+08:00 ] ERR: (ThinkException) 非法操作:login
[ 2016-07-18T20:35:56+08:00 ] ERR: (ThinkException) 非法操作:login
[ 2016-07-18T20:35:59+08:00 ] ERR: (ThinkException) 无法加载模块:index
[ 2016-07-18T20:36:01+08:00 ] ERR: (ThinkException) 非法操作:login
