[ 2016-07-01T09:12:25+08:00 ] 127.0.0.1 /index.php?g=Api&m=Merchant&a=save_mtype
INFO: [ app_begin ] --START--
INFO: Run ReadHtmlCache Behavior [ RunTime:0.001000s ]
INFO: [ app_begin ] --END-- [ RunTime:0.001000s ]
NOTIC: [8192] mysql_connect(): The mysql extension is deprecated and will be removed in the future: use mysqli or PDO instead E:\xampp\htdocs\huanledui\trunk\Lib\Driver\Db\DbMysql.class.php 第 55 行.
SQL: SHOW COLUMNS FROM `tp_ahld_mtype` [ RunTime:0.010000s ]
SQL: UPDATE `tp_ahld_mtype` SET `id`='13',`num`='3',`name`='亚洲水果',`level`='3',`pid`='9',`img`='http://wx.cyh.huishuocs.com/uploads/t/tcpbjz1466048616/5/b/8/7/thumb_5774b779bad15.jpg' WHERE ( `id` = 13 ) [ RunTime:0.007001s ]

[ 2016-07-01T09:14:11+08:00 ] 127.0.0.1 /index.php?g=Api&m=Merchant&a=add_mtype
INFO: [ app_begin ] --START--
INFO: Run ReadHtmlCache Behavior [ RunTime:0.000000s ]
INFO: [ app_begin ] --END-- [ RunTime:0.000000s ]
NOTIC: [8192] mysql_connect(): The mysql extension is deprecated and will be removed in the future: use mysqli or PDO instead E:\xampp\htdocs\huanledui\trunk\Lib\Driver\Db\DbMysql.class.php 第 55 行.
SQL: SHOW COLUMNS FROM `tp_ahld_mtype` [ RunTime:0.015600s ]
SQL: INSERT INTO `tp_ahld_mtype` (`num`,`name`,`level`,`pid`,`img`) VALUES ('4','国国蔬菜','4','17','http://wx.cyh.huishuocs.com/uploads/t/tcpbjz1466048616/8/e/f/c/thumb_5775c3d958a49.jpg') [ RunTime:0.015600s ]

[ 2016-07-01T09:16:01+08:00 ] 127.0.0.1 /index.php?g=Api&m=Merchant&a=del_mtype
INFO: [ app_begin ] --START--
INFO: Run ReadHtmlCache Behavior [ RunTime:0.001000s ]
INFO: [ app_begin ] --END-- [ RunTime:0.001000s ]
NOTIC: [8192] mysql_connect(): The mysql extension is deprecated and will be removed in the future: use mysqli or PDO instead E:\xampp\htdocs\huanledui\trunk\Lib\Driver\Db\DbMysql.class.php 第 55 行.
SQL: SHOW COLUMNS FROM `tp_ahld_mtype` [ RunTime:0.011000s ]
NOTIC: [8] Undefined variable: id E:\xampp\htdocs\huanledui\trunk\PigCms\Lib\Action\Api\MerchantAction.class.php 第 62 行.
NOTIC: [8] Undefined variable: id E:\xampp\htdocs\huanledui\trunk\PigCms\Lib\Action\Api\MerchantAction.class.php 第 65 行.
SQL: DELETE FROM `tp_ahld_mtype` WHERE id= [ RunTime:0.008001s ]
DEBUG: ERR:You have an error in your SQL syntax; check the manual that corresponds to your MySQL server version for the right syntax to use near '' at line 1
 [ SQL语句 ] : DELETE FROM `tp_ahld_mtype` WHERE id=

[ 2016-07-01T09:17:45+08:00 ] 127.0.0.1 /index.php?g=Api&m=Merchant&a=del_mtype
INFO: [ app_begin ] --START--
INFO: Run ReadHtmlCache Behavior [ RunTime:0.001000s ]
INFO: [ app_begin ] --END-- [ RunTime:0.001000s ]
NOTIC: [8192] mysql_connect(): The mysql extension is deprecated and will be removed in the future: use mysqli or PDO instead E:\xampp\htdocs\huanledui\trunk\Lib\Driver\Db\DbMysql.class.php 第 55 行.
SQL: SHOW COLUMNS FROM `tp_ahld_mtype` [ RunTime:0.012001s ]
NOTIC: [8] Undefined variable: id E:\xampp\htdocs\huanledui\trunk\PigCms\Lib\Action\Api\MerchantAction.class.php 第 62 行.
NOTIC: [8] Undefined variable: id E:\xampp\htdocs\huanledui\trunk\PigCms\Lib\Action\Api\MerchantAction.class.php 第 65 行.
SQL: DELETE FROM `tp_ahld_mtype` WHERE id= [ RunTime:0.021001s ]
DEBUG: ERR:You have an error in your SQL syntax; check the manual that corresponds to your MySQL server version for the right syntax to use near '' at line 1
 [ SQL语句 ] : DELETE FROM `tp_ahld_mtype` WHERE id=

[ 2016-07-01T09:19:25+08:00 ] 127.0.0.1 /index.php?g=Api&m=Merchant&a=del_mtype
INFO: [ app_begin ] --START--
INFO: Run ReadHtmlCache Behavior [ RunTime:0.000000s ]
INFO: [ app_begin ] --END-- [ RunTime:0.000000s ]
NOTIC: [8192] mysql_connect(): The mysql extension is deprecated and will be removed in the future: use mysqli or PDO instead E:\xampp\htdocs\huanledui\trunk\Lib\Driver\Db\DbMysql.class.php 第 55 行.
SQL: SHOW COLUMNS FROM `tp_ahld_mtype` [ RunTime:0.011001s ]
NOTIC: [8] Undefined variable: id E:\xampp\htdocs\huanledui\trunk\PigCms\Lib\Action\Api\MerchantAction.class.php 第 62 行.
NOTIC: [8] Undefined variable: id E:\xampp\htdocs\huanledui\trunk\PigCms\Lib\Action\Api\MerchantAction.class.php 第 65 行.
SQL: DELETE FROM `tp_ahld_mtype` WHERE id= [ RunTime:0.008000s ]
DEBUG: ERR:You have an error in your SQL syntax; check the manual that corresponds to your MySQL server version for the right syntax to use near '' at line 1
 [ SQL语句 ] : DELETE FROM `tp_ahld_mtype` WHERE id=

[ 2016-07-01T09:24:34+08:00 ] 127.0.0.1 /index.php?g=Api&m=Merchant&a=del_mtype
INFO: [ app_begin ] --START--
INFO: Run ReadHtmlCache Behavior [ RunTime:0.001000s ]
INFO: [ app_begin ] --END-- [ RunTime:0.001000s ]
NOTIC: [8192] mysql_connect(): The mysql extension is deprecated and will be removed in the future: use mysqli or PDO instead E:\xampp\htdocs\huanledui\trunk\Lib\Driver\Db\DbMysql.class.php 第 55 行.
SQL: SHOW COLUMNS FROM `tp_ahld_mtype` [ RunTime:0.010000s ]
NOTIC: [8] Undefined variable: id E:\xampp\htdocs\huanledui\trunk\PigCms\Lib\Action\Api\MerchantAction.class.php 第 62 行.
NOTIC: [8] Undefined variable: id E:\xampp\htdocs\huanledui\trunk\PigCms\Lib\Action\Api\MerchantAction.class.php 第 65 行.
SQL: DELETE FROM `tp_ahld_mtype` WHERE id= [ RunTime:0.013001s ]
DEBUG: ERR:You have an error in your SQL syntax; check the manual that corresponds to your MySQL server version for the right syntax to use near '' at line 1
 [ SQL语句 ] : DELETE FROM `tp_ahld_mtype` WHERE id=

[ 2016-07-01T09:25:37+08:00 ] 127.0.0.1 /index.php?g=Api&m=Merchant&a=del_mtype
INFO: [ app_begin ] --START--
INFO: Run ReadHtmlCache Behavior [ RunTime:0.000000s ]
INFO: [ app_begin ] --END-- [ RunTime:0.000000s ]
NOTIC: [8192] mysql_connect(): The mysql extension is deprecated and will be removed in the future: use mysqli or PDO instead E:\xampp\htdocs\huanledui\trunk\Lib\Driver\Db\DbMysql.class.php 第 55 行.
SQL: SHOW COLUMNS FROM `tp_ahld_mtype` [ RunTime:0.009000s ]
SQL: DELETE FROM `tp_ahld_mtype` WHERE id in(19) [ RunTime:0.015001s ]
NOTIC: [8192] preg_replace(): The /e modifier is deprecated, use preg_replace_callback instead E:\xampp\htdocs\huanledui\trunk\Lib\Core\Db.class.php 第 572 行.
SQL: SELECT `id`,`pid`,`name` FROM `tp_ahld_mtype`  [ RunTime:0.023002s ]

[ 2016-07-01T09:26:46+08:00 ] 127.0.0.1 /index.php?g=Api&m=Merchant&a=add_mtype
INFO: [ app_begin ] --START--
INFO: Run ReadHtmlCache Behavior [ RunTime:0.000000s ]
INFO: [ app_begin ] --END-- [ RunTime:0.000000s ]
NOTIC: [8192] mysql_connect(): The mysql extension is deprecated and will be removed in the future: use mysqli or PDO instead E:\xampp\htdocs\huanledui\trunk\Lib\Driver\Db\DbMysql.class.php 第 55 行.
SQL: SHOW COLUMNS FROM `tp_ahld_mtype` [ RunTime:0.015600s ]
SQL: INSERT INTO `tp_ahld_mtype` (`num`,`name`,`level`,`pid`,`img`) VALUES ('4','国产产蔬菜','4','17','http://wx.cyh.huishuocs.com/uploads/t/tcpbjz1466048616/5/b/4/8/thumb_5775c6cbdddfc.jpg') [ RunTime:0.000000s ]

[ 2016-07-01T09:27:38+08:00 ] 127.0.0.1 /index.php?g=Api&m=Merchant&a=del_mtype
INFO: [ app_begin ] --START--
INFO: Run ReadHtmlCache Behavior [ RunTime:0.001000s ]
INFO: [ app_begin ] --END-- [ RunTime:0.001000s ]
NOTIC: [8192] mysql_connect(): The mysql extension is deprecated and will be removed in the future: use mysqli or PDO instead E:\xampp\htdocs\huanledui\trunk\Lib\Driver\Db\DbMysql.class.php 第 55 行.
SQL: SHOW COLUMNS FROM `tp_ahld_mtype` [ RunTime:0.008001s ]
SQL: DELETE FROM `tp_ahld_mtype` WHERE id in(17,10) [ RunTime:0.008000s ]
NOTIC: [8192] preg_replace(): The /e modifier is deprecated, use preg_replace_callback instead E:\xampp\htdocs\huanledui\trunk\Lib\Core\Db.class.php 第 572 行.
SQL: SELECT `id`,`pid`,`name` FROM `tp_ahld_mtype`  [ RunTime:0.008001s ]
SQL: DELETE FROM `tp_ahld_mtype` WHERE id in(20) [ RunTime:0.011000s ]
SQL: DELETE FROM `tp_ahld_mtype` WHERE id in(16) [ RunTime:0.009001s ]

[ 2016-07-01T09:31:16+08:00 ] 127.0.0.1 /index.php?g=Api&m=Merchant&a=del_mtype
INFO: [ app_begin ] --START--
INFO: Run ReadHtmlCache Behavior [ RunTime:0.000000s ]
INFO: [ app_begin ] --END-- [ RunTime:0.001000s ]
NOTIC: [8192] mysql_connect(): The mysql extension is deprecated and will be removed in the future: use mysqli or PDO instead E:\xampp\htdocs\huanledui\trunk\Lib\Driver\Db\DbMysql.class.php 第 55 行.
SQL: SHOW COLUMNS FROM `tp_ahld_mtype` [ RunTime:0.010001s ]
SQL: DELETE FROM `tp_ahld_mtype` WHERE id in(11) [ RunTime:0.012000s ]
NOTIC: [8192] preg_replace(): The /e modifier is deprecated, use preg_replace_callback instead E:\xampp\htdocs\huanledui\trunk\Lib\Core\Db.class.php 第 572 行.
SQL: SELECT `id`,`pid`,`name` FROM `tp_ahld_mtype`  [ RunTime:0.009001s ]
SQL: DELETE FROM `tp_ahld_mtype` WHERE id in(15,14) [ RunTime:0.010000s ]

[ 2016-07-01T14:55:43+08:00 ] ERR: (ThinkException) Action:keachdo您所请求的方法不存在！
[ 2016-07-01T14:56:27+08:00 ] ERR: (ThinkException) Action:keachdo您所请求的方法不存在！
