[ 2016-06-16T09:03:42+08:00 ] ERR: (ThinkException) Access denied for user 'root'@'localhost' (using password: NO)
[ 2016-06-16T09:03:55+08:00 ] ERR: (ThinkException) Access denied for user 'root'@'localhost' (using password: NO)
[ 2016-06-16T09:03:56+08:00 ] ERR: (ThinkException) Access denied for user 'root'@'localhost' (using password: NO)
[ 2016-06-16T09:03:56+08:00 ] ERR: (ThinkException) Access denied for user 'root'@'localhost' (using password: NO)
[ 2016-06-16T09:03:57+08:00 ] ERR: (ThinkException) Access denied for user 'root'@'localhost' (using password: NO)
[ 2016-06-16T09:03:57+08:00 ] ERR: (ThinkException) Access denied for user 'root'@'localhost' (using password: NO)
[ 2016-06-16T09:03:58+08:00 ] ERR: (ThinkException) Access denied for user 'root'@'localhost' (using password: NO)
[ 2016-06-16T09:03:58+08:00 ] ERR: (ThinkException) Access denied for user 'root'@'localhost' (using password: NO)
[ 2016-06-16T09:03:58+08:00 ] ERR: (ThinkException) Access denied for user 'root'@'localhost' (using password: NO)
[ 2016-06-16T09:03:59+08:00 ] ERR: (ThinkException) Access denied for user 'root'@'localhost' (using password: NO)
[ 2016-06-16T09:03:59+08:00 ] ERR: (ThinkException) Access denied for user 'root'@'localhost' (using password: NO)
[ 2016-06-16T09:03:59+08:00 ] ERR: (ThinkException) Access denied for user 'root'@'localhost' (using password: NO)
[ 2016-06-16T09:04:00+08:00 ] ERR: (ThinkException) Access denied for user 'root'@'localhost' (using password: NO)
[ 2016-06-16T10:59:17+08:00 ] ERR: (ThinkException) 模板不存在[./tpl/System/Images/index.html]
[ 2016-06-16T11:00:49+08:00 ] 218.75.69.250 /index.php?m=Users&a=checkMP
SQL: SHOW COLUMNS FROM `tp_agent` [ RunTime:0.000645s ]
SQL: SELECT * FROM `tp_agent` WHERE ( `siteurl` = 'http://pig.pinecc.cn' ) LIMIT 1   [ RunTime:0.000165s ]
INFO: [ app_begin ] --START--
INFO: Run ReadHtmlCache Behavior [ RunTime:0.000318s ]
INFO: [ app_begin ] --END-- [ RunTime:0.000357s ]
SQL: SELECT * FROM `tp_agent` WHERE ( `siteurl` = 'http://pig.pinecc.cn' ) LIMIT 1   [ RunTime:0.000150s ]
NOTIC: [8] Constant STATICS already defined /home/project/pig/PigCms/Lib/Action/BaseAction.class.php 第 138 行.
SQL: SHOW COLUMNS FROM `tp_users` [ RunTime:0.000455s ]
SQL: SELECT COUNT(*) AS tp_count FROM `tp_users` WHERE ( `mp` = '13067909887' ) LIMIT 1   [ RunTime:0.000126s ]

[ 2016-06-16T11:01:23+08:00 ] 218.75.69.250 /index.php?m=Users&a=checkMP
SQL: SHOW COLUMNS FROM `tp_agent` [ RunTime:0.000668s ]
SQL: SELECT * FROM `tp_agent` WHERE ( `siteurl` = 'http://pig.pinecc.cn' ) LIMIT 1   [ RunTime:0.000205s ]
INFO: [ app_begin ] --START--
INFO: Run ReadHtmlCache Behavior [ RunTime:0.000350s ]
INFO: [ app_begin ] --END-- [ RunTime:0.000380s ]
SQL: SELECT * FROM `tp_agent` WHERE ( `siteurl` = 'http://pig.pinecc.cn' ) LIMIT 1   [ RunTime:0.000154s ]
NOTIC: [8] Constant STATICS already defined /home/project/pig/PigCms/Lib/Action/BaseAction.class.php 第 138 行.
SQL: SHOW COLUMNS FROM `tp_users` [ RunTime:0.000539s ]
SQL: SELECT COUNT(*) AS tp_count FROM `tp_users` WHERE ( `mp` = '13067909883' ) LIMIT 1   [ RunTime:0.000124s ]

