[ 2016-07-21T09:36:18+08:00 ] 117.149.24.126 /index.php?g=Hld&m=Ext&a=ajaxext
INFO: [ app_begin ] --START--
INFO: Run ReadHtmlCache Behavior [ RunTime:0.000486s ]
INFO: [ app_begin ] --END-- [ RunTime:0.000552s ]
SQL: SHOW COLUMNS FROM `tp_userinfo` [ RunTime:0.000754s ]
SQL: SELECT * FROM `tp_userinfo` WHERE ( `wecha_id` = 'oktzkwZSXOt_Kjv2A__8phdUv82c' ) LIMIT 1   [ RunTime:0.000202s ]
SQL: SHOW COLUMNS FROM `tp_wxuser` [ RunTime:0.000567s ]
SQL: SELECT * FROM `tp_wxuser` WHERE ( `token` = 'plvmhl1467344437' ) LIMIT 1   [ RunTime:0.000179s ]
SQL: SHOW COLUMNS FROM `tp_ahld_ext` [ RunTime:0.000444s ]
SQL: SHOW COLUMNS FROM `tp_ahld_conf` [ RunTime:0.000318s ]
SQL: SELECT `value` FROM `tp_ahld_conf` WHERE ( `type` = 1 ) LIMIT 1   [ RunTime:0.000157s ]
SQL: SELECT `id`,`title`,`addr`,`img`,ROUND(6378.138*2*ASIN(SQRT(POW(SIN(('30.18285'*PI()/180-latitude*PI()/180)/2),2)+COS('30.18285'*PI()/180)*COS(latitude*PI()/180)*POW(SIN(('120.2568'*PI()/180-longitude*PI()/180)/2),2)))*1000) as distance FROM `tp_ahld_ext` WHERE round(6378.138*2*ASIN(SQRT(POW(SIN(('30.18285'*PI()/180-latitude*PI()/180)/2),2)+COS('30.18285'*PI()/180)*COS(latitude*PI()/180)*POW(SIN(('120.2568'*PI()/180-longitude*PI()/180)/2),2)))*1000) <(200000000) ORDER BY score asc LIMIT 0,11   [ RunTime:0.000291s ]

[ 2016-07-21T09:36:34+08:00 ] 117.149.24.126 /index.php?g=Hld&m=Ext&a=ajaxext
INFO: [ app_begin ] --START--
INFO: Run ReadHtmlCache Behavior [ RunTime:0.000348s ]
INFO: [ app_begin ] --END-- [ RunTime:0.000405s ]
SQL: SHOW COLUMNS FROM `tp_userinfo` [ RunTime:0.000739s ]
SQL: SELECT * FROM `tp_userinfo` WHERE ( `wecha_id` = 'oktzkwZSXOt_Kjv2A__8phdUv82c' ) LIMIT 1   [ RunTime:0.000219s ]
SQL: SHOW COLUMNS FROM `tp_wxuser` [ RunTime:0.000577s ]
SQL: SELECT * FROM `tp_wxuser` WHERE ( `token` = 'plvmhl1467344437' ) LIMIT 1   [ RunTime:0.000201s ]
SQL: SHOW COLUMNS FROM `tp_ahld_ext` [ RunTime:0.000403s ]
SQL: SHOW COLUMNS FROM `tp_ahld_conf` [ RunTime:0.000281s ]
SQL: SELECT `value` FROM `tp_ahld_conf` WHERE ( `type` = 1 ) LIMIT 1   [ RunTime:0.000140s ]
SQL: SELECT `id`,`title`,`addr`,`img`,ROUND(6378.138*2*ASIN(SQRT(POW(SIN(('30.18285'*PI()/180-latitude*PI()/180)/2),2)+COS('30.18285'*PI()/180)*COS(latitude*PI()/180)*POW(SIN(('120.2568'*PI()/180-longitude*PI()/180)/2),2)))*1000) as distance FROM `tp_ahld_ext` WHERE round(6378.138*2*ASIN(SQRT(POW(SIN(('30.18285'*PI()/180-latitude*PI()/180)/2),2)+COS('30.18285'*PI()/180)*COS(latitude*PI()/180)*POW(SIN(('120.2568'*PI()/180-longitude*PI()/180)/2),2)))*1000) <(200000000) ORDER BY score asc LIMIT 0,11   [ RunTime:0.000302s ]

[ 2016-07-21T12:03:32+08:00 ] ERR: (ThinkException) 非法操作:member
[ 2016-07-21T14:20:56+08:00 ] 112.17.244.90 /index.php?g=Hld&m=Mall&a=ajax_show_mall
INFO: [ app_begin ] --START--
INFO: Run ReadHtmlCache Behavior [ RunTime:0.000360s ]
INFO: [ app_begin ] --END-- [ RunTime:0.000408s ]
SQL: SHOW COLUMNS FROM `tp_userinfo` [ RunTime:0.000777s ]
SQL: SELECT * FROM `tp_userinfo` WHERE ( `wecha_id` = 'oktzkwbxksTOGCk9wGLWDV_6gCbA' ) LIMIT 1   [ RunTime:0.000188s ]
SQL: SHOW COLUMNS FROM `tp_wxuser` [ RunTime:0.000726s ]
SQL: SELECT * FROM `tp_wxuser` WHERE ( `token` = 'plvmhl1467344437' ) LIMIT 1   [ RunTime:0.000234s ]
SQL: SHOW COLUMNS FROM `tp_ahld_mall` [ RunTime:0.000616s ]
SQL: SHOW COLUMNS FROM `tp_ahld_mtype` [ RunTime:0.000467s ]
SQL: SHOW COLUMNS FROM `tp_ahld_conf` [ RunTime:0.000464s ]
SQL: SELECT `value` FROM `tp_ahld_conf` WHERE ( `type` = 3 ) LIMIT 1   [ RunTime:0.000210s ]
SQL: SELECT `id`,`name`,`level`,`pid` FROM `tp_ahld_mtype`  [ RunTime:0.000160s ]
SQL: select tp_ahld_mall.*,ROUND(6378.138*2*ASIN(SQRT(POW(SIN(('30.33492'*PI()/180-latitude*PI()/180)/2),2)+COS('30.33492'*PI()/180)*COS(latitude*PI()/180)*POW(SIN(('120.1053'*PI()/180-longitude*PI()/180)/2),2)))*1000) as distance from tp_ahld_mall where ROUND(6378.138*2*ASIN(SQRT(POW(SIN(('30.33492'*PI()/180-latitude*PI()/180)/2),2)+COS('30.33492'*PI()/180)*COS(latitude*PI()/180)*POW(SIN(('120.1053'*PI()/180-longitude*PI()/180)/2),2)))*1000) < 12000 and type in (29,9,13,8)  order by score asc limit 0,11 [ RunTime:0.000447s ]

[ 2016-07-21T14:21:08+08:00 ] 112.17.244.90 /index.php?g=Hld&m=Mall&a=ajax_show_mall
INFO: [ app_begin ] --START--
INFO: Run ReadHtmlCache Behavior [ RunTime:0.000296s ]
INFO: [ app_begin ] --END-- [ RunTime:0.000342s ]
SQL: SHOW COLUMNS FROM `tp_userinfo` [ RunTime:0.000716s ]
SQL: SELECT * FROM `tp_userinfo` WHERE ( `wecha_id` = 'oktzkwbxksTOGCk9wGLWDV_6gCbA' ) LIMIT 1   [ RunTime:0.000216s ]
SQL: SHOW COLUMNS FROM `tp_wxuser` [ RunTime:0.000577s ]
SQL: SELECT * FROM `tp_wxuser` WHERE ( `token` = 'plvmhl1467344437' ) LIMIT 1   [ RunTime:0.000194s ]
SQL: SHOW COLUMNS FROM `tp_ahld_mall` [ RunTime:0.000418s ]
SQL: SHOW COLUMNS FROM `tp_ahld_mtype` [ RunTime:0.000343s ]
SQL: SHOW COLUMNS FROM `tp_ahld_conf` [ RunTime:0.000305s ]
SQL: SELECT `value` FROM `tp_ahld_conf` WHERE ( `type` = 3 ) LIMIT 1   [ RunTime:0.000146s ]
SQL: SELECT `id`,`name`,`level`,`pid` FROM `tp_ahld_mtype`  [ RunTime:0.000119s ]
SQL: select tp_ahld_mall.*,ROUND(6378.138*2*ASIN(SQRT(POW(SIN(('30.33492'*PI()/180-latitude*PI()/180)/2),2)+COS('30.33492'*PI()/180)*COS(latitude*PI()/180)*POW(SIN(('120.1053'*PI()/180-longitude*PI()/180)/2),2)))*1000) as distance from tp_ahld_mall where ROUND(6378.138*2*ASIN(SQRT(POW(SIN(('30.33492'*PI()/180-latitude*PI()/180)/2),2)+COS('30.33492'*PI()/180)*COS(latitude*PI()/180)*POW(SIN(('120.1053'*PI()/180-longitude*PI()/180)/2),2)))*1000) < 12000 and type in (27)  order by ROUND(6378.138*2*ASIN(SQRT(POW(SIN(('30.33492'*PI()/180-latitude*PI()/180)/2),2)+COS('30.33492'*PI()/180)*COS(latitude*PI()/180)*POW(SIN(('120.1053'*PI()/180-longitude*PI()/180)/2),2)))*1000) asc,score desc limit 0,11 [ RunTime:0.000295s ]

[ 2016-07-21T14:21:09+08:00 ] 112.17.244.90 /index.php?g=Hld&m=Mall&a=ajax_show_mall
INFO: [ app_begin ] --START--
INFO: Run ReadHtmlCache Behavior [ RunTime:0.000283s ]
INFO: [ app_begin ] --END-- [ RunTime:0.000330s ]
SQL: SHOW COLUMNS FROM `tp_userinfo` [ RunTime:0.000703s ]
SQL: SELECT * FROM `tp_userinfo` WHERE ( `wecha_id` = 'oktzkwbxksTOGCk9wGLWDV_6gCbA' ) LIMIT 1   [ RunTime:0.000190s ]
SQL: SHOW COLUMNS FROM `tp_wxuser` [ RunTime:0.000605s ]
SQL: SELECT * FROM `tp_wxuser` WHERE ( `token` = 'plvmhl1467344437' ) LIMIT 1   [ RunTime:0.000183s ]
SQL: SHOW COLUMNS FROM `tp_ahld_mall` [ RunTime:0.000545s ]
SQL: SHOW COLUMNS FROM `tp_ahld_mtype` [ RunTime:0.000316s ]
SQL: SHOW COLUMNS FROM `tp_ahld_conf` [ RunTime:0.000326s ]
SQL: SELECT `value` FROM `tp_ahld_conf` WHERE ( `type` = 3 ) LIMIT 1   [ RunTime:0.000146s ]
SQL: SELECT `id`,`name`,`level`,`pid` FROM `tp_ahld_mtype`  [ RunTime:0.000119s ]
SQL: select tp_ahld_mall.*,ROUND(6378.138*2*ASIN(SQRT(POW(SIN(('30.33492'*PI()/180-latitude*PI()/180)/2),2)+COS('30.33492'*PI()/180)*COS(latitude*PI()/180)*POW(SIN(('120.1053'*PI()/180-longitude*PI()/180)/2),2)))*1000) as distance from tp_ahld_mall where ROUND(6378.138*2*ASIN(SQRT(POW(SIN(('30.33492'*PI()/180-latitude*PI()/180)/2),2)+COS('30.33492'*PI()/180)*COS(latitude*PI()/180)*POW(SIN(('120.1053'*PI()/180-longitude*PI()/180)/2),2)))*1000) < 12000 and type in (27)  order by per desc,score asc limit 0,11 [ RunTime:0.000296s ]

[ 2016-07-21T14:21:11+08:00 ] 112.17.244.90 /index.php?g=Hld&m=Mall&a=ajax_show_mall
INFO: [ app_begin ] --START--
INFO: Run ReadHtmlCache Behavior [ RunTime:0.000314s ]
INFO: [ app_begin ] --END-- [ RunTime:0.000361s ]
SQL: SHOW COLUMNS FROM `tp_userinfo` [ RunTime:0.002976s ]
SQL: SELECT * FROM `tp_userinfo` WHERE ( `wecha_id` = 'oktzkwbxksTOGCk9wGLWDV_6gCbA' ) LIMIT 1   [ RunTime:0.000226s ]
SQL: SHOW COLUMNS FROM `tp_wxuser` [ RunTime:0.000673s ]
SQL: SELECT * FROM `tp_wxuser` WHERE ( `token` = 'plvmhl1467344437' ) LIMIT 1   [ RunTime:0.000185s ]
SQL: SHOW COLUMNS FROM `tp_ahld_mall` [ RunTime:0.002199s ]
SQL: SHOW COLUMNS FROM `tp_ahld_mtype` [ RunTime:0.000349s ]
SQL: SHOW COLUMNS FROM `tp_ahld_conf` [ RunTime:0.000395s ]
SQL: SELECT `value` FROM `tp_ahld_conf` WHERE ( `type` = 3 ) LIMIT 1   [ RunTime:0.000885s ]
SQL: SELECT `id`,`name`,`level`,`pid` FROM `tp_ahld_mtype`  [ RunTime:0.000140s ]
SQL: select tp_ahld_mall.*,ROUND(6378.138*2*ASIN(SQRT(POW(SIN(('30.33492'*PI()/180-latitude*PI()/180)/2),2)+COS('30.33492'*PI()/180)*COS(latitude*PI()/180)*POW(SIN(('120.1053'*PI()/180-longitude*PI()/180)/2),2)))*1000) as distance from tp_ahld_mall where ROUND(6378.138*2*ASIN(SQRT(POW(SIN(('30.33492'*PI()/180-latitude*PI()/180)/2),2)+COS('30.33492'*PI()/180)*COS(latitude*PI()/180)*POW(SIN(('120.1053'*PI()/180-longitude*PI()/180)/2),2)))*1000) < 12000 and type in (27)  order by per desc,score asc limit 0,11 [ RunTime:0.000309s ]

[ 2016-07-21T14:21:30+08:00 ] 112.17.244.90 /index.php?g=Hld&m=Mall&a=ajax_show_mall
INFO: [ app_begin ] --START--
INFO: Run ReadHtmlCache Behavior [ RunTime:0.000281s ]
INFO: [ app_begin ] --END-- [ RunTime:0.000326s ]
SQL: SHOW COLUMNS FROM `tp_userinfo` [ RunTime:0.000730s ]
SQL: SELECT * FROM `tp_userinfo` WHERE ( `wecha_id` = 'oktzkwbxksTOGCk9wGLWDV_6gCbA' ) LIMIT 1   [ RunTime:0.000202s ]
SQL: SHOW COLUMNS FROM `tp_wxuser` [ RunTime:0.000622s ]
SQL: SELECT * FROM `tp_wxuser` WHERE ( `token` = 'plvmhl1467344437' ) LIMIT 1   [ RunTime:0.000192s ]
SQL: SHOW COLUMNS FROM `tp_ahld_mall` [ RunTime:0.000421s ]
SQL: SHOW COLUMNS FROM `tp_ahld_mtype` [ RunTime:0.000317s ]
SQL: SHOW COLUMNS FROM `tp_ahld_conf` [ RunTime:0.000315s ]
SQL: SELECT `value` FROM `tp_ahld_conf` WHERE ( `type` = 3 ) LIMIT 1   [ RunTime:0.000151s ]
SQL: SELECT `id`,`name`,`level`,`pid` FROM `tp_ahld_mtype`  [ RunTime:0.000119s ]
SQL: select tp_ahld_mall.*,ROUND(6378.138*2*ASIN(SQRT(POW(SIN(('30.33492'*PI()/180-latitude*PI()/180)/2),2)+COS('30.33492'*PI()/180)*COS(latitude*PI()/180)*POW(SIN(('120.1053'*PI()/180-longitude*PI()/180)/2),2)))*1000) as distance from tp_ahld_mall where ROUND(6378.138*2*ASIN(SQRT(POW(SIN(('30.33492'*PI()/180-latitude*PI()/180)/2),2)+COS('30.33492'*PI()/180)*COS(latitude*PI()/180)*POW(SIN(('120.1053'*PI()/180-longitude*PI()/180)/2),2)))*1000) < 12000 and type in (29,9,13,8)  order by score asc limit 0,11 [ RunTime:0.000343s ]

[ 2016-07-21T14:21:39+08:00 ] 112.17.244.90 /index.php?g=Hld&m=Mall&a=ajax_show_mall
INFO: [ app_begin ] --START--
INFO: Run ReadHtmlCache Behavior [ RunTime:0.000293s ]
INFO: [ app_begin ] --END-- [ RunTime:0.000343s ]
SQL: SHOW COLUMNS FROM `tp_userinfo` [ RunTime:0.000756s ]
SQL: SELECT * FROM `tp_userinfo` WHERE ( `wecha_id` = 'oktzkwbxksTOGCk9wGLWDV_6gCbA' ) LIMIT 1   [ RunTime:0.000190s ]
SQL: SHOW COLUMNS FROM `tp_wxuser` [ RunTime:0.000710s ]
SQL: SELECT * FROM `tp_wxuser` WHERE ( `token` = 'plvmhl1467344437' ) LIMIT 1   [ RunTime:0.000200s ]
SQL: SHOW COLUMNS FROM `tp_ahld_mall` [ RunTime:0.000417s ]
SQL: SHOW COLUMNS FROM `tp_ahld_mtype` [ RunTime:0.000331s ]
SQL: SHOW COLUMNS FROM `tp_ahld_conf` [ RunTime:0.000300s ]
SQL: SELECT `value` FROM `tp_ahld_conf` WHERE ( `type` = 3 ) LIMIT 1   [ RunTime:0.000193s ]
SQL: SELECT `id`,`name`,`level`,`pid` FROM `tp_ahld_mtype`  [ RunTime:0.000122s ]
SQL: select tp_ahld_mall.*,ROUND(6378.138*2*ASIN(SQRT(POW(SIN(('30.33492'*PI()/180-latitude*PI()/180)/2),2)+COS('30.33492'*PI()/180)*COS(latitude*PI()/180)*POW(SIN(('120.1053'*PI()/180-longitude*PI()/180)/2),2)))*1000) as distance from tp_ahld_mall where ROUND(6378.138*2*ASIN(SQRT(POW(SIN(('30.33492'*PI()/180-latitude*PI()/180)/2),2)+COS('30.33492'*PI()/180)*COS(latitude*PI()/180)*POW(SIN(('120.1053'*PI()/180-longitude*PI()/180)/2),2)))*1000) < 12000 and type in (29,9,13,8)  order by score asc limit 0,11 [ RunTime:0.000312s ]

[ 2016-07-21T14:42:13+08:00 ] 112.17.244.90 /index.php?g=Hld&m=Ext&a=ajaxext
INFO: [ app_begin ] --START--
INFO: Run ReadHtmlCache Behavior [ RunTime:0.000333s ]
INFO: [ app_begin ] --END-- [ RunTime:0.000401s ]
SQL: SHOW COLUMNS FROM `tp_userinfo` [ RunTime:0.000725s ]
SQL: SELECT * FROM `tp_userinfo` WHERE ( `wecha_id` = 'oktzkwbxksTOGCk9wGLWDV_6gCbA' ) LIMIT 1   [ RunTime:0.000238s ]
SQL: SHOW COLUMNS FROM `tp_wxuser` [ RunTime:0.000600s ]
SQL: SELECT * FROM `tp_wxuser` WHERE ( `token` = 'plvmhl1467344437' ) LIMIT 1   [ RunTime:0.000196s ]
SQL: SHOW COLUMNS FROM `tp_ahld_ext` [ RunTime:0.000362s ]
SQL: SHOW COLUMNS FROM `tp_ahld_conf` [ RunTime:0.000343s ]
SQL: SELECT `value` FROM `tp_ahld_conf` WHERE ( `type` = 1 ) LIMIT 1   [ RunTime:0.000159s ]
SQL: SELECT `id`,`title`,`addr`,`img`,ROUND(6378.138*2*ASIN(SQRT(POW(SIN(('30.33479'*PI()/180-latitude*PI()/180)/2),2)+COS('30.33479'*PI()/180)*COS(latitude*PI()/180)*POW(SIN(('120.1052'*PI()/180-longitude*PI()/180)/2),2)))*1000) as distance FROM `tp_ahld_ext` WHERE round(6378.138*2*ASIN(SQRT(POW(SIN(('30.33479'*PI()/180-latitude*PI()/180)/2),2)+COS('30.33479'*PI()/180)*COS(latitude*PI()/180)*POW(SIN(('120.1052'*PI()/180-longitude*PI()/180)/2),2)))*1000) <(200000000) ORDER BY score asc LIMIT 0,11   [ RunTime:0.000269s ]

[ 2016-07-21T15:42:03+08:00 ] 36.23.0.156 /index.php?g=Hld&m=Mall&a=ajax_show_mall
INFO: [ app_begin ] --START--
INFO: Run ReadHtmlCache Behavior [ RunTime:0.000303s ]
INFO: [ app_begin ] --END-- [ RunTime:0.000350s ]
SQL: SHOW COLUMNS FROM `tp_userinfo` [ RunTime:0.000703s ]
SQL: SELECT * FROM `tp_userinfo` WHERE ( `wecha_id` = 'oktzkwZSXOt_Kjv2A__8phdUv82c' ) LIMIT 1   [ RunTime:0.000203s ]
SQL: SHOW COLUMNS FROM `tp_wxuser` [ RunTime:0.000839s ]
SQL: SELECT * FROM `tp_wxuser` WHERE ( `token` = 'plvmhl1467344437' ) LIMIT 1   [ RunTime:0.000180s ]
SQL: SHOW COLUMNS FROM `tp_ahld_mall` [ RunTime:0.000434s ]
SQL: SHOW COLUMNS FROM `tp_ahld_mtype` [ RunTime:0.000470s ]
SQL: SHOW COLUMNS FROM `tp_ahld_conf` [ RunTime:0.000290s ]
SQL: SELECT `value` FROM `tp_ahld_conf` WHERE ( `type` = 3 ) LIMIT 1   [ RunTime:0.000152s ]
SQL: SELECT `id`,`name`,`level`,`pid` FROM `tp_ahld_mtype`  [ RunTime:0.000122s ]
SQL: select tp_ahld_mall.*,ROUND(6378.138*2*ASIN(SQRT(POW(SIN(('30.33501'*PI()/180-latitude*PI()/180)/2),2)+COS('30.33501'*PI()/180)*COS(latitude*PI()/180)*POW(SIN(('120.1095'*PI()/180-longitude*PI()/180)/2),2)))*1000) as distance from tp_ahld_mall where ROUND(6378.138*2*ASIN(SQRT(POW(SIN(('30.33501'*PI()/180-latitude*PI()/180)/2),2)+COS('30.33501'*PI()/180)*COS(latitude*PI()/180)*POW(SIN(('120.1095'*PI()/180-longitude*PI()/180)/2),2)))*1000) < 12000 and type in (29,9,13,8)  order by score asc limit 0,11 [ RunTime:0.000275s ]

[ 2016-07-21T15:42:58+08:00 ] 36.23.0.156 /index.php?g=Hld&m=Mall&a=ajax_show_mall
INFO: [ app_begin ] --START--
INFO: Run ReadHtmlCache Behavior [ RunTime:0.000270s ]
INFO: [ app_begin ] --END-- [ RunTime:0.000315s ]
SQL: SHOW COLUMNS FROM `tp_userinfo` [ RunTime:0.001020s ]
SQL: SELECT * FROM `tp_userinfo` WHERE ( `wecha_id` = 'oktzkwZSXOt_Kjv2A__8phdUv82c' ) LIMIT 1   [ RunTime:0.000247s ]
SQL: SHOW COLUMNS FROM `tp_wxuser` [ RunTime:0.000896s ]
SQL: SELECT * FROM `tp_wxuser` WHERE ( `token` = 'plvmhl1467344437' ) LIMIT 1   [ RunTime:0.000238s ]
SQL: SHOW COLUMNS FROM `tp_ahld_mall` [ RunTime:0.000432s ]
SQL: SHOW COLUMNS FROM `tp_ahld_mtype` [ RunTime:0.000303s ]
SQL: SHOW COLUMNS FROM `tp_ahld_conf` [ RunTime:0.000290s ]
SQL: SELECT `value` FROM `tp_ahld_conf` WHERE ( `type` = 3 ) LIMIT 1   [ RunTime:0.000144s ]
SQL: SELECT `id`,`name`,`level`,`pid` FROM `tp_ahld_mtype`  [ RunTime:0.000116s ]
SQL: select tp_ahld_mall.*,ROUND(6378.138*2*ASIN(SQRT(POW(SIN(('30.33516'*PI()/180-latitude*PI()/180)/2),2)+COS('30.33516'*PI()/180)*COS(latitude*PI()/180)*POW(SIN(('120.1078'*PI()/180-longitude*PI()/180)/2),2)))*1000) as distance from tp_ahld_mall where ROUND(6378.138*2*ASIN(SQRT(POW(SIN(('30.33516'*PI()/180-latitude*PI()/180)/2),2)+COS('30.33516'*PI()/180)*COS(latitude*PI()/180)*POW(SIN(('120.1078'*PI()/180-longitude*PI()/180)/2),2)))*1000) < 12000 and type in (29,9,13,8)  order by score asc limit 0,11 [ RunTime:0.000300s ]

[ 2016-07-21T15:50:49+08:00 ] 36.23.0.156 /index.php?g=Hld&m=Ext&a=ajaxext
INFO: [ app_begin ] --START--
INFO: Run ReadHtmlCache Behavior [ RunTime:0.000370s ]
INFO: [ app_begin ] --END-- [ RunTime:0.000416s ]
SQL: SHOW COLUMNS FROM `tp_userinfo` [ RunTime:0.000787s ]
SQL: SELECT * FROM `tp_userinfo` WHERE ( `wecha_id` = 'oktzkwZSXOt_Kjv2A__8phdUv82c' ) LIMIT 1   [ RunTime:0.000196s ]
SQL: SHOW COLUMNS FROM `tp_wxuser` [ RunTime:0.000576s ]
SQL: SELECT * FROM `tp_wxuser` WHERE ( `token` = 'plvmhl1467344437' ) LIMIT 1   [ RunTime:0.000232s ]
SQL: SHOW COLUMNS FROM `tp_ahld_ext` [ RunTime:0.000358s ]
SQL: SHOW COLUMNS FROM `tp_ahld_conf` [ RunTime:0.000302s ]
SQL: SELECT `value` FROM `tp_ahld_conf` WHERE ( `type` = 1 ) LIMIT 1   [ RunTime:0.000176s ]
SQL: SELECT `id`,`title`,`addr`,`img`,ROUND(6378.138*2*ASIN(SQRT(POW(SIN(('30.33477'*PI()/180-latitude*PI()/180)/2),2)+COS('30.33477'*PI()/180)*COS(latitude*PI()/180)*POW(SIN(('120.1095'*PI()/180-longitude*PI()/180)/2),2)))*1000) as distance FROM `tp_ahld_ext` WHERE round(6378.138*2*ASIN(SQRT(POW(SIN(('30.33477'*PI()/180-latitude*PI()/180)/2),2)+COS('30.33477'*PI()/180)*COS(latitude*PI()/180)*POW(SIN(('120.1095'*PI()/180-longitude*PI()/180)/2),2)))*1000) <(200000000) ORDER BY score asc LIMIT 0,11   [ RunTime:0.000239s ]

[ 2016-07-21T15:52:46+08:00 ] 36.23.0.156 /index.php?g=Hld&m=Ext&a=ajaxext
INFO: [ app_begin ] --START--
INFO: Run ReadHtmlCache Behavior [ RunTime:0.000462s ]
INFO: [ app_begin ] --END-- [ RunTime:0.000522s ]
SQL: SHOW COLUMNS FROM `tp_userinfo` [ RunTime:0.000748s ]
SQL: SELECT * FROM `tp_userinfo` WHERE ( `wecha_id` = 'oktzkwZSXOt_Kjv2A__8phdUv82c' ) LIMIT 1   [ RunTime:0.000187s ]
SQL: SHOW COLUMNS FROM `tp_wxuser` [ RunTime:0.000641s ]
SQL: SELECT * FROM `tp_wxuser` WHERE ( `token` = 'plvmhl1467344437' ) LIMIT 1   [ RunTime:0.000183s ]
SQL: SHOW COLUMNS FROM `tp_ahld_ext` [ RunTime:0.003512s ]
SQL: SHOW COLUMNS FROM `tp_ahld_conf` [ RunTime:0.000327s ]
SQL: SELECT `value` FROM `tp_ahld_conf` WHERE ( `type` = 1 ) LIMIT 1   [ RunTime:0.000142s ]
SQL: SELECT `id`,`title`,`addr`,`img`,ROUND(6378.138*2*ASIN(SQRT(POW(SIN(('30.33492'*PI()/180-latitude*PI()/180)/2),2)+COS('30.33492'*PI()/180)*COS(latitude*PI()/180)*POW(SIN(('120.1025'*PI()/180-longitude*PI()/180)/2),2)))*1000) as distance FROM `tp_ahld_ext` WHERE round(6378.138*2*ASIN(SQRT(POW(SIN(('30.33492'*PI()/180-latitude*PI()/180)/2),2)+COS('30.33492'*PI()/180)*COS(latitude*PI()/180)*POW(SIN(('120.1025'*PI()/180-longitude*PI()/180)/2),2)))*1000) <(200000000) ORDER BY score asc LIMIT 0,11   [ RunTime:0.000262s ]

[ 2016-07-21T15:52:53+08:00 ] 36.23.0.156 /index.php?g=Hld&m=Ext&a=ajaxext
INFO: [ app_begin ] --START--
INFO: Run ReadHtmlCache Behavior [ RunTime:0.000346s ]
INFO: [ app_begin ] --END-- [ RunTime:0.000397s ]
SQL: SHOW COLUMNS FROM `tp_userinfo` [ RunTime:0.000720s ]
SQL: SELECT * FROM `tp_userinfo` WHERE ( `wecha_id` = 'oktzkwZSXOt_Kjv2A__8phdUv82c' ) LIMIT 1   [ RunTime:0.000197s ]
SQL: SHOW COLUMNS FROM `tp_wxuser` [ RunTime:0.000838s ]
SQL: SELECT * FROM `tp_wxuser` WHERE ( `token` = 'plvmhl1467344437' ) LIMIT 1   [ RunTime:0.000193s ]
SQL: SHOW COLUMNS FROM `tp_ahld_ext` [ RunTime:0.000364s ]
SQL: SHOW COLUMNS FROM `tp_ahld_conf` [ RunTime:0.000342s ]
SQL: SELECT `value` FROM `tp_ahld_conf` WHERE ( `type` = 1 ) LIMIT 1   [ RunTime:0.000136s ]
SQL: SELECT `id`,`title`,`addr`,`img`,ROUND(6378.138*2*ASIN(SQRT(POW(SIN(('30.33492'*PI()/180-latitude*PI()/180)/2),2)+COS('30.33492'*PI()/180)*COS(latitude*PI()/180)*POW(SIN(('120.1025'*PI()/180-longitude*PI()/180)/2),2)))*1000) as distance FROM `tp_ahld_ext` WHERE round(6378.138*2*ASIN(SQRT(POW(SIN(('30.33492'*PI()/180-latitude*PI()/180)/2),2)+COS('30.33492'*PI()/180)*COS(latitude*PI()/180)*POW(SIN(('120.1025'*PI()/180-longitude*PI()/180)/2),2)))*1000) <(200000000) ORDER BY score asc LIMIT 0,11   [ RunTime:0.000279s ]

[ 2016-07-21T15:52:59+08:00 ] 36.23.0.156 /index.php?g=Hld&m=Ext&a=ajaxext
INFO: [ app_begin ] --START--
INFO: Run ReadHtmlCache Behavior [ RunTime:0.000271s ]
INFO: [ app_begin ] --END-- [ RunTime:0.000316s ]
SQL: SHOW COLUMNS FROM `tp_userinfo` [ RunTime:0.000715s ]
SQL: SELECT * FROM `tp_userinfo` WHERE ( `wecha_id` = 'oktzkwZSXOt_Kjv2A__8phdUv82c' ) LIMIT 1   [ RunTime:0.000286s ]
SQL: SHOW COLUMNS FROM `tp_wxuser` [ RunTime:0.000607s ]
SQL: SELECT * FROM `tp_wxuser` WHERE ( `token` = 'plvmhl1467344437' ) LIMIT 1   [ RunTime:0.000195s ]
SQL: SHOW COLUMNS FROM `tp_ahld_ext` [ RunTime:0.000367s ]
SQL: SHOW COLUMNS FROM `tp_ahld_conf` [ RunTime:0.000324s ]
SQL: SELECT `value` FROM `tp_ahld_conf` WHERE ( `type` = 1 ) LIMIT 1   [ RunTime:0.000140s ]
SQL: SELECT `id`,`title`,`addr`,`img`,ROUND(6378.138*2*ASIN(SQRT(POW(SIN(('30.33492'*PI()/180-latitude*PI()/180)/2),2)+COS('30.33492'*PI()/180)*COS(latitude*PI()/180)*POW(SIN(('120.1025'*PI()/180-longitude*PI()/180)/2),2)))*1000) as distance FROM `tp_ahld_ext` WHERE round(6378.138*2*ASIN(SQRT(POW(SIN(('30.33492'*PI()/180-latitude*PI()/180)/2),2)+COS('30.33492'*PI()/180)*COS(latitude*PI()/180)*POW(SIN(('120.1025'*PI()/180-longitude*PI()/180)/2),2)))*1000) <(200000000) ORDER BY score asc LIMIT 0,11   [ RunTime:0.000328s ]

[ 2016-07-21T15:53:50+08:00 ] 36.23.0.156 /index.php?g=Hld&m=Mall&a=ajax_show_mall
INFO: [ app_begin ] --START--
INFO: Run ReadHtmlCache Behavior [ RunTime:0.000273s ]
INFO: [ app_begin ] --END-- [ RunTime:0.000318s ]
SQL: SHOW COLUMNS FROM `tp_userinfo` [ RunTime:0.000674s ]
SQL: SELECT * FROM `tp_userinfo` WHERE ( `wecha_id` = 'oktzkwZSXOt_Kjv2A__8phdUv82c' ) LIMIT 1   [ RunTime:0.000204s ]
SQL: SHOW COLUMNS FROM `tp_wxuser` [ RunTime:0.000626s ]
SQL: SELECT * FROM `tp_wxuser` WHERE ( `token` = 'plvmhl1467344437' ) LIMIT 1   [ RunTime:0.000180s ]
SQL: SHOW COLUMNS FROM `tp_ahld_mall` [ RunTime:0.000360s ]
SQL: SHOW COLUMNS FROM `tp_ahld_mtype` [ RunTime:0.000311s ]
SQL: SHOW COLUMNS FROM `tp_ahld_conf` [ RunTime:0.000283s ]
SQL: SELECT `value` FROM `tp_ahld_conf` WHERE ( `type` = 3 ) LIMIT 1   [ RunTime:0.000180s ]
SQL: SELECT `id`,`name`,`level`,`pid` FROM `tp_ahld_mtype`  [ RunTime:0.000118s ]
SQL: select tp_ahld_mall.*,ROUND(6378.138*2*ASIN(SQRT(POW(SIN(('30.33492'*PI()/180-latitude*PI()/180)/2),2)+COS('30.33492'*PI()/180)*COS(latitude*PI()/180)*POW(SIN(('120.1025'*PI()/180-longitude*PI()/180)/2),2)))*1000) as distance from tp_ahld_mall where ROUND(6378.138*2*ASIN(SQRT(POW(SIN(('30.33492'*PI()/180-latitude*PI()/180)/2),2)+COS('30.33492'*PI()/180)*COS(latitude*PI()/180)*POW(SIN(('120.1025'*PI()/180-longitude*PI()/180)/2),2)))*1000) < 12000 and type in (29,9,13,8)  order by score asc limit 0,11 [ RunTime:0.000274s ]

[ 2016-07-21T15:54:23+08:00 ] 36.23.0.156 /index.php?g=Hld&m=Mall&a=ajax_show_mall
INFO: [ app_begin ] --START--
INFO: Run ReadHtmlCache Behavior [ RunTime:0.000267s ]
INFO: [ app_begin ] --END-- [ RunTime:0.000312s ]
SQL: SHOW COLUMNS FROM `tp_userinfo` [ RunTime:0.000685s ]
SQL: SELECT * FROM `tp_userinfo` WHERE ( `wecha_id` = 'oktzkwZSXOt_Kjv2A__8phdUv82c' ) LIMIT 1   [ RunTime:0.000186s ]
SQL: SHOW COLUMNS FROM `tp_wxuser` [ RunTime:0.000561s ]
SQL: SELECT * FROM `tp_wxuser` WHERE ( `token` = 'plvmhl1467344437' ) LIMIT 1   [ RunTime:0.000202s ]
SQL: SHOW COLUMNS FROM `tp_ahld_mall` [ RunTime:0.000382s ]
SQL: SHOW COLUMNS FROM `tp_ahld_mtype` [ RunTime:0.000301s ]
SQL: SHOW COLUMNS FROM `tp_ahld_conf` [ RunTime:0.000309s ]
SQL: SELECT `value` FROM `tp_ahld_conf` WHERE ( `type` = 3 ) LIMIT 1   [ RunTime:0.000137s ]
SQL: SELECT `id`,`name`,`level`,`pid` FROM `tp_ahld_mtype`  [ RunTime:0.000113s ]
SQL: select tp_ahld_mall.*,ROUND(6378.138*2*ASIN(SQRT(POW(SIN(('30.33492'*PI()/180-latitude*PI()/180)/2),2)+COS('30.33492'*PI()/180)*COS(latitude*PI()/180)*POW(SIN(('120.1025'*PI()/180-longitude*PI()/180)/2),2)))*1000) as distance from tp_ahld_mall where ROUND(6378.138*2*ASIN(SQRT(POW(SIN(('30.33492'*PI()/180-latitude*PI()/180)/2),2)+COS('30.33492'*PI()/180)*COS(latitude*PI()/180)*POW(SIN(('120.1025'*PI()/180-longitude*PI()/180)/2),2)))*1000) < 12000 and type in (29,9,13,8)  order by score asc limit 0,11 [ RunTime:0.000289s ]

[ 2016-07-21T15:54:37+08:00 ] 36.23.0.156 /index.php?g=Hld&m=Mall&a=ajax_show_mall
INFO: [ app_begin ] --START--
INFO: Run ReadHtmlCache Behavior [ RunTime:0.000299s ]
INFO: [ app_begin ] --END-- [ RunTime:0.000348s ]
SQL: SHOW COLUMNS FROM `tp_userinfo` [ RunTime:0.000671s ]
SQL: SELECT * FROM `tp_userinfo` WHERE ( `wecha_id` = 'oktzkwZSXOt_Kjv2A__8phdUv82c' ) LIMIT 1   [ RunTime:0.000201s ]
SQL: SHOW COLUMNS FROM `tp_wxuser` [ RunTime:0.000624s ]
SQL: SELECT * FROM `tp_wxuser` WHERE ( `token` = 'plvmhl1467344437' ) LIMIT 1   [ RunTime:0.000181s ]
SQL: SHOW COLUMNS FROM `tp_ahld_mall` [ RunTime:0.000440s ]
SQL: SHOW COLUMNS FROM `tp_ahld_mtype` [ RunTime:0.000327s ]
SQL: SHOW COLUMNS FROM `tp_ahld_conf` [ RunTime:0.000301s ]
SQL: SELECT `value` FROM `tp_ahld_conf` WHERE ( `type` = 3 ) LIMIT 1   [ RunTime:0.000169s ]
SQL: SELECT `id`,`name`,`level`,`pid` FROM `tp_ahld_mtype`  [ RunTime:0.000116s ]
SQL: select tp_ahld_mall.*,ROUND(6378.138*2*ASIN(SQRT(POW(SIN(('30.33492'*PI()/180-latitude*PI()/180)/2),2)+COS('30.33492'*PI()/180)*COS(latitude*PI()/180)*POW(SIN(('120.1025'*PI()/180-longitude*PI()/180)/2),2)))*1000) as distance from tp_ahld_mall where ROUND(6378.138*2*ASIN(SQRT(POW(SIN(('30.33492'*PI()/180-latitude*PI()/180)/2),2)+COS('30.33492'*PI()/180)*COS(latitude*PI()/180)*POW(SIN(('120.1025'*PI()/180-longitude*PI()/180)/2),2)))*1000) < 12000 and type in (29,9,13,8)  order by score asc limit 0,11 [ RunTime:0.000275s ]

[ 2016-07-21T15:56:18+08:00 ] 36.23.0.156 /index.php?g=Hld&m=Mall&a=ajax_show_mall
INFO: [ app_begin ] --START--
INFO: Run ReadHtmlCache Behavior [ RunTime:0.000283s ]
INFO: [ app_begin ] --END-- [ RunTime:0.000381s ]
SQL: SHOW COLUMNS FROM `tp_userinfo` [ RunTime:0.000689s ]
SQL: SELECT * FROM `tp_userinfo` WHERE ( `wecha_id` = 'oktzkwZSXOt_Kjv2A__8phdUv82c' ) LIMIT 1   [ RunTime:0.000253s ]
SQL: SHOW COLUMNS FROM `tp_wxuser` [ RunTime:0.000659s ]
SQL: SELECT * FROM `tp_wxuser` WHERE ( `token` = 'plvmhl1467344437' ) LIMIT 1   [ RunTime:0.000179s ]
SQL: SHOW COLUMNS FROM `tp_ahld_mall` [ RunTime:0.000406s ]
SQL: SHOW COLUMNS FROM `tp_ahld_mtype` [ RunTime:0.000363s ]
SQL: SHOW COLUMNS FROM `tp_ahld_conf` [ RunTime:0.000336s ]
SQL: SELECT `value` FROM `tp_ahld_conf` WHERE ( `type` = 3 ) LIMIT 1   [ RunTime:0.000159s ]
SQL: SELECT `id`,`name`,`level`,`pid` FROM `tp_ahld_mtype`  [ RunTime:0.000120s ]
SQL: select tp_ahld_mall.*,ROUND(6378.138*2*ASIN(SQRT(POW(SIN(('30.33492'*PI()/180-latitude*PI()/180)/2),2)+COS('30.33492'*PI()/180)*COS(latitude*PI()/180)*POW(SIN(('120.1025'*PI()/180-longitude*PI()/180)/2),2)))*1000) as distance from tp_ahld_mall where ROUND(6378.138*2*ASIN(SQRT(POW(SIN(('30.33492'*PI()/180-latitude*PI()/180)/2),2)+COS('30.33492'*PI()/180)*COS(latitude*PI()/180)*POW(SIN(('120.1025'*PI()/180-longitude*PI()/180)/2),2)))*1000) < 12000 and type in (29,9,13,8)  order by per desc,score asc limit 0,11 [ RunTime:0.000306s ]

[ 2016-07-21T15:56:26+08:00 ] 36.23.0.156 /index.php?g=Hld&m=Ext&a=ajaxext
INFO: [ app_begin ] --START--
INFO: Run ReadHtmlCache Behavior [ RunTime:0.000280s ]
INFO: [ app_begin ] --END-- [ RunTime:0.000331s ]
SQL: SHOW COLUMNS FROM `tp_userinfo` [ RunTime:0.000737s ]
SQL: SELECT * FROM `tp_userinfo` WHERE ( `wecha_id` = 'oktzkwZSXOt_Kjv2A__8phdUv82c' ) LIMIT 1   [ RunTime:0.000221s ]
SQL: SHOW COLUMNS FROM `tp_wxuser` [ RunTime:0.000606s ]
SQL: SELECT * FROM `tp_wxuser` WHERE ( `token` = 'plvmhl1467344437' ) LIMIT 1   [ RunTime:0.000188s ]
SQL: SHOW COLUMNS FROM `tp_ahld_ext` [ RunTime:0.000380s ]
SQL: SHOW COLUMNS FROM `tp_ahld_conf` [ RunTime:0.000312s ]
SQL: SELECT `value` FROM `tp_ahld_conf` WHERE ( `type` = 1 ) LIMIT 1   [ RunTime:0.000136s ]
SQL: SELECT `id`,`title`,`addr`,`img`,ROUND(6378.138*2*ASIN(SQRT(POW(SIN(('30.33516'*PI()/180-latitude*PI()/180)/2),2)+COS('30.33516'*PI()/180)*COS(latitude*PI()/180)*POW(SIN(('120.1077'*PI()/180-longitude*PI()/180)/2),2)))*1000) as distance FROM `tp_ahld_ext` WHERE round(6378.138*2*ASIN(SQRT(POW(SIN(('30.33516'*PI()/180-latitude*PI()/180)/2),2)+COS('30.33516'*PI()/180)*COS(latitude*PI()/180)*POW(SIN(('120.1077'*PI()/180-longitude*PI()/180)/2),2)))*1000) <(200000000) ORDER BY score asc LIMIT 0,11   [ RunTime:0.000293s ]

[ 2016-07-21T15:56:34+08:00 ] 36.23.0.156 /index.php?g=Hld&m=Ext&a=ajaxext
INFO: [ app_begin ] --START--
INFO: Run ReadHtmlCache Behavior [ RunTime:0.000334s ]
INFO: [ app_begin ] --END-- [ RunTime:0.000381s ]
SQL: SHOW COLUMNS FROM `tp_userinfo` [ RunTime:0.000777s ]
SQL: SELECT * FROM `tp_userinfo` WHERE ( `wecha_id` = 'oktzkwZSXOt_Kjv2A__8phdUv82c' ) LIMIT 1   [ RunTime:0.000194s ]
SQL: SHOW COLUMNS FROM `tp_wxuser` [ RunTime:0.000745s ]
SQL: SELECT * FROM `tp_wxuser` WHERE ( `token` = 'plvmhl1467344437' ) LIMIT 1   [ RunTime:0.000189s ]
SQL: SHOW COLUMNS FROM `tp_ahld_ext` [ RunTime:0.000374s ]
SQL: SHOW COLUMNS FROM `tp_ahld_conf` [ RunTime:0.000313s ]
SQL: SELECT `value` FROM `tp_ahld_conf` WHERE ( `type` = 1 ) LIMIT 1   [ RunTime:0.000149s ]
SQL: SELECT `id`,`title`,`addr`,`img`,ROUND(6378.138*2*ASIN(SQRT(POW(SIN(('30.33516'*PI()/180-latitude*PI()/180)/2),2)+COS('30.33516'*PI()/180)*COS(latitude*PI()/180)*POW(SIN(('120.1078'*PI()/180-longitude*PI()/180)/2),2)))*1000) as distance FROM `tp_ahld_ext` WHERE round(6378.138*2*ASIN(SQRT(POW(SIN(('30.33516'*PI()/180-latitude*PI()/180)/2),2)+COS('30.33516'*PI()/180)*COS(latitude*PI()/180)*POW(SIN(('120.1078'*PI()/180-longitude*PI()/180)/2),2)))*1000) <(200000000) ORDER BY score asc LIMIT 0,11   [ RunTime:0.000250s ]

[ 2016-07-21T15:56:42+08:00 ] 36.23.0.156 /index.php?g=Hld&m=Mall&a=ajax_show_mall
INFO: [ app_begin ] --START--
INFO: Run ReadHtmlCache Behavior [ RunTime:0.000359s ]
INFO: [ app_begin ] --END-- [ RunTime:0.000404s ]
SQL: SHOW COLUMNS FROM `tp_userinfo` [ RunTime:0.000735s ]
SQL: SELECT * FROM `tp_userinfo` WHERE ( `wecha_id` = 'oktzkwZSXOt_Kjv2A__8phdUv82c' ) LIMIT 1   [ RunTime:0.000194s ]
SQL: SHOW COLUMNS FROM `tp_wxuser` [ RunTime:0.000672s ]
SQL: SELECT * FROM `tp_wxuser` WHERE ( `token` = 'plvmhl1467344437' ) LIMIT 1   [ RunTime:0.000207s ]
SQL: SHOW COLUMNS FROM `tp_ahld_mall` [ RunTime:0.000349s ]
SQL: SHOW COLUMNS FROM `tp_ahld_mtype` [ RunTime:0.000322s ]
SQL: SHOW COLUMNS FROM `tp_ahld_conf` [ RunTime:0.000286s ]
SQL: SELECT `value` FROM `tp_ahld_conf` WHERE ( `type` = 3 ) LIMIT 1   [ RunTime:0.000146s ]
SQL: SELECT `id`,`name`,`level`,`pid` FROM `tp_ahld_mtype`  [ RunTime:0.000135s ]
SQL: select tp_ahld_mall.*,ROUND(6378.138*2*ASIN(SQRT(POW(SIN(('30.33516'*PI()/180-latitude*PI()/180)/2),2)+COS('30.33516'*PI()/180)*COS(latitude*PI()/180)*POW(SIN(('120.1078'*PI()/180-longitude*PI()/180)/2),2)))*1000) as distance from tp_ahld_mall where ROUND(6378.138*2*ASIN(SQRT(POW(SIN(('30.33516'*PI()/180-latitude*PI()/180)/2),2)+COS('30.33516'*PI()/180)*COS(latitude*PI()/180)*POW(SIN(('120.1078'*PI()/180-longitude*PI()/180)/2),2)))*1000) < 12000 and type in (29,9,13,8)  order by ROUND(6378.138*2*ASIN(SQRT(POW(SIN(('30.33516'*PI()/180-latitude*PI()/180)/2),2)+COS('30.33516'*PI()/180)*COS(latitude*PI()/180)*POW(SIN(('120.1078'*PI()/180-longitude*PI()/180)/2),2)))*1000) asc,score desc limit 0,11 [ RunTime:0.000323s ]

[ 2016-07-21T15:56:48+08:00 ] 36.23.0.156 /index.php?g=Hld&m=Mall&a=ajax_show_mall
INFO: [ app_begin ] --START--
INFO: Run ReadHtmlCache Behavior [ RunTime:0.000288s ]
INFO: [ app_begin ] --END-- [ RunTime:0.000337s ]
SQL: SHOW COLUMNS FROM `tp_userinfo` [ RunTime:0.000785s ]
SQL: SELECT * FROM `tp_userinfo` WHERE ( `wecha_id` = 'oktzkwZSXOt_Kjv2A__8phdUv82c' ) LIMIT 1   [ RunTime:0.000190s ]
SQL: SHOW COLUMNS FROM `tp_wxuser` [ RunTime:0.000697s ]
SQL: SELECT * FROM `tp_wxuser` WHERE ( `token` = 'plvmhl1467344437' ) LIMIT 1   [ RunTime:0.000199s ]
SQL: SHOW COLUMNS FROM `tp_ahld_mall` [ RunTime:0.000406s ]
SQL: SHOW COLUMNS FROM `tp_ahld_mtype` [ RunTime:0.000417s ]
SQL: SHOW COLUMNS FROM `tp_ahld_conf` [ RunTime:0.000301s ]
SQL: SELECT `value` FROM `tp_ahld_conf` WHERE ( `type` = 3 ) LIMIT 1   [ RunTime:0.000147s ]
SQL: SELECT `id`,`name`,`level`,`pid` FROM `tp_ahld_mtype`  [ RunTime:0.000131s ]
SQL: select tp_ahld_mall.*,ROUND(6378.138*2*ASIN(SQRT(POW(SIN(('30.33516'*PI()/180-latitude*PI()/180)/2),2)+COS('30.33516'*PI()/180)*COS(latitude*PI()/180)*POW(SIN(('120.1078'*PI()/180-longitude*PI()/180)/2),2)))*1000) as distance from tp_ahld_mall where ROUND(6378.138*2*ASIN(SQRT(POW(SIN(('30.33516'*PI()/180-latitude*PI()/180)/2),2)+COS('30.33516'*PI()/180)*COS(latitude*PI()/180)*POW(SIN(('120.1078'*PI()/180-longitude*PI()/180)/2),2)))*1000) < 12000 and type in (29,9,13,8)  order by ROUND(6378.138*2*ASIN(SQRT(POW(SIN(('30.33516'*PI()/180-latitude*PI()/180)/2),2)+COS('30.33516'*PI()/180)*COS(latitude*PI()/180)*POW(SIN(('120.1078'*PI()/180-longitude*PI()/180)/2),2)))*1000) asc,score desc limit 0,11 [ RunTime:0.000317s ]

[ 2016-07-21T15:57:19+08:00 ] 36.23.0.156 /index.php?g=Hld&m=Ext&a=ajaxext
INFO: [ app_begin ] --START--
INFO: Run ReadHtmlCache Behavior [ RunTime:0.000281s ]
INFO: [ app_begin ] --END-- [ RunTime:0.000328s ]
SQL: SHOW COLUMNS FROM `tp_userinfo` [ RunTime:0.000672s ]
SQL: SELECT * FROM `tp_userinfo` WHERE ( `wecha_id` = 'oktzkwZSXOt_Kjv2A__8phdUv82c' ) LIMIT 1   [ RunTime:0.000188s ]
SQL: SHOW COLUMNS FROM `tp_wxuser` [ RunTime:0.000639s ]
SQL: SELECT * FROM `tp_wxuser` WHERE ( `token` = 'plvmhl1467344437' ) LIMIT 1   [ RunTime:0.000190s ]
SQL: SHOW COLUMNS FROM `tp_ahld_ext` [ RunTime:0.000385s ]
SQL: SHOW COLUMNS FROM `tp_ahld_conf` [ RunTime:0.000341s ]
SQL: SELECT `value` FROM `tp_ahld_conf` WHERE ( `type` = 1 ) LIMIT 1   [ RunTime:0.000172s ]
SQL: SELECT `id`,`title`,`addr`,`img`,ROUND(6378.138*2*ASIN(SQRT(POW(SIN(('30.33516'*PI()/180-latitude*PI()/180)/2),2)+COS('30.33516'*PI()/180)*COS(latitude*PI()/180)*POW(SIN(('120.1078'*PI()/180-longitude*PI()/180)/2),2)))*1000) as distance FROM `tp_ahld_ext` WHERE round(6378.138*2*ASIN(SQRT(POW(SIN(('30.33516'*PI()/180-latitude*PI()/180)/2),2)+COS('30.33516'*PI()/180)*COS(latitude*PI()/180)*POW(SIN(('120.1078'*PI()/180-longitude*PI()/180)/2),2)))*1000) <(200000000) ORDER BY score asc LIMIT 0,11   [ RunTime:0.000274s ]

[ 2016-07-21T15:57:30+08:00 ] 36.23.0.156 /index.php?g=Hld&m=Ext&a=ajaxext
INFO: [ app_begin ] --START--
INFO: Run ReadHtmlCache Behavior [ RunTime:0.000322s ]
INFO: [ app_begin ] --END-- [ RunTime:0.000380s ]
SQL: SHOW COLUMNS FROM `tp_userinfo` [ RunTime:0.000685s ]
SQL: SELECT * FROM `tp_userinfo` WHERE ( `wecha_id` = 'oktzkwZSXOt_Kjv2A__8phdUv82c' ) LIMIT 1   [ RunTime:0.000226s ]
SQL: SHOW COLUMNS FROM `tp_wxuser` [ RunTime:0.000952s ]
SQL: SELECT * FROM `tp_wxuser` WHERE ( `token` = 'plvmhl1467344437' ) LIMIT 1   [ RunTime:0.000230s ]
SQL: SHOW COLUMNS FROM `tp_ahld_ext` [ RunTime:0.000357s ]
SQL: SHOW COLUMNS FROM `tp_ahld_conf` [ RunTime:0.000302s ]
SQL: SELECT `value` FROM `tp_ahld_conf` WHERE ( `type` = 1 ) LIMIT 1   [ RunTime:0.000139s ]
SQL: SELECT `id`,`title`,`addr`,`img`,ROUND(6378.138*2*ASIN(SQRT(POW(SIN(('30.33501'*PI()/180-latitude*PI()/180)/2),2)+COS('30.33501'*PI()/180)*COS(latitude*PI()/180)*POW(SIN(('120.1095'*PI()/180-longitude*PI()/180)/2),2)))*1000) as distance FROM `tp_ahld_ext` WHERE round(6378.138*2*ASIN(SQRT(POW(SIN(('30.33501'*PI()/180-latitude*PI()/180)/2),2)+COS('30.33501'*PI()/180)*COS(latitude*PI()/180)*POW(SIN(('120.1095'*PI()/180-longitude*PI()/180)/2),2)))*1000) <(200000000) ORDER BY score asc LIMIT 0,11   [ RunTime:0.000258s ]

[ 2016-07-21T15:57:52+08:00 ] 36.23.0.156 /index.php?g=Hld&m=Ext&a=ajaxext
INFO: [ app_begin ] --START--
INFO: Run ReadHtmlCache Behavior [ RunTime:0.000331s ]
INFO: [ app_begin ] --END-- [ RunTime:0.000410s ]
SQL: SHOW COLUMNS FROM `tp_userinfo` [ RunTime:0.000796s ]
SQL: SELECT * FROM `tp_userinfo` WHERE ( `wecha_id` = 'oktzkwZSXOt_Kjv2A__8phdUv82c' ) LIMIT 1   [ RunTime:0.000354s ]
SQL: SHOW COLUMNS FROM `tp_wxuser` [ RunTime:0.000710s ]
SQL: SELECT * FROM `tp_wxuser` WHERE ( `token` = 'plvmhl1467344437' ) LIMIT 1   [ RunTime:0.000188s ]
SQL: SHOW COLUMNS FROM `tp_ahld_ext` [ RunTime:0.000379s ]
SQL: SHOW COLUMNS FROM `tp_ahld_conf` [ RunTime:0.000309s ]
SQL: SELECT `value` FROM `tp_ahld_conf` WHERE ( `type` = 1 ) LIMIT 1   [ RunTime:0.000148s ]
SQL: SELECT `id`,`title`,`addr`,`img`,ROUND(6378.138*2*ASIN(SQRT(POW(SIN(('30.33501'*PI()/180-latitude*PI()/180)/2),2)+COS('30.33501'*PI()/180)*COS(latitude*PI()/180)*POW(SIN(('120.1095'*PI()/180-longitude*PI()/180)/2),2)))*1000) as distance FROM `tp_ahld_ext` WHERE round(6378.138*2*ASIN(SQRT(POW(SIN(('30.33501'*PI()/180-latitude*PI()/180)/2),2)+COS('30.33501'*PI()/180)*COS(latitude*PI()/180)*POW(SIN(('120.1095'*PI()/180-longitude*PI()/180)/2),2)))*1000) <(200000000) ORDER BY score asc LIMIT 0,11   [ RunTime:0.000276s ]

[ 2016-07-21T15:58:10+08:00 ] 36.23.0.156 /index.php?g=Hld&m=Mall&a=ajax_show_mall
INFO: [ app_begin ] --START--
INFO: Run ReadHtmlCache Behavior [ RunTime:0.000292s ]
INFO: [ app_begin ] --END-- [ RunTime:0.000338s ]
SQL: SHOW COLUMNS FROM `tp_userinfo` [ RunTime:0.000694s ]
SQL: SELECT * FROM `tp_userinfo` WHERE ( `wecha_id` = 'oktzkwZSXOt_Kjv2A__8phdUv82c' ) LIMIT 1   [ RunTime:0.000188s ]
SQL: SHOW COLUMNS FROM `tp_wxuser` [ RunTime:0.000593s ]
SQL: SELECT * FROM `tp_wxuser` WHERE ( `token` = 'plvmhl1467344437' ) LIMIT 1   [ RunTime:0.000182s ]
SQL: SHOW COLUMNS FROM `tp_ahld_mall` [ RunTime:0.000365s ]
SQL: SHOW COLUMNS FROM `tp_ahld_mtype` [ RunTime:0.000304s ]
SQL: SHOW COLUMNS FROM `tp_ahld_conf` [ RunTime:0.000275s ]
SQL: SELECT `value` FROM `tp_ahld_conf` WHERE ( `type` = 3 ) LIMIT 1   [ RunTime:0.000160s ]
SQL: SELECT `id`,`name`,`level`,`pid` FROM `tp_ahld_mtype`  [ RunTime:0.000116s ]
SQL: select tp_ahld_mall.*,ROUND(6378.138*2*ASIN(SQRT(POW(SIN(('30.33501'*PI()/180-latitude*PI()/180)/2),2)+COS('30.33501'*PI()/180)*COS(latitude*PI()/180)*POW(SIN(('120.1095'*PI()/180-longitude*PI()/180)/2),2)))*1000) as distance from tp_ahld_mall where ROUND(6378.138*2*ASIN(SQRT(POW(SIN(('30.33501'*PI()/180-latitude*PI()/180)/2),2)+COS('30.33501'*PI()/180)*COS(latitude*PI()/180)*POW(SIN(('120.1095'*PI()/180-longitude*PI()/180)/2),2)))*1000) < 12000 and type in (29,9,13,8)  order by score asc limit 0,11 [ RunTime:0.000285s ]

[ 2016-07-21T15:58:56+08:00 ] 36.23.0.156 /index.php?g=Hld&m=Ext&a=ajaxext
INFO: [ app_begin ] --START--
INFO: Run ReadHtmlCache Behavior [ RunTime:0.000383s ]
INFO: [ app_begin ] --END-- [ RunTime:0.000534s ]
SQL: SHOW COLUMNS FROM `tp_userinfo` [ RunTime:0.000762s ]
SQL: SELECT * FROM `tp_userinfo` WHERE ( `wecha_id` = 'oktzkwZSXOt_Kjv2A__8phdUv82c' ) LIMIT 1   [ RunTime:0.000201s ]
SQL: SHOW COLUMNS FROM `tp_wxuser` [ RunTime:0.000690s ]
SQL: SELECT * FROM `tp_wxuser` WHERE ( `token` = 'plvmhl1467344437' ) LIMIT 1   [ RunTime:0.000230s ]
SQL: SHOW COLUMNS FROM `tp_ahld_ext` [ RunTime:0.000442s ]
SQL: SHOW COLUMNS FROM `tp_ahld_conf` [ RunTime:0.000337s ]
SQL: SELECT `value` FROM `tp_ahld_conf` WHERE ( `type` = 1 ) LIMIT 1   [ RunTime:0.000167s ]
SQL: SELECT `id`,`title`,`addr`,`img`,ROUND(6378.138*2*ASIN(SQRT(POW(SIN(('30.33501'*PI()/180-latitude*PI()/180)/2),2)+COS('30.33501'*PI()/180)*COS(latitude*PI()/180)*POW(SIN(('120.1095'*PI()/180-longitude*PI()/180)/2),2)))*1000) as distance FROM `tp_ahld_ext` WHERE round(6378.138*2*ASIN(SQRT(POW(SIN(('30.33501'*PI()/180-latitude*PI()/180)/2),2)+COS('30.33501'*PI()/180)*COS(latitude*PI()/180)*POW(SIN(('120.1095'*PI()/180-longitude*PI()/180)/2),2)))*1000) <(200000000) ORDER BY score asc LIMIT 0,11   [ RunTime:0.000338s ]

[ 2016-07-21T15:59:50+08:00 ] 36.23.0.156 /index.php?g=Hld&m=Mall&a=ajax_show_mall
INFO: [ app_begin ] --START--
INFO: Run ReadHtmlCache Behavior [ RunTime:0.000344s ]
INFO: [ app_begin ] --END-- [ RunTime:0.000402s ]
SQL: SHOW COLUMNS FROM `tp_userinfo` [ RunTime:0.000713s ]
SQL: SELECT * FROM `tp_userinfo` WHERE ( `wecha_id` = 'oktzkwZSXOt_Kjv2A__8phdUv82c' ) LIMIT 1   [ RunTime:0.000205s ]
SQL: SHOW COLUMNS FROM `tp_wxuser` [ RunTime:0.000622s ]
SQL: SELECT * FROM `tp_wxuser` WHERE ( `token` = 'plvmhl1467344437' ) LIMIT 1   [ RunTime:0.000183s ]
SQL: SHOW COLUMNS FROM `tp_ahld_mall` [ RunTime:0.000508s ]
SQL: SHOW COLUMNS FROM `tp_ahld_mtype` [ RunTime:0.000444s ]
SQL: SHOW COLUMNS FROM `tp_ahld_conf` [ RunTime:0.000379s ]
SQL: SELECT `value` FROM `tp_ahld_conf` WHERE ( `type` = 3 ) LIMIT 1   [ RunTime:0.000214s ]
SQL: SELECT `id`,`name`,`level`,`pid` FROM `tp_ahld_mtype`  [ RunTime:0.000152s ]
SQL: select tp_ahld_mall.*,ROUND(6378.138*2*ASIN(SQRT(POW(SIN(('30.33501'*PI()/180-latitude*PI()/180)/2),2)+COS('30.33501'*PI()/180)*COS(latitude*PI()/180)*POW(SIN(('120.1095'*PI()/180-longitude*PI()/180)/2),2)))*1000) as distance from tp_ahld_mall where ROUND(6378.138*2*ASIN(SQRT(POW(SIN(('30.33501'*PI()/180-latitude*PI()/180)/2),2)+COS('30.33501'*PI()/180)*COS(latitude*PI()/180)*POW(SIN(('120.1095'*PI()/180-longitude*PI()/180)/2),2)))*1000) < 12000 and type in (29,9,13,8)  order by score asc limit 0,11 [ RunTime:0.000370s ]

[ 2016-07-21T16:00:10+08:00 ] 36.23.0.156 /index.php?g=Hld&m=Mall&a=ajax_show_mall
INFO: [ app_begin ] --START--
INFO: Run ReadHtmlCache Behavior [ RunTime:0.000292s ]
INFO: [ app_begin ] --END-- [ RunTime:0.000369s ]
SQL: SHOW COLUMNS FROM `tp_userinfo` [ RunTime:0.000800s ]
SQL: SELECT * FROM `tp_userinfo` WHERE ( `wecha_id` = 'oktzkwZSXOt_Kjv2A__8phdUv82c' ) LIMIT 1   [ RunTime:0.000205s ]
SQL: SHOW COLUMNS FROM `tp_wxuser` [ RunTime:0.000642s ]
SQL: SELECT * FROM `tp_wxuser` WHERE ( `token` = 'plvmhl1467344437' ) LIMIT 1   [ RunTime:0.000190s ]
SQL: SHOW COLUMNS FROM `tp_ahld_mall` [ RunTime:0.000439s ]
SQL: SHOW COLUMNS FROM `tp_ahld_mtype` [ RunTime:0.000312s ]
SQL: SHOW COLUMNS FROM `tp_ahld_conf` [ RunTime:0.000452s ]
SQL: SELECT `value` FROM `tp_ahld_conf` WHERE ( `type` = 3 ) LIMIT 1   [ RunTime:0.000148s ]
SQL: SELECT `id`,`name`,`level`,`pid` FROM `tp_ahld_mtype`  [ RunTime:0.000130s ]
SQL: select tp_ahld_mall.*,ROUND(6378.138*2*ASIN(SQRT(POW(SIN(('30.33501'*PI()/180-latitude*PI()/180)/2),2)+COS('30.33501'*PI()/180)*COS(latitude*PI()/180)*POW(SIN(('120.1095'*PI()/180-longitude*PI()/180)/2),2)))*1000) as distance from tp_ahld_mall where ROUND(6378.138*2*ASIN(SQRT(POW(SIN(('30.33501'*PI()/180-latitude*PI()/180)/2),2)+COS('30.33501'*PI()/180)*COS(latitude*PI()/180)*POW(SIN(('120.1095'*PI()/180-longitude*PI()/180)/2),2)))*1000) < 12000 and type in (29,9,13,8)  order by score asc limit 0,11 [ RunTime:0.000340s ]

[ 2016-07-21T16:00:18+08:00 ] 36.23.0.156 /index.php?g=Hld&m=Mall&a=ajax_show_mall
INFO: [ app_begin ] --START--
INFO: Run ReadHtmlCache Behavior [ RunTime:0.000298s ]
INFO: [ app_begin ] --END-- [ RunTime:0.000342s ]
SQL: SHOW COLUMNS FROM `tp_userinfo` [ RunTime:0.000812s ]
SQL: SELECT * FROM `tp_userinfo` WHERE ( `wecha_id` = 'oktzkwZSXOt_Kjv2A__8phdUv82c' ) LIMIT 1   [ RunTime:0.000231s ]
SQL: SHOW COLUMNS FROM `tp_wxuser` [ RunTime:0.000615s ]
SQL: SELECT * FROM `tp_wxuser` WHERE ( `token` = 'plvmhl1467344437' ) LIMIT 1   [ RunTime:0.000188s ]
SQL: SHOW COLUMNS FROM `tp_ahld_mall` [ RunTime:0.000569s ]
SQL: SHOW COLUMNS FROM `tp_ahld_mtype` [ RunTime:0.000337s ]
SQL: SHOW COLUMNS FROM `tp_ahld_conf` [ RunTime:0.000411s ]
SQL: SELECT `value` FROM `tp_ahld_conf` WHERE ( `type` = 3 ) LIMIT 1   [ RunTime:0.000198s ]
SQL: SELECT `id`,`name`,`level`,`pid` FROM `tp_ahld_mtype`  [ RunTime:0.000133s ]
SQL: select tp_ahld_mall.*,ROUND(6378.138*2*ASIN(SQRT(POW(SIN(('30.33501'*PI()/180-latitude*PI()/180)/2),2)+COS('30.33501'*PI()/180)*COS(latitude*PI()/180)*POW(SIN(('120.1095'*PI()/180-longitude*PI()/180)/2),2)))*1000) as distance from tp_ahld_mall where ROUND(6378.138*2*ASIN(SQRT(POW(SIN(('30.33501'*PI()/180-latitude*PI()/180)/2),2)+COS('30.33501'*PI()/180)*COS(latitude*PI()/180)*POW(SIN(('120.1095'*PI()/180-longitude*PI()/180)/2),2)))*1000) < 12000 and type in (29,9,13,8)  order by per desc,score asc limit 0,11 [ RunTime:0.000305s ]

[ 2016-07-21T16:29:28+08:00 ] ERR: (ThinkException) 非法操作:twitter
